<?xml version="1.0" encoding="UTF-8"?>
<testsuite xmlns:xsi="http://www.w3.org/2001/XMLSchema-instance" xsi:noNamespaceSchemaLocation="https://maven.apache.org/surefire/maven-surefire-plugin/xsd/surefire-test-report-3.0.xsd" version="3.0" name="TestSuite" time="42.592" tests="6" errors="0" skipped="0" failures="0">
  <properties>
    <property name="sun.desktop" value="windows"/>
    <property name="awt.toolkit" value="sun.awt.windows.WToolkit"/>
    <property name="java.specification.version" value="11"/>
    <property name="sun.cpu.isalist" value="amd64"/>
    <property name="sun.jnu.encoding" value="Cp1252"/>
    <property name="java.class.path" value="C:\Users\david.velezs\Documents\PerfCursos\appium\APPIUM_CUCUMBER\appium-cucumberbdd-testng-master\target\test-classes;C:\Users\david.velezs\Documents\PerfCursos\appium\APPIUM_CUCUMBER\appium-cucumberbdd-testng-master\target\classes;C:\Users\david.velezs\.m2\repository\io\cucumber\cucumber-java\7.0.0\cucumber-java-7.0.0.jar;C:\Users\david.velezs\.m2\repository\io\cucumber\cucumber-core\7.0.0\cucumber-core-7.0.0.jar;C:\Users\david.velezs\.m2\repository\io\cucumber\cucumber-gherkin\7.0.0\cucumber-gherkin-7.0.0.jar;C:\Users\david.velezs\.m2\repository\io\cucumber\cucumber-gherkin-messages\7.0.0\cucumber-gherkin-messages-7.0.0.jar;C:\Users\david.velezs\.m2\repository\io\cucumber\messages\17.1.1\messages-17.1.1.jar;C:\Users\david.velezs\.m2\repository\io\cucumber\tag-expressions\4.0.2\tag-expressions-4.0.2.jar;C:\Users\david.velezs\.m2\repository\io\cucumber\cucumber-expressions\13.0.1\cucumber-expressions-13.0.1.jar;C:\Users\david.velezs\.m2\repository\io\cucumber\datatable\7.0.0\datatable-7.0.0.jar;C:\Users\david.velezs\.m2\repository\io\cucumber\cucumber-plugin\7.0.0\cucumber-plugin-7.0.0.jar;C:\Users\david.velezs\.m2\repository\io\cucumber\docstring\7.0.0\docstring-7.0.0.jar;C:\Users\david.velezs\.m2\repository\io\cucumber\html-formatter\17.0.0\html-formatter-17.0.0.jar;C:\Users\david.velezs\.m2\repository\io\cucumber\create-meta\6.0.1\create-meta-6.0.1.jar;C:\Users\david.velezs\.m2\repository\org\apiguardian\apiguardian-api\1.1.2\apiguardian-api-1.1.2.jar;C:\Users\david.velezs\.m2\repository\io\cucumber\cucumber-junit\7.0.0\cucumber-junit-7.0.0.jar;C:\Users\david.velezs\.m2\repository\junit\junit\4.13.2\junit-4.13.2.jar;C:\Users\david.velezs\.m2\repository\org\hamcrest\hamcrest-core\1.3\hamcrest-core-1.3.jar;C:\Users\david.velezs\.m2\repository\io\appium\java-client\7.6.0\java-client-7.6.0.jar;C:\Users\david.velezs\.m2\repository\org\seleniumhq\selenium\selenium-java\3.141.59\selenium-java-3.141.59.jar;C:\Users\david.velezs\.m2\repository\org\seleniumhq\selenium\selenium-chrome-driver\3.141.59\selenium-chrome-driver-3.141.59.jar;C:\Users\david.velezs\.m2\repository\org\seleniumhq\selenium\selenium-edge-driver\3.141.59\selenium-edge-driver-3.141.59.jar;C:\Users\david.velezs\.m2\repository\org\seleniumhq\selenium\selenium-firefox-driver\3.141.59\selenium-firefox-driver-3.141.59.jar;C:\Users\david.velezs\.m2\repository\org\seleniumhq\selenium\selenium-ie-driver\3.141.59\selenium-ie-driver-3.141.59.jar;C:\Users\david.velezs\.m2\repository\org\seleniumhq\selenium\selenium-opera-driver\3.141.59\selenium-opera-driver-3.141.59.jar;C:\Users\david.velezs\.m2\repository\org\seleniumhq\selenium\selenium-remote-driver\3.141.59\selenium-remote-driver-3.141.59.jar;C:\Users\david.velezs\.m2\repository\org\seleniumhq\selenium\selenium-safari-driver\3.141.59\selenium-safari-driver-3.141.59.jar;C:\Users\david.velezs\.m2\repository\net\bytebuddy\byte-buddy\1.8.15\byte-buddy-1.8.15.jar;C:\Users\david.velezs\.m2\repository\org\apache\commons\commons-exec\1.3\commons-exec-1.3.jar;C:\Users\david.velezs\.m2\repository\com\google\guava\guava\25.0-jre\guava-25.0-jre.jar;C:\Users\david.velezs\.m2\repository\com\google\code\findbugs\jsr305\1.3.9\jsr305-1.3.9.jar;C:\Users\david.velezs\.m2\repository\org\checkerframework\checker-compat-qual\2.0.0\checker-compat-qual-2.0.0.jar;C:\Users\david.velezs\.m2\repository\com\google\errorprone\error_prone_annotations\2.1.3\error_prone_annotations-2.1.3.jar;C:\Users\david.velezs\.m2\repository\com\google\j2objc\j2objc-annotations\1.1\j2objc-annotations-1.1.jar;C:\Users\david.velezs\.m2\repository\org\codehaus\mojo\animal-sniffer-annotations\1.14\animal-sniffer-annotations-1.14.jar;C:\Users\david.velezs\.m2\repository\com\squareup\okhttp3\okhttp\3.11.0\okhttp-3.11.0.jar;C:\Users\david.velezs\.m2\repository\com\squareup\okio\okio\1.14.0\okio-1.14.0.jar;C:\Users\david.velezs\.m2\repository\org\seleniumhq\selenium\selenium-support\3.141.59\selenium-support-3.141.59.jar;C:\Users\david.velezs\.m2\repository\org\seleniumhq\selenium\selenium-api\3.141.59\selenium-api-3.141.59.jar;C:\Users\david.velezs\.m2\repository\com\google\code\gson\gson\2.8.8\gson-2.8.8.jar;C:\Users\david.velezs\.m2\repository\org\apache\httpcomponents\httpclient\4.5.13\httpclient-4.5.13.jar;C:\Users\david.velezs\.m2\repository\org\apache\httpcomponents\httpcore\4.4.13\httpcore-4.4.13.jar;C:\Users\david.velezs\.m2\repository\commons-logging\commons-logging\1.2\commons-logging-1.2.jar;C:\Users\david.velezs\.m2\repository\cglib\cglib\3.3.0\cglib-3.3.0.jar;C:\Users\david.velezs\.m2\repository\org\ow2\asm\asm\7.1\asm-7.1.jar;C:\Users\david.velezs\.m2\repository\commons-validator\commons-validator\1.7\commons-validator-1.7.jar;C:\Users\david.velezs\.m2\repository\commons-beanutils\commons-beanutils\1.9.4\commons-beanutils-1.9.4.jar;C:\Users\david.velezs\.m2\repository\commons-digester\commons-digester\2.1\commons-digester-2.1.jar;C:\Users\david.velezs\.m2\repository\commons-collections\commons-collections\3.2.2\commons-collections-3.2.2.jar;C:\Users\david.velezs\.m2\repository\org\apache\commons\commons-lang3\3.12.0\commons-lang3-3.12.0.jar;C:\Users\david.velezs\.m2\repository\commons-io\commons-io\2.11.0\commons-io-2.11.0.jar;C:\Users\david.velezs\.m2\repository\org\springframework\spring-context\5.3.10\spring-context-5.3.10.jar;C:\Users\david.velezs\.m2\repository\org\springframework\spring-aop\5.3.10\spring-aop-5.3.10.jar;C:\Users\david.velezs\.m2\repository\org\springframework\spring-beans\5.3.10\spring-beans-5.3.10.jar;C:\Users\david.velezs\.m2\repository\org\springframework\spring-core\5.3.10\spring-core-5.3.10.jar;C:\Users\david.velezs\.m2\repository\org\springframework\spring-jcl\5.3.10\spring-jcl-5.3.10.jar;C:\Users\david.velezs\.m2\repository\org\springframework\spring-expression\5.3.10\spring-expression-5.3.10.jar;C:\Users\david.velezs\.m2\repository\org\aspectj\aspectjweaver\1.9.7\aspectjweaver-1.9.7.jar;C:\Users\david.velezs\.m2\repository\org\slf4j\slf4j-api\1.7.32\slf4j-api-1.7.32.jar;C:\Users\david.velezs\.m2\repository\org\json\json\20210307\json-20210307.jar;C:\Users\david.velezs\.m2\repository\org\apache\logging\log4j\log4j-core\2.14.1\log4j-core-2.14.1.jar;C:\Users\david.velezs\.m2\repository\org\apache\logging\log4j\log4j-api\2.14.1\log4j-api-2.14.1.jar;C:\Users\david.velezs\.m2\repository\me\jvt\cucumber\reporting-plugin\7.0.0\reporting-plugin-7.0.0.jar;C:\Users\david.velezs\.m2\repository\io\cucumber\gherkin\22.0.0\gherkin-22.0.0.jar;C:\Users\david.velezs\.m2\repository\net\masterthought\cucumber-reporting\5.6.0\cucumber-reporting-5.6.0.jar;C:\Users\david.velezs\.m2\repository\com\fasterxml\jackson\core\jackson-databind\2.12.1\jackson-databind-2.12.1.jar;C:\Users\david.velezs\.m2\repository\com\fasterxml\jackson\core\jackson-annotations\2.12.1\jackson-annotations-2.12.1.jar;C:\Users\david.velezs\.m2\repository\com\fasterxml\jackson\core\jackson-core\2.12.1\jackson-core-2.12.1.jar;C:\Users\david.velezs\.m2\repository\com\fasterxml\jackson\datatype\jackson-datatype-jsr310\2.12.1\jackson-datatype-jsr310-2.12.1.jar;C:\Users\david.velezs\.m2\repository\org\apache\velocity\velocity-engine-core\2.3\velocity-engine-core-2.3.jar;C:\Users\david.velezs\.m2\repository\joda-time\joda-time\2.10.10\joda-time-2.10.10.jar;C:\Users\david.velezs\.m2\repository\org\codehaus\plexus\plexus-utils\3.3.0\plexus-utils-3.3.0.jar;C:\Users\david.velezs\.m2\repository\org\jsoup\jsoup\1.14.2\jsoup-1.14.2.jar;C:\Users\david.velezs\.m2\repository\com\googlecode\owasp-java-html-sanitizer\owasp-java-html-sanitizer\20200713.1\owasp-java-html-sanitizer-20200713.1.jar;C:\Users\david.velezs\.m2\repository\commons-configuration\commons-configuration\1.10\commons-configuration-1.10.jar;C:\Users\david.velezs\.m2\repository\commons-lang\commons-lang\2.6\commons-lang-2.6.jar;C:\Users\david.velezs\.m2\repository\io\cucumber\cucumber-testng\7.0.0\cucumber-testng-7.0.0.jar;C:\Users\david.velezs\.m2\repository\org\testng\testng\7.4.0\testng-7.4.0.jar;C:\Users\david.velezs\.m2\repository\com\beust\jcommander\1.78\jcommander-1.78.jar;C:\Users\david.velezs\.m2\repository\org\webjars\jquery\3.5.1\jquery-3.5.1.jar;C:\Users\david.velezs\.m2\repository\commons-codec\commons-codec\1.15\commons-codec-1.15.jar;"/>
    <property name="java.vm.vendor" value="Oracle Corporation"/>
    <property name="sun.arch.data.model" value="64"/>
    <property name="user.variant" value=""/>
    <property name="java.vendor.url" value="https://openjdk.java.net/"/>
    <property name="user.timezone" value="America/Bogota"/>
    <property name="user.country.format" value="CO"/>
    <property name="sureFire.suiteXmlFile" value="testng.xml"/>
    <property name="java.vm.specification.version" value="11"/>
    <property name="os.name" value="Windows 10"/>
    <property name="sun.java.launcher" value="SUN_STANDARD"/>
    <property name="user.country" value="US"/>
    <property name="sun.boot.library.path" value="C:\Program Files\Java\jdk-11.0.14\bin"/>
    <property name="sun.java.command" value="C:\Users\david.velezs\AppData\Local\Temp\surefire9460451689993658838\surefirebooter2367351942519427575.jar C:\Users\david.velezs\AppData\Local\Temp\surefire9460451689993658838 2022-10-25T10-59-44_078-jvmRun1 surefire10679390766887896745tmp surefire_01804279002289924707tmp"/>
    <property name="jdk.debug" value="release"/>
    <property name="surefire.test.class.path" value="C:\Users\david.velezs\Documents\PerfCursos\appium\APPIUM_CUCUMBER\appium-cucumberbdd-testng-master\target\test-classes;C:\Users\david.velezs\Documents\PerfCursos\appium\APPIUM_CUCUMBER\appium-cucumberbdd-testng-master\target\classes;C:\Users\david.velezs\.m2\repository\io\cucumber\cucumber-java\7.0.0\cucumber-java-7.0.0.jar;C:\Users\david.velezs\.m2\repository\io\cucumber\cucumber-core\7.0.0\cucumber-core-7.0.0.jar;C:\Users\david.velezs\.m2\repository\io\cucumber\cucumber-gherkin\7.0.0\cucumber-gherkin-7.0.0.jar;C:\Users\david.velezs\.m2\repository\io\cucumber\cucumber-gherkin-messages\7.0.0\cucumber-gherkin-messages-7.0.0.jar;C:\Users\david.velezs\.m2\repository\io\cucumber\messages\17.1.1\messages-17.1.1.jar;C:\Users\david.velezs\.m2\repository\io\cucumber\tag-expressions\4.0.2\tag-expressions-4.0.2.jar;C:\Users\david.velezs\.m2\repository\io\cucumber\cucumber-expressions\13.0.1\cucumber-expressions-13.0.1.jar;C:\Users\david.velezs\.m2\repository\io\cucumber\datatable\7.0.0\datatable-7.0.0.jar;C:\Users\david.velezs\.m2\repository\io\cucumber\cucumber-plugin\7.0.0\cucumber-plugin-7.0.0.jar;C:\Users\david.velezs\.m2\repository\io\cucumber\docstring\7.0.0\docstring-7.0.0.jar;C:\Users\david.velezs\.m2\repository\io\cucumber\html-formatter\17.0.0\html-formatter-17.0.0.jar;C:\Users\david.velezs\.m2\repository\io\cucumber\create-meta\6.0.1\create-meta-6.0.1.jar;C:\Users\david.velezs\.m2\repository\org\apiguardian\apiguardian-api\1.1.2\apiguardian-api-1.1.2.jar;C:\Users\david.velezs\.m2\repository\io\cucumber\cucumber-junit\7.0.0\cucumber-junit-7.0.0.jar;C:\Users\david.velezs\.m2\repository\junit\junit\4.13.2\junit-4.13.2.jar;C:\Users\david.velezs\.m2\repository\org\hamcrest\hamcrest-core\1.3\hamcrest-core-1.3.jar;C:\Users\david.velezs\.m2\repository\io\appium\java-client\7.6.0\java-client-7.6.0.jar;C:\Users\david.velezs\.m2\repository\org\seleniumhq\selenium\selenium-java\3.141.59\selenium-java-3.141.59.jar;C:\Users\david.velezs\.m2\repository\org\seleniumhq\selenium\selenium-chrome-driver\3.141.59\selenium-chrome-driver-3.141.59.jar;C:\Users\david.velezs\.m2\repository\org\seleniumhq\selenium\selenium-edge-driver\3.141.59\selenium-edge-driver-3.141.59.jar;C:\Users\david.velezs\.m2\repository\org\seleniumhq\selenium\selenium-firefox-driver\3.141.59\selenium-firefox-driver-3.141.59.jar;C:\Users\david.velezs\.m2\repository\org\seleniumhq\selenium\selenium-ie-driver\3.141.59\selenium-ie-driver-3.141.59.jar;C:\Users\david.velezs\.m2\repository\org\seleniumhq\selenium\selenium-opera-driver\3.141.59\selenium-opera-driver-3.141.59.jar;C:\Users\david.velezs\.m2\repository\org\seleniumhq\selenium\selenium-remote-driver\3.141.59\selenium-remote-driver-3.141.59.jar;C:\Users\david.velezs\.m2\repository\org\seleniumhq\selenium\selenium-safari-driver\3.141.59\selenium-safari-driver-3.141.59.jar;C:\Users\david.velezs\.m2\repository\net\bytebuddy\byte-buddy\1.8.15\byte-buddy-1.8.15.jar;C:\Users\david.velezs\.m2\repository\org\apache\commons\commons-exec\1.3\commons-exec-1.3.jar;C:\Users\david.velezs\.m2\repository\com\google\guava\guava\25.0-jre\guava-25.0-jre.jar;C:\Users\david.velezs\.m2\repository\com\google\code\findbugs\jsr305\1.3.9\jsr305-1.3.9.jar;C:\Users\david.velezs\.m2\repository\org\checkerframework\checker-compat-qual\2.0.0\checker-compat-qual-2.0.0.jar;C:\Users\david.velezs\.m2\repository\com\google\errorprone\error_prone_annotations\2.1.3\error_prone_annotations-2.1.3.jar;C:\Users\david.velezs\.m2\repository\com\google\j2objc\j2objc-annotations\1.1\j2objc-annotations-1.1.jar;C:\Users\david.velezs\.m2\repository\org\codehaus\mojo\animal-sniffer-annotations\1.14\animal-sniffer-annotations-1.14.jar;C:\Users\david.velezs\.m2\repository\com\squareup\okhttp3\okhttp\3.11.0\okhttp-3.11.0.jar;C:\Users\david.velezs\.m2\repository\com\squareup\okio\okio\1.14.0\okio-1.14.0.jar;C:\Users\david.velezs\.m2\repository\org\seleniumhq\selenium\selenium-support\3.141.59\selenium-support-3.141.59.jar;C:\Users\david.velezs\.m2\repository\org\seleniumhq\selenium\selenium-api\3.141.59\selenium-api-3.141.59.jar;C:\Users\david.velezs\.m2\repository\com\google\code\gson\gson\2.8.8\gson-2.8.8.jar;C:\Users\david.velezs\.m2\repository\org\apache\httpcomponents\httpclient\4.5.13\httpclient-4.5.13.jar;C:\Users\david.velezs\.m2\repository\org\apache\httpcomponents\httpcore\4.4.13\httpcore-4.4.13.jar;C:\Users\david.velezs\.m2\repository\commons-logging\commons-logging\1.2\commons-logging-1.2.jar;C:\Users\david.velezs\.m2\repository\cglib\cglib\3.3.0\cglib-3.3.0.jar;C:\Users\david.velezs\.m2\repository\org\ow2\asm\asm\7.1\asm-7.1.jar;C:\Users\david.velezs\.m2\repository\commons-validator\commons-validator\1.7\commons-validator-1.7.jar;C:\Users\david.velezs\.m2\repository\commons-beanutils\commons-beanutils\1.9.4\commons-beanutils-1.9.4.jar;C:\Users\david.velezs\.m2\repository\commons-digester\commons-digester\2.1\commons-digester-2.1.jar;C:\Users\david.velezs\.m2\repository\commons-collections\commons-collections\3.2.2\commons-collections-3.2.2.jar;C:\Users\david.velezs\.m2\repository\org\apache\commons\commons-lang3\3.12.0\commons-lang3-3.12.0.jar;C:\Users\david.velezs\.m2\repository\commons-io\commons-io\2.11.0\commons-io-2.11.0.jar;C:\Users\david.velezs\.m2\repository\org\springframework\spring-context\5.3.10\spring-context-5.3.10.jar;C:\Users\david.velezs\.m2\repository\org\springframework\spring-aop\5.3.10\spring-aop-5.3.10.jar;C:\Users\david.velezs\.m2\repository\org\springframework\spring-beans\5.3.10\spring-beans-5.3.10.jar;C:\Users\david.velezs\.m2\repository\org\springframework\spring-core\5.3.10\spring-core-5.3.10.jar;C:\Users\david.velezs\.m2\repository\org\springframework\spring-jcl\5.3.10\spring-jcl-5.3.10.jar;C:\Users\david.velezs\.m2\repository\org\springframework\spring-expression\5.3.10\spring-expression-5.3.10.jar;C:\Users\david.velezs\.m2\repository\org\aspectj\aspectjweaver\1.9.7\aspectjweaver-1.9.7.jar;C:\Users\david.velezs\.m2\repository\org\slf4j\slf4j-api\1.7.32\slf4j-api-1.7.32.jar;C:\Users\david.velezs\.m2\repository\org\json\json\20210307\json-20210307.jar;C:\Users\david.velezs\.m2\repository\org\apache\logging\log4j\log4j-core\2.14.1\log4j-core-2.14.1.jar;C:\Users\david.velezs\.m2\repository\org\apache\logging\log4j\log4j-api\2.14.1\log4j-api-2.14.1.jar;C:\Users\david.velezs\.m2\repository\me\jvt\cucumber\reporting-plugin\7.0.0\reporting-plugin-7.0.0.jar;C:\Users\david.velezs\.m2\repository\io\cucumber\gherkin\22.0.0\gherkin-22.0.0.jar;C:\Users\david.velezs\.m2\repository\net\masterthought\cucumber-reporting\5.6.0\cucumber-reporting-5.6.0.jar;C:\Users\david.velezs\.m2\repository\com\fasterxml\jackson\core\jackson-databind\2.12.1\jackson-databind-2.12.1.jar;C:\Users\david.velezs\.m2\repository\com\fasterxml\jackson\core\jackson-annotations\2.12.1\jackson-annotations-2.12.1.jar;C:\Users\david.velezs\.m2\repository\com\fasterxml\jackson\core\jackson-core\2.12.1\jackson-core-2.12.1.jar;C:\Users\david.velezs\.m2\repository\com\fasterxml\jackson\datatype\jackson-datatype-jsr310\2.12.1\jackson-datatype-jsr310-2.12.1.jar;C:\Users\david.velezs\.m2\repository\org\apache\velocity\velocity-engine-core\2.3\velocity-engine-core-2.3.jar;C:\Users\david.velezs\.m2\repository\joda-time\joda-time\2.10.10\joda-time-2.10.10.jar;C:\Users\david.velezs\.m2\repository\org\codehaus\plexus\plexus-utils\3.3.0\plexus-utils-3.3.0.jar;C:\Users\david.velezs\.m2\repository\org\jsoup\jsoup\1.14.2\jsoup-1.14.2.jar;C:\Users\david.velezs\.m2\repository\com\googlecode\owasp-java-html-sanitizer\owasp-java-html-sanitizer\20200713.1\owasp-java-html-sanitizer-20200713.1.jar;C:\Users\david.velezs\.m2\repository\commons-configuration\commons-configuration\1.10\commons-configuration-1.10.jar;C:\Users\david.velezs\.m2\repository\commons-lang\commons-lang\2.6\commons-lang-2.6.jar;C:\Users\david.velezs\.m2\repository\io\cucumber\cucumber-testng\7.0.0\cucumber-testng-7.0.0.jar;C:\Users\david.velezs\.m2\repository\org\testng\testng\7.4.0\testng-7.4.0.jar;C:\Users\david.velezs\.m2\repository\com\beust\jcommander\1.78\jcommander-1.78.jar;C:\Users\david.velezs\.m2\repository\org\webjars\jquery\3.5.1\jquery-3.5.1.jar;C:\Users\david.velezs\.m2\repository\commons-codec\commons-codec\1.15\commons-codec-1.15.jar;"/>
    <property name="sun.cpu.endian" value="little"/>
    <property name="user.home" value="C:\Users\david.velezs"/>
    <property name="user.language" value="en"/>
    <property name="java.specification.vendor" value="Oracle Corporation"/>
    <property name="java.version.date" value="2022-01-18"/>
    <property name="java.home" value="C:\Program Files\Java\jdk-11.0.14"/>
    <property name="file.separator" value="\"/>
    <property name="basedir" value="C:\Users\david.velezs\Documents\PerfCursos\appium\APPIUM_CUCUMBER\appium-cucumberbdd-testng-master"/>
    <property name="java.vm.compressedOopsMode" value="Zero based"/>
    <property name="line.separator" value="&#10;"/>
    <property name="java.specification.name" value="Java Platform API Specification"/>
    <property name="java.vm.specification.vendor" value="Oracle Corporation"/>
    <property name="java.awt.graphicsenv" value="sun.awt.Win32GraphicsEnvironment"/>
    <property name="surefire.real.class.path" value="C:\Users\david.velezs\AppData\Local\Temp\surefire9460451689993658838\surefirebooter2367351942519427575.jar"/>
    <property name="user.script" value=""/>
    <property name="sun.management.compiler" value="HotSpot 64-Bit Tiered Compilers"/>
    <property name="java.runtime.version" value="11.0.14+8-LTS-263"/>
    <property name="user.name" value="david.velezs"/>
    <property name="path.separator" value=";"/>
    <property name="os.version" value="10.0"/>
    <property name="java.runtime.name" value="Java(TM) SE Runtime Environment"/>
    <property name="file.encoding" value="Cp1252"/>
    <property name="java.vm.name" value="Java HotSpot(TM) 64-Bit Server VM"/>
    <property name="java.vendor.version" value="18.9"/>
    <property name="localRepository" value="C:\Users\david.velezs\.m2\repository"/>
    <property name="java.vendor.url.bug" value="https://bugreport.java.com/bugreport/"/>
    <property name="java.io.tmpdir" value="C:\Users\DAVID~1.VEL\AppData\Local\Temp\"/>
    <property name="java.version" value="11.0.14"/>
    <property name="user.dir" value="C:\Users\david.velezs\Documents\PerfCursos\appium\APPIUM_CUCUMBER\appium-cucumberbdd-testng-master"/>
    <property name="os.arch" value="amd64"/>
    <property name="java.vm.specification.name" value="Java Virtual Machine Specification"/>
    <property name="java.awt.printerjob" value="sun.awt.windows.WPrinterJob"/>
    <property name="user.language.format" value="es"/>
    <property name="sun.os.patch.level" value=""/>
    <property name="java.library.path" value="C:\Program Files\Java\jdk-11.0.14\bin;C:\windows\Sun\Java\bin;C:\windows\system32;C:\windows;C:\Users\david.velezs\Downloads\cmder\vendor\git-for-windows\cmd;C:\Users\david.velezs\Downloads\cmder\vendor\conemu-maximus5\ConEmu\Scripts;C:\Users\david.velezs\Downloads\cmder\vendor\conemu-maximus5;C:\Users\david.velezs\Downloads\cmder\vendor\conemu-maximus5\ConEmu;C:\Python310\Scripts\;C:\Python310\;C:\Program Files\Common Files\Oracle\Java\javapath;C:\Program Files (x86)\Common Files\Oracle\Java\javapath;C:\windows\system32;C:\windows;C:\windows\System32\Wbem;C:\windows\System32\WindowsPowerShell\v1.0\;C:\windows\System32\OpenSSH\;C:\Program Files\TortoiseGit\bin;C:\Program Files\Git\cmd;C:\Program Files (x86)\Pulse Secure\VC142.CRT\X64\;C:\Program Files (x86)\Pulse Secure\VC142.CRT\X86\;C:\Program Files\Java\jdk-11.0.14\bin;C:\Users\david.velezs\Documents\DHL\apache-maven-3.8.5\bin;C:\Program Files\Java\jdk-11.0.14\bin;C:\Program Files (x86)\Common Files\Pulse Secure\TNC Client Plugin\;C:\Users\david.velezs\AppData\Local\Android\Sdk\build-tools;C:\Users\david.velezs\AppData\Local\Android\Sdk\platform-tools;C:\Users\david.velezs\AppData\Local\Android\Sdk\tools;C:\Program Files\nodejs\;C:\ProgramData\chocolatey\bin;C:\Users\david.velezs\AppData\Local\Microsoft\WindowsApps;C:\Users\david.velezs\AppData\Local\Android\Sdk\build-tools;C:\Users\david.velezs\AppData\Local\Android\Sdk\platform-tools;C:\Users\david.velezs\AppData\Local\Android\Sdk\tools;C:\Users\david.velezs\AppData\Roaming\npm;C:\Users\david.velezs\Downloads\cmder\vendor\git-for-windows\mingw64\bin;C:\Users\david.velezs\Downloads\cmder\vendor\git-for-windows\usr\bin;C:\Users\david.velezs\Downloads\cmder\vendor\bin;C:\Users\david.velezs\Downloads\cmder;."/>
    <property name="java.vendor" value="Oracle Corporation"/>
    <property name="java.vm.info" value="mixed mode"/>
    <property name="java.vm.version" value="11.0.14+8-LTS-263"/>
    <property name="sun.io.unicode.encoding" value="UnicodeLittle"/>
    <property name="java.class.version" value="55.0"/>
  </properties>
  <testcase name="scenario[&quot;Login with invalid user name&quot;, &quot;Optional[Login scenarios]&quot;](1)" classname="com.qa.runners.MyPixel5TestNGRunnerTest" time="9.332">
    <system-out><![CDATA[[INFO ] 2022-10-25 10:59:47.012 com.qa.utils.ServerManager:20 - starting appium server
&amp#27;[35m[Appium]&amp#27;[39m Welcome to Appium v1.22.3
&amp#27;[35m[Appium]&amp#27;[39m Non-default server args:
&amp#27;[35m[Appium]&amp#27;[39m   port: 45557
&amp#27;[35m[Appium]&amp#27;[39m   sessionOverride: true
&amp#27;[35m[Appium]&amp#27;[39m   logFile: C:\Users\david.velezs\Documents\PerfCursos\appium\APPIUM_CUCUMBER\appium-cucumberbdd-testng-master\Android_pixel_c\Server.log
&amp#27;[35m[Appium]&amp#27;[39m Appium REST http interface listener started on 0.0.0.0:45557
&amp#27;[35m[Appium]&amp#27;[39m Welcome to Appium v1.22.3
&amp#27;[35m[Appium]&amp#27;[39m Non-default server args:
&amp#27;[35m[Appium]&amp#27;[39m   port: 27500
&amp#27;[35m[Appium]&amp#27;[39m   sessionOverride: true
&amp#27;[35m[Appium]&amp#27;[39m   logFile: C:\Users\david.velezs\Documents\PerfCursos\appium\APPIUM_CUCUMBER\appium-cucumberbdd-testng-master\Android_pixel_5\Server.log
&amp#27;[35m[Appium]&amp#27;[39m Appium REST http interface listener started on 0.0.0.0:27500
&amp#27;[35m[HTTP]&amp#27;[39m &amp#27;[37m-->&amp#27;[39m &amp#27;[37mGET&amp#27;[39m &amp#27;[37m/wd/hub/status&amp#27;[39m
&amp#27;[35m[HTTP]&amp#27;[39m &amp#27;[90m{}&amp#27;[39m
[debug] &amp#27;[35m[GENERIC]&amp#27;[39m Calling AppiumDriver.getStatus() with args: []
[debug] &amp#27;[35m[GENERIC]&amp#27;[39m Responding to client with driver.getStatus() result: {"build":{"version":"1.22.3"}}
&amp#27;[35m[HTTP]&amp#27;[39m &amp#27;[37m<-- GET /wd/hub/status &amp#27;[39m&amp#27;[32m200&amp#27;[39m &amp#27;[90m7 ms - 68&amp#27;[39m
&amp#27;[35m[HTTP]&amp#27;[39m &amp#27;[90m&amp#27;[39m
&amp#27;[35m[HTTP]&amp#27;[39m &amp#27;[37m-->&amp#27;[39m &amp#27;[37mGET&amp#27;[39m &amp#27;[37m/wd/hub/status&amp#27;[39m
&amp#27;[35m[HTTP]&amp#27;[39m &amp#27;[90m{}&amp#27;[39m
[debug] &amp#27;[35m[GENERIC]&amp#27;[39m Calling AppiumDriver.getStatus() with args: []
[debug] &amp#27;[35m[GENERIC]&amp#27;[39m Responding to client with driver.getStatus() result: {"build":{"version":"1.22.3"}}
&amp#27;[35m[HTTP]&amp#27;[39m &amp#27;[37m<-- GET /wd/hub/status &amp#27;[39m&amp#27;[32m200&amp#27;[39m &amp#27;[90m3 ms - 68&amp#27;[39m
&amp#27;[35m[HTTP]&amp#27;[39m &amp#27;[90m&amp#27;[39m
[INFO ] 2022-10-25 10:59:49.821 com.qa.utils.ServerManager:29 - Appium server started
[INFO ] 2022-10-25 10:59:49.861 com.qa.utils.DriverManager:28 - initializing Appium driver
[INFO ] 2022-10-25 10:59:49.882 com.qa.utils.PropertyManager:17 - loading config properties
[INFO ] 2022-10-25 10:59:49.883 com.qa.utils.CapabilitiesManager:18 - getting capabilities
[INFO ] 2022-10-25 10:59:49.901 com.qa.utils.CapabilitiesManager:34 - appUrl isC:\Users\david.velezs\Documents\PerfCursos\appium\APPIUM_CUCUMBER\appium-cucumberbdd-testng-master\src\test\resources\apps\Android.SauceLabs.Mobile.Sample.app.2.2.1.apk
&amp#27;[35m[HTTP]&amp#27;[39m &amp#27;[37m-->&amp#27;[39m &amp#27;[37mGET&amp#27;[39m &amp#27;[37m/wd/hub/status&amp#27;[39m
&amp#27;[35m[HTTP]&amp#27;[39m &amp#27;[90m{}&amp#27;[39m
[debug] &amp#27;[35m[GENERIC]&amp#27;[39m Calling AppiumDriver.getStatus() with args: []
[debug] &amp#27;[35m[GENERIC]&amp#27;[39m Responding to client with driver.getStatus() result: {"build":{"version":"1.22.3"}}
&amp#27;[35m[HTTP]&amp#27;[39m &amp#27;[37m<-- GET /wd/hub/status &amp#27;[39m&amp#27;[32m200&amp#27;[39m &amp#27;[90m6 ms - 68&amp#27;[39m
&amp#27;[35m[HTTP]&amp#27;[39m &amp#27;[90m&amp#27;[39m
&amp#27;[35m[HTTP]&amp#27;[39m &amp#27;[37m-->&amp#27;[39m &amp#27;[37mGET&amp#27;[39m &amp#27;[37m/wd/hub/status&amp#27;[39m
&amp#27;[35m[HTTP]&amp#27;[39m &amp#27;[90m{}&amp#27;[39m
[debug] &amp#27;[35m[GENERIC]&amp#27;[39m Calling AppiumDriver.getStatus() with args: []
[debug] &amp#27;[35m[GENERIC]&amp#27;[39m Responding to client with driver.getStatus() result: {"build":{"version":"1.22.3"}}
&amp#27;[35m[HTTP]&amp#27;[39m &amp#27;[37m<-- GET /wd/hub/status &amp#27;[39m&amp#27;[32m200&amp#27;[39m &amp#27;[90m2 ms - [INFO ] 2022-10-25 10:59:49.984 com.qa.utils.ServerManager:29 - Appium server started
68&amp#27;[39m
&amp#27;[35m[HTTP]&amp#27;[39m &amp#27;[90m&amp#27;[39m
[INFO ] 2022-10-25 10:59:49.985 com.qa.utils.DriverManager:28 - initializing Appium driver
[INFO ] 2022-10-25 10:59:49.986 com.qa.utils.CapabilitiesManager:18 - getting capabilities
[INFO ] 2022-10-25 10:59:49.986 com.qa.utils.CapabilitiesManager:34 - appUrl isC:\Users\david.velezs\Documents\PerfCursos\appium\APPIUM_CUCUMBER\appium-cucumberbdd-testng-master\src\test\resources\apps\Android.SauceLabs.Mobile.Sample.app.2.2.1.apk
[debug] &amp#27;[35m[HTTP]&amp#27;[39m Request idempotency key: bc516a1b-87da-4b2f-a297-f95d839a0029
[debug] &amp#27;[35m[HTTP]&amp#27;[39m Request idempotency key: 2579d038-072d-4de8-8faf-01f3204d0708
&amp#27;[35m[HTTP]&amp#27;[39m &amp#27;[37m-->&amp#27;[39m &amp#27;[37mPOST&amp#27;[39m &amp#27;[37m/wd/hub/session&amp#27;[39m
&amp#27;[35m[HTTP]&amp#27;[39m &amp#27;[90m{"desiredCapabilities":{"app":"C:\\Users\\david.velezs\\Documents\\PerfCursos\\appium\\APPIUM_CUCUMBER\\appium-cucumberbdd-testng-master\\src\\test\\resources\\apps\\Android.SauceLabs.Mobile.Sample.app.2.2.1.apk","appActivity":"com.swaglabsmobileapp.SplashActivity","appPackage":"com.swaglabsmobileapp","automationName":"UiAutomator2","chromeDriverPort":"11000","platformName":"Android","udid":"emulator-5554","deviceName":"pixel_c","systemPort":"10000"},"capabilities":{"firstMatch":[{"appium:app":"C:\\Users\\david.velezs\\Documents\\PerfCursos\\appium\\APPIUM_CUCUMBER\\appium-cucumberbdd-testng-master\\src\\test\\resources\\apps\\Android.SauceLabs.Mobile.Sample.app.2.2.1.apk","appium:appActivity":"com.swaglabsmobileapp.SplashActivity","appium:appPackage":"com.swaglabsmobileapp","appium:automationName":"UiAutomator2","chromeDriverPort":"11000","appium:deviceName":"pixel_c","platformName":"android","appium:systemPort":"10000","appium:udid":"emulator-5554"}]}}&amp#27;[39m
[debug] &amp#27;[35m[W3C]&amp#27;[39m Calling AppiumDriver.createSession() with args: [{"app":"C:\\Users\\david.velezs\\Documents\\PerfCursos\\appium\\APPIUM_CUCUMBER\\appium-cucumberbdd-testng-master\\src\\test\\resources\\apps\\Android.SauceLabs.Mobile.Sample.app.2.2.1.apk","appActivity":"com.swaglabsmobileapp.SplashActivity","appPackage":"com.swaglabsmobileapp","automationName":"UiAutomator2","chromeDriverPort":"11000","platformName":"Android","udid":"emulator-5554","deviceName":"pixel_c","systemPort":"10000"},null,{"firstMatch":[{"appium:app":"C:\\Users\\david.velezs\\Documents\\PerfCursos\\appium\\APPIUM_CUCUMBER\\appium-cucumberbdd-testng-master\\src\\test\\resources\\apps\\Android.SauceLabs.Mobile.Sample.app.2.2.1.apk","appium:appActivity":"com.swaglabsmobileapp.SplashActivity","appium:appPackage":"com.swaglabsmobileapp","appium:automationName":"UiAutomator2","chromeDriverPort":"11000","appium:deviceName":"pixel_c","platformName":"android","appium:systemPort":"10000","appium:udid":"emulator-5554"}]}]
[debug] &amp#27;[35m[BaseDriver]&amp#27;[39m Event 'newSessionRequested' logged at 1666713590426 (10:59:50 GMT-0500 (hora estÃ¡ndar de Colombia))
&amp#27;[35m[BaseDriver]&amp#27;[39m The following capabilities are not standard capabilities and should have an extension prefix:
&amp#27;[35m[BaseDriver]&amp#27;[39m   chromeDriverPort
&amp#27;[35m[HTTP]&amp#27;[39m &amp#27;[37m-->&amp#27;[39m &amp#27;[37mPOST&amp#27;[39m &amp#27;[37m/wd/hub/session&amp#27;[39m
&amp#27;[35m[HTTP]&amp#27;[39m &amp#27;[90m{"desiredCapabilities":{"app":"C:\\Users\\david.velezs\\Documents\\PerfCursos\\appium\\APPIUM_CUCUMBER\\appium-cucumberbdd-testng-master\\src\\test\\resources\\apps\\Android.SauceLabs.Mobile.Sample.app.2.2.1.apk","appActivity":"com.swaglabsmobileapp.SplashActivity","appPackage":"com.swaglabsmobileapp","automationName":"UiAutomator2","chromeDriverPort":"11001","platformName":"Android","udid":"emulator-5556","deviceName":"pixel_5","systemPort":"10001"},"capabilities":{"firstMatch":[{"appium:app":"C:\\Users\\david.velezs\\Documents\\PerfCursos\\appium\\APPIUM_CUCUMBER\\appium-cucumberbdd-testng-master\\src\\test\\resources\\apps\\Android.SauceLabs.Mobile.Sample.app.2.2.1.apk","appium:appActivity":"com.swaglabsmobileapp.SplashActivity","appium:appPackage":"com.swaglabsmobileapp","appium:automationName":"UiAutomator2","chromeDriverPort":"11001","appium:deviceName":"pixel_5","platformName":"android","appium:systemPort":"10001","appium:udid":"emulator-5556"}]}}&amp#27;[39m
[debug] &amp#27;[35m[W3C]&amp#27;[39m Calling AppiumDriver.createSession() with args: [{"app":"C:\\Users\\david.velezs\\Documents\\PerfCursos\\appium\\APPIUM_CUCUMBER\\appium-cucumberbdd-testng-master\\src\\test\\resources\\apps\\Android.SauceLabs.Mobile.Sample.app.2.2.1.apk","appActivity":"com.swaglabsmobileapp.SplashActivity","appPackage":"com.swaglabsmobileapp","automationName":"UiAutomator2","chromeDriverPort":"11001","platformName":"Android","udid":"emulator-5556","deviceName":"pixel_5","systemPort":"10001"},null,{"firstMatch":[{"appium:app":"C:\\Users\\david.velezs\\Documents\\PerfCursos\\appium\\APPIUM_CUCUMBER\\appium-cucumberbdd-testng-master\\src\\test\\resources\\apps\\Android.SauceLabs.Mobile.Sample.app.2.2.1.apk","appium:appActivity":"com.swaglabsmobileapp.SplashActivity","appium:appPackage":"com.swaglabsmobileapp","appium:automationName":"UiAutomator2","chromeDriverPort":"11001","appium:deviceName":"pixel_5","platformName":"android","appium:systemPort":"10001","appium:udid":"emulator-5556"}]}]
[debug] &amp#27;[35m[BaseDriver]&amp#27;[39m Event 'newSessionRequested' logged at 1666713590436 (10:59:50 GMT-0500 (hora estÃ¡ndar de Colombia))
&amp#27;[35m[BaseDriver]&amp#27;[39m The following capabilities are not standard capabilities and should have an extension prefix:
&amp#27;[35m[BaseDriver]&amp#27;[39m   chromeDriverPort
&amp#27;[35m[Appium]&amp#27;[39m Appium v1.22.3 creating new AndroidUiautomator2Driver (v1.70.1) session
[debug] &amp#27;&amp#27;[3[5m3[5Apmpi[umA]p&amp#27;[39pm Tiherue amre n]o ac&amp#27;tive[ s3es9simon s Afoppri umc lv1e.a22n.u3 cpreat
ing new[ Adnedbruogi]d U&amp#27;i[a3u5tmo[mBaatseoDrirv2eDrr]i&amp#27;v[e3r9 m( vW13.C7 0.1c) saessionp
[debaug] &amp#27;[b35m[Appiium]&amp#27;l[39itiems  anTdh ereM JareS nOoN WaPct idvee ssiesrseido ncs afpoarb cilleiantuipe
s were provided
[debug] &amp#27;[[3d5emb[ugB]a s&amp#27;e[D35rmi[Bvaesre]Dr&amp#27;i[ve3r9]&amp#27;m[ 3C9rme aW3tCi ncga pasbeilsistiieosn a nwd iMtJhSO NWW3P Cd ecsiarpeda bciaplaibtiies: {li
t[iedse bweurge ]p r&amp#27;ov[i3d5emd[
B[daesbuegD]r &amp#27;i[v3e5mr[]B&amp#27;as[e3D9rmiv e r ]&amp#27;"[a3l9mw aCyresaMtaintgc hse"s:s io{n 
w[itdhe bWu3gC]  ca&amp#27;p[a3bi5lmi[tiBeas:s e{D
r[idveeburg]] &amp#27;&amp#27;[[3359mm[ B as e D r"ivaeppri]u&amp#27;m[:39cmh  r o"malewDarysiMvaetrcPho":r t{"
:[ d"eb1u1g0] 0&amp#27;[305"m,
[[BdaesbeDurgiv]e r]&amp#27;&amp#27;[[35m3[9Bma s e D ri v"ear]p&amp#27;p[i3u9mm: c h r o m"epDlraitvfeorrPmoNratm"e:" :" 1"1a0n0d1r"o,id
"[,de
b[udge]b u&amp#27;g[]3 5&amp#27;m[[3B5ams[BeasDeDrriivveerr]]&amp#27;&amp#27;[[3399mm          ""applpaitufm:oarpmpN"a:m e":" C":a\n\dUrsoeirds"\,\d
a[vdiedb.uvge]l e&amp#27;z[s3\5\mD[oBcausmeeDnrtisv\e\rP]e&amp#27;[r3f9Cmu r s o s \"\aappppiiuumm:\a\pApP"P:I U"MC_:C\U\CUUsMeBrEsR\\\\daapvpiidu.mv-eclueczus\mbe\rDbodcdu-mteensttsn\g\-PmearsftCeurr\s\ossr\c\\a\ptpeisutm\\\\ArPePsIoUuMr_cCeUsC\U\MaBpERp\s\\a\pApnidurmo-icducu.mSbauecrebLadbds-.tMeosbtilneg.-Sammapsltee.ra\p\ps.r2.c2\.\1t.easptk\"\,re
s[oduerbcuge]s \&amp#27;\[a3p5pms[\B\aAsnedDrroiivder]&amp#27;[.3S9amu c e L a b"sa.ppMioubmi:laep.pSAacmtplei.vaiptpy."2:. 2".c1o.ma.pskw"a,gl
absmobileapp.SplashA[cdteibvuigt] y&amp#27;"[,35
m[[dBeabsuegD]r i&amp#27;v[e3r5]m&amp#27;[[B3a9sme D r i v e"ra]p&amp#27;p[i3u9mm: a p p A c"taipvpiituy"m:: a"pcpoPma.cskwaaggel"a:b "scmoomb.islweaaglabpspm.oSbpillaesahpApc"t,iv
i[tdye"b,ug
][ d&amp#27;e[b3u5gm][ B&amp#27;a[s3e5Dmr[iBvaesre]D&amp#27;r[i3v9emr ] &amp#27; [ 3 9"ma p p i u m":aapuptioumma:tiaopnpNPaamcek"a:g e""U:i A"uctoomm.astwoarg2l"a,bs
m[odbeibluega]p p&amp#27;"[,35
m[[dBeabsuegDr]i v&amp#27;er[]3&amp#27;5m[[B3a9sme D r i v e"ra]p&amp#27;p[i3u9mm: d e v i c"eaNpapmieu"m:: a"uptioxmealt_ico"n,Na
m[ed"e:b u"gU]i A&amp#27;u[t3o5mma[tBoars2e"D,r
i[vdeerb]u&amp#27;g[]3 9&amp#27;m[ 3 5 m [ B"aaspepDiruimv:esry]s&amp#27;t[e3m9Pmo r t " :  ""a1p0p0i0u0m":,de
v[idceebNuagm]e "&amp#27;:[ 3"5pmi[xBeals_e5D"r,iv
e[rd]e&amp#27;b[u3g9]m  &amp#27; [ 3 5 m"[aBpapsieuDmr:iver]&amp#27;[39m     "appuiudmi:ds"y:s t"eemmPourlta"t:o r"-150505041"",
[
d[edbeubgu]g ]&amp#27; [&amp#27;3[53m5[mB[aBseaDsreiDvreirv]e&amp#27;r[]3&amp#27;9[m3 9 m  } ,  
[ d"eabpupgi] &amp#27;[u3m5:mu[dBiads"e:D r"ievmeurla]t&amp#27;o[r3-95m5 56 " "
f[idresbtugM]a t&amp#27;c[h3"5:m [[Ba
s[edDerbiuvg]e r&amp#27;][&amp#27;3[53m9[mB a s e}D,ri
ve[rd]e&amp#27;b[u3g9]m  &amp#27; [ 3 5 m{[}Ba
s[edDerbiuvge]r ]&amp#27;&amp#27;[[3359mm[ B a s"efiDrrsitvMeart]c&amp#27;h["3:9 m[  
 []de
b[deubugg]]  &amp#27;&amp#27;[[3355mm[[BBaasseeDDrriivveerr]]&amp#27;&amp#27;[[3399mm   }  
 &amp#27;{[}35
m[[dBeabsuegD]r i&amp#27;v[e3r5]m&amp#27;[[B3a9sme NDurmibveerr ]c&amp#27;a[p3a9bmil i t y] p
a[sdseebdu gi]n  &amp#27;a[s3 5smt[rBiansge.D rFiuvnecrt]i&amp#27;o[n3a9lmi t}y 
may be compromised.
&amp#27;&amp#27;[[35m[3B5ams[eBDarsievDreirv]e&amp#27;r[]3&amp#27;9[m3 9mN uNmubmebre rc acpaapbaibliiltiyt yp paasssseedd  iinn  aass  ssttrriinngg..  FFuunctionalnicttyi omnaayl ibtey  cmoamyp rboem icsoemdp.ro
mised.
&amp#27;[35m[BaseDriver]&amp#27;[39m Num&amp#27;b[e3r5 mc[aBpaasebDirliivteyr ]p&amp#27;a[s3s9emd  Cianp aabsi lsittryi n'gs.y sFtuenmcPtoirotn'a lcihtayn gmeady  fbreo mc osmtprrionmgi s(e'd1.00
0&amp#27;0['3)5 mt[oB aisnteeDgreirv e(r]1&amp#27;0[03090m) .C aTphaibsi lmiatyy  'csayusstee muPnoerxtp'e cctheadn gbeedh aviforrom
 &amp#27;s[t3r5imn[gB a(s'e10D0r0i1v'e)r t]o&amp#27; [i3n9temg eCra p(a1b0i0l0it1y) .' cThhriosm meaDyr icvaeursPeo rutn'e xcpheacntgeed db ehfaviorro
m&amp#27; [s3t5rmi[nBga s(e'D11r0i0v0e'r)] &amp#27;t[o3 i9nmt eCgaepra b(i1l10i0t0y) .' cThhriosm emay cDaruisvee ruPnoerxtp'e cchtaendg ebde hfarvoimo rst
&amp#27;r[i3n5gm [(B'a1s1e0D0r1i'v)e rt]o&amp#27; [i3n9tm eSgeesrs i(o1n1 0c0r1e)at.e dT hwiist hm asye scsaiuosne i du:n e0x1pce2cdt6edd9 -bbe4hfadv-i4o7r1c
-9bb0-21a6d1b463&amp#27;0[e35
m[BaseDriver]&amp#27;[39&amp#27;m[ 3S5ems[sBiaosn cerDeraitveedr ]w&amp#27;i[t3h9 ms eUsssiinogn  liodc: a2lc aa1p6p3 d'9C-:b\dUesfe-r4dsb\bd-a9v8ibdb.-v9e8leecz6s7\8D6oac9u6m3en
ts\PerfCursos\appium\APPIUM_CUCUMBER\appium-cucumberbdd-testng-master\src\test\resources\apps\Android.SauceLabs.Mobile.Sample.app.2.2.1.apk'
[debug] &amp#27;[35m[UiAutomator2]&amp#27;[39m Checking whether app is actually present
&amp#27;[35m[BaseDriver]&amp#27;[39m Using local app 'C:\Users\david.velezs\Documents\PerfCursos\appium\APPIUM_CUCUMBER\appium-cucumberbdd-testng-master\src\test\resources\apps\Android.SauceLabs.Mobile.Sample.app.2.2.1.apk'
[debug] &amp#27;[35m[UiAutomator2]&amp#27;[39m Checking whether app is actually present
&amp#27;[35m[ADB]&amp#27;[39m Found 2 'build-tools' folders under 'C:\Users\david.velezs\AppData\Local\Android\Sdk' (newest first):
&amp#27;[35m[ADB]&amp#27;[39m     C:/Users/david.velezs/AppData/Local/Android/Sdk/build-tools/33.0.0
&amp#27;[35m[ADB]&amp#27;[39m     C:/Users/david.velezs/AppData/Local/Android/Sdk/build-tools/30.0.3
&amp#27;[35m[ADB]&amp#27;[39m Using 'adb.exe' from 'C:\Users\david.velezs\AppData\Local\Android\Sdk\platform-tools\adb.exe'
[debug] &amp#27;[35m[ADB]&amp#27;[39m Running 'C:\Users\david.velezs\AppData\Local\Android\Sdk\platform-tools\adb.exe -P 5037 start-server'
&amp#27;[35m[ADB]&amp#27;[39m Found 2 'build-tools' folders under 'C:\Users\david.velezs\AppData\Local\Android\Sdk' (newest first):
&amp#27;[35m[ADB]&amp#27;[39m     C:/Users/david.velezs/AppData/Local/Android/Sdk/build-tools/33.0.0
&amp#27;[35m[ADB]&amp#27;[39m     C:/Users/david.velezs/AppData/Local/Android/Sdk/build-tools/30.0.3
&amp#27;[35m[ADB]&amp#27;[39m Using 'adb.exe' from 'C:\Users\david.velezs\AppData\Local\Android\Sdk\platform-tools\adb.exe'
[debug] &amp#27;[35m[ADB]&amp#27;[39m Running 'C:\Users\david.velezs\AppData\Local\Android\Sdk\platform-tools\adb.exe -P 5037 start-server'
&amp#27;[35m[AndroidDriver]&amp#27;[39m Retrieving device list
[debug] &amp#27;[35m[ADB]&amp#27;[39m Trying to find a connected android device
[debug] &amp#27;[35m[ADB]&amp#27;[39m Getting connected devices
&amp#27;[35m[AndroidDriver]&amp#27;[39m Retrieving device list
[debug] &amp#27;[35m[ADB]&amp#27;[39m Trying to find a connected android device
[debug] &amp#27;[35m[ADB]&amp#27;[39m Getting connected devices
[debug] &amp#27;[35m[ADB]&amp#27;[39m Connected devices: [{"udid":"emulator-5554","state":"device"},{"udid":"emulator-5556","state":"device"}]
&amp#27;[35m[AndroidDriver]&amp#27;[39m Using device: emulator-5556
&amp#27;[35m[ADB]&amp#27;[39m Using 'adb.exe' from 'C:\Users\david.velezs\AppData\Local\Android\Sdk\platform-tools\adb.exe'
[debug] &amp#27;[35m[ADB]&amp#27;[39m Running 'C:\Users\david.velezs\AppData\Local\Android\Sdk\platform-tools\adb.exe -P 5037 start-server'
[debug] &amp#27;[35m[ADB]&amp#27;[39m Connected devices: [{"udid":"emulator-5554","state":"device"},{"udid":"emulator-5556","state":"device"}]
&amp#27;[35m[AndroidDriver]&amp#27;[39m Using device: emulator-5554
&amp#27;[35m[ADB]&amp#27;[39m Using 'adb.exe' from 'C:\Users\david.velezs\AppData\Local\Android\Sdk\platform-tools\adb.exe'
[debug] &amp#27;[35m[ADB]&amp#27;[39m Running 'C:\Users\david.velezs\AppData\Local\Android\Sdk\platform-tools\adb.exe -P 5037 start-server'
[debug] &amp#27;[35m[ADB]&amp#27;[39m Setting device id to emulator-5556
[debug] &amp#27;[35m[ADB]&amp#27;[39m Running 'C:\Users\david.velezs\AppData\Local\Android\Sdk\platform-tools\adb.exe -P 5037 -s emulator-5556 shell getprop ro.build.version.sdk'
[debug] &amp#27;[35m[ADB]&amp#27;[39m Setting device id to emulator-5554
[debug] &amp#27;[35m[ADB]&amp#27;[39m Running 'C:\Users\david.velezs\AppData\Local\Android\Sdk\platform-tools\adb.exe -P 5037 -s emulator-5554 shell getprop ro.build.version.sdk'
[debug] &amp#27;[35m[ADB]&amp#27;[39m Current device property 'ro.build.version.sdk': 31
&amp#27;[35m[ADB]&amp#27;[39m Getting device platform version
[debug] &amp#27;[35m[ADB]&amp#27;[39m Running 'C:\Users\david.velezs\AppData\Local\Android\Sdk\platform-tools\adb.exe -P 5037 -s emulator-5556 shell getprop ro.build.version.release'
[debug] &amp#27;[35m[ADB]&amp#27;[39m Current device property 'ro.build.version.sdk': 31
&amp#27;[35m[ADB]&amp#27;[39m Getting device platform version
[debug] &amp#27;[35m[ADB]&amp#27;[39m Running 'C:\Users\david.velezs\AppData\Local\Android\Sdk\platform-tools\adb.exe -P 5037 -s emulator-5554 shell getprop ro.build.version.release'
[debug] &amp#27;[35m[ADB]&amp#27;[39m Current device property 'ro.build.version.release': 12
[debug] &amp#27;[35m[ADB]&amp#27;[39m Device API level: 31
&amp#27;[35m[UiAutomator2]&amp#27;[39m Relaxing hidden api policy
[debug] &amp#27;[35m[ADB]&amp#27;[39m Running 'C:\Users\david.velezs\AppData\Local\Android\Sdk\platform-tools\adb.exe -P 5037 -s emulator-5556 shell 'settings put global hidden_api_policy_pre_p_apps 1;settings put global hidden_api_policy_p_apps 1;settings put global hidden_api_policy 1''
[debug] &amp#27;[35m[ADB]&amp#27;[39m Current device property 'ro.build.version.release': 12
[debug] &amp#27;[35m[ADB]&amp#27;[39m Device API level: 31
&amp#27;[35m[UiAutomator2]&amp#27;[39m Relaxing hidden api policy
[debug] &amp#27;[35m[ADB]&amp#27;[39m Running 'C:\Users\david.velezs\AppData\Local\Android\Sdk\platform-tools\adb.exe -P 5037 -s emulator-5554 shell 'settings put global hidden_api_policy_pre_p_apps 1;settings put global hidden_api_policy_p_apps 1;settings put global hidden_api_policy 1''
[debug] &amp#27;[35m[ADB]&amp#27;[39m Running 'C:\Users\david.velezs\AppData\Local\Android\Sdk\platform-tools\adb.exe -P 5037 -s emulator-5556 wait-for-device'
[debug] &amp#27;[35m[ADB]&amp#27;[39m Running 'C:\Users\david.velezs\AppData\Local\Android\Sdk\platform-tools\adb.exe -P 5037 -s emulator-5554 wait-for-device'
[debug] &amp#27;[35m[ADB]&amp#27;[39m Running 'C:\Users\david.velezs\AppData\Local\Android\Sdk\platform-tools\adb.exe -P 5037 -s emulator-5556 shell echo ping'
[debug] &amp#27;[35m[ADB]&amp#27;[39m Running 'C:\Users\david.velezs\AppData\Local\Android\Sdk\platform-tools\adb.exe -P 5037 -s emulator-5554 shell echo ping'
[debug] &amp#27;[35m[AndroidDriver]&amp#27;[39m Pushing settings apk to device...
[debug] &amp#27;[35m[ADB]&amp#27;[39m Getting install status for io.appium.settings
[debug] &amp#27;[35m[ADB]&amp#27;[39m Running 'C:\Users\david.velezs\AppData\Local\Android\Sdk\platform-tools\adb.exe -P 5037 -s emulator-5556 shell dumpsys package io.appium.settings'
[debug] &amp#27;[35m[AndroidDriver]&amp#27;[39m Pushing settings apk to device...
[debug] &amp#27;[35m[ADB]&amp#27;[39m Getting install status for io.appium.settings
[debug] &amp#27;[35m[ADB]&amp#27;[39m Running 'C:\Users\david.velezs\AppData\Local\Android\Sdk\platform-tools\adb.exe -P 5037 -s emulator-5554 shell dumpsys package io.appium.settings'
[debug] &amp#27;[35m[ADB]&amp#27;[39m 'io.appium.settings' is installed
[debug] &amp#27;[35m[ADB]&amp#27;[39m Getting package info for 'io.appium.settings'
[debug] &amp#27;[35m[ADB]&amp#27;[39m Running 'C:\Users\david.velezs\AppData\Local\Android\Sdk\platform-tools\adb.exe -P 5037 -s emulator-5556 shell dumpsys package io.appium.settings'
[debug] &amp#27;[35m[ADB]&amp#27;[39m 'io.appium.settings' is installed
[debug] &amp#27;[35[md[eAbDuBg]]&amp#27; [&amp#27;3[93m5 mG[ADeBt]t&amp#27;i[n3g9 mp aTchkea gvee risnifoon  fnoarm e' ioof. atphpei uimn.ssteatltings'
[delbuedg ]' i&amp#27;o[.ap35mp[iAuDm.Bs]et&amp#27;t[i3ng9s'm  iRsu ngrneiatnegr  'oCr: e\qUuasle rs\david.velezs\AptpoD athtae\ Local\Anadprpoliidc\atSidok\np lvaetrfsoiromn- tnoaomles \(a'd3b..4e.x0e'  ->P=  5'033.74 .-0s' )em
ulat[ord-e5b5u5g]4  s&amp#27;h[e3l5ml [dAuDmBp]&amp#27;sy[s pac3k9am gTe hieor.eap piisu nmo. sneetteid ngtso' in
stall/upgrade 'C:\Users\david.velezs\AppData\Roaming\npm\node_modules\appium\node_modules\io.appium.settings\apks\settings_apk-debug.apk'
[debug] &amp#27;[35m[ADB]&amp#27;[39m Getting IDs of all 'io.appium.settings' processes
[debug] &amp#27;[35m[ADB]&amp#27;[39m Running 'C:\Users\david.velezs\AppData\Local\Android\Sdk\platform-tools\adb.exe -P 5037 -s emulator-5556 shell 'pgrep --help; echo $?''
[debug] &amp#27;[35m[ADB]&amp#27;[39m Running 'C:\Users\david.velezs\AppData\Local\Android\Sdk\platform-tools\adb.exe -P 5037 -s emulator-5556 shell pgrep -f \(\[\[:blank:\]\]\|\^\)io\.appium\.settings\(\[\[:blank:\]\]\|\$\)'
[debug] &amp#27;[35m[ADB]&amp#27;[39m The version name of the installed 'io.appium.settings' is greater or equal to the application version name ('3.4.0' >= '3.4.0')
[debug] &amp#27;[35m[ADB]&amp#27;[39m There is no need to install/upgrade 'C:\Users\david.velezs\AppData\Roaming\npm\node_modules\appium\node_modules\io.appium.settings\apks\settings_apk-debug.apk'
[debug] &amp#27;[35m[ADB]&amp#27;[39m Getting IDs of all 'io.appium.settings' processes
[debug] &amp#27;[35m[ADB]&amp#27;[39m Running 'C:\Users\david.velezs\AppData\Local\Android\Sdk\platform-tools\adb.exe -P 5037 -s emulator-5554 shell 'pgrep --help; echo $?''
[debug] &amp#27;[35m[AndroidDriver]&amp#27;[39m io.appium.settings is already running. There is no need to reset its permissions.
[debug] &amp#27;[35m[Logcat]&amp#27;[39m Starting logs capture with command: C:\\Users\\david.velezs\\AppData\\Local\\Android\\Sdk\\platform-tools\\adb.exe -P 5037 -s emulator-5556 logcat -v threadtime
[debug] &amp#27;[35m[ADB]&amp#27;[39m Running 'C:\Users\david.velezs\AppData\Local\Android\Sdk\platform-tools\adb.exe -P 5037 -s emulator-5554 shell pgrep -f \(\[\[:blank:\]\]\|\^\)io\.appium\.settings\(\[\[:blank:\]\]\|\$\)'
[debug] &amp#27;[35m[UiAutomator2]&amp#27;[39m Forwarding UiAutomator2 Server port 6790 to local port 10001
[debug] &amp#27;[35m[ADB]&amp#27;[39m Forwarding system: 10001 to device: 6790
[debug] &amp#27;[35m[ADB]&amp#27;[39m Running 'C:\Users\david.velezs\AppData\Local\Android\Sdk\platform-tools\adb.exe -P 5037 -s emulator-5556 forward tcp:10001 tcp:6790'
[debug] &amp#27;[35m[AndroidDriver]&amp#27;[39m io.appium.settings is already running. There is no need to reset its permissions.
[debug] &amp#27;[35m[Logcat]&amp#27;[39m Starting logs capture with command: C:\\Users\\david.velezs\\AppData\\Local\\Android\\Sdk\\platform-tools\\adb.exe -P 5037 -s emulator-5554 logcat -v threadtime
[debug] &amp#27;[35m[ADB]&amp#27;[39m Getting install status for io.appium.uiautomator2.server
[debug] &amp#27;[35m[ADB]&amp#27;[39m Running 'C:\Users\david.velezs\AppData\Local\Android\Sdk\platform-tools\adb.exe -P 5037 -s emulator-5556 shell dumpsys package io.appium.uiautomator2.server'
[debug] &amp#27;[35m[UiAutomator2]&amp#27;[39m Forwarding UiAutomator2 Server port 6790 to local port 10000
[debug] &amp#27;[35m[ADB]&amp#27;[39m Forwarding system: 10000 to device: 6790
[debug] &amp#27;[35m[ADB]&amp#27;[39m Running 'C:\Users\david.velezs\AppData\Local\Android\Sdk\platform-tools\adb.exe -P 5037 -s emulator-5554 forward tcp:10000 tcp:6790'
[debug] &amp#27;[35m[ADB]&amp#27;[39m 'io.appium.uiautomator2.server' is installed
[debug] &amp#27;[35m[ADB]&amp#27;[39m Getting package info for 'io.appium.uiautomator2.server'
[debug] &amp#27;[35m[ADB]&amp#27;[39m Running 'C:\Users\david.velezs\AppData\Local\Android\Sdk\platform-tools\adb.exe -P 5037 -s emulator-5556 shell dumpsys package io.appium.uiautomator2.server'
[debug] &amp#27;[35m[ADB]&amp#27;[39m Getting install status for io.appium.uiautomator2.server
[debug] &amp#27;[35m[ADB]&amp#27;[39m Running 'C:\Users\david.velezs\AppData\Local\Android\Sdk\platform-tools\adb.exe -P 5037 -s emulator-5554 shell dumpsys package io.appium.uiautomator2.server'
[debug] &amp#27;[35m[ADB]&amp#27;[39m 'io.appium.uiautomator2.server' is installed
[debug] &amp#27;[35m[ADB]&amp#27;[39m Getting package info for 'io.appium.uiautomator2.server'
[debug] &amp#27;[35m[ADB]&amp#27;[39m Running 'C:\Users\david.velezs\AppData\Local\Android\Sdk\platform-tools\adb.exe -P 5037 -s emulator-5554 shell dumpsys package io.appium.uiautomator2.server'
[debug] &amp#27;[35m[ADB]&amp#27;[39m The version name of the installed 'io.appium.uiautomator2.server' is greater or equal to the application version name ('4.27.0' >= '4.27.0')
[debug] &amp#27;[35m[UiAutomator2]&amp#27;[39m io.appium.uiautomator2.server installation state: sameVersionInstalled
[debug] &amp#27;[35m[ADB]&amp#27;[39m Checking app cert for C:\Users\david.velezs\AppData\Roaming\npm\node_modules\appium\node_modules\appium-uiautomator2-server\apks\appium-uiautomator2-server-v4.27.0.apk
&amp#27;[35m[ADB]&amp#27;[39m Using 'apksigner.jar' from 'C:\Users\david.velezs\AppData\Local\Android\Sdk\build-tools\33.0.0\lib\apksigner.jar'
[debug] &amp#27;[35m[ADB]&amp#27;[39m Starting apksigner: 'C:\\Program Files\\Java\\jdk-11.0.14\\bin\\java.exe' -Xmx1024M -Xss1m -jar C:\\Users\\david.velezs\\AppData\\Local\\Android\\Sdk\\build-tools\\33.0.0\\lib\\apksigner.jar verify --print-certs C:\\Users\\david.velezs\\AppData\\Roaming\\npm\\node_modules\\appium\\node_modules\\appium-uiautomator2-server\\apks\\appium-uiautomator2-server-v4.27.0.apk
[debug] &amp#27;[35m[ADB]&amp#27;[39m The version name of the installed 'io.appium.uiautomator2.server' is greater or equal to the application version name ('4.27.0' >= '4.27.0')
[debug] &amp#27;[35m[UiAutomator2]&amp#27;[39m io.appium.uiautomator2.server installation state: sameVersionInstalled
[debug] &amp#27;[35m[ADB]&amp#27;[39m Checking app cert for C:\Users\david.velezs\AppData\Roaming\npm\node_modules\appium\node_modules\appium-uiautomator2-server\apks\appium-uiautomator2-server-v4.27.0.apk
&amp#27;[35m[ADB]&amp#27;[39m Using 'apksigner.jar' from 'C:\Users\david.velezs\AppData\Local\Android\Sdk\build-tools\33.0.0\lib\apksigner.jar'
[debug] &amp#27;[35m[ADB]&amp#27;[39m Starting apksigner: 'C:\\Program Files\\Java\\jdk-11.0.14\\bin\\java.exe' -Xmx1024M -Xss1m -jar C:\\Users\\david.velezs\\AppData\\Local\\Android\\Sdk\\build-tools\\33.0.0\\lib\\apksigner.jar verify --print-certs C:\\Users\\david.velezs\\AppData\\Roaming\\npm\\node_modules\\appium\\node_modules\\appium-uiautomator2-server\\apks\\appium-uiautomator2-server-v4.27.0.apk
[debug] &amp#27;[35m[ADB]&amp#27;[39m apksigner stdout: Signer #1 certificate DN: EMAILADDRESS=android@android.com, CN=Android, OU=Android, O=Android, L=Mountain View, ST=California, C=US
[debug] &amp#27;[35m[ADB]&amp#27;[39m Signer #1 certificate SHA-256 digest: a40da80a59d170caa950cf15c18c454d47a39b26989d8b640ecd745ba71bf5dc
[debug] &amp#27;[35m[ADB]&amp#27;[39m Signer #1 certificate SHA-1 digest: 61ed377e85d386a8dfee6b864bd85b0bfaa5af81
[debug] &amp#27;[35m[ADB]&amp#27;[39m Signer #1 certificate MD5 digest: e89b158e4bcf988ebd09eb83f5378e87
[debug] &amp#27;[35m[ADB]&amp#27;[39m 
[debug] &amp#27;[35m[ADB]&amp#27;[39m sha256 hash did match for 'appium-uiautomator2-server-v4.27.0.apk'
&amp#27;[35m[ADB]&amp#27;[39m 'C:\Users\david.velezs\AppData\Roaming\npm\node_modules\appium\node_modules\appium-uiautomator2-server\apks\appium-uiautomator2-server-v4.27.0.apk' is signed with the default certificate
[debug] &amp#27;[35m[ADB]&amp#27;[39m Getting install status for io.appium.uiautomator2.server.test
[debug] &amp#27;[35m[ADB]&amp#27;[39m Running 'C:\Users\david.velezs\AppData\Local\Android\Sdk\platform-tools\adb.exe -P 5037 -s emulator-5556 shell dumpsys package io.appium.uiautomator2.server.test'
[debug] &amp#27;[35m[ADB]&amp#27;[39m 'io.appium.uiautomator2.server.test' is installed
[debug] &amp#27;[35m[ADB]&amp#27;[39m Checking app cert for C:\Users\david.velezs\AppData\Roaming\npm\node_modules\appium\node_modules\appium-uiautomator2-server\apks\appium-uiautomator2-server-debug-androidTest.apk
[debug] &amp#27;[35m[ADB]&amp#27;[39m Starting apksigner: 'C:\\Program Files\\Java\\jdk-11.0.14\\bin\\java.exe' -Xmx1024M -Xss1m -jar C:\\Users\\david.velezs\\AppData\\Local\\Android\\Sdk\\build-tools\\33.0.0\\lib\\apksigner.jar verify --print-certs C:\\Users\\david.velezs\\AppData\\Roaming\\npm\\node_modules\\appium\\node_modules\\appium-uiautomator2-server\\apks\\appium-uiautomator2-server-debug-androidTest.apk
[debug] &amp#27;[35m[ADB]&amp#27;[39m apksigner stdout: Signer #1 certificate DN: EMAILADDRESS=android@android.com, CN=Android, OU=Android, O=Android, L=Mountain View, ST=California, C=US
[debug] &amp#27;[35m[ADB]&amp#27;[39m Signer #1 certificate SHA-256 digest: a40da80a59d170caa950cf15c18c454d47a39b26989d8b640ecd745ba71bf5dc
[debug] &amp#27;[35m[ADB]&amp#27;[39m Signer #1 certificate SHA-1 digest: 61ed377e85d386a8dfee6b864bd85b0bfaa5af81
[debug] &amp#27;[35m[ADB]&amp#27;[39m Signer #1 certificate MD5 digest: e89b158e4bcf988ebd09eb83f5378e87
[debug] &amp#27;[35m[ADB]&amp#27;[39m 
[debug] &amp#27;[35m[ADB]&amp#27;[39m sha256 hash did match for 'appium-uiautomator2-server-v4.27.0.apk'
&amp#27;[35m[ADB]&amp#27;[39m 'C:\Users\david.velezs\AppData\Roaming\npm\node_modules\appium\node_modules\appium-uiautomator2-server\apks\appium-uiautomator2-server-v4.27.0.apk' is signed with the default certificate
[debug] &amp#27;[35m[ADB]&amp#27;[39m Getting install status for io.appium.uiautomator2.server.test
[debug] &amp#27;[35m[ADB]&amp#27;[39m Running 'C:\Users\david.velezs\AppData\Local\Android\Sdk\platform-tools\adb.exe -P 5037 -s emulator-5554 shell dumpsys package io.appium.uiautomator2.server.test'
[debug] &amp#27;[35m[ADB]&amp#27;[39m 'io.appium.uiautomator2.server.test' is installed
[debug] &amp#27;[35m[ADB]&amp#27;[39m Checking app cert for C:\Users\david.velezs\AppData\Roaming\npm\node_modules\appium\node_modules\appium-uiautomator2-server\apks\appium-uiautomator2-server-debug-androidTest.apk
[debug] &amp#27;[35m[ADB]&amp#27;[39m Starting apksigner: 'C:\\Program Files\\Java\\jdk-11.0.14\\bin\\java.exe' -Xmx1024M -Xss1m -jar C:\\Users\\david.velezs\\AppData\\Local\\Android\\Sdk\\build-tools\\33.0.0\\lib\\apksigner.jar verify --print-certs C:\\Users\\david.velezs\\AppData\\Roaming\\npm\\node_modules\\appium\\node_modules\\appium-uiautomator2-server\\apks\\appium-uiautomator2-server-debug-androidTest.apk
[debug] &amp#27;[35m[ADB]&amp#27;[39m apksigner stdout: Signer #1 certificate DN: EMAILADDRESS=android@android.com, CN=Android, OU=Android, O=Android, L=Mountain View, ST=California, C=US
[debug] &amp#27;[35m[ADB]&amp#27;[39m Signer #1 certificate SHA-256 digest: a40da80a59d170caa950cf15c18c454d47a39b26989d8b640ecd745ba71bf5dc
[debug] &amp#27;[35m[ADB]&amp#27;[39m Signer #1 certificate SHA-1 digest: 61ed377e85d386a8dfee6b864bd85b0bfaa5af81
[debug] &amp#27;[35m[ADB]&amp#27;[39m Signer #1 certificate MD5 digest: e89b158e4bcf988ebd09eb83f5378e87
[debug] &amp#27;[35m[ADB]&amp#27;[39m 
[debug] &amp#27;[35m[ADB]&amp#27;[39m sha256 hash did match for 'appium-uiautomator2-server-debug-androidTest.apk'
&amp#27;[35m[ADB]&amp#27;[39m 'C:\Users\david.velezs\AppData\Roaming\npm\node_modules\appium\node_modules\appium-uiautomator2-server\apks\appium-uiautomator2-server-debug-androidTest.apk' is signed with the default certificate
&amp#27;[35m[UiAutomator2]&amp#27;[39m Server packages are not going to be (re)installed
[debug] &amp#27;[35m[UiAutomator2]&amp#27;[39m Waiting up to 30000ms for services to be available
[debug] &amp#27;[35m[ADB]&amp#27;[39m Running 'C:\Users\david.velezs\AppData\Local\Android\Sdk\platform-tools\adb.exe -P 5037 -s emulator-5556 shell pm list instrumentation'
[debug] &amp#27;[35m[UiAutomator2]&amp#27;[39m Instrumentation target 'io.appium.uiautomator2.server.test/androidx.test.runner.AndroidJUnitRunner' is available
&amp#27;[35m[ADB]&amp#27;[39m Adding packages ["io.appium.settings","io.appium.uiautomator2.server","io.appium.uiautomator2.server.test"] to Doze whitelist
[debug] &amp#27;[35m[ADB]&amp#27;[39m Got the following command chunks to execute: [["dumpsys","deviceidle","whitelist","+io.appium.settings",";","dumpsys","deviceidle","whitelist","+io.appium.uiautomator2.server",";","dumpsys","deviceidle","whitelist","+io.appium.uiautomator2.server.test",";"]]
[debug] &amp#27;[35m[ADB]&amp#27;[39m Running 'C:\Users\david.velezs\AppData\Local\Android\Sdk\platform-tools\adb.exe -P 5037 -s emulator-5556 shell dumpsys deviceidle whitelist +io.appium.settings ; dumpsys deviceidle whitelist +io.appium.uiautomator2.server ; dumpsys deviceidle whitelist +io.appium.uiautomator2.server.test ;'
[debug] &amp#27;[35m[ADB]&amp#27;[39m apksigner stdout: Signer #1 certificate DN: EMAILADDRESS=android@android.com, CN=Android, OU=Android, O=Android, L=Mountain View, ST=California, C=US
[debug] &amp#27;[35m[ADB]&amp#27;[39m Signer #1 certificate SHA-256 digest: a40da80a59d170caa950cf15c18c454d47a39b26989d8b640ecd745ba71bf5dc
[debug] &amp#27;[35m[ADB]&amp#27;[39m Signer #1 certificate SHA-1 digest: 61ed377e85d386a8dfee6b864bd85b0bfaa5af81
[debug] &amp#27;[35m[ADB]&amp#27;[39m Signer #1 certificate MD5 digest: e89b158e4bcf988ebd09eb83f5378e87
[debug] &amp#27;[35m[ADB]&amp#27;[39m 
[debug] &amp#27;[35m[ADB]&amp#27;[39m sha256 hash did match for 'appium-uiautomator2-server-debug-androidTest.apk'
&amp#27;[35m[ADB]&amp#27;[39m 'C:\Users\david.velezs\AppData\Roaming\npm\node_modules\appium\node_modules\appium-uiautomator2-server\apks\appium-uiautomator2-server-debug-androidTest.apk' is signed with the default certificate
&amp#27;[35m[UiAutomator2]&amp#27;[39m Server packages are not going to be (re)installed
[debug] &amp#27;[35m[UiAutomator2]&amp#27;[39m Waiting up to 30000ms for services to be available
[debug] &amp#27;[35m[ADB]&amp#27;[39m Running 'C:\Users\david.velezs\AppData\Local\Android\Sdk\platform-tools\adb.exe -P 5037 -s emulator-5554 shell pm list instrumentation'
[debug] &amp#27;[35m[ADB]&amp#27;[39m Checking app cert for C:\Users\david.velezs\Documents\PerfCursos\appium\APPIUM_CUCUMBER\appium-cucumberbdd-testng-master\src\test\resources\apps\Android.SauceLabs.Mobile.Sample.app.2.2.1.apk
[debug] &amp#27;[35m[UiAutomator2]&amp#27;[39m Instrumentation target 'io.appium.uiautomator2.server.test/androidx.test.runner.AndroidJUnitRunner' is available
&amp#27;[35m[ADB]&amp#27;[39m Adding packages ["io.appium.settings","io.appium.uiautomator2.server","io.appium.uiautomator2.server.test"] to Doze whitelist
[debug] &amp#27;[35m[ADB]&amp#27;[39m Got the following command chunks to execute: [["dumpsys","deviceidle","whitelist","+io.appium.settings",";","dumpsys","deviceidle","whitelist","+io.appium.uiautomator2.server",";","dumpsys","deviceidle","whitelist","+io.appium.uiautomator2.server.test",";"]]
[debug] &amp#27;[35m[ADB]&amp#27;[39m Running 'C:\Users\david.velezs\AppData\Local\Android\Sdk\platform-tools\adb.exe -P 5037 -s emulator-5554 shell dumpsys deviceidle whitelist +io.appium.settings ; dumpsys deviceidle whitelist +io.appium.uiautomator2.server ; dumpsys deviceidle whitelist +io.appium.uiautomator2.server.test ;'
[debug] &amp#27;[35m[ADB]&amp#27;[39m Starting apksigner: 'C:\\Program Files\\Java\\jdk-11.0.14\\bin\\java.exe' -Xmx1024M -Xss1m -jar C:\\Users\\david.velezs\\AppData\\Local\\Android\\Sdk\\build-tools\\33.0.0\\lib\\apksigner.jar verify --print-certs C:\\Users\\david.velezs\\Documents\\PerfCursos\\appium\\APPIUM_CUCUMBER\\appium-cucumberbdd-testng-master\\src\\test\\resources\\apps\\Android.SauceLabs.Mobile.Sample.app.2.2.1.apk
[debug] &amp#27;[35m[ADB]&amp#27;[39m Checking app cert for C:\Users\david.velezs\Documents\PerfCursos\appium\APPIUM_CUCUMBER\appium-cucumberbdd-testng-master\src\test\resources\apps\Android.SauceLabs.Mobile.Sample.app.2.2.1.apk
[debug] &amp#27;[35m[ADB]&amp#27;[39m Starting apksigner: 'C:\\Program Files\\Java\\jdk-11.0.14\\bin\\java.exe' -Xmx1024M -Xss1m -jar C:\\Users\\david.velezs\\AppData\\Local\\Android\\Sdk\\build-tools\\33.0.0\\lib\\apksigner.jar verify --print-certs C:\\Users\\david.velezs\\Documents\\PerfCursos\\appium\\APPIUM_CUCUMBER\\appium-cucumberbdd-testng-master\\src\\test\\resources\\apps\\Android.SauceLabs.Mobile.Sample.app.2.2.1.apk
[debug] &amp#27;[35m[ADB]&amp#27;[39m apksigner stdout: Signer #1 certificate DN: EMAILADDRESS=android@android.com, CN=Android, OU=Android, O=Android, L=Mountain View, ST=California, C=US
[debug] &amp#27;[35m[ADB]&amp#27;[39m Signer #1 certificate SHA-256 digest: a40da80a59d170caa950cf15c18c454d47a39b26989d8b640ecd745ba71bf5dc
[debug] &amp#27;[35m[ADB]&amp#27;[39m Signer #1 certificate SHA-1 digest: 61ed377e85d386a8dfee6b864bd85b0bfaa5af81
[debug] &amp#27;[35m[ADB]&amp#27;[39m Signer #1 certificate MD5 digest: e89b158e4bcf988ebd09eb83f5378e87
[debug] &amp#27;[35m[ADB]&amp#27;[39m 
[debug] &amp#27;[35m[ADB]&amp#27;[39m sha256 hash did match for 'Android.SauceLabs.Mobile.Sample.app.2.2.1.apk'
&amp#27;[35m[ADB]&amp#27;[39m 'C:\Users\david.velezs\Documents\PerfCursos\appium\APPIUM_CUCUMBER\appium-cucumberbdd-testng-master\src\test\resources\apps\Android.SauceLabs.Mobile.Sample.app.2.2.1.apk' is signed with the default certificate
[debug] &amp#27;[35m[ADB]&amp#27;[39m Getting install status for com.swaglabsmobileapp
[debug] &amp#27;[35m[ADB]&amp#27;[39m Running 'C:\Users\david.velezs\AppData\Local\Android\Sdk\platform-tools\adb.exe -P 5037 -s emulator-5556 shell dumpsys package com.swaglabsmobileapp'
[debug] &amp#27;[35m[ADB]&amp#27;[39m 'com.swaglabsmobileapp' is installed
[debug] &amp#27;[35m[ADB]&amp#27;[39m Getting package info for 'com.swaglabsmobileapp'
[debug] &amp#27;[35m[ADB]&amp#27;[39m Running 'C:\Users\david.velezs\AppData\Local\Android\Sdk\platform-tools\adb.exe -P 5037 -s emulator-5556 shell dumpsys package com.swaglabsmobileapp'
[debug] &amp#27;[35m[ADB]&amp#27;[39m apksigner stdout: Signer #1 certificate DN: EMAILADDRESS=android@android.com, CN=Android, OU=Android, O=Android, L=Mountain View, ST=California, C=US
[debug] &amp#27;[35m[ADB]&amp#27;[39m Signer #1 certificate SHA-256 digest: a40da80a59d170caa950cf15c18c454d47a39b26989d8b640ecd745ba71bf5dc
[debug] &amp#27;[35m[ADB]&amp#27;[39m Signer #1 certificate SHA-1 digest: 61ed377e85d386a8dfee6b864bd85b0bfaa5af81
[debug] &amp#27;[35m[ADB]&amp#27;[39m Signer #1 certificate MD5 digest: e89b158e4bcf988ebd09eb83f5378e87
[debug] &amp#27;[35m[ADB]&amp#27;[39m 
[debug] &amp#27;[35m[ADB]&amp#27;[39m sha256 hash did match for 'Android.SauceLabs.Mobile.Sample.app.2.2.1.apk'
&amp#27;[35m[ADB]&amp#27;[39m 'C:\Users\david.velezs\Documents\PerfCursos\appium\APPIUM_CUCUMBER\appium-cucumberbdd-testng-master\src\test\resources\apps\Android.SauceLabs.Mobile.Sample.app.2.2.1.apk' is signed with the default certificate
[debug] &amp#27;[35m[ADB]&amp#27;[39m Getting install status for com.swaglabsmobileapp
[debug] &amp#27;[35m[ADB]&amp#27;[39m Running 'C:\Users\david.velezs\AppData\Local\Android\Sdk\platform-tools\adb.exe -P 5037 -s emulator-5554 shell dumpsys package com.swaglabsmobileapp'
[debug] &amp#27;[35m[ADB]&amp#27;[39m The version name of the installed 'com.swaglabsmobileapp' is greater or equal to the application version name ('2.2.1' >= '2.2.1')
[debug] &amp#27;[35m[ADB]&amp#27;[39m There is no need to install/upgrade 'C:\Users\david.velezs\Documents\PerfCursos\appium\APPIUM_CUCUMBER\appium-cucumberbdd-testng-master\src\test\resources\apps\Android.SauceLabs.Mobile.Sample.app.2.2.1.apk'
&amp#27;[35m[AndroidDriver]&amp#27;[39m Performing fast reset on 'com.swaglabsmobileapp'
[debug] &amp#27;[35m[ADB]&amp#27;[39m Getting install status for com.swaglabsmobileapp
[debug] &amp#27;[35m[ADB]&amp#27;[39m Running 'C:\Users\david.velezs\AppData\Local\Android\Sdk\platform-tools\adb.exe -P 5037 -s emulator-5556 shell dumpsys package com.swaglabsmobileapp'
[debug] &amp#27;[35m[ADB]&amp#27;[39m 'com.swaglabsmobileapp' is installed
[debug] &amp#27;[35m[ADB]&amp#27;[39m Getting package info for 'com.swaglabsmobileapp'
[debug] &amp#27;[35m[ADB]&amp#27;[39m Running 'C:\Users\david.velezs\AppData\Local\Android\Sdk\platform-tools\adb.exe -P 5037 -s emulator-5554 shell dumpsys package com.swaglabsmobileapp'
[debug] &amp#27;[35m[ADB]&amp#27;[39m 'com.swaglabsmobileapp' is installed
[debug] &amp#27;[35m[ADB]&amp#27;[39m Running 'C:\Users\david.velezs\AppData\Local\Android\Sdk\platform-tools\adb.exe -P 5037 -s emulator-5556 shell am force-stop com.swaglabsmobileapp'
[debug] &amp#27;[35m[ADB]&amp#27;[39m The version name of the installed 'com.swaglabsmobileapp' is greater or equal to the application version name ('2.2.1' >= '2.2.1')
[debug] &amp#27;[35m[ADB]&amp#27;[39m There is no need to install/upgrade 'C:\Users\david.velezs\Documents\PerfCursos\appium\APPIUM_CUCUMBER\appium-cucumberbdd-testng-master\src\test\resources\apps\Android.SauceLabs.Mobile.Sample.app.2.2.1.apk'
&amp#27;[35m[AndroidDriver]&amp#27;[39m Performing fast reset on 'com.swaglabsmobileapp'
[debug] &amp#27;[35m[ADB]&amp#27;[39m Getting install status for com.swaglabsmobileapp
[debug] &amp#27;[35m[ADB]&amp#27;[39m Running 'C:\Users\david.velezs\AppData\Local\Android\Sdk\platform-tools\adb.exe -P 5037 -s emulator-5554 shell dumpsys package com.swaglabsmobileapp'
[debug] &amp#27;[35m[ADB]&amp#27;[39m Running[ de'bCu:g\]U s&amp#27;e[3r5sm[\AdDBa]v&amp#27;[i39dm. 'vcoem.lsweagzlsa\bsAmpobpiDlaetaap\pL' oicsa lin\sAtnadlrloeidd\
Sdk\platfor[mde-btuogo]l s&amp#27;[\3a5dmb[.AeDxBe] &amp#27;-[P3 9m5 03R7u n-nsin ge m'uCl:a\tUor-55s5e6r ss\hdaevildl. vpemle zcsl\eAaprpD actoam.\sLowcaaglla\bAsndmroobiidl\eSdakp\pp'la
tform-tools\adb.exe -P 5037 -s emulator-5554 shell am force-stop com.swaglabsmobileapp'
[debug] &amp#27;[35m[ADB]&amp#27;[39m Running 'C:\Users\david.velezs\AppData\Local\Android\Sdk\platform-tools\adb.exe -P 5037 -s emulator-5554 shell pm clear com.swaglabsmobileapp'
[debug] &amp#27;[35m[AndroidDriver]&amp#27;[39m Performed fast reset on the installed 'com.swaglabsmobileapp' application (stop and clear)
[debug] &amp#27;[35m[UiAutomator2]&amp#27;[39m Performing shallow cleanup of automation leftovers
[debug] &amp#27;[35m[UiAutomator2]&amp#27;[39m No obsolete sessions have been detected (socket hang up)
[debug] &amp#27;[35m[ADB]&amp#27;[39m Running 'C:\Users\david.velezs\AppData\Local\Android\Sdk\platform-tools\adb.exe -P 5037 -s emulator-5556 shell am force-stop io.appium.uiautomator2.server.test'
[debug] &amp#27;[35m[AndroidDriver]&amp#27;[39m Performed fast reset on the installed 'com.swaglabsmobileapp' application (stop and clear)
[debug] &amp#27;[35m[UiAutomator2]&amp#27;[39m Performing shallow cleanup of automation leftovers
[debug] &amp#27;[35m[UiAutomator2]&amp#27;[39m No obsolete sessions have been detected (socket hang up)
[debug] &amp#27;[35m[ADB]&amp#27;[39m Running 'C:\Users\david.velezs\AppData\Local\Android\Sdk\platform-tools\adb.exe -P 5037 -s emulator-5554 shell am force-stop io.appium.uiautomator2.server.test'
&amp#27;[35m[UiAutomator2]&amp#27;[39m Starting UIAutomator2 server 4.27.0
&amp#27;[35m[UiAutomator2]&amp#27;[39m Using UIAutomator2 server from 'C:\Users\david.velezs\AppData\Roaming\npm\node_modules\appium\node_modules\appium-uiautomator2-server\apks\appium-uiautomator2-server-v4.27.0.apk' and test from 'C:\Users\david.velezs\AppData\Roaming\npm\node_modules\appium\node_modules\appium-uiautomator2-server\apks\appium-uiautomator2-server-debug-androidTest.apk'
&amp#27;[35m[UiAutomator2]&amp#27;[39m Waiting up to 30000ms for UiAutomator2 to be online...
[debug] &amp#27;[35m[ADB]&amp#27;[39m Creating ADB subprocess with args: ["-P",5037,"-s","emulator-5556","shell","am","instrument","-w","-e","disableAnalytics",true,"io.appium.uiautomator2.server.test/androidx.test.runner.AndroidJUnitRunner"]
[debug] &amp#27;[35m[WD Proxy]&amp#27;[39m Matched '/status' to command name 'getStatus'
[debug] &amp#27;[35m[WD Proxy]&amp#27;[39m Proxying [GET /status] to [GET http://127.0.0.1:10001/wd/hub/status] with no body
&amp#27;[35m[WD Proxy]&amp#27;[39m socket hang up
&amp#27;[35m[UiAutomator2]&amp#27;[39m Starting UIAutomator2 server 4.27.0
&amp#27;[35m[UiAutomator2]&amp#27;[39m Using UIAutomator2 server from 'C:\Users\david.velezs\AppData\Roaming\npm\node_modules\appium\node_modules\appium-uiautomator2-server\apks\appium-uiautomator2-server-v4.27.0.apk' and test from 'C:\Users\david.velezs\AppData\Roaming\npm\node_modules\appium\node_modules\appium-uiautomator2-server\apks\appium-uiautomator2-server-debug-androidTest.apk'
&amp#27;[35m[UiAutomator2]&amp#27;[39m Waiting up to 30000ms for UiAutomator2 to be online...
[debug] &amp#27;[35m[ADB]&amp#27;[39m Creating ADB subprocess with args: ["-P",5037,"-s","emulator-5554","shell","am","instrument","-w","-e","disableAnalytics",true,"io.appium.uiautomator2.server.test/androidx.test.runner.AndroidJUnitRunner"]
[debug] &amp#27;[35m[WD Proxy]&amp#27;[39m Matched '/status' to command name 'getStatus'
[debug] &amp#27;[35m[WD Proxy]&amp#27;[39m Proxying [GET /status] to [GET http://127.0.0.1:10000/wd/hub/status] with no body
&amp#27;[35m[WD Proxy]&amp#27;[39m socket hang up
[debug] &amp#27;[35m[Instrumentation]&amp#27;[39m io.appium.uiautomator2.server.test.AppiumUiAutomator2Server:
[debug] &amp#27;[35m[Instrumentation]&amp#27;[39m io.appium.uiautomator2.server.test.AppiumUiAutomator2Server:
[debug] &amp#27;[35m[WD Proxy]&amp#27;[39m Matched '/status' to command name 'getStatus'
[debug] &amp#27;[35m[WD Proxy]&amp#27;[39m Proxying [GET /status] to [GET http://127.0.0.1:10001/wd/hub/status] with no body
&amp#27;[35m[WD Proxy]&amp#27;[39m socket hang up
[debug] &amp#27;[35m[WD Proxy]&amp#27;[39m Matched '/status' to command name 'getStatus'
[debug] &amp#27;[35m[WD Proxy]&amp#27;[39m Proxying [GET /status] to [GET http://127.0.0.1:10000/wd/hub/status] with no body
&amp#27;[35m[WD Proxy]&amp#27;[39m socket hang up
[debug] &amp#27;[35m[WD Proxy]&amp#27;[39m Matched '/status' to command name 'getStatus'
[debug] &amp#27;[35m[WD Proxy]&amp#27;[39m Proxying [GET /status] to [GET http://127.0.0.1:10001/wd/hub/status] with no body
[debug] &amp#27;[35m[WD Proxy]&amp#27;[39m Matched '/status' to command name 'getStatus'
[debug] &amp#27;[35m[WD Proxy]&amp#27;[39m Proxying [GET /status] to [GET http://127.0.0.1:10000/wd/hub/status] with no body
[debug] &amp#27;[35m[WD Proxy]&amp#27;[39m Got response with status 200: {"sessionId":"None","value":{"message":"UiAutomator2 Server is ready to accept commands","ready":true}}
[debug] &amp#27;[35m[UiAutomator2]&amp#27;[39m The initialization of the instrumentation process took 2162ms
[debug] &amp#27;[35m[WD Proxy]&amp#27;[39m Matched '/session' to command name 'createSession'
[debug] &amp#27;[35m[WD Proxy]&amp#27;[39m Proxying [POST /session] to [POST http://127.0.0.1:10001/wd/hub/session] with body: {"capabilities":{"firstMatch":[{"platform":"LINUX","webStorageEnabled":false,"takesScreenshot":true,"javascriptEnabled":true,"databaseEnabled":false,"networkConnectionEnabled":true,"locationContextEnabled":false,"warnings":{},"desired":{"platformName":"android","chromeDriverPort":11001,"app":"C:\\Users\\david.velezs\\Documents\\PerfCursos\\appium\\APPIUM_CUCUMBER\\appium-cucumberbdd-testng-master\\src\\test\\resources\\apps\\Android.SauceLabs.Mobile.Sample.app.2.2.1.apk","appActivity":"com.swaglabsmobileapp.SplashActivity","appPackage":"com.swaglabsmobileapp","automationName":"UiAutomator2","deviceName":"pixel_5","systemPort":10001,"udid":"emulator-5556"},"platformName":"android","chromeDriverPort":11001,"app":"C:\\Users\\david.velezs\\Documents\\PerfCursos\\appium\\APPIUM_CUCUMBER\\appium-cucumberbdd-testng-master\\src\\test\\resources\\apps\\Android.SauceLabs.Mobile.Sample.app.2.2.1.apk","appActivity":"com.swaglabsmobileapp.SplashActivity","appPackage":"com.swaglabsmobileapp","automationName":"UiAutomato...
[debug] &amp#27;[35m[WD Proxy]&amp#27;[39m Got response with status 200: {"sessionId":"ac0c351a-5c27-460b-991b-3f2299092a07","value":{"capabilities":{"firstMatch":[{"platform":"LINUX","webStorageEnabled":false,"takesScreenshot":true,"javascriptEnabled":true,"databaseEnabled":false,"networkConnectionEnabled":true,"locationContextEnabled":false,"warnings":{},"desired":{"platformName":"android","chromeDriverPort":11001,"app":"C:\\Users\\david.velezs\\Documents\\PerfCursos\\appium\\APPIUM_CUCUMBER\\appium-cucumberbdd-testng-master\\src\\test\\resources\\apps\\Android.SauceLabs.Mobile.Sample.app.2.2.1.apk","appActivity":"com.swaglabsmobileapp.SplashActivity","appPackage":"com.swaglabsmobileapp","automationName":"UiAutomator2","deviceName":"pixel_5","systemPort":10001,"udid":"emulator-5556"},"platformName":"android","chromeDriverPort":11001,"app":"C:\\Users\\david.velezs\\Documents\\PerfCursos\\appium\\APPIUM_CUCUMBER\\appium-cucumberbdd-testng-master\\src\\test\\resources\\apps\\Android.SauceLabs.Mobile.Sample.app.2.2.1.apk","appActivity":"com.swaglabsmobileapp.SplashActivity","appP...
&amp#27;[35m[WD Proxy]&amp#27;[39m Determined the downstream protocol as 'W3C'
[debug] &amp#27;[35m[WD Proxy]&amp#27;[39m Proxying [GET /appium/device/info] to [GET http://127.0.0.1:10001/wd/hub/session/ac0c351a-5c27-460b-991b-3f2299092a07/appium/device/info] with no body
[debug] &amp#27;[35m[WD Proxy]&amp#27;[39m Got response with status 200: {"sessionId":"ac0c351a-5c27-460b-991b-3f2299092a07","value":{"androidId":"20db03fca9234fa0","apiVersion":"31","bluetooth":{"state":"ON"},"brand":"google","carrierName":"T-Mobile","displayDensity":440,"locale":"en_US","manufacturer":"Google","model":"sdk_gphone64_x86_64","networks":[{"capabilities":{"SSID":null,"linkDownBandwidthKbps":30000,"linkUpstreamBandwidthKbps":12000,"networkCapabilities":"NET_CAPABILITY_NOT_METERED,NET_CAPABILITY_INTERNET,NET_CAPABILITY_NOT_RESTRICTED,NET_CAPABILITY_TRUSTED,NET_CAPABILITY_NOT_VPN,NET_CAPABILITY_VALIDATED,NET_CAPABILITY_NOT_ROAMING,NET_CAPABILITY_FOREGROUND,NET_CAPABILITY_NOT_CONGESTED,NET_CAPABILITY_NOT_SUSPENDED","signalStrength":-50,"transportTypes":"TRANSPORT_WIFI"},"detailedState":"CONNECTED","extraInfo":"","isAvailable":true,"isConnected":true,"isFailover":false,"isRoaming":false,"state":"CONNECTED","subtype":-1,"subtypeName":"","type":1,"typeName":"WIFI"},{"capabilities":{"SSID":null,"linkDownBandwidthKbps":4300,"linkUpstreamBandwidthKbps":1800,"networkCapabil...
[debug] &amp#27;[35m[ADB]&amp#27;[39m Running 'C:\Users\david.velezs\AppData\Local\Android\Sdk\platform-tools\[adb.deexbueg]  -&amp#27;[P3 55m0[W3D 7Proxy]&amp#27;[39m G ot- rse speomnsue lwiattho rst-a5t5u5s6  2s00h:e l{"ls edssuimopnsIyds": "wNionndeo"w,'"va
lue":{"message":"UiAutomator2 Server is ready to accept commands","ready":true}}
[debug] &amp#27;[35m[UiAutomator2]&amp#27;[39m The initialization of the instrumentation process took 2169ms
[debug] &amp#27;[35m[WD Proxy]&amp#27;[39m Matched '/session' to command name 'createSession'
[debug] &amp#27;[35m[WD Proxy]&amp#27;[39m Proxying [POST /session] to [POST http://127.0.0.1:10000/wd/hub/session] with body: {"capabilities":{"firstMatch":[{"platform":"LINUX","webStorageEnabled":false,"takesScreenshot":true,"javascriptEnabled":true,"databaseEnabled":false,"networkConnectionEnabled":true,"locationContextEnabled":false,"warnings":{},"desired":{"platformName":"android","chromeDriverPort":11000,"app":"C:\\Users\\david.velezs\\Documents\\PerfCursos\\appium\\APPIUM_CUCUMBER\\appium-cucumberbdd-testng-master\\src\\test\\resources\\apps\\Android.SauceLabs.Mobile.Sample.app.2.2.1.apk","appActivity":"com.swaglabsmobileapp.SplashActivity","appPackage":"com.swaglabsmobileapp","automationName":"UiAutomator2","deviceName":"pixel_c","systemPort":10000,"udid":"emulator-5554"},"platformName":"android","chromeDriverPort":11000,"app":"C:\\Users\\david.velezs\\Documents\\PerfCursos\\appium\\APPIUM_CUCUMBER\\appium-cucumberbdd-testng-master\\src\\test\\resources\\apps\\Android.SauceLabs.Mobile.Sample.app.2.2.1.apk","appActivity":"com.swaglabsmobileapp.SplashActivity","appPackage":"com.swaglabsmobileapp","automationName":"UiAutomato...
[debug] &amp#27;[35m[WD Proxy]&amp#27;[39m Got response with status 200: {"sessionId":"f15266ac-21fe-471d-91f8-a6b5eb0ccbdb","value":{"capabilities":{"firstMatch":[{"platform":"LINUX","webStorageEnabled":false,"takesScreenshot":true,"javascriptEnabled":true,"databaseEnabled":false,"networkConnectionEnabled":true,"locationContextEnabled":false,"warnings":{},"desired":{"platformName":"android","chromeDriverPort":11000,"app":"C:\\Users\\david.velezs\\Documents\\PerfCursos\\appium\\APPIUM_CUCUMBER\\appium-cucumberbdd-testng-master\\src\\test\\resources\\apps\\Android.SauceLabs.Mobile.Sample.app.2.2.1.apk","appActivity":"com.swaglabsmobileapp.SplashActivity","appPackage":"com.swaglabsmobileapp","automationName":"UiAutomator2","deviceName":"pixel_c","systemPort":10000,"udid":"emulator-5554"},"platformName":"android","chromeDriverPort":11000,"app":"C:\\Users\\david.velezs\\Documents\\PerfCursos\\appium\\APPIUM_CUCUMBER\\appium-cucumberbdd-testng-master\\src\\test\\resources\\apps\\Android.SauceLabs.Mobile.Sample.app.2.2.1.apk","appActivity":"com.swaglabsmobileapp.SplashActivity","appP...
&amp#27;[35m[WD Proxy]&amp#27;[39m Determined the downstream protocol as 'W3C'
[debug] &amp#27;[35m[WD Proxy]&amp#27;[39m Proxying [GET /appium/device/info] to [GET http://127.0.0.1:10000/wd/hub/session/f15266ac-21fe-471d-91f8-a6b5eb0ccbdb/appium/device/info] with no body
&amp#27;[35m[AndroidDriver]&amp#27;[39m Screen already unlocked, doing nothing
&amp#27;[35m[UiAutomator2]&amp#27;[39m Starting 'com.swaglabsmobileapp/com.swaglabsmobileapp.SplashActivity and waiting for 'com.swaglabsmobileapp/com.swaglabsmobileapp.SplashActivity'
[debug] &amp#27;[35m[ADB]&amp#27;[39m Running 'C:\Users\david.velezs\AppData\Local\Android\Sdk\platform-tools\adb.exe -P 5037 -s emulator-5556 shell am start -W -n com.swaglabsmobileapp/com.swaglabsmobileapp.SplashActivity -S -a android.intent.action.MAIN -c android.intent.category.LAUNCHER -f 0x10200000'
[debug] &amp#27;[35m[WD Proxy]&amp#27;[39m Got response with status 200: {"sessionId":"f15266ac-21fe-471d-91f8-a6b5eb0ccbdb","value":{"androidId":"154b9e6c593f80ea","apiVersion":"31","bluetooth":{"state":"ON"},"brand":"google","carrierName":"T-Mobile","displayDensity":320,"locale":"en_US","manufacturer":"Google","model":"sdk_gphone64_x86_64","networks":[{"capabilities":{"SSID":null,"linkDownBandwidthKbps":30000,"linkUpstreamBandwidthKbps":12000,"networkCapabilities":"NET_CAPABILITY_NOT_METERED,NET_CAPABILITY_INTERNET,NET_CAPABILITY_NOT_RESTRICTED,NET_CAPABILITY_TRUSTED,NET_CAPABILITY_NOT_VPN,NET_CAPABILITY_VALIDATED,NET_CAPABILITY_NOT_ROAMING,NET_CAPABILITY_FOREGROUND,NET_CAPABILITY_NOT_CONGESTED,NET_CAPABILITY_NOT_SUSPENDED","signalStrength":-50,"transportTypes":"TRANSPORT_WIFI"},"detailedState":"CONNECTED","extraInfo":"","isAvailable":true,"isConnected":true,"isFailover":false,"isRoaming":false,"state":"CONNECTED","subtype":-1,"subtypeName":"","type":1,"typeName":"WIFI"},{"capabilities":{"SSID":null,"linkDownBandwidthKbps":4300,"linkUpstreamBandwidthKbps":1800,"networkCapabil...
[debug] &amp#27;[35m[ADB]&amp#27;[39m Running 'C:\Users\david.velezs\AppData\Local\Android\Sdk\platform-tools\adb.exe -P 5037 -s emulator-5554 shell dumpsys window'
&amp#27;[35m[AndroidDriver]&amp#27;[39m Screen already unlocked, doing nothing
&amp#27;[35m[UiAutomator2]&amp#27;[39m Starting 'com.swaglabsmobileapp/com.swaglabsmobileapp.SplashActivity and waiting for 'com.swaglabsmobileapp/com.swaglabsmobileapp.SplashActivity'
[debug] &amp#27;[35m[ADB]&amp#27;[39m Running 'C:\Users\david.velezs\AppData\Local\Android\Sdk\platform-tools\adb.exe -P 5037 -s emulator-5554 shell am start -W -n com.swaglabsmobileapp/com.swaglabsmobileapp.SplashActivity -S -a android.intent.action.MAIN -c android.intent.category.LAUNCHER -f 0x10200000'
[debug] &amp#27;[35m[WD Proxy]&amp#27;[39m Proxying [GET /appium/device/pixel_ratio] to [GET http://127.0.0.1:10001/wd/hub/session/ac0c351a-5c27-460b-991b-3f2299092a07/appium/device/pixel_ratio] with no body
[debug] &amp#27;[35m[WD Proxy]&amp#27;[39m Got response with status 200: {"sessionId":"ac0c351a-5c27-460b-991b-3f2299092a07","value":2.75}
[debug] &amp#27;[35m[WD Proxy]&amp#27;[39m Matched '/appium/device/system_bars' to command name 'getSystemBars'
[debug] &amp#27;[35m[WD Proxy]&amp#27;[39m Proxying [GET /appium/device/system_bars] to [GET http://127.0.0.1:10001/wd/hub/session/ac0c351a-5c27-460b-991b-3f2299092a07/appium/device/system_bars] with no body
[debug] &amp#27;[35m[WD Proxy]&amp#27;[39m Got response with status 200: {"sessionId":"ac0c351a-5c27-460b-991b-3f2299092a07","value":{"statusBar":145}}
[debug] &amp#27;[35m[WD Proxy]&amp#27;[39m Matched '/window/current/size' to command name 'getWindowSize'
[debug] &amp#27;[35m[WD Proxy]&amp#27;[39m Proxying [GET /window/current/size] to [GET http://127.0.0.1:10001/wd/hub/session/ac0c351a-5c27-460b-991b-3f2299092a07/window/current/size] with no body
[debug] &amp#27;[35m[WD Proxy]&amp#27;[39m Proxying [GET /appium/device/pixel[_dreabtuigo] ]&amp#27; [t3o5 m[[GWEDT  Prhotxyt]p&amp#27;:[3/9/m1 G2o7t .r0e.s0po.n1se: 1wi0t0h0 s0t/wd/hub/asteusss 2io0n0/:f 1{5"2s6e6sasci-o2n1Ifde"-:4"7a1cd0-c9315f1a-5c287--a466b05be-b909c1cbb-d3bf/2a2p9p9i09u2ma/0d7e"v,"ivcael/upei"x:e{"lh_eriagthito"]: 2w0i7t2h, "nwoi dbtho"d:y10
80}}
&amp#27;[35m[Appium]&amp#27;[39m New AndroidUiautomator2Driver session created successfully, session 2ca163d9-bdef-4dbb-98bb-98ec6786a963 added to master session list
[debug] &amp#27;[35m[BaseDriver]&amp#27;[39m Event 'newSessionStarted' logged at 1666713600163 (11:00:00 GMT-0500 (hora estÃ¡ndar de Colombia))
[debug] &amp#27;[35m[W3C (2ca163d9)]&amp#27;[39m Cached the protocol value 'W3C' for the new session 2ca163d9-bdef-4dbb-98bb-98ec6786a963
[debug] &amp#27;[35m[W3C (2ca163d9)]&amp#27;[39m Responding to client with driver.createSession() result: {"capabilities":{"platform":"LINUX","webStorageEnabled":false,"takesScreenshot":true,"javascriptEnabled":true,"databaseEnabled":false,"networkConnectionEnabled":true,"locationContextEnabled":false,"warnings":{},"desired":{"platformName":"android","chromeDriverPort":11001,"app":"C:\\Users\\david.velezs\\Documents\\PerfCursos\\appium\\APPIUM_CUCUMBER\\appium-cucumberbdd-testng-master\\src\\test\\resources\\apps\\Android.SauceLabs.Mobile.Sample.app.2.2.1.apk","appActivity":"com.swaglabsmobileapp.SplashActivity","appPackage":"com.swaglabsmobileapp","automationName":"UiAutomator2","deviceName":"pixel_5","systemPort":10001,"udid":"emulator-5556"},"platformName":"android","chromeDriverPort":11001,"app":"C:\\Users\\david.velezs\\Documents\\PerfCursos\\appium\\APPIUM_CUCUMBER\\appium-cucumberbdd-testng-master\\src\\test\\resources\\apps\\Android.SauceLabs.Mobile.Sample.app.2.2.1.apk","appActivity":"com.swaglabsmobileapp.SplashActivity","appPackage":"com.swaglabsmobileapp","automationName":"UiAutomator2","deviceName...
&amp#27;[35m[HTTP]&amp#27;[39m &amp#27;[37m<-- POST /wd/hub/session &amp#27;[39m&amp#27;[32m200&amp#27;[39m &amp#27;[90m9732 ms - 1439&amp#27;[39m
&amp#27;[35m[HTTP]&amp#27;[39m &amp#27;[90m&amp#27;[39m
[debug] &amp#27;[35m[WD Proxy]&amp#27;[39m Got response with status 200: {"sessionId":"f15266ac-21fe-471d-91f8-a6b5eb0ccbdb","value":2}
[debug] &amp#27;[35m[WD Proxy]&amp#27;[39m Matched '/appium/device/system_bars' to command name 'getSystemBars'
[debug] &amp#27;[35m[WD Proxy]&amp#27;[39m Proxying [GET /appium/device/system_bars] to [GET http://127.0.0.1:10000/wd/hub/session/f15266ac-21fe-471d-91f8-a6b5eb0ccbdb/appium/device/system_bars] with no body
[debug] &amp#27;[35m[WD Proxy]&amp#27;[39m Got response with status 200: {"sessionId":"f15266ac-21fe-471d-91f8-a6b5eb0ccbdb","value":{"statusBar":48}}
[debug] &amp#27;[35m[WD Proxy]&amp#27;[39m Matched '/window/current/size' to command name 'getWindowSize'
[debug] &amp#27;[35m[WD Proxy]&amp#27;[39m Proxying [GET /window/current/size] to [GET http://127.0.0.1:10000/wd/hub/session/f15266ac-21fe-471d-91f8-a6b5eb0ccbdb/window/current/size] with no body
[INFO ] 2022-10-25 11:00:00.234 com.qa.utils.DriverManager:40 - Driver is initialized
[debug] &amp#27;[35m[WD Proxy]&amp#27;[39m Got response with status 200: {"sessionId":"f15266ac-21fe-471d-91f8-a6b5eb0ccbdb","value":{"height":2448,"width":1800}}
&amp#27;[35m[Appium]&amp#27;[39m New AndroidUiautomator2Driver session created successfully, session 01c2d6d9-b4fd-471c-9bb0-21a6d1b4630e added to master session list
[debug] &amp#27;[35m[BaseDriver]&amp#27;[39m Event 'newSessionStarted' logged at 1666713600247 (11:00:00 GMT-0500 (hora estÃ¡ndar de Colombia))
[debug] &amp#27;[35m[W3C (01c2d6d9)]&amp#27;[39m Cached the protocol value 'W3C' for the new session 01c2d6d9-b4fd-471c-9bb0-21a6d1b4630e
[debug] &amp#27;[35m[W3C (01c2d6d9)]&amp#27;[39m Responding to client with driver.createSession() result: {"capabilities":{"platform":"LINUX","webStorageEnabled":false,"takesScreenshot":true,"javascriptEnabled":true,"databaseEnabled":false,"networkConnectionEnabled":true,"locationContextEnabled":false,"warnings":{},"desired":{"platformName":"android","chromeDriverPort":11000,"app":"C:\\Users\\david.velezs\\Documents\\PerfCursos\\appium\\APPIUM_CUCUMBER\\appium-cucumberbdd-testng-master\\src\\test\\resources\\apps\\Android.SauceLabs.Mobile.Sample.app.2.2.1.apk","appActivity":"com.swaglabsmobileapp.SplashActivity","appPackage":"com.swaglabsmobileapp","automationName":"UiAutomator2","deviceName":"pixel_c","systemPort":10000,"udid":"emulator-5554"},"platformName":"android","chromeDriverPort":11000,"app":"C:\\Users\\david.velezs\\Documents\\PerfCursos\\appium\\APPIUM_CUCUMBER\\appium-cucumberbdd-testng-master\\src\\test\\resources\\apps\\Android.SauceLabs.Mobile.Sample.app.2.2.1.apk","appActivity":"com.swaglabsmobileapp.SplashActivity","appPackage":"com.swaglabsmobileapp","automationName":"UiAutomator2","deviceName...
&amp#27;[35m[HTTP]&amp#27;[39m &amp#27;[37m<-- POST /wd/hub/session &amp#27;[39m&amp#27;[32m200&amp#27;[39m &amp#27;[90m9824 ms - 1434&amp#27;[39m
&amp#27;[35m[HTTP]&amp#27;[39m &amp#27;[90m&amp#27;[39m
[INFO ] 2022-10-25 11:00:00.258 com.qa.utils.DriverManager:40 - Driver is initialized


@test
@test
Scenario Outline: Login with invalid user name                                                        # src/test/resources/Login.feature:11
Scenario Outline: Login with invalid user name                                                        # src/test/resources/Login.feature:11
&amp#27;[35m[HTTP]&amp#27;[39m &amp#27;[37m-->&amp#27;[39m &amp#27;[37mPOST&amp#27;[&amp#27;[3395mm [&amp#27;H[T3T7Pm]/&amp#27;w[d3/9hmu b&amp#27;/[s3e7sms-i-o>n&amp#27;/[0319cm2 d&amp#27;6[d397-mbP4OfSdT&amp#27;-[4379m1c-9bb0-21a 6&amp#27;d[13b74m6/3wd0/eh/uabp/psiesusmi/osnt/a2rcat1_6r3edc9-obrddeifn-g4_dsbcbr-e98ebnb&amp#27;-[9389emc6
786a963/appium/start_&amp#27;[r35me[cHoTrdTiPn]g&amp#27;_s[c3r9eme n&amp#27;&amp#27;[[399m0
m{}&amp#27;[39m
&amp#27;[35m[HTTP]&amp#27;[39m &amp#27;[90m{}&amp#27;[39m
[d[ebugd]e b&amp#27;[u3g5]m[ W&amp#27;3[C3 5(m0[1Wc32Cd 6(d29c)a]1&amp#27;6[33d99m) ]C&amp#27;a[l3l9mi nCga lAlpipnig uAmpDpriuimvDerri.vesrt.asrttaRretcRoercdoirngScreen() with args: d[innuglSlc,"r0e1ecn2(d)6 dw9i-th argsb:4 f[nudll,"2-c4a17613cd-99b-bb0d-e2f1-a46ddb1bb-49683b0be-"9]8e
c6786a963"]
[debug] &amp#27;[35m[ADB]&amp#27;[39m Getting IDs of all 'screenrecord' processes
[debug] &amp#27;[35m[ADB]&amp#27;[39m Getting IDs of all 'screenrecord' processes
[debug] &amp#27;[35m[ADB]&amp#27;[39m Running 'C:\Users\david.velezs\AppData\Local\Android\Sdk\[pdleabtufgo]r m&amp#27;-[t3o5oml[sA\DaBd]b&amp#27;.[e3x9em  -RPu n5n0in3g7  '-Cs: \eUsersm\udlaavtiodr-5554 shell.v eplgerzes\pA p-pfD a\t(a\\[L\o[c:al\Andbroidl\Sadnk\kp:l\at]f\o]r\m|-\t^o\o)lss\cardeenbr.eecxeo r-dP\ (5\0[3\7[ :-bsl aenmku:\l]a\t]o\r|-\5$5\)'5
6 shell pgrep -f \(\[\[:blank:\]\]\|\^\)screenrecord\(\[\[:blank:\]\]\|\$\)'
&amp#27;[35m[AndroidDriver]&amp#27;[39m Screen recording has not been previously started by Appium. There is nothing to stop
[debug] &amp#27;[35m[ADB]&amp#27;[39m Getting IDs of all 'screenrecord' processes
[debug] &amp#27;[35m[ADB]&amp#27;[39m Running 'C:\Users\david.velezs\AppData\Local\Android\Sdk\platform-tools\adb.exe -P 5037 -s emulator-5556 shell pgrep -f \(\[\[:blank:\]\]\|\^\)screenrecord\(\[\[:blank:\]\]\|\$\)'
&amp#27;[35m[AndroidDriver]&amp#27;[39m Screen recording has not been previously started by Appium. There is nothing to stop
[debug] &amp#27;[35m[ADB]&amp#27;[39m Getting IDs of all 'screenrecord' processes
[debug] &amp#27;[35m[ADB]&amp#27;[39m Running 'C:\Users\david.velezs\AppData\Local\Android\Sdk\platform-tools\adb.exe -P 5037 -s emulator-5554 shell pgrep -f \(\[\[:blank:\]\]\|\^\)screenrecord\(\[\[:blank:\]\]\|\$\)'
[debug] &amp#27;[35m[ADB]&amp#27;[39m Building screenrecord process with the command line: adb -P 5037 -s emulator-5556 shell screenrecord --time-limit 180 /sdcard/49a41e6a.mp4
[debug] &amp#27;[35m[ADB]&amp#27;[39m Building screenrecord process with the command line: adb -P 5037 -s emulator-5554 shell screenrecord --time-limit 180 /sdcard/7beaa604.mp4
[debug] &amp#27;[35m[ADB]&amp#27;[39m Running 'C:\Users\david.velezs\AppData\Local\Android\Sdk\platform-tools\adb.exe -P 5037 -s emulator-5556 shell "[ -e '/sdcard/49a41e6a.mp4' ] && echo __PASS__"'
[debug] &amp#27;[35m[ADB]&amp#27;[39m Running 'C:\Users\david.velezs\AppData\Local\Android\Sdk\platform-tools\adb.exe -P 5037 -s emulator-5554 shell "[ -e '/sdcard/7beaa604.mp4' ] && echo __PASS__"'
[debug] &amp#27;[35m[ADB]&amp#27;[39m Running 'C:\Users\david.velezs\AppData\Local\Android\Sdk\platform-tools\adb.exe -P 5037 -s emulator-5556 shell "[ -e '/sdcard/49a41e6a.mp4' ] && echo __PASS__"'
[debug] &amp#27;[35m[ADB]&amp#27;[39m Running 'C:\Users\david.velezs\AppData\Local\Android\Sdk\platform-tools\adb.exe -P 5037 -s emulator-5554 shell "[ -e '/sdcard/7beaa604.mp4' ] && echo __PASS__"'
[debug] &amp#27;[35m[W3C (01c2d6d9)]&amp#27;[39m Responding to client with driver.startRecordingScreen() result: ""
&amp#27;[35m[HTTP]&amp#27;[39m &amp#27;[37m<-- POST /wd/hub/session/01c2d6d9-b4fd-471c-9bb0-21a6d1b4630e/appium/start_recording_screen &amp#27;[39m&amp#27;[32m200&amp#27;[39m &amp#27;[90m741 ms - 12&amp#27;[39m
&amp#27;[35m[HTTP]&amp#27;[39m &amp#27;[90m&amp#27;[39m
[debug] &amp#27;[35m[W3C (2ca163d9)]&amp#27;[39m Responding to client with driver.startRecordingScreen() result: ""
&amp#27;[35m[HTTP]&amp#27;[39m &amp#27;[37m<-- POST /wd/hub/session/2ca163d9-bdef-4dbb-98bb-98ec6786a963/appium/start_recording_screen &amp#27;[39m&amp#27;[32m200&amp#27;[39m &amp#27;[90m762 ms - 12&amp#27;[39m
&amp#27;[35m[HTTP]&amp#27;[39m &amp#27;[90m&amp#27;[39m
&amp#27;[35m[HTTP]&amp#27;[39m &amp#27;[37m-->&amp#27;[39m &amp#27;[37mGET&amp#27;[39m &amp#27;[37m/wd/hub/session/01c2d6d9-b4fd-471c-9bb0-21a6d1b4630e/context&amp#27;[35m[HT&amp#27;TP[]3&amp#27;9[3m9m
 &amp#27;[37m-->&amp#27;[39m &amp#27;[37mGET&amp#27;[39m &amp#27;[37m/wd/hub/session/&amp#27;2c[a16335d9m-[bdHeTfT-P4]&amp#27;[3d9bbm- 9&amp#27;8[bb9-098me{c}&amp#27;[39m67
86a963/context&amp#27;[39m
&amp#27;[35m[HTTP]&amp#27;[39m &amp#27;[90m{}&amp#27;[39m
[debug] &amp#27;[35m[W3C (01c2d6d9)]&amp#27;[39m Calling AppiumDriver.getCurrentContext() with args: ["01c2d6d9-b4fd-471c-9bb0-21a6d1b4630e"]
[debug] &amp#27;[35m[W3C (01c2d6d9)]&amp#27;[39m Responding to client with driver.getCurrentContext() result: "NATIVE_APP"
[debug] &amp#27;[35m[W3C (2ca163d9)]&amp#27;[39m Calling AppiumDriver.getCurrentContext() with args: ["2ca163d9-bdef-4dbb-98bb-98ec6786a963"]
&amp#27;[35m[HTTP]&amp#27;[39m &amp#27;[37m<-- GET /wd/hub/session/01c2d6d9-b4fd-471c-9bb0-21a6d1b4630e/context &amp#27;[39m&amp#27;[32m200&amp#27;[39m &amp#27;[90m9 ms - 22&amp#27;[39m
&amp#27;[35m[HTTP]&amp#27;[39m &amp#27;[90m&amp#27;[39m
[debug] &amp#27;[35m[W3C (2ca163d9)]&amp#27;[39m Responding to client with driver.getCurrentContext() result: "NATIVE_APP"
&amp#27;[35m[HTTP]&amp#27;[39m &amp#27;[37m<-- GET /wd/hub/session/2ca163d9-bdef-4dbb-98bb-98ec6786a963/context &amp#27;[39m&amp#27;[32m200&amp#27;[39m &amp#27;[90m12 ms - 22&amp#27;[39m
&amp#27;[35m[HTTP]&amp#27;[39m &amp#27;[90m&amp#27;[39m
&amp#27;&amp#27;[[3355mm[[HHTTTTPP]]&amp#27;&amp#27;[[339m9 m&amp#27; &amp#27;[37[m3--7>m&amp#27;-[-3>9&amp#27;m[ 3&amp#27;9[m3 7&amp#27;m[37mPOSPTO&amp#27;S[T39&amp#27;m[ 3&amp#27;9[m3 7&amp#27;m/[w3d/7hmu/bw/sde/sshiuobn//2scae1s6s3id9o-nbd/e0f-14cdb2bd-698db9b--9b84ecf6d7-864a79163c/-e9lebmben0t-&amp#27;[2319am6
d1b4630e/elem&amp#27;e[n35tm&amp#27;[[H3T9TmP]
&amp#27;[39m &amp#27;[90m{&amp#27;"[us3i5ngm"[:H"TacTcPes]s&amp#27;i[bi3l9itmy  &amp#27;i[d"9,0"mv{a"luusei"n:g""t:e"sta-cUcessesrinbaimlei"t}y&amp#27; [i3d9"m,"
value":"test-Username"}&amp#27;[39m
[deb[udge]b u&amp#27;g[]3 5&amp#27;m[[35Wm3[CW3 C( 2(0c1ac21d66d39)d]9&amp#27;)[3]9&amp#27;m [C3a9llmi ngC aAlppliuimnDrgiv eAr.pfipnidEulemmeDntr(i) vwith er.fianrgdsE: l["eamcceensstib(il)it yw iid"t,h"t esat-rUgsesr:na me["","a0c1cc2de6ds9-sb4ifbdi-4l71ic-t9byb0 -i21da"6d,1b"4tes6t3-0Ues"e]rn
ame","2ca163d9-bdef-4dbb-98bb-98ec6786a963"]
[[ddeebbuugg]] &amp#27; [&amp#27;3[535mm[[BBasaeDsreivDerr]i&amp#27;v[e39rm] Val&amp#27;id lo[ca3t9orm  stVraalteigdies for this  relqouecsat:t oxpra ths,t rida,t ecgliaesss  nfaomre,  tahcicse srseibqiuleistty:  ixd,p actshs ,s eilde,c tocrl,a ss -naanmder,o iadc cueisasuitboimlaitotry 
id, css selector, -android uiautomator
[[ddeebbug] &amp#27;[3u5gm[]B a&amp#27;s[e3D5rmi[vBears]e&amp#27;D[r3i9vme rW]a&amp#27;i[t3i9nmg  Wuap ittoi n0g  musp  ftoor  0c omnsd iftoiro nco
ndition
[deb[udge]b u&amp#27;g[]3 5&amp#27;m[[3W5Dm[ WPD rPoroxxyy]]&amp#27;&amp#27;[[3399mm  MMatchaetdc h'e/ed '/element' to command name 'findElement'
lement' to command[debug]  &amp#27;n[a3m5em ['WfDi nPdrEolxeym]e&amp#27;n[t3'9m 
Proxying [POST /element] to [POST http:[de/b/u1g27].0.0.1:10001/wd/hub/session/ac0c3 51a&amp#27;-5[c3275-4m60[b-W99D1b -P3rf2o2x9y9]09&amp#27;2[a3079/mel ePmernotx] ywiithn gbo dy[:P O{S"Ts t/realteemgeyn"t:]" atcoc e[sPsOibSiTl ihttyt p://12i7d."0,."0s.e1l:e1c0t0o0r0"/:w"dt/eshtu-bU/sseersnsaime",o"nc/ofn1t5e2x6t"6:"a",c"-mu2lt1ifplee-":4f7al1sed}-
91f8-a6b5eb0ccbdb/element] with body: {"strategy":"accessibility id","selector":"test-Username","context":"","multiple":false}
[debug] &amp#27;[35m[WD Proxy]&amp#27;[39m Got response with status 200: {"sessionId":"f15266ac-21fe-471d-91f8-a6b5eb0ccbdb","value":{"ELEMENT":"00000000-0000-001d-ffff-ffff00000025","element-6066-11e4-a52e-4f735466cecf":"00000000-0000-001d-ffff-ffff00000025"}}
[debug] &amp#27;[35m[W3C (01c2d6d9)]&amp#27;[39m Responding to client with driver.findElement() result: {"element-6066-11e4-a52e-4f735466cecf":"00000000-0000-001d-ffff-ffff00000025","ELEMENT":"00000000-0000-001d-ffff-ffff00000025"}
&amp#27;[35m[HTTP]&amp#27;[39m &amp#27;[37m<-- POST /wd/hub/session/01c2d6d9-b4fd-471c-9bb0-21a6d1b4630e/element &amp#27;[39m&amp#27;[32m200&amp#27;[39m &amp#27;[90m58 ms - 137&amp#27;[39m
&amp#27;[35m[HTTP]&amp#27;[39m &amp#27;[90m&amp#27;[39m
[debug] &amp#27;[35m[WD Proxy]&amp#27;[39m Got response with status 200: {"sessionId":"ac0c351a-5c27-460b-991b-3f2299092a07","value":{"ELEMENT":"00000000-0000-0023-ffff-ffff00000025","element-6066-11e4-a52e-4f735466cecf":"00000000-0000-0023-ffff-ffff00000025"}}
[debug] &amp#27;[35m[W3C (2ca163d9)]&amp#27;[39m Responding to client with driver.findElement() result: {"element-6066-11e4-a52e-4f735466cecf":"00000000-0000-0023-ffff-ffff00000025","ELEMENT":"00000000-0000-0023-ffff-ffff00000025"}
&amp#27;[35m[HTTP]&amp#27;[39m &amp#27;[37m<-- POST /wd/hub/session/2ca163d9-bdef-4dbb-98bb-98ec6786a963/element &amp#27;[39m&amp#27;[32m200&amp#27;[39m &amp#27;[90m61 ms - 137&amp#27;[39m
&amp#27;[35m[HTTP]&amp#27;[39m &amp#27;[90m&amp#27;[39m
&amp#27;[35m[HTTP]&amp#27;[39m &amp#27;[37m-->&amp#27;[39m &amp#27;[37mGET&amp#27;[39m &amp#27;[37m/wd/hub/session/01c2d6d9-b4fd-471c-9bb0-21a6d1b4630e/element/00000000-0000-001d-ffff-ffff00000025/displayed&amp#27;[39m
&amp#27;[35m[HTTP]&amp#27;[39m &amp#27;[90m{}&amp#27;[39m
&amp#27;[35m[HTTP]&amp#27;[39m &amp#27;[37m-->&amp#27;[39m &amp#27;[37mGET&amp#27;[39m &amp#27;[37m/wd/hub/session/2ca163d9-bdef-4dbb-98bb-98ec6786a963/element/00000000-0000-0023-ffff-ffff00000025/displayed&amp#27;[39m
&amp#27;[35m[HTTP]&amp#27;[39m &amp#27;[90m{}&amp#27;[39m
[debug] &amp#27;[35m[W3C (01c2d6d9)]&amp#27;[39m Calling AppiumDriver.elementDisplayed() with args: ["00000000-0000-001d-ffff-ffff00000025","01c2d6d9-b4fd-471c-9bb0-21a6d1b4630e"]
[debug] &amp#27;[35m[W3C (2ca163d9)]&amp#27;[39m Calling AppiumDriver.elementDisplayed() with args: ["00000000-0000-0023-ffff-ffff00000025","2ca163d9-bdef-4dbb-98bb-98ec6786a963"]
[debug] &amp#27;[35m[WD Proxy]&amp#27;[39m Matched '/element/00000000-0000-001d-ffff-ffff00000025/attribute/displayed' to command name 'getAttribute'
[debug] &amp#27;[35m[WD Proxy]&amp#27;[39m Proxying [GET /element/00000000-0000-001d-ffff-ffff0[debug] &amp#27;[35m[WD Proxy]&amp#27;[39m Matched '/element/000000000-00000-000230-ff0ff-2ff5f/fatt00r00i00b2u5/attteri/budtei/dsispplalyead'y teo dco]mm antd onam e ['GgeEtAT thtrtibtupte:'/
/127.0[.de0bu.g] 1&amp#27;[35m[W:D P1r0ox0y]&amp#27;0[309m/ Pwrodxy/ihub/session/f15266ac-2n1g f[eGE-T 4/e7lem1endt/-0090010f008-0a-60b0050-e00b230-ffcff-cffbff0d0b00/0e02l5e/maetnttr/i0bu0t0e0/0d0is0p0la-ye0d000]- to0 [0GE1T hdttp-:/f/12f7.0f.0f.-1:f10f0f01f/w0d/h0ub/0ses0si0on0/2a5c0/ca35t1at-5rc27i-46b0b-u9t91eb-/3fd2i29s9092ap07l/elaemyenet/d00]00 0w0i0t0h- 00n0o0- 00b23o-dfffyf-f
fff00000025/attribute/displayed] with no body
[debug] &amp#27;[35m[WD Proxy]&amp#27;[39m Got response with status 200: {"sessionId":"f15266ac-21fe-471d-91f8-a6b5eb0ccbdb","value":"true"}
[debug] &amp#27;[35m[W3C (01c2d6d9)]&amp#27;[39m Responding to client with driver.elementDisplayed() result: true
[debug] &amp#27;[35m[WD Proxy]&amp#27;[39m Got response with status 200: {"sessionId":"ac0c351a-5c27-460b-991b-3f2299092a07","value":"true"}
[debug] &amp#27;[35m[W3C (2ca163d9)]&amp#27;[39m Responding to client with driver.elementDisplayed() result: true
&amp#27;[35m[HTTP]&amp#27;[39m &amp#27;[37m<-- GET /wd/hub/session/01c2d6d9-b4fd-471c-9bb0-21a6d1b4630e/element/00000000-0000-001d-ffff-ffff00000025/displayed &amp#27;[39m&amp#27;[32m200&amp#27;[39m &amp#27;[90m22 ms - 14&amp#27;[39m
&amp#27;[35m[HTTP]&amp#27;[39m &amp#27;[90m&amp#27;[39m
&amp#27;[35m[HTTP]&amp#27;[39m &amp#27;[37m<-- GET /wd/hub/session/2ca163d9-bdef-4dbb-98bb-98ec6786a963/element/00000000-0000-0023-ffff-ffff00000025/displayed &amp#27;[39m&amp#27;[32m200&amp#27;[39m &amp#27;[90m22 ms - 14&amp#27;[39m
&amp#27;[35m[HTTP]&amp#27;[39m &amp#27;[90m&amp#27;[39m
&amp#27;[35m[HTTP]&amp#27;[39m &amp#27;[37m-->&amp#27;[39m &amp#27;[37mGET&amp#27;[39m &amp#27;[37m/wd/hub/session/2ca163d9-bdef-4dbb-98bb-98ec6786a963/context&amp#27;[39m
&amp#27;[35m[HTTP]&amp#27;[39m &amp#27;[37m-->&amp#27;[39m &amp#27;&amp#27;[[3357mm[HGTETPT]&amp#27;&amp#27;[[339m9 m&amp#27;[ 9&amp#27;0[m3{}7&amp#27;m[3/9wmd
/hub/session/01c2d6d9-b4fd-471c-9bb0-21a6d1b4630e/context&amp#27;[39m
&amp#27;[35m[HTTP]&amp#27;[39m &amp#27;[90m{}&amp#27;[39m
[debug] &amp#27;[35m[W3C (2ca163d9)]&amp#27;[39m Calling AppiumDriver.getCurrentContext() with args: ["2ca163d9-bdef-4dbb-98bb-98ec6786a963"]
[debug] &amp#27;[35m[W3C (01c2d6d9)]&amp#27;[39m Calling AppiumDriver.getCurrentContext() with args: ["01c2d6d9-b4fd-471c-9bb0-21a6d1b4630e"]
[debug] &amp#27;[35m[W3C (2ca163d9)]&amp#27;[39m Responding to client with driver[.dgeebtuCugr]r e&amp#27;n[t3C5onmt[exWt3(C)  (r0e1sc2udl6td:9) ]"&amp#27;N[3A9TmI VREes_pAoPndPi"ng 
to client with driver.getCurrentContext() result: "NATIVE_APP"
&amp#27;[&amp#27;35[m3[H5TmT[PH]T&amp#27;T[P]3&amp#27;9[3m9 m&amp#27; &amp#27;[[3377mm<<----  GGEETT  //wdwd//hhuubb//sseesssisoino/n2c/a01613cd92-dbd6de9f--b44dfbbd--9487b1bc--998bebc0-21a667d816ba4966330/e/ccoonntteexxtt  &amp#27;&amp#27;[[339m9&amp#27;m[&amp#27;[32m2320m020&amp#27;0[&amp#27;39[m3 9&amp#27;m[ 9&amp#27;0m[29 0mms2  -m s2 2&amp#27;-[ 3292m&amp#27;[
39m
&amp#27;&amp#27;[[3355mm[[HHTTTTPP]]&amp#27;&amp#27;[[3399mm  &amp#27;&amp#27;[[990m&amp#27;[39m
0m&amp#27;[39m
&amp#27;[35m[HTTP]&amp#27;[39m&amp#27; [&amp#27;3[53m7[mH-T-T>P&amp#27;][&amp#27;39[m3 9&amp#27;m[ 3&amp#27;7[m3P7mO-S-T>&amp#27;&amp#27;[[3399mm  &amp#27;&amp#27;[[3377mmP/OSwTd&amp#27;/[h3ub9/m &amp#27;[s3e7sms/iwodn//h2uca163db9/-sbedsesfi-o4nd/b0b-19c82bdb6-d998-ecb6748f6ad9-634/7el1ecme-n9t&amp#27;b[b309-m21
a6d1b4630e/element&amp#27;&amp#27;[[3395mm[
HTTP]&amp#27;[39m &amp#27;[90m{"using":"a&amp#27;c[c3e5smsi[bHiTlTiPt]y&amp#27; [i3d9"m," v&amp#27;a[lu9e"0:m"{t"usinegs"t:-"Uascercneasmsei"b}i&amp#27;l[i3t9ym i
d","value":"test-Username"}&amp#27;[39m
[deb[udge]b ug&amp#27;][ 3&amp#27;[53m5[mW[W33C C(2c a1(630d91)c]2&amp#27;d[639dm9 )C]al&amp#27;l[i3ng9 mA pCpailulmiDnrgi veArp.fpiniduElmeDmernitv(e)r w.iftih nadrEgls:e m[e"anctc(es)s iwbiitlhi tayr igs: ["acd"c,e"stseistb-iUselrintayme "i,d""2,c"a1t6e3d9s-tb-dUesf-e4rdnbabm-e9"8,b"b0-918ce2cd667d896-ab946f3d"-]4
71c-9bb0-21a6d1b4630e"]
[d[ebdueg]b u&amp#27;g[3]5m [&amp#27;Ba[s3eD5rmiver]&amp#27;[39[m VaBliad lsocateor sDtrartiever]&amp#27;[g3i9ems  Vafolri dth ilso craetqoure sstt:r axtpeagtihe,s  ifd,o rclas st hnias mree,q uaecstc:e sxpsaitbh,i liid,t yc liads,s  cnsasm es,e laecccetsosri,bi l-iatyn dirdo,i cds su siealuecttoomra, t-oarnd
roid uiautomator
[debug] &amp#27;[35m[B[adseebDug] &amp#27;[r3i5mv[eBras]e&amp#27;D[r3iv9emr] W&amp#27;a[3i9tm iWanigti nug pu p ttoo 0  0ms  mfosr  cfonodrit iocno
ndition
[d[edbebuugg]]  &amp#27;&amp#27;[[3355mm[[WWDD  PPrrooxyx]y&amp#27;][&amp#27;3[93m9 mMa tMcahtecdh e'/de l'e/meelnet'm etnot 'c otmom acnod mnmaamne d' fniandmEel e'mefnitn'dElem
ent'
[deb[udge]b u&amp#27;g[]3 5&amp#27;m[3[5WmD[ WPDr oPrxoyx]y&amp#27;][&amp#27;3[939mm  PPrrooxyxiynign [gP OS[TP O/eSlTem e/net]l etmoe n[tP]O StT oh t[tPpO:S/T/1 2h7.t0t.p0:./1/:1120700.00/.w0d./1h:u1b0/s0es0s1i/onw/fd1/5h2u66ba/c-s2ession/1afec-047c13d5-911af8--5ac62b57e-b40c6cbdb0/ebl-em9e9n1t]b -wi3ft2h2 b9od9y0:9 {2"ast0ra7t/eegyl"e:"macecnests]ib iwliittyh i db",o"sdeyle:c t{or""s:t"treastte-Ugseyr"na:"mea",c"cceosnsteixbti"l:"i",t"y imdu"lt,i"plsee"l:feacltsoe}r
":"test-Username","context":"","multiple":false}
[debug] &amp#27;[35m[WD Proxy]&amp#27;[39m Got response with status 200: {"sessionId":"ac0c351a-5c27-460b-991b-3f2299092a07","value":{"ELEMENT":"00000000-0000-0023-ffff-ffff00000025","element-6066-11e4-a52e-4f735466cecf":"00000000-0000-0023-ffff-ffff00000025"}}
[debug] &amp#27;[35m[W3C (2ca163d9)]&amp#27;[39m Responding to client with driver.findElement() result: {"element-6066-11e4-a52e-4f735466cecf":"00000000-0000-0023-ffff-ffff00000025","ELEMENT":"00000000-0000-0023-ffff-ffff00000025"}
&amp#27;[35m[HTTP]&amp#27;[39m &amp#27;[37m<-- POST /wd/hub/session/2ca163d9-bdef-4dbb-98bb-98ec6786a963/element &amp#27;[39m&amp#27;[32m200&amp#27;[39m &amp#27;[90m31 ms - 137&amp#27;[39m
&amp#27;[35m[HTTP]&amp#27;[39m &amp#27;[90m&amp#27;[39m
[debug] &amp#27;[35m[WD Proxy]&amp#27;[39m Got response with status 200: {"sessionId":"f15266ac-21fe-471d-91f8-a6b5eb0ccbdb","value":{"ELEMENT":"00000000-0000-001d-ffff-ffff00000025","element-6066-11e4-a52e-4f735466cecf":"00000000-0000-001d-ffff-ffff00000025"}}
[debug] &amp#27;[35m[W3C (01c2d6d9)]&amp#27;[39m Responding to client with driver.findElement() result: {"element-6066-11e4-a52e-4f735466cecf":"00000000-0000-001d-ffff-ffff00000025","ELEMENT":"00000000-0000-001d-ffff-ffff00000025"}
&amp#27;[35m[HTTP]&amp#27;[39m &amp#27;[37m<-- POST /wd/hub/session/01c2d6d9-b4fd-471c-9bb0-21a6d1b4630e/element &amp#27;[39m&amp#27;[32m200&amp#27;[39m &amp#27;[90m36 ms - 137&amp#27;[39m
&amp#27;[35m[HTTP]&amp#27;[39m &amp#27;[90m&amp#27;[39m
&amp#27;[35m[HTTP]&amp#27;[39m &amp#27;[37m-->&amp#27;&amp#27;[[3359mm[H T&amp#27;TP[]3&amp#27;[73m9mP &amp#27;O[S37Tm&amp#27;--[>3&amp#27;[93m9 m &amp#27;&amp#27;[[3377mPmO/STw&amp#27;d[3/9hm u&amp#27;b[3/7sm/ewds/shub/ion/s2ceas1si6o3nd/901-cb2dde6df9--4bd4bfdb--49781bcb-9-b9b80e-c216a768d61ba4966303e//eelleemmeennt/t0/0000000000000-00000-00-00001d0--f0ff0f2-3ff-ffff00f0f0-00f2f5f/fcl0e0a0r0&amp#27;[03092m5
/clear&amp#27;[39m
&amp#27;[35m[HTTP]&amp#27;[39&amp#27;[35m[mH T&amp#27;[T9P0]m&amp#27;{"[i3d9"m:" 0&amp#27;0[00900000m-0{0"0i0d-0"0:1"d-0f0f0ff0-0f0f0f0f0-0000000002-50"0}&amp#27;2[33-f9fmf
f-ffff00000025"}&amp#27;[39m
[debug[]d e&amp#27;b[u3g5]m [&amp#27;W[33C5 m([0W13cC2 d(62dc9a)1]6&amp#27;3[d399)m] &amp#27;C[a3l9lmi nCga lAlpipnigu mADprpiivuemrD.rcilveear.clear() r(w)i twhi tahr gasr:g s[:" [0"00000000000000-00-000000-00-002031-df-ffffff-ff-ffffff0f00000000002052"5,"",2"c0a11c623dd69d-9b-dbe4ffd--44d7b1bc-9-89bbbb-09-82e1ca667d816ba4966330"e]"]

[debug] &amp#27;[35m[WD Proxy]&amp#27;[39m Matched '/element/00000000-0000-001d-ffff-ffff00000025/clear' to command name 'clear'
[debug] &amp#27;[35m[WD Pro[xyd]e&amp#27;b[u3g] &amp#27;9[m3 5Pmr[oWxDy iPnrgo x[yP]OST &amp#27;/el[ement/030090m0 0M0a0tc-h0e0d0 0'-/0e0l1edm-efnftf/f0-0f0f0f0f000000-000000205-/0c0l2e3a-rf]f ftfo- f[fPfOfS0T0 0ht0t0p0:2/5//c1l27e.a0r.'0 .t1o: 1c0o0m0m0a/nwdd /nahmueb /'scelsesairo'n
/f15266ac-21fe-471d-91f8-a6b5[edbe0bcucbgd]b /&amp#27;e[l3e5menmt[W/D0 0P0r0o0x00y0]-&amp#27;0[03090m-001d -Pfrfofxfy-fifnfg f[0P00O0S0T0 2/5e/lcelmeeanrt]/ 0w0i0t00h0 0b0o-d0y0:0 0{-"0e0l2e3-mfefnftfI-df"f:f"f000000000020050/0cl-e0a0r0]0- 0t0o1 d[-PfOfSTf fh-tftfpf:f/0/012070.000.205."1}:10
001/wd/hub/session/ac0c351a-5c27-460b-991b-3f2299092a07/element/00000000-0000-0023-ffff-ffff00000025/clear] with body: {"elementId":"00000000-0000-0023-ffff-ffff00000025"}
[debug] &amp#27;[35m[WD Proxy]&amp#27;[39m Got response with status 200: {"sessionId":"f15266ac-21fe-471d-91f8-a6b5eb0ccbdb","value":null}
[debug] &amp#27;[35m[W3C (01c2d6d9)]&amp#27;[39m Responding to client with driver.clear() result: null
&amp#27;[35m[HTTP]&amp#27;[39m &amp#27;[37m<-- POST /wd/hub/session/01c2d6d9-b4fd-471c-9bb0-21a6d1b4630e/element/00000000-0000-001d-ffff-ffff00000025/clear &amp#27;[39m&amp#27;[32m200&amp#27;[39m &amp#27;[90m22 ms - 14&amp#27;[39m
&amp#27;[35m[HTTP]&amp#27;[39m &amp#27;[90m&amp#27;[39m
[debug] &amp#27;[35m[WD Proxy]&amp#27;[39m Got response with status 200: {"sessionId":"ac0c351a-5c27-460b-991b-3f2299092a07","value":null}
[debug] &amp#27;[35m[W3C (2ca163d9)]&amp#27;[39m Responding to client with driver.clear() result: null
&amp#27;[35m[HTTP]&amp#27;[39m &amp#27;[37m-->&amp#27;[39m &amp#27;[37mGET&amp#27;[39m &amp#27;[37m/wd/hub/session/01c2d6d9-b4fd-471c-9bb0-21a6d1b4630e/context&amp#27;[39m
&amp#27;[35m[HTTP]&amp#27;[39m &amp#27;[90m{}&amp#27;[39m
[debug] &amp#27;[35m[W3C (01c2d6d9)]&amp#27;[39m Calling AppiumDriver.getCurrentContext() with args: ["01c2d6d9-b4fd-471c-9bb0-21a6d1b4630e"]
&amp#27;[35m[HTTP]&amp#27;[39m &amp#27;[37m<-- POST /wd/hub/session/2ca163d9-bdef-4dbb-98bb-98ec6786a963/element/00000000-0000-0023-ffff-ffff00000025/clear &amp#27;[39m&amp#27;[32m200&amp#27;[39m &amp#27;[90m27 ms - 14&amp#27;[39m
&amp#27;[35m[HTTP]&amp#27;[39m &amp#27;[9[d0embu&amp#27;g[] 3&amp#27;9[m35m
[W3C (01c2d6d9)]&amp#27;[39m Responding to client with driver.getCurrentContext() result: "NATIVE_APP"
&amp#27;[35m[HTTP]&amp#27;[39m &amp#27;[37m<-- GET /wd/hub/session/01c2d6d9-b4fd-471c-9bb0-21a6d1b4630e/context &amp#27;[39m&amp#27;[32m200&amp#27;[39m &amp#27;[90m2 ms - 22&amp#27;[39m
&amp#27;[35m[HTTP]&amp#27;[39m &amp#27;[90m&amp#27;[39m
&amp#27;[35m[HTTP]&amp#27;[39m &amp#27;[37m-->&amp#27;[39m &amp#27;[37mGET&amp#27;[39m &amp#27;[37m/wd/hub/session/2ca163d9-bdef-4dbb-98bb-98ec6786a963/context&amp#27;[39m
&amp#27;[35m[HTTP]&amp#27;[39m &amp#27;[90m{}&amp#27;[39m&amp#27;
[35m[HTTP]&amp#27;[39m &amp#27;[[3d7emb-u-g>]&amp#27; [&amp#27;3[93m5 m&amp#27;[[W337CmP O(S2Tc&amp#27;a[13693md 9&amp#27;)[]3&amp#27;7[m3/9wmd /Calling Apphiuubm/sDersisvieonr/.0g1ect2Cdu6rd9r-ebn4tfCdo-n47t1ecx-t9(b)b 0w-i2t1ha6 adr1gbs4: 6[3"02ec/a1e6l3edm9e-nbtde&amp#27;f[-349dmbb
-98bb-98ec6786a963"]
[&amp#27;d[e3b5umg][ &amp#27;H[T3T5Pm[]W&amp#27;3[C3 9(m2 ca&amp#27;1[6930dm9{)]"&amp#27;u[s3i9nmg R"e:s"poancdicnegs tsoi cbliilenit twyit hi ddr"iv,e"r.vgaeltCurureen"t:C"ontteexstt()- Urseseurltn:a m"e"}&amp#27;N[A3T9IVmE
_[AdPePb"ug
]&amp#27; [&amp#27;3[5m3[5HmT[TWP3]C&amp#27; [3(90m1 c&amp#27;2[3d76md<9--) ]GE&amp#27;T[ 3/w9dm/ huCba/lsleisnsigo nA/p2pciau16m3Ddr9i-vbedre.ff-in4ddEbbl-e9m8ebnbt-(9)8 ewci6t7h8 6aar9g6s3:/ c[o"natcecxets s&amp#27;i[39bmi&amp#27;[l3i2tmy2 0i0d&amp#27;"[,"te3st9-mU s&amp#27;e[r9n0amm3e "m,s" 0-1 2c22&amp#27;d[63d99m-b
4&amp#27;f[d3-54m7[1HcT-T9Pb]b&amp#27;0[-3291ma 6&amp#27;d[19b0m4&amp#27;6[3309em"]
&amp#27;
[[3d5emb[uHgT]T P&amp#27;][&amp#27;3[53m9[mB a&amp#27;s[e3D7rmi-v-e>r&amp#27;][&amp#27;3[93m9 m&amp#27; [V3a7lmiPdO SlTo&amp#27;c[a3t9om r&amp#27; [s3t7rma/wd/theugbi/esse sfsoiro thisn /r2ecqau1e6s3td:9 -xbpdaetfh-,4 dibdb,- 9c8lbabs-s9 8neacm6e7,8 6aac9c6e3s/seilbeimleintty&amp#27; [i3d9,m 
c&amp#27;s[s3 5sme[lHeTcTtPo]r&amp#27;,[ 3-9amn d&amp#27;r[o90imd{" uusiinagu":t"oacmcaetssoirbil
i[tyd eidb"u,g"v]a l&amp#27;ue["35m[B:"test-UsaseDriver]&amp#27;[er3n9amme" }W&amp#27;a[3i9tmin
g[ duepb utgo]  &amp#27;0[ 3m5sm [fWo3rC  c(o2ncdai1t6i3odn9)
][&amp#27;d[e3b9umg C]a l&amp#27;l[i3n5g mA[pWpDi uPmrDorxiyve]r.&amp#27;f[i3n9dmE lMeamtencth(e)d  w'i/tehl eamregnst:'  [t"oa cccoemsmsainbdi lnitaym ei d'"f,i"tnedElesmte-nUts'er
n[amdee"b,u"g2]c a&amp#27;1[6335dm9[-WbDd ePfr-o4xdyb]b&amp#27;-[9389bmb -P9r8eocx6y7i8n6ga 9[6P3O"S]T 
/[edleebmuegn]t ]&amp#27;[ 3t5om [[BPaOsSeTD rhitvtepr]:&amp#27;/[/3192m7 .V0a.l0i.d1 :l1o0c0a0t0o/rw ds/thruabt/egsieesss ifoonr/ ft1h5i2s 66acr-e2q1ufees-t4:7 x1pda-t91hf, 8i-da,6 bc5leabs0sc cnbadmeb,/ ealcecmeesnsti]b iwliitthy  biodd,y :c s{s" ssterlaetcetgoyr," :-"aancdcreosisdi buiilauittoym aitdo"r,"
s[edleebcutgo]r "&amp#27;:["3t5ems[tB-aUsseeDrrniavmeer"],&amp#27;"[3c9omn tWeaxti":t"i"ng, "umpu ltot i0p lmes" :ffoarl sceo}nd
ition
[debug] &amp#27;[35m[WD Proxy]&amp#27;[39m Matched '/element' to command name 'findElement'
[debug] &amp#27;[35m[WD Proxy]&amp#27;[39m Proxying [POST /element] to [POST http://127.0.0.1:10001/wd/hub/session/ac0c351a-5c27-460b-991b-3f2299092a07/element] with body: {"strategy":"accessibility id","selector":"test-Username","context":"","multiple":false}
[debug] &amp#27;[35m[WD Proxy]&amp#27;[39m Got response with status 200: {"sessionId":"f15266ac-21fe-471d-91f8-a6b5eb0ccbdb","value":{"ELEMENT":"00000000-0000-001d-ffff-ffff00000025","element-6066-11e4-a52e-4f735466cecf":"00000000-0000-001d-ffff-ffff00000025"}}
[debug] &amp#27;[35m[W3C (01c2d6d9)]&amp#27;[39m Responding to client with driver.findElement() result: {"element-6066-11e4-a52e-4f735466cecf":"00000000-0000-001d-ffff-ffff00000025","ELEMENT":"00000000-0000-001d-ffff-ffff00000025"}
[debug] &amp#27;[35m[WD Proxy]&amp#27;[39m Got response with status 200: {"sessionId":"ac0c351a-5c27-460b-991b-3f2299092a07","value":{"ELEMENT":"00000000-0000-0023-ffff-ffff00000025","element-6066-11e4-a52e-4f735466cecf":"00000000-0000-0023-ffff-ffff00000025"}}
&amp#27;[35m[HTTP]&amp#27;[39m &amp#27;[37m<-- POST /wd/hub/session/01c2d6d9-b4fd-471c-9bb0-21a6d1b4630e/element &amp#27;[39m&amp#27;[32m200&amp#27;[39m &amp#27;[90m519 ms - 137&amp#27;[39m
&amp#27;[35m[HTTP]&amp#27;[39m &amp#27;[90m&amp#27;[39m
[debug] &amp#27;[35m[W3C (2ca163d9)]&amp#27;[39m Responding to client with driver.findElement() result: {"element-6066-11e4-a52e-4f735466cecf":"00000000-0000-0023-ffff-ffff00000025","ELEMENT":"00000000-0000-0023-ffff-ffff00000025"}
&amp#27;[35m[HTTP]&amp#27;[39m &amp#27;[37m<-- POST /wd/hub/session/2ca163d9-bdef-4dbb-98bb-98ec6786a963/element &amp#27;[39m&amp#27;[32m200&amp#27;[39m &amp#27;[90m521 ms - 137&amp#27;[39m
&amp#27;[35m[HTTP]&amp#27;[39m &amp#27;[90m&amp#27;[39m
&amp#27;[35m[HTTP]&amp#27;[39m &amp#27;[37m-->&amp#27;[39m &amp#27;[37mGET&amp#27;[39m &amp#27;[37m/wd/hub/session/01c2d6d9-b4fd-471c-9bb0-21a6d1b4630e/element/00000000-0000-001d-ffff-ffff00000025/displayed&amp#27;[39m
&amp#27;[35m[HTTP]&amp#27;[39m &amp#27;[90m{}&amp#27;[39m
[debug] &amp#27;[35m[W3C (01c2d6d9)]&amp#27;[39m Calling AppiumDriver.elementDisplayed() with&amp#27; ar[gs3: 5["m00[0HTTP]&amp#27;0[003090-m00 0&amp#27;0-[0013d7-mff-f-f->f&amp#27;f[ff30900m0 0&amp#27;02[53",7"m01GcE2dT6&amp#27;d9[-b349fdm- 4&amp#27;7[13c-79mbb/0w-d2/1ah6udb1b/4s6e30ses"i]o
n/2ca163d9-bdef-4dbb-98bb-98ec6786a963/element/00000000-0000-0023-ffff-ffff00000025/displayed&amp#27;[39m
&amp#27;[35m[HTTP]&amp#27;[39m &amp#27;[90m{}&amp#27;[39m
[debug] &amp#27;[35m[WD Proxy]&amp#27;[39m Matched '/element/00000000-0000-001d-ffff-ffff00000025/a[tdtreibbuutge]/ d&amp#27;i[s3pl5amy[edW'3 tCo  c(o2mmcaand1 6na3mde9 )'g]e&amp#27;t[A3t9trimb uCtael'li
ng AppiumDriver.elementDisplayed() with args: ["00000000-0000-0023-ffff-ffff00000025","2ca163d9-bdef-4dbb-98bb-98ec6786a963"]
[debug] &amp#27;[35m[WD Proxy]&amp#27;[39m Proxying [GET /element/00000000-0000-001d-ffff-ffff00000025/attribute/displayed] to [GET http://127.0.0.1:10000/wd/hub/session/f15266ac-21fe-471d-91f8-a6b5eb0ccbdb/el[deebug] m&amp#27;[35em[WnD Prtoxy]/&amp#27;[390m Matc0hed0 '/e0leme0nt/0000000000-00000--000203-f0fff-0fff-f0000000250/att1ribdute/d-isplfayed' fto cofmmandf nam-e 'gfetAtftribufte'f
0000[d0ebug0] &amp#27;2[35m5[WD /Proxay]&amp#27;[t39m Ptroxyringi [GbET ut/elemeent//000d0000i0-0s000-p0023-flfffa-ffffy0000e0025/dattr]ibu te/wdiitshp lnaoy beodd]y 
to [GET http://127.0.0.1:10001/wd/hub/session/ac0c351a-5c27-460b-991b-3f2299092a07/element/00000000-0000-0023-ffff-ffff00000025/attribute/displayed] with no body
[debug] &amp#27;[35m[WD Proxy]&amp#27;[39m Got response with status 200: {"sessionId":"ac0c351a-5c27-460b-991b-3f2299092a07","value":"true"}
[debug] &amp#27;[35m[W3C (2ca163d9)]&amp#27;[39m Responding to client with driver.elementDisplayed() result: true
&amp#27;[35m[HTTP]&amp#27;[39m &amp#27;[37m<-- GET /wd/hub/session/2ca163d9-bdef-4dbb-98bb-98ec6786a963/element/00000000-0000-0023-ffff-ffff00000025/displayed &amp#27;[39m&amp#27;[32m200&amp#27;[39m &amp#27;[90m56 ms - 14&amp#27;[39m
&amp#27;[35m[HTTP]&amp#27;[39m &amp#27;[90m&amp#27;[39m
[INFO ] 2022-10-25 11:00:02.957 com.qa.pages.BasePage:71 - login with invalidUsername
&amp#27;[35m[HTTP]&amp#27;[INFO ] 2022-10-25 11:00:02.968 com.qa.pages.BasePage:71 - login with invalidUsername
[39m [&amp#27;[37m-->d&amp#27;e[3b9um g&amp#27;][3 7m&amp#27;G[ET3&amp#27;5[m3[9WD Proxym] &amp#27;&amp#27;[[3397mm /wGdo/th responseu bw/sietshs isont/a2tcuas1 6230d09:- b{d"esfe-4sdsbibo-n9Id8"b:b"-f9185e2c6667a8c6-a2916f3e/-c4o7n1tde-x9t1&amp#27;f[83-9am6b
5eb0ccbdb","value":"t&amp#27;r[u3e5"m}[H
TTP]&amp#27;[39m &amp#27;[90m{}&amp#27;[39m
[debug] &amp#27;[[3d5emb[uWg3]C  &amp#27;([23c5am1[6W33dC (019c)2]d&amp#27;6[d399)m] &amp#27;C[a3l9lmi nRge sAppopniduimnDgr itvoe rc.lgieetnCtu rwrietnht Cdonrtievxetr(.)e lweimtehn taDirgssp:l a[y"ed()2 crae1s6u3ld9-tb:d etfr-u4edb
b&amp#27;-[9385bmb[-H9T8TePc]6&amp#27;7[8369am9 6&amp#27;3["3]7m
<[-d-eb uGg]E &amp#27;T[ 3/5wmd[/Wh3ub/sesCsi o(n2/c0a11c62d36dd99)-]b&amp#27;4[f3d9-m4 7R1ecs-p9obnbd0i-n2g1a 6tdo1 bc4l6i3e0net/ ewlietmhe ndtr/i0v0e0r0.0g0e0t0C-u0r0r0e0n-t0C0o1ntedx-tf(f)f fr-efsfuflft0:0 "0N0A0T0I2V5E/_dAiPsPp"la
y&amp#27;[e3d5 m&amp#27;[[H3T9TmP&amp#27;][&amp#27;3[23m92m0 0&amp#27;&amp#27;[[3379mm <&amp#27;-[-90m69  GmEsT  -/ w14d&amp#27;/[h3u9bm/s
e&amp#27;s[s3i5omn[H/T2TcPa]1&amp#27;[6339dm 9&amp#27;-[9b0dme&amp#27;f[-394mdb
b-98bb-98ec6786a963/context &amp#27;[39m&amp#27;[32m200&amp#27;[39m &amp#27;[90m2 ms - 22&amp#27;[39m
&amp#27;[35m[HTTP]&amp#27;[39m &amp#27;[90m&amp#27;[39m
&amp#27;[35m[HTTP]&amp#27;[39m &amp#27;[37m-->&amp#27;[39m &amp#27;[37mPOST&amp#27;[39m &amp#27;[37m/wd/hub/session/2ca163d9-bdef-4dbb-98bb-98ec6786a963/element&amp#27;[39m  When I enter username as "invalidUsername"                                                          # com.qa.stepdef.LoginStepDef.iEnterUsernameAs(java.lang.String)

&amp#27;[35m[H&amp#27;TTP]&amp#27;[3[93m5 m&amp#27;[H[T9T0Pm]&amp#27;{["39ums ing":"acc&amp#27;e[s37smi--b>i&amp#27;l[i3t9ym  i&amp#27;d[3"7,m"GvEaT&amp#27;l[u3e9m":"test -Username"}&amp#27;&amp#27;[3[73m9/mwd/
hu[bd/esbeusgs] i&amp#27;o[n35/m0[1Wc32dC6 d(92-bc4fd-471c-a91bb603-2d19a6)d]1b&amp#27;4[63390me /Ccaonltleixtn&amp#27;g[3 9Ampp
iumDriver.findElement() with args: ["a&amp#27;cc[e3s5smi[bHilTiTtyP ]id&amp#27;"[,3"t9ems t&amp#27;-[U9s0emr{n}&amp#27;a[m3e9"m,
"[2dceab1u6g3]d 9&amp#27;-[b3d5me[fW-34dbb-9C (80b1bc-29d86edc96)7]8&amp#27;6[a39963m" ]Ca
l[ldienbgu gA]p p&amp#27;i[u3m5Dmr[iBavseerD.rgievteCru]r&amp#27;r[e3n9tmC oVnatleixdt (l)o cwaittohr  asrtgrsa:t e[g"i0e1s cf2odr 6dt9hi-bs4 frde-q4u7e1sct-: 9xbpba0t-h2,1 ai6dd,1 bc4l6a3ss0 en"a]me, 
[debuga] c&amp#27;c[e3s5smi[bWi3lCi t(y0 1icd2,d 6csds9 )s]e&amp#27;l[e3c9tmor ,R -easnpdornodiidn ugi atuot omcaltioernt
 [dweibtuhg ]d r&amp#27;i[v35emr[.BagseetDrCiuvrerre]n&amp#27;t[C3o9nmt eWxati(t) inrge uspu ltot :0  "mNsA TfIoVrE _cAoPnPdi"ti
o&amp#27;n[35m[H
T[TdPe]bu&amp#27;g[]3 &amp#27;9[m3 5&amp#27;m[[3W7Dm <P-r-o xGET /wd/hub/session/01c2d6d9-b4fd-471c-9bb0-21y]a&amp#27;6[d319bm4 6M3a0tec/hceodn t'/eexlte m&amp#27;e[n3t9'm &amp#27;t[o3 2cmo2mm0a0nd&amp#27; [n3a9mem  '&amp#27;f[i9n0dmE2l emmse n-t '22
&amp#27;[[d3eb9umg]
 &amp#27;[35&amp#27;m[[3W5Dm [PrHoxTyT]P&amp#27;  When I enter username as "invalidUsername"                                                          # com.qa.stepdef.LoginStepDef.iEnterUsernameAs(java.lang.String)
[39m Pr]oxying &amp#27;[[39m &amp#27;[90mP&amp#27;[O3S9Tm /
&amp#27;e[l3e5mm[eHnTtT]P ]t&amp#27;o[ 3[9PmO &amp#27;S[T3 7hmt--t>p&amp#27;:[3/9/m1 2&amp#27;[73.70mP.O0S.T1&amp#27;:[1309m0 0&amp#27;1[/3w7dm//hwudb//hsuebss/isoens/saico0nc/35011ac-25cd267d-94-6b04bf-d9-941b7-13cf-292b9b90092a07/element] w-i2t1ha 6bdo1dyb46:3 0{e"/sterlaetmeegnyt"&amp#27;:["3a9cmce
s&amp#27;s[i3b5iml[itHyTT Pi]d&amp#27;",["3s9eml e&amp#27;c[t9o0rm"{:""tuessitn-gU"se:r"naacmec"e,s"sciobntielxitt"y:" "i,d""m,u"lvtiaplluee""::f"atlesset}-
U[sdeerbnuagm]e "&amp#27;}[&amp#27;3[5m3[9WmD 
P[droexbyu]g&amp#27;][ &amp#27;[39m Got3 5rmes[pWo3nCs e( 01wci2tdh6 d9s)t]a&amp#27;t[u3s 9m2 0C0a:l l{"isnegs sAipopniIudm"D:r"iavce0rc.3f5i1nad-E5cl2e7m-e4n6t0(b)- 99w1ibt-h3 fa2r29g9s0:9 2["a0ac7c",e"svsailbuei"l:i{t"yEL EiMEdN"T,":""t00e0s00t0-00U-s0e0r00name-"0,02"30-f1fcf2f-df6fdff900-000b0245f",d"-el4e7me1nct--690b66b-011-e24-1aa526ed-41fb743653406e6"ce]cf"
:["0d0e00b0u00g0-]0 0&amp#27;00[-300523m-[ffBfaf-sfefDffr00i0v00e0r25]"&amp#27;}[}3
9[md ebVuagl] i&amp#27;d[ 35lmo[catoWr3 Cs (t2rcaa1t63edg9)i]&amp#27;e[s3 9mf oRers potnhdiisn gr etqo ucleisetnt:  wxitpha tdrhi,ve ri.fdi,nd Eclemlenats()s  rensualmte:, { "aelcecmeents-s60i6b6i-1l1ei4t-ya5 2ei-d4f,7 35c4s6s6 cescefl"e:c"t0o0r0, -android uiautoma0to0r00
0-[0de0b0u0g-]0 0&amp#27;[2353m-[fBfaffs-efDfrfifv0e00r0]&amp#27;0[03295m" ,W"EaLiEtMiEnNgT "u:p" 0t0o0 000 0m0s0 -f0o000-002r3 -cfofnfdfi-tfifofnf0
0[0d0e0b0u2g5]" }&amp#27;[
3&amp#27;5[m3[5WmD[ HPTrToPx]&amp#27;[39m &amp#27;[3y7]m&amp#27;<[-3-9 mP OMSaTt c/hwed '/edl/ehmuebn/ts'e stsoi ocno/m2mcaan1d6 3nda9m-eb d'effi-n4ddEblbe-m9e8nbbt-'98
e[cd6e7b8u6ga]9 6&amp#27;3[/35eml[eWmDe nPtr o&amp#27;x[y3]9&amp#27;m[&amp#27;[3329mm2 0P0r&amp#27;o[x3y9imn g&amp#27; [[9P0OmS4T8  /mesl e-m e1n3t7]&amp#27; [t3o9 m[P
O&amp#27;S[T3 5hmt[tHpT:T/P/]1&amp#27;2[73.90m. 0&amp#27;.1:10[09000m/&amp#27;w[d3/9hmub
/&amp#27;s[e3s5smi[oHnT/TfP1]5&amp#27;2[6369amc -&amp#27;2[13f7em--4-7>1&amp#27;d[-3991mf 8&amp#27;-[a367bm5PeObS0Tc&amp#27;c[b3d9bm /&amp#27;e[l3e7mm/ewndt/] whiutbh/ sbeosdsyi:o n{/"2sctar1a6t3edg9-yb"d:e"fa-c4cdebsbs-i9bility8 bibd-"9,8"esce6lector":"test-User7name8"6,a"9c6o3n/teelxetm":"","multipelnet"/:0f0a0l0s0e0}00
-[0d0e00b-u0g0]2 3&amp#27;-f[f3ff-5fmf[ffW0D0 0P0r00o2x5y/]va&amp#27;l[u3e9&amp#27;[m3 9Gmot
&amp#27; [r3e5sm[pHoTnTsPe] &amp#27;w[i39tmh  &amp#27;s[t9a0tmu{s" id2"0:0":0 0{0"00s0e0s0s-i0o0n0I0d-"0:0"2f31-f5f2f6f6-afcf-ff2010f0e0-0407215d"-91f8,-"at6exbt5"e:b"0incvcabldibd"U,s"evranalmuee"":,{""vEaLlEuMeE"N:T["i"":,""0n"0,0"0v","0a0"00,-0"000l-0"01d,-f"fffi-f"f,ff0"00d000"2,5"",U","s""e,l"eem"e,n"t-r6"06,6"-1n1e"4,-a"52ae-"4f,73"54m66"c,ec"f"e:""00]00}00&amp#27;00[-030090-m001
d-[ffdffe-fbffuf0g0]00 00&amp#27;25["35m[W3}C} 
[(d2ebcuag]1 6&amp#27;3[3d59m[)W]3C&amp#27; [(0319cm2d 6Cd9a)l]l&amp#27;[i3n9gm  RAespppoinudmiDnrgi vteor .csleiteVnatl uwei(t)h  wdirtihve ra.rfgisn:d E[l[e"mie"n,t"()n "r,e"sv","a","l","i","d","U","s","e",u"lrt":, "{n""el,e"maen"t,-6"066-11e4-a52me"-,"4ef"73]5,4"660c0ec0f0":0"0000000-0000000-000-000-000213d--fffffff-fff-ffff00f0f00000205"0,0"0EL2E5ME"N,T""2:"c0a00106030d009--0b00d0e-0f0-14d-dfbffbf--9ff8fbf0b0-090080e25c"6}7
8&amp#27;6[3a5m9[6H3T"T]P]&amp#27;
[[de3b9mu g&amp#27;[]3 7&amp#27;m<[-3-5 PmOS[T W/wDd /Phurbo/xsyes]s&amp#27;i[o3n/90m1c 2Mda6d9t-bc4hfde-4d7 1c'-/9ebbl0e-m21ean6td1/b04063000e/0e0le0m0e-nt0 0&amp#27;[0309-m&amp#27;0[03223m2-0f0&amp#27;f[f39f-m f&amp#27;f[f90fm0780 0m0s 0-0 12537/&amp#27;v[a39lmue' 
&amp#27;t[o3 5cmo[HmTmTPan]&amp#27;d[ 3n9ma m&amp#27;[e9 0m'&amp#27;s[3e9tmV
a&amp#27;l[u35em'[HT
T[P]d&amp#27;e[b39umg &amp#27;][3 7m&amp#27;-[-3>&amp#27;5[m3[9mP r&amp#27;[o3t7omPcOoSlT&amp#27; [3C9omn v&amp#27;e[3r7m/twedr/h]u&amp#27;b[/3se9smsi oAn/d0d1ce2dd6 d'9v-ba4fldu-4e7'1 c-p9roperty [b"ib",0"-n21"a,6"dv1"b,46"3a0"e,/e"llem"e,n"ti/","d0"0,0"0U0"0,0"0s-0"0,0"0e-"0,0"1rd"-,f"fnff"-,f"faf"f,0"00m0"0,0"2e5"/]va ltuoe &amp#27;'[s39emtV
a&amp#27;l[u3e5'm [rHeTqTuPe]s&amp#27;t[ 39m &amp#27;[90mb{o"iddy":
"[0d0e0b0u0g0]00 -&amp#27;0[03050m-[00W1D Proxy]&amp#27;[39md- fPfrfofx-fyfifnfg0 0[0P0O0S0T 2/5e",l"emteenxtt/"0:0"0i0n0v0a0l0i-0d0U0s0e-r0n0a2m3e-"f,f"fvfa-lfufef"f:0[0"0i0"0,0"2n5/"v,a"lvu"e,]" at"o, "[lP"O,S"Ti "h,t"tpd:","/U/"1,27".s0".,0".e1":,1"00r0"1,/"wnd"/,h"uab"/,s"ems"s,i"oen"/]a}c&amp#27;0[c3351a-59cm27
-[46d0ebb-9u9g1]b -&amp#27;3[f3252m9[9W039C2 a0(70/1ecl2edm6edn9t)/]0&amp#27;0[03090m0 0C0a-l0l0i00n-g0 0A2p3p-ifufmfDfr-ifvfefrf.0s0e0t0V0a0l2u5e/(v)a wliute]h  wairtghs :b o[d[y":i "{,""enl"e,m"evn"t,I"da"":,""0l0"0,0"0i0"0,0"-d0"0,0"0U-"0,0"2s3"-ffff-,f"fef"f,0"0r0","n","a","m","e"],"00000000-0000-001d-ffff-ffff000000002052"5,"",t"ex0t1"c:2"di6ndv9a-lb4ifddU-s4e7r1nca-m9eb"b,0"-r2e1pal6adc1eb"46:3f0ael"s]e,
"[vdaelbuueg"]: &amp#27;[["3i5"m,"n","[vW"D, "Par"o,x"yl]"&amp#27;,["3i"9,m" dM"a,t"cUh"e,"ds "',/"ee"l,e"mre"n,t"n/"0,0"0a0"0,0"0m0"-,0"0e"0]0}-0
0[1dde-bfufgf]f -&amp#27;f[3f5fmf[0WD0 0P0r0o0x2y5]/&amp#27;v[a3l9ume 'G ott or ecsopmomnasned  wniatmhe  st'asteutsV a2l0u0e:' {"se
s[sdieobnuIgd]" :&amp#27;"[a35cm0c351a-5c27-460b-[99P1rbo-t3ocfo2l2 C9o9n0v9er2tae0r7]"&amp#27;,["3v9aml Auded"e:dn 'uvlall}ue
' [pdreobpuegr]t y&amp#27; [[3"5i"m,["Wn3"C, "(v2",c"aa1","l","i"6,"3dd"9,")U]"&amp#27;,["s3"9,m" eR"e,s"rp"o,n"dni"n,"a","m",g" et"o]  tcol i'esnett Vwith darilvuere.'se trVeaqluuee(s) tr ebsoudlyt:
 [nudlelbu
g&amp#27;] [&amp#27;3[53m5[mH[TWDT PP]r&amp#27;o[xy3]9&amp#27;m[ &amp#27;3[93m 7mP<r-o-x yPiOnSgT  [/PwOdS/Thu /be/lseemsseinont//02c0a106030d090-b0de-f0-04d0b0b--90801db-b-f98fefcf6-78f6fa9f6f30/e0l0e0m0e0n2t5//0v0a0l0u0e0]0 0t-o0000-002 3[-fPfOfSfT- fhffttfp0:00/0/0102275./0v.0a.lu1:e1 &amp#27;0[03009/m&amp#27;w[d3/2hmu2b0/0s&amp#27;e[s3s9imo n&amp#27;/f152[6690amc7-32 1mfse --471d-91f8 -14a&amp#27;6[b359emb0
c&amp#27;c[b3d5bm/[eHlTeTmenP]t&amp#27;/0[03090m00 0&amp#27;0[9-000m0&amp#27;0[-3090m1d
-&amp#27;f[f3f5fm-[fHffTfT0P]&amp#27;[390m0 0&amp#27;00[2375m/-v-a>l&amp#27;u[e3]9 mw i&amp#27;t[h3 7bmoGdEyT:&amp#27; [{3"9eml e&amp#27;[m3e7nmt/Iwdd"/:h"u0b0/0s0e0ss0i0o0n-/020c0a01-6030d19d--bfdfefff--4fdffbfb-09080bb-98ec6786a963/context&amp#27;[39m
&amp#27;[35m[HTTP]&amp#27;[39m &amp#27;[90m{}&amp#27;[39m
[debug] 0&amp#27;0[03255m"[,"Wt3eC xt("2:c"ai1n6v3adl9)i]d&amp#27;U[s3e9rmn aCmael"l,i"nrge pAlpapcieu"m:Dfrailvseer,.getCu"rvraelnute":C[o"nit"e,x"tn(",")v "wi,th" aar"gs,:" l[""2,ca"1i63"d,9"-bdd"ef,-4"dUbb"-,98"bsb-"98,e"ce6"7,8"6ar9"6,3""n]",
"[ad"e,bu"gm]" ,"&amp#27;e["3]5}m[W
3[Cd e(b2ucga]1 63&amp#27;d[93)5]m&amp#27;[[W3D9 mP rRoexsyp]o&amp#27;n[d3i9nmg  Gtoot  crleiseponnse with t wsittaht udrsi ve2r0.0g:et C{ur"rseenstsCoinotneIxdt"(:)" fre15266ac-s21fe-47u1d-l91f8t-a6:b5eb 0cc"bdb",N"valAue"T:nulIl}
V[deEbug]_ &amp#27;[3A5m[WP3C (P01c"2d6d9)]
&amp#27;[39m&amp#27; Res[p35mondi[ng toH clTienTt wiPth ]dri&amp#27;ver.s[etV3alu9e() mres ult:&amp#27; nu[ll
&amp#27;3[357m[HmTTP]<&amp#27;[3-9m &amp#27;-[37m <--G POEST /Twd/ hub//sesswion/d01c/2d6hd9-bu4fdb-471/c-s9bbe0-2s1a6ds1b4i630oe/enlem/en2t/0c0000a0001-00060-0301dd-ff9ff--ffbff00d000e02f5/v-alu4e &amp#27;d[39bmb&amp#27;-9[83b2b-m928e0c06&amp#27;78[63a996m3/ c&amp#27;o[nt9e0xmt 8&amp#27;7[ ms - 14&amp#27;[39m
&amp#27;[35m[HTTP]&amp#27;[39m &amp#27;[90m&amp#27;[39m
3&amp#27;9[m&amp#27;3[53m2m[2H00T&amp#27;T[3P9]m&amp#27; &amp#27;[[3909mm3  &amp#27;ms[ 3-7 m2-2-&amp#27;>[&amp#27;3[93m9
m&amp#27; [&amp#27;3[53m7[mGHETTT&amp#27;P[]3&amp#27;9[m3 9&amp#27;m[ 3&amp#27;[79m0/mw&amp#27;[d39/mhu
b&amp#27;/[s35ems[sHiTToPn]&amp#27;/0[13c92md 6&amp#27;d[93-b74fd-471c-9bb0-21a6m--d>&amp#27;1[b3496m3 0&amp#27;e[/3c7omPnOtSeTx&amp#27;[t3&amp#27;9m[ 3&amp#27;9[3m7m
/w&amp#27;d[/3hu5bm/[sHesTsTiPo]n&amp#27;/2[c3a91m6 3d&amp#27;9[-9b0dme{f}-&amp#27;4[d3b9bm-
9[8dbbe-b9u8ge]c 6&amp#27;7[863a59m6[3W/3eCl e(m0e1nct2&amp#27;d[639m
&amp#27;[d395m)[]H&amp#27;T[T3P9]m&amp#27;[ 3C9aml l&amp#27;i[n9g0 mAppiumD{r"iuvseirn.gg"e:t"CaucrcreessibilinttyC onitde"x,t"(v)a lwuiet"h: "atresgts-:P a[s"s0w1ocr2dd"6}d&amp#27;9[-3b94mfd
-[4d7e1bcu-g9]b b&amp#27;0[-3251ma[6Wd31Cb 4(623c0ae1"6]3d
9[)d]e&amp#27;bu[g3]9 m&amp#27; [C3a5lml[iWn3gC  A(p0p1icu2mdD6rdi9v)e]r&amp#27;.[f3i9nm RdeEslpeonmdeinngt t(o) c lwieith nat rwgist:h  [d"raicvceers.sgiebtiCulriretnyt Coindt"e,x"tt(e)s tr-ePsauslstw:o r"dN"AT,I"V2Ec_aA1P6P3"d
9&amp#27;-[b3d5emf[-H4TdTPb]b&amp#27;-[3998m b&amp#27;b[-3978me<c-6- 7G8E6Ta 9/6w3d"/h]ub/
s[esdseiboung/]0 1c&amp#27;2[d36d59m-[b4Bfad-seDr4i71vc-e9rbb]0-&amp#27;21[a36d91mb4 6V30ae/lciodn telxotc a&amp#27;t[or strategies for this request: xpath, id, class name, acc3e9sm&amp#27;s[i3b2mi20l0i&amp#27;[t3y9m  i&amp#27;[d9,0 mc2 smss  s-e l2e2c&amp#27;t[3o9rm,
 &amp#27;-[3a5nm[dHrTToPi]&amp#27;d[39m &amp#27;[9 0mu&amp#27;[i3a9mu
t&amp#27;o[3m5ma[tHoTTrP]&amp#27;
[3[9dm e&amp#27;b[u3g7]m- ->&amp#27;&amp#27;[[339m5 m&amp#27;[[B37amPsOeSTD&amp#27;r[3i9vm e&amp#27;r[3]7m&amp#27;/[w3d/9hmub /Wseasistiionn/g0 1ucp2 dt6od 9-0b 4fmds- 4f71ocr- 9cbbo0n-d2i1ta6ido1nb4
6[3d0eeb/uegl]e m&amp#27;en[t3&amp#27;5[m3[9mW
D&amp#27; [3P5rmo[xHyT]T&amp#27;P[]3&amp#27;9[m39 mM &amp#27;atched ['9/0em{"luesimnegn"t:"' actcoe scsiobmimlaitny di d"n,a"mveal u'ef"i:n"tdeEslt-emPeant'ss
wo[rdd"e}&amp#27;b[3u9g]m &amp#27;
[[3d5emb[uWg]D  &amp#27;P[r3o5mx[yW]3&amp#27;C[ 3(90m1c 2Pd6rdo9x)]y&amp#27;i[3n9gm  [CPaOlSliTn g/ eAlppeimumeDrnitv]er .to [POST http://1f2i7n.d0E.le0m.ent() wit1h: 1a0r0g0s1:/ w[d"/ahcucbe/ssseisbsiiloint/ya ci0dc","test3-5P1aas-s5cw2o7r-d4"6,0b"-0919c12b-d3f62d2999-09b24a0f7/de-le4m7en1tc] -wi9tbh bb0od-y:2 1{"as6trdat1ebgy4"6:3"a0cec"es]si
bi[ldietbyu igd]" ,"&amp#27;se[le3c5m[BasteorD"r:i"vteesrt]-&amp#27;P[a3s9smwo rVda"l,i"dco ntleoxtc"a:"t",o"rmu lstitplrea":tfealgsie}e
s[ defbuogr]  &amp#27;t[3h5im[sW D rPeroqxyu]e&amp#27;[s3t9m:  Goxt praestphon,s e iwdit,h  sctlatauss s20 0name, a:c c{"esessssibiionlIid"t:y"a ci0dc3,5 1ac-5scs27 -s46e0lb-e99c1tb-o3rf2,29 9-09a2nad07r"o,"vailude ":u{"iELaEMuEtNTo"m:"a00t0o00r000
-[00d00e-b00u2g3-]ff f&amp#27;f-[ff3f5f0m0[00B00a2s8"e,D"erleimevnetr-6]0&amp#27;66[-319m1 eW4a-ai5t2ei-n4fg7 35u46p6 cetcfo" :"00 00m00s0 0f0-o00r0 0c-0o0n23d-fiftffi-fofnff00
0[00d0e28b"u}}g
][ de&amp#27;b[ug3] 5&amp#27;m[3[5mW[WD3 C P(r2coax16y3d]9&amp#27;)][&amp#27;3[399mm  ReMspaontdcinhge tdo c li'e/nelte wmiethn dtri've rt.foin dcEloemmemnta(n)d r ensualtm: e{ "e'lefmienntd-E60l6e6-m11ee4n-ta5'2e-
4[f7d3e5466cbeucgf]" :&amp#27;"[03050m0[0W0D0 0P-r0o0x0y0]-&amp#27;0[03293m- fPfrfofx-yfifnfgf 0[0P0O0S0T0 2/8e"l,e"mEeLnEtM] to [PEONSTT" :h"t0t0p0:0/0/010207-.0000-0023-ffff-f0f.f0f.010:01000000208/"w}d/
h&amp#27;u[b3/5sme[sHsTiToPn]/&amp#27;f[13592m6 6&amp#27;a[c3-72m1<f-e-- 4P7O1SdT- 9/1wfd8/-hau6bb/5seebs0scicobnd/b2/ceal1e6m3edn9t-]b dweift-h4 dbbobd-y9:8 b{b"-st9r8aetce6g7y8"6:a"9a6c3c/eeslseimbeinlti t&amp#27;y[ 3i9dm"&amp#27;,["3s2eml200&amp#27;[e3c9tmo r&amp#27;"[:9"0tme4s7t1- Pmass s- w1o3r7d&amp#27;"[,3"9cmon
t&amp#27;e[x3t5"m:["H"T,T"Pm]u&amp#27;l[t3i9pml e&amp#27;"[:9f0aml&amp#27;s[e3}9m
[
d&amp#27;e[b3u5gm][ H&amp#27;T[T3P]5m&amp#27;[[W3D9 mP r&amp#27;o[x37ym]-&amp#27;-[3>9&amp#27;m[ 3G9omt  &amp#27;r[3e7smpGoETn&amp#27;s[3e9 mw i&amp#27;[t3h7m /swdt/ahtubu/sse s2s0io0n/2ca163d9: -{b"dseefs-4dbbs-i9o8nbIbd-"9:8"efc16578266a966a3/ce-l2em1efnet-/4070010d0-09010f-80-0a060b-50e0b203c-cfbfdfbf"-,f"fvfafl0u0e":0{0"00E2L8EM/EdNiTsp"l:a"y0ed0&amp#27;0[0309m00
&amp#27;0-[03050m0[-H0T0T1Pd]-&amp#27;f[f3f9fm-f f&amp#27;f[f9000m0{0}0&amp#27;0[2389"m,"
e[ldeembeungt]- 6&amp#27;0[6365-m[W31C 1(e24c-aa15623ed-94)f]7&amp#27;3[5394m6 C6aclleicnfg" :A"p0p0i0u0m0D0r0i0v-e0r0.0e0l-e0me0n1td-Difsfplfafy-efdf(f)f 0w0i0t0h0 0a2r8g"s}:} [
"0[0d0e0b0u0g0]0 -&amp#27;0[03050m-0[0W233C- f(f0f1fc-2fdf6ff0000d090)2]8&amp#27;"[3,9"m2 cReas1p6o3ndd9i-ngb tdoe cfl-ie4dbb-98bb-98ec678n6at96 3w"]it
[dhe budgr] i&amp#27;[v35emr.fin[WdD EPlroexmy]e&amp#27;[n39tm( M)at crheed s'/uelletme:n t/{00"0e00l00e0-m00e00n-0t02-3-6ff0f6f-f6ff-f01010e040-0a2582/ea-t4tf735466cercifb"u:t"e0/0d0i0s0p0l0a0y-e0d0'0 0t-o0 0c1odm-mfafnfdf -nfafmfef 0'0g0e0t0A0t2t8r"i,"ELEbMuENtTe"':"
[00d0e0b0u0g0]0 -&amp#27;0[03050m-[00WD1d P-rofxy]f&amp#27;f[f3-9mf fPfrf0o0xy00i0n0g 2[8GE"T} /
e&amp#27;l[e3me5nmt[/H0T00T0P00]0&amp#27;0[-30900m0 -&amp#27;0[03237-mf<ff--f- fPfOffS0T0 0/0w0d02/8h/uabt/tsreisbsutioen//d0i1scp2lda6yde9d-]b 4tfod- [4GET7 h1ttcp:/-/1297.b0.b0.10:10001-/2wd1/ah6udb1/sb4e6s3s0ieo/ne/laecm0ecn3t5 1&amp#27;a[-35c92m7&amp#27;-[43620mb2-0909&amp#27;1[b3-9m3 f&amp#27;2[29909m044962 am0s7 /-e l1e3m7e&amp#27;n[t3/0900m00
0&amp#27;0[0-3050m0[0-H0T0T2P3-]f&amp#27;f[f3f9-mff f&amp#27;f0[900m000&amp#27;02[8/a3tt9rimbute/d
isp&amp#27;la[yed3] 5wimth[ noH bTodyT
P[de]bu&amp#27;g] [&amp#27;[335m9[WDm  Pro&amp#27;xy][&amp#27;[339m7 Gmot- res-po>n&amp#27;s[e3 w9imth  &amp#27;st[at3u7s m2G00E:T &amp#27;{"[s3es9smio n&amp#27;I[d"3:7"amc/0cwd/h3u51ba/-s5ce2s7-s4i6o0bn-/99011bc-23fd2629d9909-2ba047f",d"-v4al7u1ec":-"9trbube"0}-
2[1daeb6udg1] b&amp#27;4[3653m0[We3/C e(l2ceam16e3nd9t)/]&amp#27;0[03090m0 0R0e0s-p0o0n0d0i-n0g0 1tdo- fcflfife-nftf fwfi0th driver.0000028/diseplleamyeendt&amp#27;D[i3s9pmla
y&amp#27;e[d3(5)m [rHeTsTuPl]t&amp#27;:[ 3t9rmu e&amp#27;[
9&amp#27;0[m3{5}m&amp#27;[[H3T9TmP]
&amp#27;[[d3e9bmu g&amp#27;][ 3&amp#27;7[m3<5-m-[ WG3ECT  (/0w1dc/2hdu6bd/9s)e]s&amp#27;s[i3o9nm/ 2Ccaal1l6i3ndg9 -Abpdpeifu-m4Ddrbibv-e9r8.bebl-e9m8eenc67t86Dai9s6p3l/aeyleed() wmiethn ta/r0g0s0:0 0[0"0000-000000000-00-002030-0f-f0f0f1-df-ffffff0f0-0f0f0f0f2080/0d0i0s0p2l8a"y,e"d0 1&amp#27;c[23d96md&amp#27;9[-32bm42f0d0-&amp#27;4[7319cm- 9&amp#27;b[b900-m2118a 6mds1 b-4 61340&amp#27;e["3]9m
[
d&amp#27;e[b3u5gm][ H&amp#27;T[T3P5]&amp#27;[m3[9WmD  &amp#27;P[r9o0xmy&amp#27;][&amp#27;3[939m Mmat
c&amp#27;h[e3d5 m'[/HeTlTePm]e&amp#27;n[t3/90m0 0&amp#27;0[03070m0---0>0&amp#27;0[03-90m0 1&amp#27;d[-37fmfGfEfT-&amp#27;f[f3f9fm0 0&amp#27;0[03070m2/8w/da/thtub/sessriiobnu/t2ec/ad1i6s3pdl9a-ybedde'f -t4od bcbo-m9m8abnbd- 9n8aemce6 7'8g6eat9A6t3t/rcontiebxutt&amp#27;e['39
m[debug
] &amp#27;&amp#27;[[3355mm[[HWTDT PP]r&amp#27;o[x3y9]m&amp#27; [&amp#27;3[99m0 mP{r}o&amp#27;x[y3i9ngm [
G[EdTe b/uegl]e m&amp#27;e[n3t5/m0[0W030C0 0(020c-a0106030d9-)0]0&amp#27;1[d3-9fmf fCfa-lflfifnfg0 0A0p0p0i0u2m8D/raitvterri.bguetteC/udrirsepnltaCyoendt]ext (t)o  w[iGtEhT  ahrtgtsp:: //12[7".20c.a01.613:d190-0b0d0e/fw-d4/dhbubb-/9s8ebsbs-i9o8ne/f152c6[INFO ] 2022-10-25 11:00:04.339 com.qa.pages.BasePage:71 - password is secret_sauce
6ac-21fe-6471d-91f87-a86b65aeb906cc3b"db]/e
le[mdenetb/0u0g0]00 0&amp#27;0[03-50m0[0W03-C0 0(12dc-af1f6f3fd-9f)]&amp#27;[39m fRfefs0p0o0n0d0i0n28g/ attot rcilbiuetne/td iwsiptlha yeddr]i vweirt.h gneo tbCoudyrr
[ednebug] &amp#27;[35m[WD Proxy]&amp#27;[t3C9omn tGeoxt tr(e)s proensseu lwitt:h  s"tNaAtuTs I2V00:E _{A"PsePs"sio
n&amp#27;Id[35"m:["Hf1T5T26P6]ac&amp#27;-[231f9em-4 7&amp#27;1[d3-971mf<8--a6-b 5eGbE0cTc b/dbw"d,/"vhaulbu/e"s:e"tsrsuei"o}n
/[2decbaug1]6 3&amp#27;[d395-m[bWd3Ce f(0-14cd2bdb6-d99)8]b&amp#27;b[3-99m8 eRce67s8p6oan9d6i3n/cgo nto clientte wxitt &amp#27;h[ dr3i9vemr&amp#27;.e[l3em2emn2tD0i0s&amp#27;pl[a3y9emd (&amp#27;) [r9e0smul2t :m st r-u e22
&amp#27;&amp#27;[[3359mm[HT
T&amp#27;P[]&amp#27;3[539mm[ &amp#27;H[T37TmP<]-&amp#27;-[ 3GE9Tm / w&amp#27;d[/9hu0bm/&amp#27;s[e3s9smion
/&amp#27;01[c325dm6d[9H-bT4fTdP-]47&amp#27;1[c3-99mb b&amp#27;0[-3271am6-d->&amp#27;[39m &amp#27;[13b74m6P3O0eS/Te&amp#27;l[e3m9emnt/0 0&amp#27;00[003070m-0/0w0d0/-h0u01bd/-sfefsffs-ifofnff/020c0a01060328d9/-dibsdpleafye-d 4&amp#27;d[3b9bm-&amp#27;9[382bmb2-0908&amp#27;e[c396m78 6&amp#27;a[99603m/2el2e mmse n-t &amp#27;1[43&amp#27;9[m39
m&amp#27;[3
5&amp#27;m[[H3T5TmP[]H&amp#27;T[T3P]9&amp#27;m[3 9&amp#27;[90m m&amp#27;{[9"0ums&amp#27;i[3n9gm":
"&amp#27;a[3c5cme[sHsTiTPb]i&amp#27;l[i3t9m y&amp#27; [3i7dm"--,>"&amp#27;v[3a9lmu e&amp#27;"[:37"mtGeEsTt&amp#27;-[3P9asms w&amp#27;o[r3d"7}m&amp#27;/[w3d9/mhu
b[/[INFO ] 2022-10-25 11:00:04.456 com.qa.pages.BasePage:71 - password is secret_sauce
sedssieboug]n &amp#27;[/35m0[W31C (c2ca2163dd9)6]&amp#27;[d399m -Cbal4lifngd A-pp4iu7mD1ricv-er9.fbinbdE0le-me2nt1()a w6itdh1 abrg4s6:30e/co [n"tacecxets&amp#27;si[b3i9limty
 &amp#27;id["3,5"mte[sHtT-PTaPs]s&amp#27;wo[r3d"9,m" 2c&amp#27;a[16930dm9-{b}de&amp#27;f[-43d9bmb-9
8b[bd-9e8beuc6g7]86 a&amp#27;96[33"5]m
[[dWe3bCug ]( &amp#27;0[13c5m2[dBa6sde9D)ri]v&amp#27;er[]3&amp#27;9[3m9 m CVaallildi lnogc Apatpoir usmtDrratievgieers. fgoert Cthuirsr erenqtueCsot:n txepaxtth(, )id,  cwliastsh  naamer,g sac:c e[ss"i0b1ilci2tdy 6idd,9 -csbs4 fsedl-ec4t7o1r,c --a9nbdbro0i-d 2u1iaautomator6
d[d1ebbu4g]6 30e&amp#27;"[]35m
[[BadseeDbruigve]r ]&amp#27;&amp#27;[[393m5 mWa[iWti3nCg  u(p 0t1o c02 dms6 dfo9)r ]c&amp#27;o[nd3i9timo nR
e[sdpeboungd]i &amp#27;n[g35 mt[WoD  cPrloixey]n&amp#27;t[ 39wmi Mtaht cdhred i'v/eerle.mgenett'C utro rceomnmtaCndo nnatmexte( )' firnedsEluelmten:t '"
N[AdeTbIuVg]E _&amp#27;A[P35Pm"[W
D&amp#27; P[r3o5xym][&amp#27;H[T39TmP ]Pr&amp#27;o[xy3i9ngm  [P&amp#27;O[S3T 7/me<le-m-e ntG]E Tto  /[wPOdS/T hhutbtp/:s/e/1s2s7i.0o.n0/.10:11c0020d16/dwd9/-b4fdh-u4b7/1secs-si9obnb/0a-c0c351a-5c27-2416a0b6-d919b1b4-63f32029e9/09c2oa0n7t/eelxetme n&amp#27;t][ 3wi9tmh &amp#27;b[o3dy2: m{2"s0t0r&amp#27;at[e3gy9"m: "a&amp#27;c[ce9s0smi2bi lmist y- i 2d2&amp#27;[39m
&amp#27;[35m[H"TTP],&amp#27;[3"9ms &amp#27;[e90lm&amp#27;[e39mc
t&amp#27;[3o5m[rHT"TP]:&amp#27;["3t9ems t&amp#27;-[P3a7sms-w-o>r&amp#27;d["3,9"com &amp#27;[37mPnOtSeTx&amp#27;t["3:9"m" ,&amp#27;"[m3u7lmt/iwpdl/eh"u:bf/aslesses}io
[nd/e0b1ucg2]d 6&amp#27;d[93-5bm4[fWdD- 4P7r1ocx-y9]&amp#27;b[b309-m2 1Gao6td 1rbe4s6p3o0nes/ee lweimtehn ts&amp#27;t[a3t9ums 
2&amp#27;0[03:5 m{["HsTeTsPs]i&amp#27;o[n3I9dm" :&amp#27;"[a9c00cm3{5"1uas-i5nc2g7"-:4"6a0ccesbs-i9b9i1lbi-t3yf 2i2d9"9,0"9v2aal0u7e"",:""vtaelsute-"P:a{s"sEwLoErMEdN"T}"&amp#27;:["3090m00
0[0d0e0b-u0g0]0 0&amp#27;-[0350m2[3W-3fCf f(f0-f1fcf2fd060d090)0]0&amp#27;2[83"9,m" eClaelmleinntg- 6A0p6p6i-u1m1Der4i-vae5r2.ef-i4nfd7E3l5e4m66ecnetc(f)" :w"i0th a0r0g0s0:0 0[0"-a0c0c0e0s-s0i0b2i3l-iftfyf fi-df"f,ff"0t0e0s0t0-0P2a8s"s}w}
o[rdde"b,u"g0]1 c&amp#27;2[d365dm9[-Wb34Cf d(-24c7a11c6-39db9b)0]-&amp#27;2[13a96md 1Rbe4s6po3n0ed"i]ng
 [tode bculige]n t&amp#27; [w3i5tmh[ BdarsievDerri.vfeinrd]E&amp#27;l[e3m9emn tVali(d)  lroecsautlotr:  s{t"realteemgeinets- 6f0o66r- 1t1hei4s- ar5e2qeu-e4sft7:3 5x4p6a6tche,c fi"d:," 0c0l0a0s0s0 0n0a-m0e0,0 0a-c0c0e2s3s-ifbfiflfi-tfyf fifd0,0 0c0s0s0 2s8e"l,e"cEtLoErM,E N-Ta"n:d"r0o0i0d0 0u0i00a-u0t0o0m0a-t0o0r23
-[defbufgf]f -&amp#27;f[f3f5fm0[0B0a0s0e0D2r8i"}
v&amp#27;e[r3]5&amp#27;m[3[9HmT TWPa]i&amp#27;t[ing3 9ump  t&amp#27;o[ 307 mms< -fo-r  cPoOndSitTi o/nwd
/[hduebbu/sge]s si&amp#27;[3o5nm/[2WcDa 1P6r3odx9-yb]d&amp#27;ef[-349dbmb -M9a8btbc-9h8eedc 6'7/8e6la963/eleememnetn t&amp#27;'[3 9tmo&amp#27; command name 'find[E3l2ememn2t0'0&amp#27;
[[3d9emb u&amp#27;g[]90 m&amp#27;3[83 m5sm -[ W1D37 &amp#27;P[r3o9mx
y&amp#27;][&amp#27;35[m3[9HmT TPP]r&amp#27;o[x3y9imn &amp#27;g[ 9[0Pm&amp#27;O[S3T9m /
e&amp#27;l[3e5mm[eHTnTtP]] &amp#27;t[o3 9m[P O&amp#27;S[3T7 m-h-t>t&amp#27;[p3:9/m/ 1&amp#27;2[737.m0P.0O.S1T&amp#27;[3:91m0 0&amp#27;[0307/m/wwdd//hub/sessiohnu/b2/csa1e6ss3ido9n-/bfd15e2f6-64dabcb--9281bfb-e9-84ec76178d6-a99163f8/-elae6mbe5nte/b00c0c00b0d0b00/-e0l0e0m0e-0n0t2]3- fwffift-h ffbfofd0y0: 00{0"02s8t/rcalteaerg&amp#27;[y3"9:m"a
c&amp#27;c[e3s5smi[bHiTlTiPt]y&amp#27; i[d3"9m, "&amp#27;s[9e0lm{e"citd":"0or00"0:"00t0e0s-t0-0P0a0s-s0w0o2r3d-"f,f"fcfo-nftfefxft0"0:0"0"0,0"2m8u"l}t&amp#27;i[p3l9em":false}
[debug] &amp#27;[35m[WD Proxy]&amp#27;[39m Got response with status 200: {"s
e[sdseibougn]I &amp#27;d["3:5"mf[1W532C6 6(a2cca-12613fde9-)4]7&amp#27;1[d3-99m1 fC8a-lal6ib5negb 0Acpcpbidubm"D,r"ivvaelrue":{"ELEMENT."c:l"e0a0r0(0)0 0w0i0t-h 00a0r0g-s0:0 1[d"-0f0f0f0f0-0f0f0f-f00000000-00002283"-,f"feflfe-mfefnftf-060006060-0128"1,e"42-caa5126e3-d49f-bdef-743d5b4b6-69c8ebcbf-"9:8"e0c06070860a090603-"]00
[0d0eb-u0g0] 1&amp#27;d[-35fmf[WfDf -Pffff00000028"}}
r[odxey]b&amp#27;u[g39]m  M&amp#27;a[t3c5hemd[ W'/3eCl e(m0e1nct2/d060d0900)0]0&amp#27;0[-3090m0 0R-e0s0po2n3d-ifngf ftfo- cflfiff0000e0n0t2 8w/icthl edarri'v etro. fcionmdmElanedm ennatm(e)  'recsluelatr:' {"
e[ldeembeugn]t -&amp#27;6[03656m-1[1WeD4 -Par5o2xe-4f7354y6]6&amp#27;c[e3cf9"m: "0P0r0o0x0y0i0n0g- 0[00P0O-0S0T1 d/-eflfeffm-effnft/f0000000000000208-"0,0"00E-L0E0M2E3N-T"f:ff"f0-0f0f0f0f00000-000000020-8/0c0l1eda-rf]f ftfo- f[fPfOfS00T0 0h0t0t2p8:"/}/
1&amp#27;2[7.305.m0[.H1T:T1P0]&amp#27;00[13/9wmd /&amp#27;h[u3b7/ms<e-s-s POST i/wodn/h/uabc/0sce3s51sai-o5nc/2071-c42d660db9--9b49f1db--34f7212c9-99092bab007-/2e1lae6dm1ebnt4/6003000e0/00e0l-0e0m00e-0n0t2 3&amp#27;-[f3f9fmf&amp#27;-[f32fmf2f00000&amp#27;0[0390m2 8&amp#27;/[c9l0emar4]3  wimtsh  -b o1d3y7:&amp#27;[ 3{9"mel
e&amp#27;m[e3nt5Imd["H:T"T0P]&amp#27;[390m0 0&amp#27;0[09000m-&amp#27;00[0309-m00
2&amp#27;3[-35fmf[fHfTT-Pf]f&amp#27;[ff3090m00 0&amp#27;0[283"7}
m[d-e-bu>g&amp#27;][ 3&amp#27;9[m3 5&amp#27;m[[3W7Dm PPOrSoTx&amp#27;y[]3&amp#27;9m[3 9&amp#27;m[ 3G7omt/ wrde/hsupbo/nssees siwiotnh/ 0s1tca2tdu6sd 9-2b04f0d:- 4{7"1cs-e9sbsbi0o-n2I1da"6:d"1abc406c3305e1/elemae-n5tc/2070-40600b0-  And I enter password as "secret_sauce"                                                              # com.qa.stepdef.LoginStepDef.iEnterPasswordAs(java.lang.String)
991b-3f2299092a07","value":null}
[debug] &amp#27;[35m[W3C (2ca163d9)]&amp#27;[39m Responding to cl0ient with0 d0r-i0ve0r0.0c-le0a0r1d-ffff-ff() resfufl0t0:0 0n0u0l2l8/
c&amp#27;l[ea3r5&amp#27;m[[3H9TmTP
]&amp#27;&amp#27;[[3359mm[ H&amp#27;[37m<--T POSTT P/]w&amp#27;d[/3h9ubm/ s&amp#27;es[s9i0omn{/"2icda"1:6"30d090-0b0d0e0f0--40d0b0b0--9080b1bd--9f8fefcf6-7f8f6faf906030/0e0l0e2m8e"n}t&amp#27;/[03090m00000-0000-0023-ffff-ffff00000028/clear &amp#27;[39m&amp#27;[32m200&amp#27;[39m
 [&amp#27;d[9e0bmu8g6] m s&amp#27; [- 3154m&amp#27;[[W393mC
 &amp#27;([035m[HT1TcP2]d&amp#27;6[d399)m] &amp#27;&amp#27;[[3990mm&amp#27; [C39amll
i&amp#27;n[3g5 mA[pHTpTiPu]&amp#27;m[D39rmiver .&amp#27;[c3l7em-a-r>(&amp#27;)[ 3w9imt h&amp#27; args[:3 7[m"G0E0T0&amp#27;0[03090m0 -0&amp#27;0[0307-m0/0w1dd/-hfufbf/fs-efsfsfiofn0/020ca0106032d89"-,bd"e0f1-4cd2bdb6-d998-bbb-49fd8e-c4677816ca-9693b/cobn0te-x2t1&amp#27;a[639dm1b
4&amp#27;6[3350me["H]TTP
][&amp#27;d[3e9bmu g&amp#27;] &amp#27;[35[m90[mW{D} &amp#27;P[r3o9xmy]
[&amp#27;d[e3b9umg ] M&amp#27;a[t3c5hme[dW 3'C/ (e2cleam1e6n3td9/)0]0&amp#27;0[03090m0 0C-a0l0l0i0n-g0 0A1pdp-ifufmfDfr-ifvffefr0.0g0e0t0C0u2r8re/nctlCoenatre'x t(t)o  wictohm margsa:n d[ "2ncaam1e63 d'9c-lbedeafr-'4d
b[debb-u98gbb]- 98&amp#27;e[c6786a9633"]5
m[[dWeDb uPgr]o &amp#27;x[y3]5&amp#27;m[[3W93mC  P(r2ocxay163d9)]in&amp#27;g[ [3P9OSmT  /Releesmepnotndi/00000000-0000-001d-ffff-ffff00000028/clear] to [POST http://127.0.0.1:10000/wd/hunbg/s etssoi onc/lf1i5e2n6t with driv6eacr-.2g1efet-C4u71rdr-e91nft8C-oa6nbt5eebx0tcc(b)d br/eelsemuelntt/:00 000000-0000-"00N1dA-fTffIfV-ffEf_f0A00P00P0"28/c
le&amp#27;ar[]3 w5itmh[ bHodTyT: P{"]el&amp#27;e[me3nt9Imd" :"&amp#27;0[030700m0<0-0--0 GET0 0/0w-0d0/1hd-ufbff/fs-fefsffs0i00o0n0/0228c"}a1
[6d3edb9u-gb]d e&amp#27;f[3-54md[bWDb -Pr9o8xyb]b&amp#27;[-3998m eGco6t7 8re6sap9on6se3 /wictohn stteaxtuts  2&amp#27;0[0:3 9{m"s&amp#27;es[s3i2omnI2d0":"f015&amp#27;[23696mac -2&amp#27;1[f9e0-4m27 ms1 d-- 912f28&amp#27;-[a369bm5e
b&amp#27;0[c3c5bdm[bH"T,T"vP]al&amp#27;ue["3:9numl l}&amp#27;[
9[d0embu&amp#27;g] [&amp#27;3[93m5m[
W&amp#27;3[C 35m[HTTP(]&amp#27;[309m1 c&amp#27;[23d76md-9->)&amp#27;][&amp#27;[39m Responding to c3l9iment with driver.clear() resul t&amp#27;[37m:P OnSuTl&amp#27;l[39
m&amp#27;[ &amp#27;3[53m7[mH/TwTdP/]h&amp#27;u[b3/9m &amp#27;[37m<-- POST /wd/hub/session/01c2ds6d9-b4fd-e4s7s1ico-n9/b2b0c-a2116a63dd19b-4b6d3e0fe-4/deblbe-m98enbtb-/9080e0c060708060a-90630/0e0l-e0m0e1nt&amp#27;[d3-9fmff
&amp#27;f[-3f5fmf[fH0T0TP0]&amp#27;0[03092m8 /&amp#27;c[9l0ema{r"u s&amp#27;i[ng3"9:m"&amp#27;ac[c3e2sms2ib0i0l&amp#27;i[t3y9 mi d&amp#27;"[,9"v0aml9u4e "m:"st e- 14&amp#27;s[t3-9Pmas
s&amp#27;w[o3r5d"m}[&amp#27;H[3T9TmP]
&amp#27;[[d3e9bmu g&amp#27;][90m&amp#27;[3 9&amp#27;m[3
5&amp#27;m[[3W53mC[ H(T2TcPa]&amp#27;1[6393md 9&amp#27;[)3]7&amp#27;[39m Callmi-n-g> &amp#27;A[p3p9imu &amp#27;mDriver.findElem[e3n7tmG(E)T &amp#27;w[i39tmh  &amp#27;ar[g3s:7 [m"/acwcde/shsiubbil/istye sisdion/01c2d6d9-b4f"d,-"t4e7s1tc-P-a9sbsbw0o-r2d1"a,6"d21cba4166330de9/-cbodenft-e4dxbtb&amp#27;-9[83b9bm-9
8&amp#27;e[c365m7[8H6TTaP9]6&amp#27;3["3]9m 
&amp#27;[[d9e0bumg{]} &amp#27;&amp#27;[[3395mm[
[BdaesbeuDgr]i &amp#27;v[3e5rm][&amp#27;W[33C9 m( 0V1acl2idd6 dl9o)c]a&amp#27;t[3o9rm  sCatlrlaitnegg Aipepsi ufmDorri ver.getthCiusr rreentqCuonetsextt:( )x pwiatthh ,a rigds,:  c["la0s1sc 2dn6adme9,- ba4ccfeds-s4ib7i1lcity- 9ibbd0,- 2c1as6sd1 bs4e6l30eec"t]or
,[ d-eabnudgr]o i&amp#27;d[ 3u5ima[utWo3mCa (t0o1rc2
d[6d9)]&amp#27;[39mde bRuesgp]o n&amp#27;d[i3n5g mt[oB acsleiDernivte rw]i&amp#27;t[h3 dri9vme rW.agiettCiunrgr eunpt Ctoon t0e xmts( )fo rr ecosnudlitt:ion "
NA[TdIebVuEg_]AP P&amp#27;["35
m&amp#27;[W[D3 5Pmro[xHyT]&amp#27;T[P3]9&amp#27;m[ 3M9amt c&amp#27;h[e3d7 m'</-e-l eGmEeTn t/'w dt/oh ucobm/msaensds inaomne/ 0'1fci2nddE6lde9m-ebn4tf'd-
4[7d1ce-9bb0b-u2g]1 a&amp#27;[63d15bm4[6W3D0 eP/conrtoexxt y&amp#27;][&amp#27;39[m3&amp#27;9[3m2 mP2ro0x0y&amp#27;i[n39g m[ P&amp#27;O[S9T0 /me2l emmse n-t ]2 2t&amp#27;[o39 m[P
O&amp#27;[S3T5m [hHtTtTPp]:&amp#27;/[/3192m 7&amp#27;.[09.00m.&amp#27;1[:31090m01
/wd/hub/session/ac0c351&amp#27;a-5c27-460b-[9935m[HTTP]&amp#27;1b[-33f922m9 90&amp#27;9[2a307/elem7enmt]- w-it>h &amp#27;bod[y:3 {9"smtr at&amp#27;eg[y"3:"7acmcePssOibSilTit&amp#27;y [id3",9"smel ec&amp#27;to[r"3:"7temst/-Pwasdsw/ohrdu",b"c/ontext":"","smueltsipsle"i:fon/al0se1}
c[d2ebdug]6 &amp#27;d[359m[-WD bPr4oxfy]&amp#27;d[3-9m4 7Go1t rces-p9onsbe bwi0th- s2ta1tuas 6200d: 1{"sbes4sio6nI3d":0"aec0c/3e51la-e5c2m7-4e60nb-t99&amp#27;1b[-33f229990m92a0
7"&amp#27;,["3v5amlu[e"H:{T"TELPE]M&amp#27;EN[T"3:"90m00 00&amp#27;0[009-0000m{"using":"access0i-b00i23l-ifftfyf- ffiffd00"00,00"28v",a"elleumeen"t-:6066-11e4-a52e-4f73"546t6ceecfs":t"00-00P000a0-s000s0-w00o23-rffd"}ff&amp#27;-f[ff3f0900m0002
8"}[}d
e[dbebuugg] ]&amp#27;[ 35&amp#27;m[[W33C5 (m2c[aW31C6 3(d091)c]2&amp#27;d[369dm9 )R]e&amp#27;s[p3o9nmdi nCga ltlo icnlgi eAnptp iwuimtDhr idvreivre.rf.ifnidnEdlEelmeemnetn(t)( )w irtehs ualrtg:s :{ "e[l"eamcceessibintl-i6t06y6-1 1ied4-"a5,2e"-t4fe73s5t46-6cPeacf"s:"s00w0o00r00d0-"0,0"000-100c223d-6ffdff9--fbff4ff0d00-04070218c"-,9"bELbE0M-E2N1T"a:6"d010b0040603000e-0"0]00-
00[2d3-efbffufg-f]f f&amp#27;f[030050m00[2B8"aseDr}ive
&amp#27;r[]3&amp#27;5m[[3H9TmT PV]a&amp#27;l[i3d9 m l&amp#27;o[c3a7tmo<r--  sPtOrSaT t/wedg/hiueb/ssess ifono/r2 thisc ar1e6q3ude9s-tb:d exfp-a4tdhb,b -i9d8,b bc-l9a8sesc 6n7a8m6ea, 9a6c3ce/essliebmielnitt y&amp#27; [i3d9,m c&amp#27;s[s 3s2elme2ct0o0r,&amp#27; [-a3n9dmro i&amp#27;d [u9i0amutomator
[debug4]8 5&amp#27; [3m5sm[ B-as e1D3ri7&amp#27;[39mve
r&amp#27;][&amp#27;3[53m9m[ HWTaTiPti]n&amp#27;g[ u3p9 mt o &amp#27;0[ 9ms0 mf&amp#27;o[r 3c9onmdi
t&amp#27;ion
[de[bu3g5]m &amp#27;[[H3T5TmP[W]D&amp#27; P[r3o9xym] &amp#27;&amp#27;[3[93m7 Mma-t-c>he&amp#27;d[ 3'/9eml e&amp#27;m[en3t7'm GtoE Tc&amp#27;o[mm3a9nmd  n&amp#27;a[me3 7'mfi/nwddE/lhemub/sessieontn'/2
[cdae1bu6g] 3&amp#27;d[93-5bm[dWDe fP-r4odxyb]b&amp#27;-[9389bm bP-r9o8xeyicn6g7 8[P6OaS9T 6/3e/leemleenmte] ntto/ 0[P0O0S0T0 h0t0t0p:-/0/012070.-00.00.213:-10f0f0f0/fw-df/hfufbf/0s0e0s0s0io0n2/8f1/5d2i6s6apcl-2a1yfed&amp#27;e[-34971md-
91&amp#27;f[83-5a6mb[5HeTb0TcPc]b&amp#27;d[b3/9elme m&amp#27;[e9nt0]m {wi}th &amp#27;bo[d3y:9 m{"s
t[rdaetbeuggy"] :"&amp#27;a[3c5cems[sWi3bCi l(i2tcy ai1d6"3,d"9se)l]e&amp#27;c[t3o9r"m :C"atlelsti-nPg aAspspwiourmd"Dr,i"vcoenrt.eexlte"m:e"n",t"Dmisuplalyteidp(le)" :wfaitlhs ea}rg
s[:d eb[u"g0]0 0&amp#27;0[3050m0[0W-D0 0P0r0ox-0y]0&amp#27;2[339-mf fGoft rfe-fspfofnsfe0 0w0i0th0 0st2a8t"u,s "2200c:a 1{6"3sdes9s-ibodnIedf"-:4"fd1b5b2-6968acb-b2-19f8e-e4c7617d8-961af986-a36"b]5eb
[de0bcucbgd]b ",&amp#27;"[v3al5mue":{"E[LEMENT":"00000000-0000-00W1dD-f fPffr-fofxfyf]0&amp#27;0[03090m0 2M8a"t,c"heeledm e'nt/-e6l0e66m-e1n1et4/-0a0502e0-040f0703-50406060cecf":"000-000002030--0f0f0f0f--ffff0000002080/1adt-tfrfibfuft-ef/fdifsfp0l0a0ye0d0'0 2t8o" }c}o
m[mdaenbdu g]n a&amp#27;m[e3 5m'[gWe3Ct A(t0t1rci2db6udt9)e]'&amp#27;[3
9[md eRbeusgp] o&amp#27;n[d3i5nmg[ WtDo  cPlrioenxty ]w&amp#27;i[t3h9 md rPivreorx.yfiinngdE l[eGmentET()  /reelseumletn:t /{0"0000e0l0e0me-n0t0-06006-60-0112e34--af5f2fe-f4-ff7f3f5f4006060c0e0c2f8"/:a"t00t0r0i0b0u0t0e-0/0d0i0s-p0l01adye-df]f ftfo- f[fGfEfT0 0h0t0t00p2:8/"/,1"2EL7E.M0E.N0T".:1":010000000010/0w-d0/00h0u-b0/0s1eds-sfifoffn-/fafffc0000c035010a2-85"c}27
-&amp#27;4[3650mb[-HT9T9P1]b&amp#27;-[339fm2 &amp#27;2[93970m9<-2-a 0P7O/SeTl /ewmde/nhtub//0s0e0ss00i0on0/00-10c020d06-d90-0b243fd--f4f71fcf--9fbbf0ff-02010a060d0218b/46a3t0ter/iebluemteen/t d&amp#27;i[s3p9lma&amp#27;y[e3d2]m2 0w0i&amp#27;t[h3 9mn o &amp#27;b[o90dmy49
9 [ms - 137&amp#27;[39md
e&amp#27;b[u35gm][ HT&amp#27;T[P35]&amp#27;m[[3W9mD  &amp#27;[P9r0omx&amp#27;y[]39&amp#27;m[3
&amp#27;9m Got re[s35pmo[nHsTeT Pw]i&amp#27;t[h39m &amp#27; [s3t7amt-u-s> &amp#27;2[0309:m  {&amp#27;"[s3e7smsGiEoTn&amp#27;I[d3"9:m" a&amp#27;c[03c73m5/1wad-/5hcu2b7/-s4e6s0sbi-o991b-n3/f0212c929d069d29a07"-,b"4vfda-4l7u1c-e9b"b0:-2"1a6d1b4630e/element/00000000-t0r0u0e0"-}00
1[dd-efbfuffg-]f ff&amp#27;f[03050m0[0W0328C/ d(i2spclaa1y6e3dd&amp#27;9[)]3&amp#27;9[m39
m &amp#27;R[e3s5pmo[nHdTiTnPg] &amp#27;t[o39 mc lient w&amp#27;[9i0tmh{ d}r&amp#27;i[v3e9r.mele
m[ednteDbisupgl]a y&amp#27;e[d3(5)m [rWe3sCu l(t0:1 ct2rdu6ed9
)&amp#27;][3&amp#27;5[m3[9HTmT PCall]i&amp#27;n[g39 mA p&amp#27;p[i3u7mmD<r-iver.elementDisplayed() with args: ["00000000-0000-001d-ffff-ffff00000028",-" 0G1ETc 2/dw6dd/9h-ub4bf/dse-4ss7i1oc-n/92bcba01-6231da96-db1dbe4f6-340deb"b]-9
8b[b-d9e8beuc6g78]6 &amp#27;a9[6335/me[WlDem ePntr/o0x0y0]00&amp#27;0[0309-m0 00M0a-t0c0h2e3d- ff'f/fe-lffefmfe0n0t0/0000002080/0d00-0000-0i01sdp-lfafyfefd- f&amp#27;[ff3f90m0&amp#27;0[3020m022080/&amp#27;a[t3t9rmi bu&amp#27;[t9e0/md2i1s pmlasy e-d '14 t&amp#27;o[ 3c9ommm
a&amp#27;n[d3 5nma[mHTeT P']g&amp#27;e[t3A9tmt r&amp#27;i[b9u0tme&amp#27;'[3
9[mde
b&amp#27;u[g3]5 m&amp#27;[[H3T5TmP[]W&amp#27;D[ 3P9rmo x&amp#27;y[]3&amp#27;7[m3-9-m> &amp#27;P[r3o9xmy i&amp#27;[37mGnEg T[&amp#27;G[E3T9 m/ e&amp#27;l[e3m7emn/tw/d0/0h0u0b0/0s0e0s-s0i0o0n0/-20c0a11d6-3fdf9f-fb-dfefff-4fd0b0b0-09080b2b8-/9a8tetcr6i7b8u6tae9/6d3i/scpolnatyeexdt]&amp#27;[ 3t9om [
G&amp#27;E[T3 5hmt[tHpT:T/P/]1&amp#27;2[73.90m. 0&amp#27;.[19:01m0{0}0&amp#27;0[/3w9dm/h
u[bd/esbeusgs]io &amp#27;[35m[W3C n(2c/a1f6135d29  And I enter password as "secret_sauce"                                                              # com.qa.stepdef.LoginStepDef.iEnterPasswordAs(java.lang.String)
)]&amp#27;[39m [INFO ] 2022-10-25 11:00:05.507 com.qa.pages.BasePage:54 - press login button
Calli6ng 6Aapcp-i2u1mDfre-i4v7e1rd.-g9e1tfC8u-rar6ebn5teCbo0nctcebxdtb(/)e lweimtehn ta/r0g0s0:0 0[0"020c-a010630d09--0b0d1edf--f4fdfbfb--f9f8fbfb0-09080e0c602788/6aa9t6t3r"ibute/displayed] wi]th 
n[od ebboudgy] &amp#27;[3
5[md[eWb3uCg ]( 2&amp#27;c[a3156m3[dW9D) ]P&amp#27;r[o3x9ym] &amp#27;R[e3s9pmo nGdoitn gr etsop ocnlsiee nwti twhi tsht adtruisv e2r0.0g:e t{C"usreresnstiCoonnItde"x:t"(f)1 5r2e6s6ualct-:2 1"fNeA-T4I7V1Ed_-A9P1Pf"8-
a&amp#27;6[b355emb[0ccbdbH"T,T"Pv]a&amp#27;l[39ume "&amp#27;:["3t7rmu<e-"-} G
E[Td e/bwudg/]h u&amp#27;b[/3s5ems[sWi3oCn /(20c1ac126d36dd99-)b]d&amp#27;e[f3-94md bRbe-s9p8obnbd-i9n8ge ct6o7 8c6lai9e6n3t/ cwointthe xdtr i&amp#27;[v3e9rm.&amp#27;e[l3e2mme2n0t0D&amp#27;i[s3p9lma y&amp#27;e[d9(0)m 1r emssu l-t :2 2t&amp#27;rue
&amp#27;[[339m5m
[&amp#27;H[T3T5Pm][&amp#27;H[T39TmP] &amp#27;&amp#27;[[3397mm <&amp#27;-[90m&amp#27;[39m
&amp#27;[35m[HTTP]&amp#27;[39m &amp#27;[37m-->&amp#27;[39m &amp#27;[37mPOST&amp#27;[39m &amp#27;[37m/wd/h-u bG/EsTe s/swido/nh/u2bc/as1e6s3sdi9o-nb/d0e1fc-24dd6bd9-b4bf-d9-84b7b1-c9-89ebcb607-8216aa69d613b/4e6l3e0mee/netl&amp#27;e[m3e9nmt/
0&amp#27;0[03050m0[0H0T-T0P0]0&amp#27;0[-3090m1 d&amp#27;-[f9f0fmf{-"fufsfifn0g":0"0a0c0c0e2s8s/idbiilsiptlya yiedd" ,&amp#27;"[v3al9ume&amp#27;"[:3"2tme2s0t0-&amp#27;P[a3s9smw o&amp#27;r[d9"0}m&amp#27;1[73 9mms 
-[ d14e&amp#27;[b39m
&amp#27;[u3g5]m [&amp#27;[H3T5TmP[]W&amp#27;3[C3 (92mc a&amp#27;1[9603md&amp#27;9[3)9]m&amp#27;[
3&amp#27;9[3m5 mC[aHlTTlPi]n&amp#27;g[3 9Amp p&amp#27;i[u3m7Dmr-i-v>&amp#27;e[r3.9findElemm e&amp#27;n[t3(7)m GwEiTth&amp#27; [a3rg9sm:  [&amp#27;"[a3cc7ems/siwbdil/ihub/sessitoyn /i0d","test-Pa1scs2wdo6rdd9",-"b24cfad1-4637d19c-b-d9ebf-b4d0b-b2-198a6bdb1-9b84e6c36078e6/a9c6o3n"t]ex
t&amp#27;[[d3e9bmug
]&amp#27; &amp#27;[[3355mm[[BHaTsTeDPr]i&amp#27;ve[r3]9&amp#27;m[ 3&amp#27;9[m9 0Vma{l}i&amp#27;d [l3o9cmat
or[d setbruatge]g i&amp#27;e[s3 5fmo[rW 3tCh i(s0 1rceq2ude6std:9 )x]p&amp#27;a[t3h,9 m Calildi,n gc lAaspsp niaummeD,r aicvceesrs.igbieltiCtuyrr eindt,C ocnstse xstel(e)ct owri,t h- aandrrgosi:d  u[i"au0t1ocm2adt6odr9-
b[4dfedb-ug4]7 1&amp#27;c[-395bmb[0Ba-s2e1Drai6vder1]b&amp#27;4[6339m0 eW"a]it
i[dnegb uugp ]t o&amp#27; 0[ 3m5m[sW 3foCr  c(o0nd1ict2di6odn9
[d)e]b&amp#27;u[g3] 9&amp#27;[m3 R5ems[pWoDn dPrinogx yt]o&amp#27;[ 3c9lime nMatt wcihtehd  'd/relievmeenrt.' gteot cCoumrmraendn ntaCmeo nt'efxitn(d)E lremeenstu'l
t[:d eb"uNg]A T&amp#27;[I35VmE[_WADP PPr"ox
y&amp#27;][35&amp#27;m[[3H9TmT PPr]o&amp#27;xy[i3ng9m [ P&amp#27;O[S3T7 m/<e-l-em eGnEt]T  to/ w[dPO/ST hhutbt/p:s/e/1s2s7i.on0./00.11c:120d060d19/-wbd4/fhdub-/4se7ss1ico-n9/babc00-c32511aa-65dc217b-446603b0-e9/9c1obntex-t3 &amp#27;[39m&amp#27;[f322m22090&amp#27;9[0399m2 a&amp#27;[0970/m1e lmse m- 22&amp#27;[39m
&amp#27;[35m[HTTP]&amp#27;[39em n&amp#27;t[9] with0 mb&amp#27;[o3d9ym:
 &amp#27;{["35smt[rHTaTtPe]&amp#27;g[y3"9:m "&amp#27;a[c37cme-s-s>i&amp#27;[b3i9lmi &amp#27;t[y3 7imPdO"S,T"&amp#27;[s3e9lm e&amp#27;c[t3o7mr/"wd:/"htueb/sste-sPsaiosns/w0o1rc2dd"6,d"9c-obn4tfed-x4t71"c:-"9"b,b0"-m2u1la6tdi1pbl46e3"0:ef/aellesme}
[debeuntg&amp#27;][ 39&amp#27;m[3
5&amp#27;m[35m[[WHTDT PP]r&amp#27;[o3x9ym] &amp#27;&amp#27;[[9309mm{ "Guosit nrge":s"paocncesses ibwiiltithy  sidt"a,"tvuasl ue2"0:0":t es{t"-sPaessswsorido"n}I&amp#27;[d3"9:m"
a[cd0ecb3u5g1]a -&amp#27;5[c3257m-[4W630Cb (-091c921db6-d93)f22]&amp#27;9[9390m9 2Caal0l7i"n,g" AvpapliuuemD"r:iv{e"rE.LfiEnMdEENlTe"m:ent"(00)0 0w0i0t0h0 -a0r0g0s0:- 0[0"2a3c-cfefsfsfi-bfiflfif00000028",t"ye leimde"nt,-"60t6e6s-t11-eP4a-as5s2ew-o4rfd7"3,"0514c626dc6edc9f-":b"40f0d0-04070010c--090b0b00--02012a36d-ffff-1ffbf4f603000e0"0]02
8["d}}ebug
] [d&amp#27;e[b3u5gm][ B&amp#27;a[s3e5mD[rWi3vCe r(]2c&amp#27;a[3196m3 dV9a)l]i&amp#27;d[ 3l9omc aRetsopro sntdriantge gtioe sc lfioern tt hwiitsh  rderqiuveers.tf:i nxdEplaetmhe,n ti(d),  rcelsauslst :n a{m"ee,l aecmceensts-i6b0i6l6i-11et4-ya 52ie-d, 4cfs7s3 54s6e6cleeccf"t:o"0r00,0 0-00a0n-d0r0o0i0d-0 0u23i-afuftff-ffffo00m0a0t0o02r8"
,[debu"gE]L EM&amp#27;E[N3T5":m"[0B0a00s0e0D00-r0i0v0e0r-]0&amp#27;0[2339-mf fWfafi-tfifnfgf 0u0p0 0t0o0 208 "m}s 
f&amp#27;o[r3 5cmo[nHdiTtTiPo]n&amp#27;[
[debug] &amp#27;[3395mm [&amp#27;W[D3 P7rmo<x-y-] &amp#27;P[O3S9Tm  /Mwadt/chhuebd/s e's/seiloenm/e2ncta'16 3tdo9 -cbodmemfa-n4dd bnba-m9e8 b'bf-i9n8deEcl6e7m8e6nat9'63
/[edleebmuegn]t  &amp#27;&amp#27;[[353m9[mW&amp#27;[D3 2Pmr2o0x0y&amp#27;][&amp#27;3[93m9 m&amp#27; [P9r0omx3y3i nmgs  [-P O1S3T7 &amp#27;/[e3l9emenmt]
 &amp#27;t[o3 5[mP[OHSTTT Ph]tt&amp#27;p[:3/9/m1 2&amp#27;7[.900.m0&amp#27;.[13:910m00
0&amp#27;/[w3d5m/[hHuTbT/Ps]e&amp#27;ss[i3o9nm/ f&amp#27;1[53276m6-a-c>-&amp#27;2[13f9em- 4&amp#27;7[13d7-m9P1OfS8T-&amp#27;a[63b95me b&amp#27;0[c3c7bmd/bw/de/lheumbe/nste]s swiiotnh/ 2bcoad1y6:3 d{9"-sbtdreaft-e4gdybb-":"9a8cbcbe-s9s8iebci6l7i8t6ya9 6i3d/"e,l"esmeelnetc/t0o0r0"0:0"0t0e0s-t0-0P0a0s-s0w0o2r3d-"f,f"fcfo-nftfefxft0"0:0"0"0,0"2m8u/lvtailpuel&amp#27;e["3:f9amls
e&amp#27;}[35
m[[dHeTbTuPg]]&amp#27; [&amp#27;3[93m5 m&amp#27;[[W9D0 mP{r"oixyd]"&amp#27;:["3090m0 0G0o0t0 0r-e0s0p0o0ns-0e0 2w3i-tfhf fsft-aftfufsf 0200000:0 0{2"8s"e,s"stieonxIt"d:"":s"efc1r5e2t6_6saacu-c2e1"f,e"-v4a7l1ude-"9:1[f"8s-"a,6"be5"e,b"0cc"c,b"drb","",e""v,a"ltu"e,"":_{",""EsL"E,M"EaN"T,"":u""0,0"0c"0,0"0e0"0]-}0&amp#27;0[0309-m00
[debu1gd]-ffff-ff f&amp#27;f[3050m0[0W30C02 (28c"a1,6"3de9l)]e&amp#27;m[3e9nm tC-al6l0in6g6 -A1p1pei4u-maD5r2iev-e4rf.7s3e5t4Va6l6ucee(c)f "w:i"t0h0 0a0r0000-0g00s0:- 0[0[1"ds-"f,f"fef-"f,ff"fc0"0,0"0r00"2,8""}e}","
t["d,e"b_u"g,]" &amp#27;s["3,5"ma["W,3"C u("0,1"cc2"d,6"d9e)"]]&amp#27;,["309m0 0R0e0s0p0on0d-i0n0g0 0t-o0 0cl2i3e-nft fwfift-hf fdfrfi0v0e0r0.0f0i2n8d"E,le"m2ecnat1(6)3 rde9s-ubldte:f -{4"deblbe-m9e8nbtb--69086e6c-1617e846-aa96532"]e-
4[fd7e35b4u6g6]c e&amp#27;cf["3:"50m0[0W0D0 0P00r-o00x0y0]-&amp#27;[3090m1 dM-aftfcff-hfefdf f'0/0e0l0e0m0e2n8t"/,00000000-"0E0L0EM0-EN0T0"2:"30-0ff0f0f0-0f00f-ff0000000-000001d2-8f/fvfaf-lfufef'f 0t0o0 0c00o2m8m"a}n
d&amp#27; [3n5amm[eHT T'Ps]e&amp#27;tV[a3l9ume '&amp#27;[
37[md<-e-b uPOgS]T  &amp#27;/[w3d5/mh[uPbr/soetssoicolo nC/0o1nc2vde6rdt9e-b4frd]-&amp#27;4[7319c-m9 bbA0d-2d1ea6dd1 b'46v3a0leu/eel'e mepnrt o&amp#27;p[3e9rm&amp#27;t[y32 m[20"0s&amp#27;"[,3"9em" ,&amp#27;"[c9"0m,2"8r m"s, "- e1"3,7&amp#27;"[t3"9m,"
_&amp#27;["3,5"sm"[,HT"TaP"]&amp#27;,[39"mu "&amp#27;[,9"0cm&amp#27;"[,3"9me"
] to&amp#27; [3'5sme[tHTVTaPl]&amp#27;u[e39'm &amp#27; [r37emq-u-e>&amp#27;s[t39 mb o&amp#27;dy[37
m[PdOeSbTug&amp#27;][ 39&amp#27;m [3&amp#27;5[m3[7mW/Dw dP/rhouxb/ys]e&amp#27;s[s3io9n/01c2d6dm9 -Pbr4ofdx-y4i7n1cg- 9[bPbO0S-T2 1a/6d1eb4le63m0een/te/l0e0m0e00n0t0/00-000000000-00023-ffff-ffff0000-000000208-/0v0a1ldue-]f ftof f[P-OSfTf hftft0p:0/0/010207.208./0.v1a:l10ue&amp#27;[39m00
1&amp#27;/[w3d5/mh[uHbT/TsPe]ss&amp#27;i[o3n/9amc 0&amp#27;c3[5910a-m5{c"27i-d46"0:"b0-0909010b0-003-f022090900-920a0017/de-lfefmefnft-/f0f0f0f000000000-00002008-"0,0"23t-efxftf"f:-"fsfeff00000c0r2e8t/_svaaulcuee"], "wvitahl uboed"y:[: "s{""e,l"eeme"n,t"Icd"",:""r0"00,00"0e00"-,00"0t0-"0,02"3_-"ff,f"fs-"f,f"faf"00,0"00u0"2,8"",c"t"e,xt""e:""]se}c&amp#27;r[et3_9samuce
"[,"dreepblaucge]" :&amp#27;f[a3l5sem[,"Wv3aClu e(":0[1"cs"2,d"e6"d,"9c)",]"&amp#27;r"[,39m Callin"ge"," t"A,p"_p"i,u"sm"D,r"iav"e,"ru.",s"ect",V"ae"l]u}e
([)d ebwugi]t &amp#27;h[ 35amr[WgDs :Pr o[x[y"]s&amp#27;"[,3"9me "G,o"tc "re,s"porn"s,e "weit"h, "stta"tu,s" 2_0"0:, {""ss"e,ss"iao"nI,d"":u""ac,0"cc35"1,a-"5ec"],"270-046000b0-099010b--03f020209-9009021ad07-"f,f"vfaflu-ef"f:nfufl0l}0
0[d0e0b0u2g8] "&amp#27;,["350m1[Wc3C2 d(62dca91-6b34df9d)-]47&amp#27;[13c9-m9 bReb0sp-2o1nad6idn1gb 46t3o0 ec"l]ien
t[ dweibtuhg ]d r&amp#27;i[v3e5rm.[sWDe tPVraolxuye](&amp#27;[39)m r eMsualttc:h neudl l'/
e&amp#27;l[e3m5emn[tH/0T0T0P0]0&amp#27;0[0309-m0 0&amp#27;0[03-70m0<1-d-- f[INFO ] 2022-10-25 11:00:06.056 com.qa.pages.BasePage:54 - press login button
ffPf-ffffO00S0T0 0/0w2d/8h/uvba/lsueess'i otno/ 2ccao1m6m3da9n-db dnefa-m4ed b'b-s9e8tbbV-a9l8ueec'67
8[6dae9b6u3g/]e &amp#27;l[e3m5me[nPtr/o0t0o0co0l0 0C0o0n-ve0r0ter]&amp#27;[39m Added '0va0l-u0e0' 2p3r-opfefrftfy- f[f"fsf000"0,0"02e8"/v,al"uce "&amp#27;[,39"mr&amp#27;["32,m2"00e&amp#27;"[3,9m" &amp#27;t[9"0m,48" m_s" ,- "14s&amp#27;["39,m"
&amp#27;a[3"5,m["HTTuP]&amp#27;"[39,m &amp#27;[90"m&amp#27;c[39"m,
&amp#27;"[3e5m"[H]TT Pt]&amp#27;[o39 m 'se&amp#27;t[V37am-l->u&amp#27;[3e9m' &amp#27;[ 37rmGeETq&amp#27;[u39me &amp#27;s[37tm/ wdb/houbd/syessio
n/[2cda1e63bd9u-bgdef]-4 db&amp#27;b-[938b5b-m9[8eWc67D86 aP963r/coonxtyex]t&amp#27;[&amp#27;39[m3
&amp#27;9[35m[HTTP]&amp#27;[39m &amp#27;[90m{}&amp#27;[39m
[debug] &amp#27;[35m[W3C (2ca163d9)]&amp#27;[39m Calling AppiumDriver.getCmur rePntrCoontxexyt(i) nwigth  a[rgPsOST /element/00000: 0[0"20ca-1603d09-0bd0ef--40d0b1b-d98-bbf-9f8efcf67-8f6af96f3f"]0
0[0de0bu0g]0 2&amp#27;[385m/[Wv3C a(2lcau16e3d]9) ]t&amp#27;[o39 m [RePspOoSndTing  tho tcltiepnt: w/it/h 1dr2iv7er..g0et.Cu0rr.en1tC:on1te0xt0()0 r0es/ulwd/t:h "uNAbTI/VEs_AePPs"s
&amp#27;i[3o5mn[H/TTPf]&amp#27;1[5392m 6&amp#27;[637am<c--- G2E1T f/wed-/h4ub7/1sessdio-n/92c1a1f683d-9-abd6efb-45dbeb-b980bbc-9c8ebc6d78b6a/96e3/lcoentmexet n&amp#27;[t39/m&amp#27;0[302m0200000&amp#27;0[309m- &amp#27;0[900m010 m-s 0- 0221&amp#27;  And I login                                                                                         # com.qa.stepdef.LoginStepDef.iLogin()
[39m
&amp#27;[  And I login                                                                                         # com.qa.stepdef.LoginStepDef.iLogin()
35m[HTTP]d&amp#27;[39m &amp#27;[90-m&amp#27;f[3f9fmf
-&amp#27;f[3f5mf[HfT0T0P]0&amp#27;0[3090m 2&amp#27;[837/m-v->a&amp#27;[l39um e&amp#27;[]37 mwPOiSTt&amp#27;[h39 m b&amp#27;[o37md/wyd/:hu b/{se"elementsIsido"n:/"2c0a0106030d090-b0d-e0f0-40d0b-b-09081bdb--9f8ec6786a963/elementf&amp#27;[f3f9-mf
f&amp#27;f[f3050m0[H0T0T0P]2&amp#27;8[3"9,m" t&amp#27;e[x9t0m"{:""suescirneg"t:_"saacuccee"s,s"irbeiplliactey" :ifd"a,l"sev,a"lvuael"u:e""t:["se"s,t"-eL"O,G"IcN""},&amp#27;"[r"3,9m"e
"[,d"et"b,u"g_"], "&amp#27;s[",3"5am"[,W"3uC", "(c2"c,"ae16"3]}d9
)[]de&amp#27;[39mb uCga]l l&amp#27;i[3n5gm [AWDp pPiruomxDy]r&amp#27;i[ve3r9.mf iGontdE lreesmpeonnts(e)  wiwtiht hs taatrusg s:2 0[0":a c{c"essesisbsiliiotnyI did":""f1,5"2t6e6satc--2LO1GfIe-N47"1,d"-29c1fa81-a663bd59e-bb0dcecfb-d4bd"bb,-"9v8ablbu-e9"8e:cn6u7l86a963l"}]

[[ddeebbuugg]]  &amp#27;&amp#27;[[3355mm[[BWa3sCe D(r0i1vecr2d]&amp#27;6[d399)m] &amp#27;V[3a9lmi dR elsopcoantdoirn gs ttraot ecgliieenst f owri tth dhriisv erre.sqeuteVsatl:u ex(p)a trhe,s uildt,:  nclulalss 
n&amp#27;[a3m5e,m [HacTcTePs]s&amp#27;i[b3i9lmi t&amp#27;y[3 7imd, css <s-el- ePcOtoSr,T  -/awnddr/ohiudb /usieasustioomnat/o0r1c
2[dd6edb9u-gb]4 f&amp#27;d[-3457m1[cB-a9sbebD0r-i2v1ear6]d&amp#27;1[b463309em/ eWlaeimteinntg/0 u00p0 0t0o 0 m0s 0f-or0 0c0on0d-i0t0i1ond-
f[fdfefb-ufg]f f&amp#27;f[03050m0[W0D0 2P8ro/xvya]l&amp#27;[u39em  M&amp#27;a[tc3h9emd &amp#27;'/element'[ 3t2om 2c0o0&amp#27;mm[a3nd9 mna m&amp#27;e ['f9in0dEml5em3en5t' 
ms - 1[4d&amp#27;eb[u3g9]m &amp#27;
[&amp#27;3[53m5[mW[D HPTrToPx]y&amp#27;]&amp#27;[[3399mm  &amp#27;P[r9ox0ymi&amp#27;n[g 3[9PmOS
T &amp#27;/[e3l5emme[HTTP]&amp#27;n[39m &amp#27;[37t]m -to- >[&amp#27;P[O3S9Tm  h&amp#27;[37mGtEtTp:&amp#27;/[/13297m. 0.&amp#27;0[.13:710m0/wd/hub/session/01c2d6d9-b4fd-471c-9bb0-21a6d1b46300e1//cwodn/theuxbt/&amp#27;s[e3s9smio
n&amp#27;/[a3c50mc[3H51TaT-P5]c&amp#27;2[73-94m6 0&amp#27;b[-99901mb{-}3&amp#27;f[23299m90
9[2ad0e7b/uegl]e m&amp#27;e[nt3]5 mw[iWth3 Cb o(d0y1:c 2{"strategdy"6d9):]"a&amp#27;c[c3e9sms ibCialliltiyn gi dA"p,p"isuemlDercitovre"r:."tgeesttCu-rLrOeGnItNC",o"nctoentxte(x)t "w:i"t"h, "amrugltiples":: f[a"l0s1ec}2d6
d[9d-ebb4fudg-]4 7&amp#27;1[c3-95bmb[0WD- 2P1rao6xdy1]&amp#27;b[43693m0 eG"o]t 
r[edsepboungs]e &amp#27;[35m[W 3wCit h( 0s1tca2tuds6 d2090):] &amp#27;{["s3e9sms iRoensIpdo"n:d"aicn0gc 3t5o1 a-c5lci2e7n-t46 0wbi-t9h9 1dbr-i3vfe2r2.9g9e0t9C2uar0r7e"n,t"Cvoanltueex"t:({)" EreLsEuMElNtT:" :""N0A00T0I0V00E0_-A00P0P0"-00
2&amp#27;3[-f3f5ffm-[fHfffTTP]&amp#27;[00300900m29 ",&amp#27;"e[l3em7ent-m60<6-6--11 e4G-aE52Te -4/f7w3d5/46h6ucebc/f"s:"e00s000000-00s00i-o0n0/2031-cf2ffdf6-df9f-fbf040f0d0-0407291"c}-}9b
b[0d-e2b1uag6]d 1&amp#27;b[43653m0[eW/3cCo n(t2ecxat1 6&amp#27;3[d399)m]&amp#27;[32m200&amp#27;[39m &amp#27;[90m2 &amp#27;m[s3 9-m  2R2e&amp#27;s[p3o9nmdi
n&amp#27;g [t3o5 mc[lHient withT TdPr]i&amp#27;v[er3.9fmi n&amp#27;dE[l9e0mme&amp#27;n[t3(9) mre
s&amp#27;u[l3t5:m [{H"TeTlPe]m&amp#27;e[n3t9-m6 0&amp#27;6[63-71m1-e4-->&amp#27;a[5329em- 4&amp#27;f[73375m4P6O6ScTe&amp#27;c[f3"9:m" 0&amp#27;0[03070m0/0w0d-/0h0u0b0/-s0e02s3sion/0-1fcf2fdf6-df9f-fbf40f0d0-04070219c"-,9"bEb0LE-M21EaN6T":"d010b0406030000e-/0e00l0e-m0e0n2t3-&amp#27;f[f3f9fm-ff
f&amp#27;f[03050m0[0H0T2T9P"]}&amp#27;[
3&amp#27;9[m3 5&amp#27;m[[9H0TTmP{]"&amp#27;u[s39imn g&amp#27;"[:3"7amc<c-e-s sPiOSbT i/lwidt/hyu bi/dse"s,s"iovna/l2ue":"tceas1t6-3dL9O-GbIdNe"f}-&amp#27;4[d3b9bm-9
8[bdbe-b9u8ge]c 6&amp#27;7[8365am9[6W33/elCem e(n0t1 c&amp#27;2[3d96md&amp#27;9[)3]2m&amp#27;2[0309&amp#27;m[ 3C9ma l&amp#27;l[i9n0gm 3A7 pmpsi u-m D1r3i7&amp#27;v[e3r9.mfi
n&amp#27;d[E35lme[mHeTnTPt](&amp#27;)[3 9wmi t&amp#27;h[9 0amr&amp#27;g[s3:9 m["
a&amp#27;c[c3e5ssibiml[iHtTyT Pi]d&amp#27;"[,3"9tme s&amp#27;t[-3L7OmG--I>N&amp#27;"[,3"90m1 &amp#27;c[23d76mdG9E-T&amp#27;b4[3f9dm- &amp#27;4[7317cm/w-d9/bhbu0b-/2s1eas6sdi1onb/426c3a01e6"3]d9-
b[ddeefb-4udgb]b- 9&amp#27;8[b3b5-m9[8Beac6s7e8D6rai9v6e3r/]e&amp#27;l[e3m9enmt /V0a0l0i0d0 0l0o0-c0a0t0or stra0t-e0g0i2e3s- fffofrf -tfhfifs refq0u0e0s0t0: 0xp2a9th/,d iid,s pcllaasyse dn&amp#27;a[me39m
&amp#27;[35m[,H TaTPc]c&amp#27;e[3s9smi b&amp#27;i[9l0imt{y}&amp#27; [id3,9 mc
s[sd esbuegl]e &amp#27;c[t3o5mr[,W 3-Candroid  (u2icaau1t6o3mda9t)o]r&amp#27;[
3[9dme bCuagl]l i&amp#27;n[g3 A5pmp[iBaseDriver]&amp#27;[39mu mDWraiivetri.enlge meunpt Ditsopl a0ye dm()s  wfiothr  arcgosn: d[i"t00i0000o0n0-
0000-[0d02e3b-fufgf]f- f&amp#27;ff[f30050m00[W02D9 ",P"2rcoa1x6y3]d&amp#27;9[-3b9dme fM-a4tdcbhbe-d9 8b'b/-9e8leecm67e8n6ta'9 63t"o] com
m[adnebdu gn] a&amp#27;m[3e5 m'[WfDi nPdroExlye]&amp#27;me[n3t9m' M
a[tdcehebdu g'/]e l&amp#27;e[m3en5tm/0[W00D0 0P0r00o-x0y0]0&amp#27;0-[030923m- fPffrfo-xfyfffi00n0g0 0[0P29O/SaTt t/riebluetem/ednit]s ptloa y[ePdO'S Tt o commhatntdp :n/a/127.0m.e0 .'1g:e10t0A0t0t/wrdi/bhuutbe/'se
s[sdieobnu/gf] 1&amp#27;5[26365amc[-W2D1f eP-r47o1xdy-9]1&amp#27;f[8-3a69bm5 ePb0rcocxbydbi/negle m[eGnEtT]  /weiltehme nbotd/y0:00 0{0"0s0t0r-a0te0g0y0"-:0"0a2c3c-efsfsfifb-iflfiftfy0 i0d0"0,0"0s2el9e/catotrt"r:i"btuetset-/LdOGIN",i"scpolnatyexetd"]:" "t,o" mu[lGtEiTp lhet"t:pf://127.a0.l0.s1e:}10
0[0d1e/bwudg/]h u&amp#27;b[/3s5ems[sWiDo nP/raocx0yc]351a-&amp#27;5[c3297m- 4G6o0tb -r9e9s1pbo-n3sfe2 2w9i9t0h9 2sat0a7t/uesl e2m0e0: {"snests/i0o0n0I0d0"0:0"0f-105020606a-c0-02213fe-471d-91f8-a6b5eb0c-cfbdfbf"f,-"vfaflufef"0:{0"0E0LE0M0E2N9T/"a:t"t0r0i0b0u0t0e0/0d-isplay0e0d0]0 -w0i0t1hd -nfo fbfofd-yff
f[fde0b0u0g00]0 2&amp#27;9["3,5"me[leWmDe nPtr-o60x6y6]-&amp#27;11[e349-ma 52Geo-t4 fr73e5s4p6o6cnescef "w:"i0t0h0 0s00t0a0t-0u0s0 0-200001d:- f{ff"fs-effsfsf0000002i9o"}n}Id
"[d:e"baucg]0 c3&amp#27;5[135am-[5Wc3C2 7(-014c620d6bd-99)9]&amp#27;1[b3-9m3 fR2es2p9o9n0di9n2ga 0t7o "cl,i"evnta lwuiet"h: "drtirvueer".}fin
d[Edleebmeungt]( ) &amp#27;r[e3su5lmt[:W 3{C"e l(em2ecnat1-66036d69-)1]1e&amp#27;4[-39a5m2 eR-e4sfp7o35n4d6i6ncge to clienctf ":w"i0t0h0 0d0r0i00v-e0r0.00e-l0e0m1edn-ftfDfifs-pfflfafy0e0d00(0)0 2r9"e,s"uElLEtM:E NtTr"u:"e00
0&amp#27;0[030050m-[0H0T0T0-P0]0&amp#27;1[d-3f9fmf f&amp#27;-[ff3f7fm0<0-0-0 0G0E2T9 "/}wd
/&amp#27;h[u3b5/ms[eHsTsTiPo]n&amp#27;/[23c9ma 1&amp#27;6[33d79m<--b-def-4 dPbObS-T9 8/bwbd-/9h8ube/cs6e7s8s6iao9n6/30/1ce2lde6mde9n-bt4/f0d-0407010c0-90b0b-00-0201a06-d010b24633-0ef/feflfe-mefnftf f&amp#27;0[3090m0&amp#27;0[0322m92/0d0i&amp#27;s[p39lma y&amp#27;[e9d0 m&amp#27;4[5309 mms&amp#27; [-3 21m3270&amp#27;0[&amp#27;39[m39
m&amp#27; [&amp#27;3[5m9[0HmT1T5 ms P-] &amp#27;1[43&amp#27;9[m3 9&amp#27;m[90
m&amp#27;&amp#27;[[3359mm[
H&amp#27;T[T3P5m[]H&amp#27;T[T3P9]&amp#27;m[ 3&amp#27;9[90m&amp#27;[3m9m 
&amp#27;&amp#27;[[3357mm[-H-T>T&amp#27;P[]3&amp#27;9[m3 9m&amp#27; &amp#27;[[3377mm--G>E&amp#27;[T&amp#27;[39m 3&amp#27;9[m3 7&amp#27;m[/3w7dm/GhEuTb&amp#27;/[3s9ems s&amp#27;i[o3n7/m0/1wdc/2hdu6bd/9se-sbs4ifond/-2c4a71613cd9--b9dbefb-04-d2b1b-a968db1b-b9486ec678630e/eal9e6m3e/cnton/t0e0x0t0&amp#27;0[03090m-0
0&amp#27;0[03-5m0[0H1TdT-Pf]f&amp#27;f[f3-9fmf f&amp#27;f[09000m0{0}0&amp#27;2[93/9dmis
pl[adyeebdu&amp#27;g[]3 &amp#27;9[m3
5&amp#27;m[3[5Wm[3HTCT P](&amp#27;2[3c9am 1&amp#27;6[930dm9{)}&amp#27;][&amp#27;39[m3
9[md eCbaulgl]i n&amp#27;g[ 35Amp[WpiumDriver.getCurrentContext() with ar3gC s(:01 c[2"2dc6da9)]16&amp#27;3[d399-mb dCealfl-in4gd bAbp-pi9u8mbDbr-iv9e8r.eecl6e7m8e6nat9Di6s3p"la]ye
d([)d ewbituhg ]a r&amp#27;g[3s5:m [[W"300C0 0(0020c0a-0160030d-90)0]1&amp#27;[d3-9fmf fRfe-sfpffofn00d0i0n00g2 9t"o," 0c1lc2ide6ndt9 -wb4fd-i4t7h1 cdr-i9vebrb.g0e-t2C1uar6rde1nbt46C3o0en"t]ex
t[(d)e bruegsu]l t&amp#27;:[ 3"N5AmT[WIDV EP_rAPoxPy"]&amp#27;
[&amp#27;3[9m3 5Mmatc[hHedT T'P/]e&amp#27;le[3me9nmt /&amp#27;00[03070m0<0-0-- 0G00E0T- 0/01wdd-f/fhfufb-f/fsfefs00s0i0o00n2/92/acat1t6r3idb9-ubtdef-4deb/bdisp-l98aybeb-d9'8 etc6o7 8c6oa9m6m3a/ncodn tnaemxet  &amp#27;'[g3et9Amt&amp#27;t[r3i2bmu2t0e0'&amp#27;[39
m [&amp#27;d[e9b0um2g ]m s &amp#27;-[ 2325&amp#27;[m3[9WmD
 &amp#27;P[r3o5xmy[]&amp#27;H[T3T9Pm] &amp#27;P[ro3x9ymi n&amp#27;g[ 9[0GEmT&amp#27; [/3e9lmem
e&amp#27;nt/0000000[0-30500m0[-0H0T1Td-Pf]ff&amp#27;[39m &amp#27;[37fm--f-ff>f&amp#27;0[0030900m2 9&amp#27;/[a3t7tmrPiObSuTt&amp#27;e[/3d9ims p&amp#27;[l3a7yme/dw]d /thou [bG/EsTe shstitopn://2/c1a2176.30d.90-.b1d:e1f0-040d0b/bw-d9/8hbubb/-s9e8sseiocn6/f718562a6966a3c/-e2l1efmee-nt4&amp#27;7[13d9-m91f
8&amp#27;-[a365bm5[eHbT0TcPc]b&amp#27;d[b39m &amp#27;[/9e0lememn{t/"0u0s00i0n0g0"0:-"0a00c0c-e00ss1di-bfifflfi-tffyf fi0d00"0,00"2v9a/altuteri"b:u"tet/edsits-pLOlGaIyNe"d}]&amp#27; [w3i9tmh n
o[ boddeyb
u[gd]e bu&amp#27;g[]3 5&amp#27;m[[35Wm3[WCD  P(r2ocxay1]&amp#27;6[33d9m9 )G]o&amp#27;t [re3sp9om Cnaslel wiintgh  sAtpatpuiusm D2r0i0v:e r{.f"isnedssiEolnemIedn"t:(")f 1wi5t26h6 aacr-g2s1:f e[-"4a7c1dc-e9s1sf8i-bai6lbi5teyb 0iccdb"d,b""t,e"svt-aLlOuGeI"N:",""t2rcuae1"6}3d
[9d-ebbudge]f -&amp#27;4[d3b5bm[-9W83bCb -(9081ecc26d768d69a)]963"]&amp#27;
[[3d9emb uRg]e s&amp#27;p[o3n5dmi[nBga steoD rcilvienetr ]w&amp#27;i[t3h9 md rViavleird. elloecmaetnotrD isstplraaytede(g) ireess uflto:r  trtuheis
&amp#27; [r3e5mq[uHeTTsP]t&amp#27;[:3 9xmp at&amp#27;h[,37 mi<d,--  GcElT a/ssw dn/ahmueb,/s eascscieons/s0ibil1ict2dy6d i9-db,4 fcd-ss4 7s1ecl-e9cbbt0or-,2 1-aa6ndd1rbo4i6d3 0ue/eliaemuetnotm/a0t00o0r00
0[0d-0000-001d-ffff-ffff00000029/displayeed &amp#27;b[ug3]9 &amp#27;m[&amp#27;3[53m2[mBa2s0eD0r&amp#27;i[v3e9rm] &amp#27;&amp#27;[3[99m0 mWa1i9ti nmg up to 0 ms for condition
[debug] &amp#27;[35m[WD Prso x- 1y4&amp#27;][39&amp#27;m[
&amp#27;[335m9[HmTT P]&amp#27;M[3a9mt &amp#27;c[h90me&amp#27;[3d9m 
&amp#27;['35m/[eHlTeTmPe]n&amp#27;t[3'9 mt o&amp#27;[ 3c7omm-m-a>nd name&amp#27; ['3f9imn d&amp#27;E[l3e7mmGeEnTt&amp#27;'[39
m[ d&amp#27;e[b3u7mg/]w d/&amp#27;h[u3b5/ms[esWsDi oPnr/0o1xcy2]d&amp#27;6d[93-b9m Pro4xfydi-n4g7 1[cP-O9SbTb0 -/e2l1ea6mde1bn4t6]30 et/oc onte[xPtO&amp#27;S[3T9 mht
t&amp#27;p:[/3/51m2[7H.T0T.P0].&amp#27;1[:3190m0 0&amp#27;1[9/0wmd{/}h&amp#27;u[b3/9smes
s[idone/baucg0]c 3&amp#27;5[135am-[5c2W73-C4 6(00b-19c921db6-d39f)2]29&amp#27;9[03992am0 7C/aellleimenngt ]A pwpiith boudym:D r{i"vsterra.tgeegtyC"u:r"raecnctCeosnstiebxitl(i)t y wiidt"h, "asreglse:c to[r""0:1"ct2eds6td-9L-OGbI4fNd"-,"4c7o1nct-e9xbtb"0:-"2"1,a"6mdu1lbt4i6p3l0ee"":]fa
l[sde}eb
u[gd]e b&amp#27;u[g3]5 m&amp#27;[[W335Cm [(W0D1 cP2rdo6xdy9])&amp#27;][&amp#27;3[93m9 mG oRte ressppoonnsdei nwgit hto  csltiaetnuts  w2i0t0h:  d{r"isveesrs.igoentICdu"r:"raecn0tcC3o5n1tae-x5tc(2)7 -re4s6u0lbt-:9 9"1NbA-T3IfV2E2_9A9P0P9"2a
0&amp#27;7["3,5"mv[aHlTuTe"P:]{&amp#27;"[E3L9EmM E&amp#27;N[T3"7:m"<0-0-0 0G0E0T0 0/-w0d0/0h0u-b0/0s2e3s-sfifofnf/-ffff0010c020d60d0299-"b,4"fedl-e4m7e1nct--96b0b606--211a16de41-ba45623e0-e4/fc7o3n5t4e6x6tce c&amp#27;f["3:9"m0&amp#27;0[3020m0200000&amp#27;-[3090m0 0&amp#27;-[09002m32- fmfsf f-- f2f2f&amp#27;f[030900m00
2&amp#27;9["3}5}m[
H[TdTePb]u&amp#27;g[]3 9&amp#27;m[ 3&amp#27;5m[9[0W3m&amp#27;C[ 3(92mc
a1&amp#27;6[33d59m)]&amp#27;[[HTTP]&amp#27;[3399m m&amp#27; [R3e7ms-p->o&amp#27;[n39dmi n&amp#27;[g3 7tmoP OcSTl&amp#27;i[e3n9tm  w&amp#27;i[t3h7 md/rwdi/vheurb/.sfesisnidoEnl/0e1mce2ndt6d(9)- b4rfeds-4u7l1ct-:9 b{b"0-e2l1eam6ed1nbt4-663006e6/-e1l1eem4e-nat5&amp#27;2[e3-94mf7
3&amp#27;[53456m6[cecf":H"0T0T0P0]0&amp#27;0[003-90m0 0&amp#27;0[-90002m3{"u-sfifnfg"f:-"fafcfcf0e0s0s0ib0i0l2i9t"y, "idE"L,E"vMaElNueT"":":t"e0s0t0-0L0O0G0I0N-"00}0&amp#27;0[-390m02
3[-dfefbfuf-gf]f f&amp#27;f[03050m0[0W032C9" }(0
1&amp#27;[c23d56md[H9T)T]&amp#27;P[]3&amp#27;9[m3 9Cma l&amp#27;l[i37nmg< -A-p pPiOST /wudm/Dhruibv/seer.sfsiinondEl/e2mcea1n6t3(d)9 -wbidtehf -a4rdgbsb:-9 8[b"ba-9cc8eescs6i7b8i6al9i6ty3/ eilde"m,e"ntte s&amp#27;t[-3L9OmG&amp#27;I[N3"2,m"20010c&amp#27;2[d369dm9 -&amp#27;b[49f0md5-4437 1mcs- 9- bb103-271&amp#27;a[63d91mb463
0&amp#27;e["]35
m[[deHbTuTgP] ]&amp#27;&amp#27;[[339m5 m&amp#27;[B[a9s0emDr&amp#27;i[v3er9]m&amp#27;[39
m&amp#27; V[a3l5idm locator str[aHtTeTgPie]s&amp#27; [fo3r9 tmh i&amp#27;s [r3e7qmu-es-t>:&amp#27; [xp3a9tmh,  &amp#27;i[d3,7 mcPlaOsSsT &amp#27;n[am3e9, ma c&amp#27;c[e3s7smi/bwildi/thyu bi/d,s ecssss iseolne/c2tcoa16r3,d 9--bdef-4dbb-98bb-9a8nedcr6o7i8d6 au9i6au3t/oemlaetmoern
t/0000[debug] 0&amp#27;0[0305-m0[0B0a0-s0e0D2r3i-vfefr]f&amp#27;f[-39fmf fWfa0i0t0i0n0g0 2u9p/ ctol i0 cmks&amp#27; [f3o9rm c
o&amp#27;n[d3i5tmio[nH
T[dTePbu]g&amp#27;] [&amp#27;3[935mm [W&amp#27;D[ 9P0rmo{x"yi]d&amp#27;"[:3"90m0 0M0a0t0c00-0h0ed0 0'-/0e0l2e3m-efnftf'f -tof fcfofm0m0a0n0d0 n0a2m9e" }'&amp#27;fi[n3dE9lmemen
t['de
[bduegb]u g&amp#27;][ &amp#27;3[535mm[[WWD3 PCr ox(y2]&amp#27;c[a391m6 3Pdr9o)x]y&amp#27;i[n3g9 m[ PCOaSlTl /ienlge mAepnpti]u mtDor i[vPerOS.T chltitcpk:(/)/ 1w2i7th arg.s0:.0 .[1":01000000000/0w0d-/0h0u0b/0s-es0s0io2n3/f-1f52f6f6afc--f2f1fffe0-0407010d0-2991"f,8-a"6b25ceab106c3cdb9d-bb/deelfe-me4ndtb]b -w9i8tbh bb-o9d8ye:c {6"7s8tr6aat9e6g3y""]:"
a[cdceesbsuibgi]l it&amp#27;y[ 3i5dm",["WsDe Prolxeyc]t&amp#27;o[r3"9:m" teMsatt-cLhOeGdI N'"/,"ecloenmteexntt"/:0"0"0,0"0m0ul0t0i-p0l0e0"0:-f0a0l2s3e-}ff
[fdfe-bfugf]f f&amp#27;0[3050m0[0W0D 2P9r/ocxyl]i&amp#27;c[3k9'm  Gtoot  rceosmpmoannsed  wniatmhe s t'actluisc k2'00
:[ d{e"bsuegss]i &amp#27;[o35nmI[dW"D: "Pfr1o5x26y6]a&amp#27;c[-3291mf eP-r4o7x1ydi-n9g1 f[8P-aO6SbT5 e/be0lcecmbednbt"/,"0v0al0u0e0"0:0{0"-E0L0E0M0E-N0T"0:2"030-0f0f0f0f0-0-0f0f0f0f-00001d0-0ff0f0f-ff2f9f/0c0l0i0c0k0] 2t9o" ,["PeOlSeTm ehnttt-p:6/0/6162-71.10.0.1:10001/wd/hub/seess4i-ona/a5c02c35e1-a-45cf277-43605b-499616b-3cfe229c90f92"a0:7/"el0em0en0t/0000000000-00000-000000--000230-f1ffdf--ffffff0f00f00-0f29f/cflicfk0] 0wi0th0 b0od0y:2 {9""e}l}em
e[ndte"b:u"g0]0 0&amp#27;0[03050m0[-W030C0 0(-0010c223d-6fdf9f)f]-&amp#27;f[3f9fmf 0R0e0s0p0o0n2d9i"n}g 
t[od ecbluige]n t&amp#27;[35m[ WwiDt hP rdorxivye]r&amp#27;.[f3i9nmd EGloetm ernets(p)o nrsees uwlit:t h{ "setlaetmuesn t2-0600:66 -{1"1see4s-saio5n2Ied-"4:"fa7c305c436561cae-c5fc"2:7-"406000b0-090910b0--30f020290-9009021da0-7f"f,f"fv-aflfufef"0:n0u0l0l0}0
2[9d"e,b"uEgLEME] N&amp#27;[T3"5m:[W"3C0 (20ca01603d09)0]&amp#27;0[390m -Re0sp0on0di0ng- t0o 0cl1ident- wfitfff-ffff00000h0 2d9r"i}ve
r&amp#27;.[c3l5imc[kH(T)T Pr]e&amp#27;s[u3l9mt :&amp#27; [nu37lml<-
-&amp#27; [P3OS5mT[ H/TwTd/Phub/s]e&amp#27;s[s3i9omn /0&amp#27;[13c27dm6<d-9-- bP4OfdS-T 4/71wcd-/9bhbu0b/-se2ss1iao6nd/12bc46a3106e3/de9l-ebmednetf -&amp#27;4[d39bmb&amp#27;-[9382bmb2-0908&amp#27;e[c36978m6 a&amp#27;9[6930/eml2e8m emnst /0-0 0103070&amp#27;0[03-90m000
-&amp#27;0[03253m-[fHfTfTfP-]f&amp#27;f[ff3090m0 0&amp#27;0[09209m/&amp#27;cl[i3c9k m&amp#27;[
3&amp#27;9[m3&amp#27;5[32m200m[&amp#27;[H3T9TmP ]&amp#27;[3&amp#27;9[m9 0&amp#27;m[6327 mms- -- 14&amp#27;[39m>
&amp#27;&amp#27;[35m[HTTP]&amp#27;[39[m 3&amp#27;[99m0 m&amp#27;&amp#27;[[3379mmPOS
T&amp#27;&amp#27;[[3395mm &amp#27;[[H3T7Tm/Pw]d&amp#27;/h[u3b9/mse s&amp#27;s[i3on7/m0-1-c2>d&amp#27;6d[93-9b4mf d&amp#27;-4[7317cm-9GbEb0T-&amp#27;2[1a369dm1b 4&amp#27;6[303e7/mel/ewmden/th/u0b0/0s00e0s0s0-i0o0n0/02-c001d-ffff-ffff00000029a/c1l6ic3kd&amp#27;9[3-9bmd
e&amp#27;[f3-54m[dHbTbT-P9]&amp#27;8[b3b9-m 9&amp#27;8[e90cm6{7"8i6da":9"60030/0c00o0n0t-e00x0t0&amp#27;-[00319dm-ff
f&amp#27;f-[f3f5fmf[0H00T0T0P0]2&amp#27;9["3}9&amp#27;m[ 39&amp#27;m[9
[0dme{bu}g&amp#27;][ &amp#27;3[93m5m[
W[3Cd e(0b1ucg2d]6 d&amp#27;[35m[W93)]C&amp#27; [(329cma C1a6l3ldi9n)g ]A&amp#27;p[pi3u9mmD rCiavler.clliincgk (A) pwpiituh maDrrgisv: e[r".0g0e0t0C0u0r0r0e-n0t0C0o0n-t0e0x1td(-)f fwfift-hf fafrfg0s0:0 0[0"022c9a"1,6"30d19c-b2dde6fd-49d-bbb4-f9d8-4b7b1c--99b8ebc06-2718a66ad963"1]b4
6[30dee"b]ug
][de bu&amp#27;g[]3 &amp#27;5[m3[5Wm3[CWD  (Pr2ocxya]1&amp#27;6[33d9m 9Ma)t]c&amp#27;h[e3d 9'/me lRemeesnpto/n0d00i0n0g0 00t-o0 0c00l-i0e0n1dt- fwfiffth- ffdfrfi00v0e0r0.02g9e/tcCliucrkr' etno tcCoomnmatnedx nta(me)  'recsluilckt': 
"[dNeAbTugI]V &amp#27;E[_3A5mP[PWD" P
r&amp#27;o[xy3]5&amp#27;m[[3H9mT TPPr]ox&amp#27;y[i3n9g m[ P&amp#27;O[S3T7 m/<e--l eGmETe n/wtd/0/h0ub0/0s0es00s0i-o0n0/020c-a010613dd-9f-fbfdfe-ff-f4fdfb0b0-09080b0b2-99/8celci6c7k8]6 at9o6 3[POST /hcttopn:text/ /1&amp#27;27[.30.90m.&amp#27;1[:31020m0200/0w&amp#27;d/[h3u9bm/ se&amp#27;s[s9i0omn2/ f1m5s2 6-6a c2-221&amp#27;f[e-3497m1d-
9&amp#27;1[f385-am6[bH5TeTbP0]cc&amp#27;b[db3/9emle m&amp#27;[ent9/00m0&amp#27;00[03090m0-
00&amp#27;0[03-500m1[dH-TffTfPf]-&amp#27;f[ff3f90m0 0&amp#27;00[03279m/c-l-i>c&amp#27;k][ 3wi9tmh  &amp#27;bo[d3y7:m {P"OeSlTem&amp#27;e[n3t9":m" 00&amp#27;0[030070m0/-w00d0/0h-0u0b1/ds-fefsfsf-ifofnf/f020c0a01006239d"}9-
[bddeebufg-]4 dbb-&amp#27;[9385bm[bW-D9 P8reoxcy6]7&amp#27;[8369am 9G6ot3 /reeslpoensem ewitnht &amp#27;s[ta3t9ums 
20&amp#27;0[:3 5{m"s[eHsTsTioPn]I&amp#27;d["3:"9fm1 5&amp#27;26[69ac0-m2{1"fues-4i7ng1"d:-9"1xfp8a-tah6b"5,e"bv0aclcbudeb"":,""/v/aalnuder":oniudll.}vi
e[w.VideewbGurgo]u p&amp#27;[[@3c5mo[nWt3eC n(t0-1dce2ds6cd=9\)"]t&amp#27;e[s3t9-mE rRreors pmoensdsiangg et\o" ]c/lainednrto iwdi.twhi ddgreitv.eTre.xctliVciekw(")} &amp#27;r[e3s9umlt
:[ dneublulg]
 &amp#27;&amp#27;[[3355mm[H[TWT3C (2cP]&amp#27;[39m &amp#27;[37m<-- POST /wd/hub/session/01c2d6d9-b4fda-146731dc9-)9]b&amp#27;b[03-92m1 aC6adl1lbi4n6g3 0Aep/peiluemmDernitv/e0r0.0f0i0n0d0E0l-e0m0e0n0t-(0)0 1wdi-tfhf fafr-gfsf:ff0 0[0"0x0p0a2t9h/"c,l"i/c/ka n&amp#27;d[r3o9imd&amp#27;.[v3i2emw2.0V0i&amp#27;ewGro[u3p9[m @&amp#27;c[o9n0tme5n8t -mdse s-c =1\4"&amp#27;t[e3s9tm-E
r&amp#27;r[o3r5 mm[eHsTsTaPg]e&amp#27;\[[INFO ] 2022-10-25 11:00:07.812 com.qa.pages.BasePage:97 - error text is - Username and password do not match any user in this service.
39m &amp#27;[90m"&amp#27;[39m
&amp#27;[]3/5amn[dHrToTiPd].&amp#27;w[i3d9gme t&amp#27;.[T3e7xmt-V-i>e&amp#27;w["3,9"m2 c&amp#27;a[13673mdG9E-Tb&amp#27;d[e3f9-m4 d&amp#27;b[37m/wd/hub/bs-e9s8sbib-98ec6786a963"]o
n[/d0e1bcu2gd]6 d&amp#27;9[-3b54mf[dB-a4s7e1Dcr-i9vbebr0]-&amp#27;2[13a96md 1Vba46l3i0de /lcoocnatteoxrt &amp#27;s[t3r9amte
g&amp#27;i[e3s5 mf[HoTrT Pt]h&amp#27;i[s3 9rme q&amp#27;u[e9s0tm:{ }x&amp#27;p[a3t9hm, 
i[dd,e bculga]s s&amp#27; [n3a5mm[We3,C a c(c0e1scs2idb6idl9i)t]y&amp#27; [i3d9,m css  Csalelliencgt oArp,p i-uamnDdrrioviedr .ugiaeuttCoumrarteonrt
C[odnetbeuxgt]( )&amp#27; [3w5imt[hBa asregDsr:i v[e"r0]1&amp#27;c[23d96md W9a-ibt4ifndg- 4u7p1 ct-o9 b0b m0s- 2f1oar6 dc1obn4d6i3t0e"i]on
[
[dedbeubgu]g ]&amp#27; [3&amp#27;[53m5[mW[3WCD  (P0r1ocx2y]d&amp#27;[396md 9M)a]t&amp#27;c[h3e9dm  'R/eeslpeomnednti'n gt o toc ocmlmiaenndt n awmiet h' fdinrdiEvleerm.egnett'Cu
[rdreebnutgC]o n&amp#27;t[e3x5tm([W)D  rPersouxlyt]:&amp#27; ["3N9AmT IPVrE_oAxPPy"in
g&amp#27; [[35PmO[SHTT T/Pe]l&amp#27;[e3m9emn t&amp#27;][ 3t7om <[-P-O SGTE Th /twtpd:///1h2u7b./0s.e0s.s1i:o1n0/00011c/2wdd6/d9-hbu4bf/ds-e4s7s1ci-o9nb/ba0c-02c315a16ad-1b5c426370-e4/6c0obn-t9ex9t1 b&amp#27;-[33f92m2&amp#27;9[93029m2a20070/&amp#27;e[l3e9mme n&amp#27;t[]9 0wmi2t mhs  -bo d2y2&amp#27;:[ 3{9"mst
r&amp#27;a[t3e5gmy["H:T"TxPp]a&amp#27;t[h"  Then login should fail with an error "Username and password do not match any user in this service." # com.qa.stepdef.LoginStepDef.loginShouldFailWithAnError(java.lang.String)
,"3selecto9r"m: "/&amp#27;/[a9nd0roid.viemw.&amp#27;V[ie3w9Grmoup[
@c&amp#27;on[te3nt5-dmes[c=\H"tTesTt-PE]rr&amp#27;or[ m3es9samge \"&amp#27;][/3an7drmo-id-.w>id&amp#27;ge[t39m .T&amp#27;ex[tV3ie7wm","PcoOntSexTt"&amp#27;:[""3,"9mumlt ip&amp#27;l[e3":7faml/sew}d
[/dehbuugb] /&amp#27;[s35ems[WsD iProoxny]/&amp#27;[0319mc 2d6dG9-b4fd-o4t 7re1scp-on9seb wb0-21a6d1b4630e/element&amp#27;[39m
&amp#27;[35m[HTTP]&amp#27;[39m &amp#27;[90m{"using":"xpath","value":"//android.view.ViewGroup[@content-desc=\"test-Error messiage\t"h status ]2/a0n0d:r o{id".sweisdsgieto.nTIedxt"V:i"eaw"c}0&amp#27;c[3395m1a
-[d5ecb2u7g-] 4&amp#27;6[03b5m-[9W931Cb (-03f2299092a07","value":{"ELEMENT":"00000000-0000-00231c-2fdf6fdf9-)f]&amp#27;f[f3f90m0 0C0a0l0l3i4n"g, "ApeplieummeDnrtiv-e6r0.6f6in-d1E1lee4me-nat5(2)e -w4ifth7 3a5466cecfr"g:s":0 0[0"0xp0000a-t0h0"0,"//0an-d0r02oi3d-.fvfifefw-.VfifefwfG0r0ou0p0[0@0c3on4t"e}n}t-d
e[sdce=b\u"tge]s t&amp#27;-[E3rr5omr[ Wm3esCsa g(e2\c"a]/1a6n3ddr9o)i]d.&amp#27;w[i3d9gme tR.eTsexptoVnideiwn"g," 0t1oc 2cdl6ide9-nbt4 fwd-i4t7h1 cd-r9bibv0e-r.f2in1daE6lde1bme4n6t3(0)e "r]e
s[udletb:u g{]" e&amp#27;l[e3m5em[nBta-s6e0D6r6iv-e1r1]e&amp#27;4[-3a95m 2Vea-l4ifd 7l3o5c4a6t6orc esctfr"a:t"e0gi0e0s0 f0o0r 0t0h-i0s0 r0[INFO ] 2022-10-25 11:00:07.960 com.qa.pages.BasePage:97 - error text is - Username and password do not match any user in this service.
0-e0023-fqffufe-sftf:f xfp0a0t0h0,0 i0d3,4 ","ELEMENT":"00000000-0000-0023-ffff-ffff00000034"}
&amp#27;[35m[HTTP]&amp#27;[3c9mla s&amp#27;s[ n3am7em, <a-cc-e ssPOST /iwbidl/ithyu ibd,/ scsess sseileocnto/r2, c-aan1d6ro3idd 9u-iabudtoemfat-o4rd
b[bd-e9bu8gb] b&amp#27;-[3958me[Bca6s7eD8r6iave9r6]&amp#27;3[/3e9ml eWmaietnitn g &amp#27;u[p3 t9om &amp#27;0 [m3s2 fmo2r0 0co&amp#27;n[d3it9imo n&amp#27;
[[9de0bmu13g]6 4&amp#27;[ 3m5ms[ WD-  Pr1o3xy7]&amp#27;&amp#27;[[339m9 mMatc
h&amp#27;ed[ 3'/5eml[emHeTntT' Pt]o &amp#27;co[mm3and n9amme  '&amp#27;fi[n9dE0lemme&amp#27;n[t'3
9[dmebug
]&amp#27; &amp#27;[[335m5[WmD  Then login should fail with an error "Username and password do not match any user in this service." # com.qa.stepdef.LoginStepDef.loginShouldFailWithAnError(java.lang.String)
 [PrHoTxy]T&amp#27;[P3]9m&amp#27; [Pr3o9xymi ng&amp#27; [[P3O7STm -/-e>l&amp#27;e[me3n9t]m  to&amp#27; [[P3O7STm GhtEtpT:&amp#27;//[13279.m0. 0&amp#27;.1[:31700m0/0/wwdd//hhuub/bs/esssesiosni/fo15n2/662acca-2116f3e-d4791-d-b91df8e-a6b5efb0-c4cbddbb/bel-e9me8ntb]b w-i9th8 ebocd6y:7 {8"s6tara96te3gy":"xpath/",e"sleelemcteorn"t:"//0/a0n0dr0o0id0.0vi0e-w.0Vi0e0w0Gr-o0up0[2@c3o-ntfenft-fdfes-cf=f\"ftfes0t-0E0rr0or0 0me3s4sa/gde\i"s]/palndaryoiedd.w&amp#27;id[g3et9.Tmext
Vi&amp#27;e[w"3,"5cmo[ntHeTxtT"P:"]",&amp#27;"m[u3lt9impl e"&amp#27;:[fa9ls0em}{
[}de&amp#27;b[ug3]9 &amp#27;m[35
m[[WdD ePbrouxgy]]&amp#27;[ 3&amp#27;9m[ 3Go5t mr[esWp3onCse  (wi2thc ast1at6u3s d200: {9"s)e]ssionId":"f152&amp#27;6[369amc -C2a1flel-i4ng Appiu7m1Ddr-i9v1efr8.-eal6ebm5eenbt0Dcicsbpdlba",y"evda(l)u ew":i{t"hE LaEMrEgNsT:": "0[0"00000000000-00000-000000--00001d2-3ff-fff-fffffff-00f00f0f03f40",0"e0l0e0m0e3nt4-"6,0"626c-a1116e34d-9a5-2bed-e4ff7-345d4b6b6cecf":-"9080b0b0-009080e-c060786a963"]
[debug] &amp#27;[35m[WD 0P0r-0o0x1yd]-&amp#27;f[ff3f9-mf ffMfa00t0c0h0e0d34 "'}/}e
l[deembeunt/0g00]0 0&amp#27;0[030-50m0[0W03-0C0 2(30-1fcf2fdf-6fdf9f)f]0&amp#27;00[03090m3 4R/eastptornidbiutneg/ dtios pcllaiyeedn't  tow ictohm mdarnidv enra.mfei n'dgEelteAmtetnrti(b)u rtees'ul
t:[ d{e"ebluegme]n t-&amp#27;6[03665-m1[1WeD4 -Proxy]&amp#27;[3a95m2 eP-4rfo7x3y5i46n6gc [GETe /cefl"e:m"e0n0t0/000000000-00000000--00010d-0f0f-f0f-0f2f3ff-0f0f0f00f034-"f,f"fELfE0ME0N0T0"0:0"30040/0a0t0t00r-i0b000-001d-fuftfef/-fdfifsfp0l00a0y0e0d3]4 "}to
&amp#27;[35m [[HGTETTP ]h&amp#27;[t3t9pm: /&amp#27;/[1372m7<.-0.0.1-: 1P0O0S0T 1/w/dw/dhu/bh/suebs/sisone/s01sci2od6nd/9-abc4f0dc-43715c1-9abb-05-2c12a67d-14b6406b3-09e9/1ebl-em3efn2t2 9&amp#27;[93099m2&amp#27;a[0372m200/&amp#27;e[l3e9mme &amp#27;n[t9/00m01037060 0m0s0 -- 0103070&amp#27;-[03092m3-
f&amp#27;f[f3f5m-[fHfffT0T0P0]0&amp#27;0[0393m4 /&amp#27;a[9t0tmr&amp#27;i[b3u9tme/
d&amp#27;i[3s5pml[aHyTed] witTh Pn]o &amp#27;b[o3dy9m
[ d&amp#27;e[bu3g7] m&amp#27;-[3-5>m&amp#27;[[W3D9 mP r&amp#27;o[x3y7]m&amp#27;G[3E9Tm&amp#27; [G3o9tm  r&amp#27;e[s37m/wd/hpuobn/ssee swsiitho ns/t0at1ucs2 d2600d:9 -{b"4sfeds-s4i7o1ncI-d9"b:b"0a-c201ca365d11ab-5c27-460b-991b-3f42623909e0/9e2lae0m7e"n,t"/v0a0l0u0e0"0:0"0t-r0u0e0"0}-0
0[1dde-bfufgf]f -&amp#27;f[f3f5fm0[0W030C0 0(324c/ad1i6s3plady9e)d]&amp#27;&amp#27;[[3399mm 
R&amp#27;e[s3p5onmd[iHnTgT Pt]o&amp#27; [c3l9ime n&amp#27;t[ 9w0imt{h} &amp#27;[d3r9imve
r[.deebluegm]e n&amp#27;t[D3i5smp[lWa3yCe d((0)1 resulct2:d t6rdu9e)]
&amp#27;&amp#27;[[3395mm [CHaTlTlPi]n&amp#27;g[ 3A9pmp i&amp#27;u[m3D7rm<-- GET /wdi/vheurb./eselsemesnitoDni/s2pclaa1y6ed() with3 da9rg-sb:d e[f"-040d0b0b0-09008-b0b0-0908-e0c0617d8-6faf9f6f3-f/fffe0l0e0m0e0n03t4/"0,0"00010c20d060d-90-0b040f-d0023-f-f4f7f1-cf-f9fbfb000-02010a0364d/1dbi4s6p3l0aey"e]d 
&amp#27;[[d3e9bmu&amp#27;g[]3 2&amp#27;m[23050m&amp#27;[[W3D9 mP r&amp#27;oxy[]9&amp#27;0[m3293m  Mmast c-h e1d4 &amp#27;'[/3e9lmem
e&amp#27;n[t3/50m0[0H0T0T0P0]0&amp#27;-[03090m0 -&amp#27;0[0910dm-&amp#27;f[f3f9fm-f
f&amp#27;f[f3050m0[0H0T0T3P4]/&amp#27;a[t3t9rmi b&amp#27;u[t37m-->e&amp#27;/[d3i9smp l&amp#27;a[y3e7dm'G EtTo&amp#27; [c3o9mmm a&amp#27;n[3d7 mn/awmde /'hguebt/Astetsrsiibount/e2'c
a[1d6e3bdu9g-]b d&amp#27;e[f35-m[4WdDb bP-r9o8xby]b&amp#27;-[9389me cP6ro7x8y6ian9g6 3[/GEcTon t/eexlte&amp#27;m[e39nmt/
&amp#27;0[0350m0[0H0TT0P0-]0&amp#27;0[0309-m0 0&amp#27;1[d9-0fmf{f}&amp#27;[39m
[debug] f&amp#27;-[f3ff5fm0[0W0030C0 3(4/2actat1r6i3budt9e)/]d&amp#27;i[sp3l9amy eCd] talling oAp p[iGuEmTDr ivhetrt.gpe:tC/u/rr1en2t7C.on0t.e0x.t(1): w1it0h0 0ar0g/s:w d["/2hcua1b6/3sde9-sbdseifo-4nd/bbf-1958b2b6-968aecc6-72816fae9-6437"1]d-
9[1fd8eb-uag6]b 5&amp#27;e[b305cmc[bWd3bC/ (2ceal1e6m3endt9)/]0&amp#27;[0309m0 R0e0sp0o0nd-i0ng0 0to0 -cl0i0e1ntd -wfiftfhf -dfrfifvfe0r0.0g0e00tC3urrentCon4t/eaxttt(r)i bruetseu/ldti:s p"lNaAyTeIdV]E_ AwPiPt"h 
n&amp#27;o[ 3b5omd[HyTT
P[]&amp#27;d[e3b9umg ]&amp#27; [&amp#27;3[735mm<[-W-D  GPErTo x/y]&amp#27;[39wmd /Ghoubt/ sresponessisoen /w2ciat16h3 ds9t-abtdus 200: {e"fs-e4sdsbibo-nI9d8"b:b"-f9185e2c6667a86ca-96231/fceo-n4te7x1td &amp#27;-[9391fm8&amp#27;-[3a26m2b050&amp#27;e[b390mc c&amp#27;b[9d0bm"2 ,m"sv -a l22u&amp#27;e[3"9:m"
t&amp#27;r[u3e5"m[}HTT
P[]d&amp#27;[e3b9mu g&amp#27;[] &amp#27;[9305mm&amp#27;[[3W93mC
 &amp#27;([3051mc[2HdT6TdP9])&amp#27;[]3&amp#27;9[m3 9&amp#27;m[ 37Rme-s->p&amp#27;o[n39dmi n&amp#27;g[ 3t7om PclOiSeTnt &amp#27;w[i39tmh  &amp#27;d[3r7im/vwed/rh.ueb/lseesmseinotn/D2icsa1p6l3ad9y-ebdde(f-)4d brb-e9s8ubbl-t98:e ct6rue
&amp#27;[35m[HTTP]7&amp#27;[39m8 6&amp#27;a[93673m/<-e-l eGmETe /wd/hub/sensts&amp#27;i[o39nm/01
c&amp#27;2[d365dm9[-HbT4TfPd]-&amp#27;[43791mc -&amp#27;9[b9b00m-{2"1uas6idn1gb"4:6"3x0pea/tehl"e,m"evnatl/u0e0"00:0"0/0/0a-n0d0r0o0i-d0.0v1ide-wf.fVfife-wfGfrfofu0p00[00@0c3o4n/tdeisnptl-adyeesdc =&amp#27;\["3t9ems&amp#27;t-[E3r2mr2o0r0 &amp#27;m[e3s9sma g&amp#27;e[9\0"]/m2a1n dmrosid .-w i1d4g&amp#27;[et3.9Tme
x&amp#27;t[V3i5emw["H}T&amp#27;T[P3]9&amp#27;m[3
9[md e&amp#27;b[u9g0]m &amp#27;&amp#27;[[3395mm[
W&amp#27;3[C3 5(m2[cHaT1T6P3]d9)]&amp#27;&amp#27;[[339m9m  C&amp#27;a[l3l7imn-g- >A&amp#27;p[p3i9umm D&amp#27;r[i3v7emrGET&amp#27;[39m &amp#27;[.3f7imn/dwEdl/ehmuebn/ts(e)s swiiotnh/ 0a1cr2gds: [6"xpdath9"-,b"4/f/da-n4d7r1oci-d9.bvbi0e-w2.1Vai6edw1Gbr4o6u3p0[e@/ccoonntteentx-td&amp#27;e[s3c=\"9tmes
t-E&amp#27;r[r3o5rm [mHeTsTsPa]g&amp#27;e\"[]/3a9nmdro i&amp#27;d[.9w0imd{g}e&amp#27;t[.3T9emxt
V[ideewb"u,g"]2 c&amp#27;a[13653md[9W-3bCd e(f0-14cd2bdb6-d998)b]b&amp#27;[39m Ca-l9l8ienc6g7 8A6pap9i6u3m"D]ri
v[edre.bguegt]C u&amp#27;r[r35m[BaseeDnrtiCvoenrt]e&amp#27;x[t3(9m )V awlid iltohc aatror gsst:r a[t"e0g1ice2s df6odr9 -tbh4ifsd -r4e7q1uce-s9tb:b 0x-p2a1tah6,d 1ibd4,6 3c0lea"s]s 
n[admeeb,u ga]c c&amp#27;e[s35m[Ws3iC b(il0i1tcy2 di6dd,9 )c]ss&amp#27; [s3e9lme cRteosrp,o n-danidnrgo itdo  ucilaiuetnotm awtiotrh 
d[rdievbeurg.]g e&amp#27;t[C3u5rmr[eBnatsCeoDnrtievxetr(])&amp#27; [r3e9smu lWta:i t"iNnAgT IuVpE _tAoP P0" m
s&amp#27; [f35om[HrT TcPo]n&amp#27;[d3i9tmi &amp#27;o[3n7m
<-[-d GeETb /uwd/hug]b /&amp#27;[3s5esms[ioWnD/0 1Pc2rd6odx9y-]b4&amp#27;fd[-43719c-m9 bbM0-a21ta6cdh1be46d3 0e'/c/onetlexet m&amp#27;e[3n9tm&amp#27;'[3 2mt20o0&amp#27; [3c9om m&amp#27;[9m0ma2n mds  -n 2a2&amp#27;m[e39 m'
f&amp#27;i[3n5dmE[HlTeTPm]e&amp#27;[n39tm' &amp#27;[9
0[mdebu&amp#27;g[]3 9m&amp#27;[
&amp#27;3[535mm[[HWTTDP] &amp#27;[P39rmo x&amp#27;y[]37&amp#27;m-[-3>&amp#27;9[39m &amp#27;[37mPOST&amp#27;[39m &amp#27;[37m/wd/hubm/s ePssrioonx/0y1icng [POS2Td 6d/9-b4efdl-e47m1ce-n9btb0]-2 1at6do1 b4[6P30OeS/eTle mehntt&amp#27;tp:[3/9/m1
&amp#27;2[735.m[0HT.TP0].&amp#27;[139:m1 &amp#27;0[0900m1{"/uwsidng/"h:"uxpbat/hs",e"vsasluie"o:"n///anadrco0idc.v3i5ew1.Vaie-wG5rcou2p7[@-co4n6te0ntb--de9sc9=\1"bte-st3-fError message\"]/android.widget.TextView"}&amp#27;[39m
[debug] &amp#27;[35m[W3C (021c22d96d990)]9&amp#27;[23a9m0 C7al/liengl eApmpieumnDtri]ve r.wiftihn dbEoldeym:e n{t"(s)t with raartgesgy:" :[""xxppaatth"h,"",s"e/l/eacntdorro"i:"d/./vainedwr.oViide.wvGirewo.uVpi[e@wcGornotuepn[t@-cdoenstce=nt\-"dteessct=-\E"rtreosrt -mEerrsosra gmee\s"s]a/gea\n"d]r/oaindd.rwoiiddg.ewti.dTgeextt.VTieexwt"V,i"e0w"1,c"2cdo6d9-b4ntext":"","multiple"f:df-a4l7s1ec}-
9[bdbe0b-ug]2 1&amp#27;a[63d51m[bW4D6 3P0reo"x]y]
&amp#27;[[d3e9bmu gG]o t&amp#27; [r3e5smp[BaseDroivnesr]e&amp#27; [w3i9mt hV asltida tluocsa t2o0r0 :st ra{t"esgieesss ifoonrI dt"h:i"sa cre0qcue3s5t1: ax-pa5tch2, 7i-d4, 6c0lass name, accessibbil-i9t9y1 bi-d,3 fc2s2s9 9s0e9le2ctao0r,7 "-a,nd"rovida uliuaueto"m:at{or"E
L[dEebMugE] N&amp#27;T["35:m["Ba0s0eD0ri0ve0r]00&amp#27;0[3-9m0 W0a0i0ti-n0g0 u2p3 t-o f0f mfsf f-ofr fcofnfdi0t0io0n00
[0d3e4","elbeugm]e &amp#27;n[t35-m[W6D Pr0ox6y6]&amp#27;-[319m1 eMa4tch-eda '5/e2leem-ent4'f t7o3 c5omm4and6 n6amcee 'cffin"d:El"ement0'00
0[0de0bu0g]0 -&amp#27;[03050m[0WD- 0Pr0o2xy3]&amp#27;-[f3f9fmf P-rfoxfyifnfg 0[0P0OS0T0034 "/}el}eme
n[td] etbou g[P] OS&amp#27;T [h3t5tpm:[/W/132C7. 0.(02.c1:a11060300d/9wd)/]hu&amp#27;b[/3s9ems siRoens/fp1o5n2d6i6nagc -t2o1 fcel-4i7e1ndt-9 1with drivfe8r-.afindElement() result: {"element-6066-11e4-a52e-4f7354666cbe5cebf0"cc:b"d0b/0e0l0e0m0en0t0] -w0i0th0 0b-o0d0y2: 3{-"fsftff-rfaftfegfy0"0:0"0xp0a0t3h4","",s"eElLecEtMoErN":T""/:/"a0n0d0r0oi00d0.v0i-ew0.0V00i-ewG0r0o2u3p-[f@cfoffnt-enftf-fdfe0s0c0=0\0"t0e3st4-"E}rro
r &amp#27;m[e3s5sma[gHeT\T"]P/a]n&amp#27;d[r3o9idm. w&amp#27;i[dg3e7tm.T<e-xt-V iPeOw"S,T" co/wd/hnutbe/xts"e:s"s"i,o"nm/ul2ctiap1l63d9-bdef-4ed":bfba-l9s8eb}b-
[debug9] 8&amp#27;e[c3657m8[6WaD9 6P3r/oexlye]m&amp#27;e[n3t9m Got respon s&amp#27;e[ 3w9itmh&amp#27; [st3a2tmu2s0 02&amp#27;0[03:9 m{ &amp#27;"[s90ems10s5i omnsI d-" :1"3f71&amp#27;5[23696mac
-&amp#27;2[13f5em-[4H7T1TP]&amp#27;[39m &amp#27;[90m&amp#27;[39dm-91
f&amp#27;8[3-5am6[bH5TeTbP0]c&amp#27;[c3b9md b&amp#27;["3,7"m-v-a>&amp#27;l[u39em" &amp#27;:[{37"mEGELTE&amp#27;M[3E9NmT" :&amp#27;"0[03070m0/0w0d0/-h0u0b0/0s-e0s0s1idon-/ff2fcfa-f1f6f3f0d090-0b0d0e3f4-"4,db"be-l98ebmbe-n98te-c6607668-61a19e643/-eale5m2een-t4/f0703050406060c0e-c0f0"00:-"00023-ffff-f0f0ff0000000000-003040/0a-t0tr0i1bdu-tfef/tfefx-ffftf&amp#27;0[03090m00
3&amp#27;4["35}m}[HT
T[Pd]e&amp#27;b[u3g9]m &amp#27; [&amp#27;3[59m0m[{W}&amp#27;3[C3 9(m01
c[2dde6bdu9g)]] &amp#27;&amp#27;[39m Res[p3o5nmd[iWn3gC  t(o2 ccal1i6e3dn9t) ]w&amp#27;i[t3h9 md rCiavlelri.nfign dAEplpeimeunmtDriver(.g)e tArtetsruiblutt:e ({)" ewliethm earnt-g6s0:6 [6"-1t1eex4t-"a,5"20e0-0040f00703-05040606-0c0e2c3f-"f:f"ff0-0f0f0f0f0000000-00003004-"001d,-"ff2fcfa-f1f6f3fd090-b0d0e0f0-344"d,b"EbLE-M9E8NTb"b:-"9080e0c060708060a-090060-30"0]1d
-[debug]f &amp#27;f[f3f5-mf[fWfDf 0P0r0o0x0y0]3&amp#27;4["}3
9&amp#27;m[3 5mM[HaTTtPc]&amp#27;h[e39dm  '&amp#27;[/3e7lme<m-e-n tP/O0S0T0 0/0w0d/0hu0b-/s0e0s0s0i-o00n2/30-1fc2fdf6fd-9-fbf4fffd0-04070010c3-49/bab0t-t2r1a6d1ibb4u6t3e0/et/eexlte'm etnot  c&amp#27;o[m3m9amn&amp#27;d name 'getAttri[b3u2tme2'00
[&amp#27;d[e3b9umg ]&amp#27; [&amp#27;9[0m256 m3s5 m-[ W1D3 7P&amp#27;r[o3x9ym]&amp#27;
[&amp#27;3[93m5 mP[rHoTxTyPi]n&amp#27;g[ 3[9GEmT  &amp#27;/[e9l0emm&amp#27;e[n3t9/m00
0&amp#27;0[03050m0[H-T0T0P0]0&amp#27;-[03092m3 &amp#27;-[f3f7fmf---f>&amp#27;f[f3f90m0 0&amp#27;[03070m3G4E/Ta&amp#27;[t3t9rmi b&amp#27;u[3t7em//twedxt] /thou b[/GsEeTs shitotnp/:0/1/c122d76.d90-.b04f.d1-:417010c0-19/bwbd0-/2h1uab6/ds1be4s6s3i0eo/ne/laecm0ecn3t/5010a0-0500c0207--0400600-b0-0919d-1fbf-f3ff-2f2f9f9f0009020a000374//ealtetrmiebnutt/e0/0t0e0xt0&amp#27;0[0309-m00
0&amp#27;0[-30023-5fmf[fHfT-TfPf]f&amp#27;f[03090m0 0&amp#27;0[3940/ma{t}t&amp#27;ri[b3u9tme/
t[deexbtu]g ]w ith no bo&amp#27;d[y35
m[[dWe3bCu g(]0 1&amp#27;c[23d56md[9W)D] &amp#27;P[r3o9xmy ]C&amp#27;a[l3l9imn gG Aoptp iruemsDproinvseer .wgietthA tsttraitubsu 2t0e0(: ){ "wseistsiho nIadr"g:"sa:c0 c[3"5t1eax-5tc"27,-"460b-9901b0-03000f0202-909000902-a00071"d,-"fvfaflfu-ef"f:f"fU0s0e0r0n0a0m3e4 "a,n"d0 1pca2sds6wdo9r-db 4dfod -n4o7t1 cm-a9tbcbh0 -a2n1ya 6uds1ebr4 6i3n0 et"h]is
 [sdeerbvuigc]e .&amp#27;"[}35
m[[dWeDb uPgr]o x&amp#27;y[]3&amp#27;5[m3[9Wm3 CM a(t2cchae1d6 3'd/9e)]&amp#27;[le3m9emn tR/e0s0p0o0n0d0i0n0g- 0t0o0 0c-l0i0e1ndt- fwfiftfh- fdfrfifver0.g0e0t0A0t0t34r/iabtutrtieb(u)t er/etseuxtlt' :t o" Ucsoemrmannda mnea maen d'g eptaAsttsrwiobrutde 'd
o[ dneobutg ] m&amp#27;a[t3c5hm[ WaDn Pyr ouxsye]&amp#27;r[ 3i9n thism  sPerrovxying i[cGeE.T" /
el&amp#27;e[m3e5nmt/[0H00T0T0P0]0&amp#27;0[-3090m0 0&amp#27;-[00317d-mf<f-ff-- fGfEffT 0/00w0d0/0h3u4b/at/tsreisbsutie/otenx/t]2 ctoa 1[6GE3Td 9ht-tbpd:e//f1-247d.b0.b0-.918:b1b0-00908/ewcd678/6a963/elehmuebn/ste/s0s0io0n0/0f010502-6060a0c0--2100fe23--4f71d-f9f1ff8--faf6fbf50e0b000c0cb0d3b4//ealement/000t0t0r0i0b0u-t00e0/0t-e0x01td -&amp#27;ff[f3f9-mf&amp#27;f[f3f020m0200000&amp#27;3[43/9amt t&amp#27;r[i9b0umte2/3t emxst ]-  wi7t2h&amp#27; [n3o 9bm
&amp#27;[o3d5ym[
H[TdTePb]u&amp#27;g[]3 9&amp#27;m[ 3&amp#27;5[m9[0WDm &amp#27;P[r3o9xmy]
&amp#27;[&amp#27;3[93m5 mGo[tH TreTsPpo]n&amp#27;s[e3 9withm s t&amp#27;at[u3s7 2m0-0:- >{&amp#27;"s[e3s9simo n&amp#27;I[d3"7:m"PfO1S5T2&amp#27;6[6a3c9-m2 1&amp#27;fe[-3477m1d/-w9d1/fh8u-ba/6sbe5sesbi0occnb/d2b"c,a"1v6a3d9l-budee"f:-"4Udsbebr-n9a8mbeb -a9n8de cpa6s7s8w6oar9d6 3do/ anpopti muamt/csht oapny_ ruesceor ridni ntgh_iss csreerevnice."&amp#27;}[
3[9dmebu
g&amp#27;][ 3&amp#27;5[m3[5HmT[TWP3]C&amp#27; ([0319cm2 d6&amp#27;d9)[]9&amp#27;0[3m9{m }R&amp#27;e[sp3o9ndming
 to [clideenbt uwgi]th  &amp#27;d[r3i5vemr[.gWe3tCA t(2trcaib1u6t3e(d)9 r)e[INFO ] 2022-10-25 11:00:09.195 com.qa.utils.VideoManager:35 - video path: Android_pixel_5\Videos\Login with invalid user name.mp4
sul]t: "User&amp#27;n[a3m9em  aCnadl lpiansgs wAorpdp iduom Dnroitv emra.tsctho paRneyc oursdeirn giSnc rteheins( ) sweirtvhic ea.r"gs
:&amp#27;[ 3[5nmu[lHlT,T"P2]c&amp#27;a163d9-[b3d9efm- 4&amp#27;d[b3b7-m9<8b-- GET /wd/hbu-b98/esce6s7s8i6oan9/6031"c]2d
6[dd9e-bbu4gf]d -&amp#27;4[7315cm-[9AbDbB0]-&amp#27;2[13a9m6 dG1ebt4t6i3n0g eI/Desl eofme natl/l0 0'0s0cr0e0e0n0r-e0c0or0d0'- 0p0r1odc-efsfsfefs-f
f[fdfe0b0u0g0]0 &amp#27;0[3345/m[ADB]&amp#27;[3a9tm tRruinbnuitnge /te'xCt :\&amp#27;[U3s9emr&amp#27;s[\3d2amv2id.0v0el&amp#27;[e3z9sm\ A&amp#27;p[p9D0amta2\2L ocmasl \-A n7d2r&amp#27;oi[d3\9Smdk\
p&amp#27;l[a3t5fmo[rHmT-TtPo]o&amp#27;l[s3\9amd b&amp#27;.[e9x0em &amp#27;-[P3 95m03
7&amp#27; [-3s5 memulat[or-5556 HshTeTlPl] &amp#27;p[g3r9emp  &amp#27;[-3f 7\m(-\-[>\&amp#27;[[3:9bml a&amp#27;n[k3:7\m]P\O]S\T|&amp#27;\[^3\9)ms c&amp#27;r[e37emn/rwedc/ohrudb\/(\s[e\s[:sbiloann/k:0\1]c\2]d\6|d\9$-\b)4'fd
-[4d7e1cb-u9gb]b 0&amp#27;-[2351ma[6AdD1Bb]4&amp#27;6[3309em/ aRpupninuimn/gs t'opC_:r\eUcsoerrdsi\ndgavid_.vseclreezesn\&amp#27;A[p3p9Dmat
a&amp#27;[3\5Lmo[cHalTT\PA]&amp#27;n[d3r9oimd \&amp#27;S[d9k0\mp{l}a&amp#27;t[f3o9rmm-
t[odoelbsu\gad]b &amp#27;.[e3x5em [-WP3 C5 0(3071 c-2sd 6emdu9l)a]t&amp#27;o[r3-95m5 5C6a lslhienlgl  kAiplpli u-m2D r7i9v1e8r'.s
t[odepbRuegc]or d&amp#27;[i3n5gmS[cArDeBe]&amp#27;[39nm( ) G[INFO ] 2022-10-25 11:00:09.232 com.qa.utils.VideoManager:35 - video path: Android_pixel_c\Videos\Login with invalid user name.mp4
etti]]></system-out>
    <system-err><![CDATA[SLF4J: Failed to load class "org.slf4j.impl.StaticLoggerBinder".
SLF4J: Defaulting to no-operation (NOP) logger implementation
SLF4J: See http://www.slf4j.org/codes.html#StaticLoggerBinder for further details.
oct. 25, 2022 11:00:00 A. M. io.appium.java_client.remote.AppiumCommandExecutor$1 lambda$0
INFO: Detected dialect: W3C
oct. 25, 2022 11:00:00 A. M. io.appium.java_client.remote.AppiumCommandExecutor$1 lambda$0
INFO: Detected dialect: W3C
]]></system-err>
  </testcase>
  <testcase name="scenario[&quot;Login with invalid password&quot;, &quot;Optional[Login scenarios]&quot;](2)" classname="com.qa.runners.MyPixel5TestNGRunnerTest" time="7.856">
    <system-out><![CDATA[leRzunnsi\nAgp p'DC:a\tUas\Local\eArnsdr\odiadvi\dS.dvke\lpelzast\fAoprpmD-attoao\lLso\adcb.aelxe\ -AP n5d03r7 o-isd \emSudlka\tpolra-t5f55o6r pmu-llt o/sodlcasr\d/a4d9ba.4exe -P 5037 -1s ee6mua.lmapto4r -C5:5\U5s4e rssh\eDlAlV IDp~gr1e.pVEL\AppData\Local\Temp\2022925-5396-115 f-lfb 1\.(z\x[d\3[:\b4l9aa4n1ek6:a\.m]p\4]'\|
\[^d\e)bsucgr]e e&amp#27;nr[e3c5omrd[\(A\D[B\][:&amp#27;b[la3n9km: \R]u\n]n\i|\$\)'ng
 ['deCb:u\g]U s&amp#27;[e3r5sm\[AdDaB]v&amp#27;i[d3.9mv eGleetztsi\nAgp pIDDast a\oLfoc aall\l A'ndsrcoriede\nSrdek\cpolradt'f oprrmo-ctesosoelss\adb
.[exdee b-Pu g5]03 &amp#27;7 [-3s 5emm[ulAaDtBo]r&amp#27;-[53955m6  Rusnhneilnlg  r'Cm
 :-rf\ U/sesrdsc\adravid.veledz/s4\9Aap4p1Deat6aa\.Lmopca4l'\
A[ndedbrugo] i&amp#27;d[3\5Smd[kA\npdlraotifdorDmr-itvooelrs\]a&amp#27;[d3b9.me xTeh e -sPiz e5 o0f3 t7h e -rse sultinegm uslcarteoern@test
- r5e5c5or4d insgh eisl l5 12p.g81r eKBp 
[-dfeb \u(g\][ &amp#27;\[[3:bla5nmk[:W3\C] \(2]c\a1|6\3^d\9))s]c&amp#27;[r39eme nRersepcoondridn\g (t\o[ \c[l:ibelnta nwikt:h \d]r\iv]e\r.|s\to$p\R)e'co
r[ddienbguSgc]r e&amp#27;en[(3)5 rme[sAulDtB:] "&amp#27;A[A3A9AGmG ZR0uneXnBitngc D'QCy:A\AAUAsAeGlrzsb\21dtcaDvQid.vyeAlAeAHzSsm1\vAbp3YpADAaAtBas\bLXZoocZAaAlAA\ADAfnfbdirHo33i2d4\hSwdAkA\JpxAlAaAtNfCosrAmA-EtAoAoAlEsA\AaAdAbAAA.eAxe -P A5A0A3A7A A-AsA eBmAulAaAtAorA-A5A5A5A4 ApScenario Outline: Login with invalid password                                                         # src/test/resources/Login.feature:20
AulAAl A/AsAdAcAaArAdA/Q7AbAeAaAaA6A0A4A.AAmApA4A ACA:A\AUAsQeArAsA\ADAAVID~1A.VAEALA\AAApApADAaAtAaA\ALAoAAcAaAlA\ATAeAmApA\A2A0A2AA2A9A2A5A-A3AA1M7A2A-A1B2xb6WtdVs0eY.QAAcAqCnFno\ZG7xbyAeAaAAaA6A0AA4A.ABmtpZH4R'hAA
A[AAdAeAAbAuAgAA]A AA&amp#27;AA[A3AA5AmC[trAZDXlBz]AA&amp#27;A[AA3A9AAmA AERAuAAnAnbbingW R'0CYW:N\vUbsSe5rhsb\mdRayvbi2dl.kvLenlZelzcsnN\pAbp2p4DatAaAA\ALiaoWcxzadAlA\AAABnodArAAoAiBdAA\ASAEdmkRh\dpGElAAaAtAfBAoArAAmA-DEtyoAAoAlEsu\naRyYWdsbA.AexABe
 -P 5037 c-s emuladtoGrt-5o5Z54A sAhelAlA rAmf -frff b/isdHc3a3rd2/47bheawaA60A4A.AmpE4A'
[debug] &amp#27;[35m[AndrAoAidADAriAvAerD]Q&amp#27;[r3A9mA ATAheA AsiAzAeA oAfA tAhAeAAAAA AreAsAulAtAinAgQ sAcArAeeAnA AreAcAorAdAiAnAg AiAs 4A7A4.A5A8A AKEBAA
A[AdeAbAugA]A A&amp#27;A[A@test
3A5AmA[AWA3ACAE A(A0AA1AcEO2AdA6ACdSQ9A)A]A&amp#27;A[A3B9FmZ tRZeGslhpAoAnAdAiIGn1gk atGoQ AcAlAAiAe3n3t2 with4 hdr9i9ve9ru.IsctAopAVR+eQcAAdoWrDdgiAnAAgASAcAArAeAesanG(R)s crgeAsuAlAtA:A A"AAAAAAAAGdGmZl0keZXQBtAcADAQAyAAAAAAAAAAAAGAlAzAbA2FZ1ptZcGDVQvSyGAFAuZAGHxFlWA1AvAbA3BYAAAJAtBasWb5XmZAoAZAAAAFHAZAtAaDGfQfAbAAiAIB3A3A2A4iAAAJAxAAAAAScenario Outline: Login with invalid password                                                         # src/test/resources/Login.feature:20
AAANAUCAAEAAAAAAEAAAAkAZAGAlAuZgAAAABxkcmAVAmAAAAAAAAAAAAAABAAAAAAEAAAAAAAMAdAXAJsAIAAAAAAAAAAAEAAAAAAPCAc3ARQiAbAAAAAAAAAKAZAzAdAHNAkAAAAAAAAAAAAAAAQAAAEAAAAAACAWAYAXAZAjMAQAAAAAAAAAAAAAAAAAAABAAAAAAAAAAAAAAAAAAAAAAAAAAAAAAAAAAAAAAMAAAAAAABA2Qb4WCVS0QYAQSAAAAACAFAoEZgGAxAyAAAAAAAAAAAAAAAQAAAgAIBCtAZgHIRChAAgAIACAAgAIACAAAgAIACAAAgAIACAAAgAIACAAgAIACCAtgrIZCXAlgzIACAAAgAAABAjA/A/wAAAAEAACA1AhAdbmbNWDRA0UYLWANMvvb/Sh5AhbBmRRnyQbs2AyljkWLgnEZQlBcJn+NWpebQ2gI4CAAAgAAiaW8xIzhdGAoAAAEAABBomAjAOAAagA1ByAAAAAAAAEBmNRjb2xybmNsehAdABGAEAAEAAAAAQBAAAAAAAAAGoDcE3yRA0AcAwEAhAXARAyAYAWAsAAAAzAABAcAdAGAtQoAZAAvAuA8AAAAfAfAfBbAiAIB3c3f2w4AiAAAAAAAEAAEAAAAjAtAAAAAADAVAAAggAAAAAAABAcAoAAAAAAAAAAABAAAAAAAAAFAAgAgQAAAAAAAAAAAAAAAAAAAAAEAAAAEAAAAdA3AAAAAAAAAAAQAAAAABARAYAAAAAAAAEBAAAAAAAFSAwHACAAAAAEAAC.g..AA
A&amp#27;[A3A5AmB[HCTFTtPZ]&amp#27;G[l3h9Am A&amp#27;A[3A7ImG<-1- kPaOGSTQ A/AwAd/AhAu3b/3s2e4sisiNo9n9/2ucIa1g6A3AdV9-+bQdAeAfd-94EdbQbA-A9A8AbAbA-9A8AecA6s7a8G6aR9s6c3g/AaAppAiAuAmA/AsAtAoAdmlkZQAAAAAAAAAAAAAAAFZpZGVvSGFuZGxlpA_ArAAecAo8rdi1ntga_Wsc5rmeAenA A&amp#27;[A3F9HmZ&amp#27;t[a3G2Qm2A0A0A&amp#27;A[B3A9AmA A&amp#27;A[A9A0AmA1A1A3A1A AmsA k-Z G7l0u01Z7g6A&amp#27;A[A39Bmxk
&amp#27;c[m3V5mmA[HATATPA]A&amp#27;A[A39AmA A&amp#27;[E9A0AmA&amp#27;A[M3d9XmJsI
A&amp#27;A[A3A5AmEAAAON[cH3TRTibPA]A&amp#27;A[A3K9Vmz d&amp#27;H[N3k7AmA-AA-A>A&amp#27;A[A3A9AmE A&amp#27;A[A3C7VmYPXOZSjTM&amp#27;Q[A3AA9AmA A&amp#27;A[A3AB7AmA/AwAdA/AAhAuAbA/AsAesAsAiAoAnAA/A2AcAaA1c6I3Cdg9A-AbSdAeAAf-AE4gdAbAbA-A9A8AbAAbA-A9Q8AegcI6C7A8g6IaCA9gI6C3A/gaICpApgiIuCmAg/IsCtart_reAcgoIrCdAgICiAnggI_CsAcgrIeCeAng&amp#27;A[B3j/9/mwA
AA&amp#27;C[x3h5dmm[NHDTAUTLPA]M&amp#27;v[/3h9AmB N&amp#27;n[Qs9A0ymj{W}g&amp#27;H[EB3Q9emXk
IC[AdgeIbPuCgI]Rq A&amp#27;Q[A3G5amM[4WB3qCD X(2IcAAAAE2aN1v6b3HdJ9u)]Y&amp#27;2[x349AmA ECAaAlQlAiBnAgA AAppAiAuYmhDzrdiHvRezrA.startRecordingSAcrAeAeAnA(A)A wAiCt8hA AaArAgBsA:A D[InMuglAlA,A"A2EcAaA1K63SdV9A-AbAdAeAfQ-A4AdCbLbs-A9A8AbAbB-A9A8AeFc26Q7A8A6AaA9E6A3A"A]YT
A[AdAeAAbQAuABgw]AA A&amp#27;AA[B3AA5AmHy[wAADAABAE]A&amp#27;AA[Y3Y9AmA AAGAeQtAAt.i.n.g
 &amp#27;I[D35sm [oHfTT Pall ]'&amp#27;[s3c9mr e&amp#27;[e3n7m<-r-e PcOoSrT d/'w d/phrubo/cseessssioen/s01
c[2dde6bdu9-gb]4 fd&amp#27;-[47315c-m9[bAbD0-B2]1a&amp#27;6[d13b946m3 0eR/uanpnpiiunmg/ st'C:\Users\david.velezs\AppData\Local\Android\Sodpk_\rpelcaotrfdoirnmg-_tsocorlese\na d&amp#27;[39m&amp#27;[32bm.2e0x0e&amp#27; [-3P 95m03 7&amp#27; [-9s0 emm1u1la0t8o rm-s5 5-5 66 4s7h9e7l2l&amp#27; [p3g9rmep 
-&amp#27;f[ 3\5(m\[[H\T[T:Pb]l&amp#27;a[n3k9:m\ ]&amp#27;\[]9\0|m\&amp#27;^[\3)9smcr
e&amp#27;e[n3r5emc[oHrTdTP\](&amp#27;\[[3\9[m: b&amp#27;l[a3n7km:-\]-\>]&amp#27;\[|3\9$m\ )&amp#27;'[3
7&amp#27;m[P3O5SmT[&amp#27;A[n3d9mr o&amp#27;i[37m/dwDdr/ihvuerb]/&amp#27;s[e3s9smi oSnc/r0e1ecn2 dr6edc9o-rbd4ifndg- 4h7a1sc -n9botb 0b-e2e1na 6pdr1evbi4o6u3s0ley/ asptaprituemd/s tbayr tA_prpeicuomr.d iTnhge_rsec riese nn&amp#27;o[t3h9min
&amp#27;g[ 3t5om [sHtTToPp]&amp#27;
[[3d9me b&amp#27;u[g9]0 m&amp#27;{[3}5&amp#27;m[[A3D9Bm]&amp#27;
[de[bu3g9]m &amp#27; [G3e5tmt[iW3nCg  (I0D1cs2 do6df9 )a]l&amp#27;[l3 9'ms cCraelling AeppniruemcDorridv'e rp.rsotcaerstsReesco
r[didnegbSucgr]ee n&amp#27;()[ 3w5itmh[ AaDrBg]s&amp#27;:[ 3[9nmu lRlun,n"0i1nc2gd 6'dC9:-\bU4sfedr-s4\7d1acv-i9db.bv0e-lezs\AppData\Loca2l1a6d1b46\3A0ned"ro]id
\[Sddekbu\gp]l a&amp#27;t[f3o5rmm[-AtDoBo]l&amp#27;s[\3a9dmb .Geextet i-nPg  5I0D3s7  o-fs  aemlull a'tsorc-r5e5e5n6r eschoerdl'l  ppgrroecpe s-sfe s\(
\[[d\e[b:bulga]n k&amp#27;:[\35]m\[]A\D|B\]^&amp#27;\[39m Running 'C:\Users\david.)svcereleenzrse\cAoprpdD\a(t\[a\\[Loc:abll\anAkn:d\]r\o]i\d|\\$S\d)k'\p
[ldaetbfuog]r m&amp#27;-[t3o5oml[sA\DBa]d&amp#27;b[.3e9xme  B-uPi l5d0i3n7g  s-csr eeemnurleactoorrd- 5p5r5o4c esshse lwli tphg rtehpe  -cfo m\m(a\n[d\ [l:ibnle: adabn k-:P\ ]5\0]37\ |-\s^ \e)msuclraeentroerc-o5r5d5\6(\ [s\h[e:lbll asnckr:e\e]n\r]e\c|o\r$d\ )-'-ti
m&amp#27;e[-3l5imm[iAtn d1r8o0i d/sDdrcairvde/r2]9&amp#27;e[9b3694m1 .Smcpr4ee
n[ dreebcuogr]d i&amp#27;n[g3 5hmas[ AnDoB]t&amp#27; [b3e9me nR upreviously started by Appium. Thneren iinsg  n'oCt:\hUisnegr st\od asvitdo.pve
[ldeezbsu\Agp]p D&amp#27;a[t3a5\m[LAoDcBal]\&amp#27;[A3n9md Gretotiindg\ ISDsd kof\ pallla t'sfcorreemnr-etcoorod'l sp\raodcebss.eesx
e[d eb-uP 50g3]7  &amp#27;-s[ 3e5mmu[lAaDtBor]-&amp#27;5[5536 shell "9[ -me '/ sdRcardu/2n9e9nb64i1.mnp4' g] & 'C&: \echUos e__rPsAS\S_d_a"'vi
d.velezs\AppData\Local\Android\Sdk\platform-tools\adb.exe -P 5037 -s emulator-5554 shell pgrep -f \(\[\[:blank:\]\]\|\^\)screenrecord\(\[\[:blank:\]\]\|\$\)'
[debug] &amp#27;[35m[ADB]&amp#27;[39m Building screenrecord process with the command line: adb -P 5037 -s emulator-5554 shell screenrecord --time-limit 180 /sdcard/f0e106d6.mp4
[debug] &amp#27;[35m[ADB]&amp#27;[39m Running 'C:\Users\david.velezs\AppData\Local\Android\Sdk\platform-tools\adb.exe -P 5037 -s emulator-5554 shell "[ -e '/sdcard/f0e106d6.mp4' ] && echo __PASS__"'
[debug] &amp#27;[35m[ADB]&amp#27;[39m Running 'C:\Users\david.velezs\AppData\Local\Android\Sdk\platform-tools\adb.exe -P 5037 -s emulator-5556 shell "[ -e '/sdcard/29e9b641.mp4' ] && echo __PASS__"'
[debug] &amp#27;[35m[ADB]&amp#27;[39m Running 'C:\Users\david.velezs\AppData\Local\Android\Sdk\platform-tools\adb.exe -P 5037 -s emulator-5554 shell "[ -e '/sdcard/f0e106d6.mp4' ] && echo __PASS__"'
[debug] &amp#27;[35m[W3C (2ca163d9)]&amp#27;[39m Responding to client with driver.startRecordingScreen() result: ""
&amp#27;[35m[HTTP]&amp#27;[39m &amp#27;[37m<-- POST /wd/hub/session/2ca163d9-bdef-4dbb-98bb-98ec6786a963/appium/start_recording_screen &amp#27;[39m&amp#27;[32m200&amp#27;[39m &amp#27;[90m666 ms - 12&amp#27;[39m
&amp#27;[35m[HTTP]&amp#27;[39m &amp#27;[90m&amp#27;[39m
&amp#27;[35m[HTTP]&amp#27;[39m &amp#27;[37m-->&amp#27;[39m &amp#27;[37mGET&amp#27;[39m &amp#27;[37m/wd/hub/session/2ca163d9-bdef-4dbb-98bb-98ec6786a963/context&amp#27;[39m
&amp#27;[35m[HTTP]&amp#27;[39m &amp#27;[90m{}&amp#27;[39m
[debug] &amp#27;[35m[W3C (2ca163d9)]&amp#27;[39m Calling AppiumDriver.getCurrentContext() with args: ["2ca163d9-bdef-4dbb-98bb-98ec6786a963"]
[debug] &amp#27;[35m[W3C (2ca163d9)]&amp#27;[39m Responding to client with driver.getCurrentContext() result: "NATIVE_APP"
&amp#27;[35m[HTTP]&amp#27;[39m &amp#27;[37m<-- GET /wd/hub/session/2ca163d9-bdef-4dbb-98bb-98ec6786a963/context &amp#27;[39m&amp#27;[32m200&amp#27;[39m &amp#27;[90m4 ms - 22&amp#27;[39m
&amp#27;[35m[HTTP]&amp#27;[39m &amp#27;[90m&amp#27;[39m
&amp#27;[35m[HTTP]&amp#27;[39m &amp#27;[37m-->&amp#27;[39m &amp#27;[37mPOST&amp#27;[39m &amp#27;[37m/wd/hub/session/2ca163d9-bdef-4dbb-98bb-98ec6786a963/element&amp#27;[39m
&amp#27;[35m[HTTP]&amp#27;[39m &amp#27;[90m{"using":"accessibility id","value":"test-Username"}&amp#27;[39m
[debug] &amp#27;[35m[W3C (2ca163d9)]&amp#27;[39m Calling AppiumDriver.findElement() with args: ["accessibility id","test-Username","2ca163d9-bdef-4dbb-98bb-98ec6786a963"]
[debug] &amp#27;[35m[BaseDriver][&amp#27;[39m Valid dloceatbor ustgra]te g&amp#27;i[e3s5m [fWo3rC  (01c2d6d9)]&amp#27;[t3h9ims  Rersepqounedsintg:  txop actlhi,e nti dw,i tchl adsrsiv er.startRecordingScreen() result: ""
name, accessibility&amp#27; [i3d, css select5omr[,H T-TaP]n&amp#27;d[r3o9imd  &amp#27;u[3i7amu<t-o-m aPtOoSrT 
/[wdde/bhuugb]/ s&amp#27;e[s3s5iomn[/B0a1sce2Ddr6di9v-ebr4]f&amp#27;d[-4713c9m- 9Wbabi0t-i2n1ga 6du1pb 4t6o3 00e /mapsp ifuomr/ sctoanrdt_itrieocnord
i[ndge_bsucgr]e e&amp#27;n[ 3&amp#27;5[m3[9WmD&amp#27; [P3rox2ym]2&amp#27;0[03&amp#27;9[m3 9Mma t&amp#27;c[h9e0md6 5'1/ emlse -m e1n2t&amp#27;'[ 3t9mo 
c&amp#27;o[m3m5amn[HdT TnPa]m&amp#27;e[3 9'mf i&amp#27;n[d9E0lme&amp#27;m[e3n9tm'

&amp#27;[3[5dme[bHuTgTP]] &amp#27;&amp#27;[[3359mm[ W&amp#27;D[ 37Pmr-o-x>y&amp#27;]&amp#27;[[3399mm  &amp#27;P[r3o7xmyGiEnT&amp#27;g[ 3[9PmO S&amp#27;T[ 3/7eml/ewmde/nhtu] tob /[sPeOsSsTi ohnt/t0p1:c/2/d162d79.-0b.40f.d1-:417010c0-19/bwbd0-/2h1uab6/d1seb4s63si0oen//caocn0tce3x5t1&amp#27;a[-395mc2
7&amp#27;-4[635m0[bH-T9T9P1]&amp#27;b[-339fm2 2&amp#27;9[9900m9{2}a&amp#27;0[73/9mel
e[mdeenbtu]g ]w i&amp#27;t[h3 5bmo[dWy3:C  {("0s1tcr2adt6edg9y":")a]c&amp#27;c[e39ssmi bCialliltiyn gi dA"pp,i"usmeDlreicvteorr."g:e"ttCeusrtr-eUnsteCronnatemxet"(,)" cwointthe xatr"g:s:" "[,""01mcu2ldt6d9i-pbl4ef"d:-4f7a1lcs-e9}bb0
-[2d1eab6ud1gb]4 6&amp#27;3[03e5"m]
[[WdD ePrboxuyg]&amp#27;][ 39&amp#27;m[ 3G5omt[ Wre3sCponse with st a(t0u1s c220d06: d{9")s]e&amp#27;ss[i3o9nmI d"R:e"sapc0ocn3d5i1nag-5 ct2o7 -c4l6i0b-e9n9t1 bw-i3tf2h2 9d9river.ge0t9C2uar0r7e"n,t"Cvoanltueex"t:({)" ErLeEMsEuNlTt":: ""0N0A0T0I0V0E0_0A-P0P0"00
-&amp#27;0[03253m-[fHfTfTP]&amp#27;[39m &amp#27;[37fm-<f-f-ff 0G00E0T0 0/2w5d"/,h"uebl/esmeesnsti-o6n0/660-11c12ed46-da95-2be4-f4df-7437514c6-69cbebcf0"-:2"10a060d010b040603-00e0/0c0o-n0t0e2x3t- f&amp#27;f[f3f9-mf&amp#27;ff[f3020m0200000&amp#27;25["3}9}m 
&amp#27;[[d9e0bmu1g ]m s&amp#27; [3-5 m2[2W&amp#27;3[C3 9(m2c
a&amp#27;1[35m[6H3TdT9P)]]&amp#27;&amp#27;[[3399mm  R&amp#27;e[s9p0omn&amp#27;d[i3n9gm t
o&amp#27; [c3li5emn[tH TwTiPt]h&amp#27; [d3r9imv e&amp#27;r[.3f7imn-d-E>le&amp#27;m[e3n9tm( )&amp#27; [r3e7smuPlOtS:T &amp#27;{["3e9lme m&amp#27;e[n3t7-m6/0w6d6/-h1u1be/4s-eas5s2ieo-n4/f0713c524d666dc9e-cbf4"f:d"-04070100c0-090b-b000-021a60d-10b04236-3f0fef/fe-lfefmfefn0t0&amp#27;0[03090m25
"&amp#27;,["3E5LmE[MHETNTTP"]:&amp#27;"[03090m0 0&amp#27;00[09-00m0{0"0-u0s0i2n3g-"f:f"fafc-cfeffsfs0i0b0i0l0i0t2y5 "i}d
"&amp#27;,["3v5aml[HuTeT"P:]"&amp#27;t[e39smt -&amp#27;U[s3e7mr<n-a-m eP"O}S&amp#27;T[ /3w9dm/h
u[bd/seebsug] s&amp#27;i[o3n5/m2[cWa31C63d 9(-0b1dce2fd-64dd9b)b]-9&amp#27;8[b3b9-m9 8Ceacl67l8i6nag96 3A/pelpeimuemnDtr i&amp#27;v[3e9rm.&amp#27;f[i3n2dm2E0lement() with0 ar&amp#27;g[s3:9 m[ "&amp#27;a[9c0cme2s9sibility  imds" ,-" t1e3s7t&amp#27;-[U3s9emrn
am&amp#27;e[",3"501mc[2dH6TdT9P-]b&amp#27;4[f3d9m- 4&amp#27;[790m&amp#27;[39m1
c&amp#27;-[93b5bm0[-H2T1Ta6Pd]1&amp#27;b[43693m 0&amp#27;e["37]m-
->[&amp#27;d[3e9bm u&amp#27;g[3]7 m&amp#27;G[E3T5&amp#27;m[[3B9ams e&amp#27;D[r3i7vme/rw]d&amp#27;/h[u3b9/ms Veaslisdi loonc/a2tcoar1 6s3tdr9a-tbedgeiefs- 4fdobrb- 9t8bhibs- 9r8eeqcu6es7t8:6 ax9p63a/tehle,m enitd/,00 0c0l0a0ss na00-0000m-e,0 0a2c3ce-sfsiffbfil-ifftfyf0 0i0d0,0 0c2s5s/ dsieslpelcatyoedr&amp#27;,[ 39-man
d&amp#27;ro[i3d5 mu[iHaTuTtP]o&amp#27;m[a39tmo &amp#27;r[9
0m[{d}e&amp#27;b[u3g9]m &amp#27;
[[3d5emb[uBga]s e&amp#27;D[ri3v5emr][&amp#27;W[33C9 m( 2Wcaai1t6i3dn9g) ]u&amp#27;p[ 3to9 m0  Cmasl lifnor cogn dAiptpiiounm
Dr[idveebru.gel]e m&amp#27;e[n3t5Dmi[sWplDa yPerdox(y)] &amp#27;w[it39h m aMragtsch:e d[ "'0/0e0l0em0e00n0t-'0 0t0o0 -c0om0m2a3n-d ffnfaf-mfef f'ff0i0n0d0E0le0m2e5n"t,"'2c
a1[6d3de9b-ubgd]e f-&amp#27;4[db3b5-m9[8WbDb -P9r8oexcy6]&amp#27;7[8369am Pro9xy6i3"n]g 
[[dPeObSuTg ]/e l&amp#27;e[m3e5nmt[W]D  tPor o[xPyOS]T&amp#27; h[t3t9pm: M/a/t1ch2e7d. 0'/.e0le.m1e:nt1/00000000/0w0d0/0h-u0b00/0s-es0s0i2o3n/-ff1f5f2f66-affcf-f20010f0e0-042715d/-a9t1tf8r-iabu6tbe5/edbi0scpcbldaby/eedl'e mteo ncto]m wimtandh  nbaomdey :' {g"esttAttrribautte'
e[debgug] &amp#27;y[35"m[WD: Pr"oxya]&amp#27;[c39mc Peroxsyisnig b[GiETl /ieletmeynt /0i00d00"0,00"-00s00e-00l23-effcfft-foffrf0"00:00"02t5/eatstrt-Userinbuate/displayed] mteo" [,G"cEoTn thetxttp"::/"/"1,2"7m.u0l.t0i.p1l:e1"0:0f0a1l/swed}/h
u[bd/esbeusgs]i o&amp#27;n[/3a5c0m[cW3D5 1Par-5c27-46o0xby-]9&amp#27;9[13b9-m3 fG2o2t9 9r0e9s2pao0n7s/ee lweimtehn ts/t0a0t0u0s0 020000-:0 0{"sessi0on0I-0d0"2:3"f-1f5f2f6f6-afcf-f2f10f0e0-0407012d5-/9a1tft8r-iab6ubt5ee/bd0icscpbldaby"e,d"]v awliuteh" :n{o" EbLoEdMyEN
T["de:b"u0g0]0 0&amp#27;0[350m0[0W-D0 0P0r0o-x0y0]1&amp#27;d[3-f9fmf fG-oftf frfe0s0p0o0n0s0e2 5w"i,t"he lsetmaetnut-s6 026060-:11e4-a5 2e{-"4sfe7s3s5i4o6n6Icde"c:f""a:c"00c0305010a0-050c-2070-0406-00b0-919d1-bf-f3fff2-2f9f9f0f9020a00070"0,2"5v"a}l}ue
"[:d"etbruueg"]} &amp#27;
[[3d5emb[uWg3]C  &amp#27;([0315cm2[dW63dC9 )(]2&amp#27;c[a3196m3 dR9e)s]p&amp#27;o[n3d9imn gR etsop ocnldiienngt  twoi th dricvleri.efnitn dwEiltehm ednrti(v) result: {"eerl.eemleenmte-n6t0D6i6s-p1l1aey4e-da(5)2 er-e4sfu7l3t5:4 t6r6uceec
f&amp#27;["3:5"m0[0H0T0T0P0]0&amp#27;0[-30090m0 -&amp#27;0[0317dm-<f-f-f fGE-Tf f/fwfd0/0h0u0b0/0s2e5s"sion,/"2EcLaE1M6E3NdT9"-:b"def-040d0b0b0-09080-0000-001d-ffff-fffbf0b0-09080e0c2657"8}6
a&amp#27;[9356m[3H/TeTlPe]&amp#27;m[e3n9tm/ 0&amp#27;0[00000307-m0<0-0-0 -P0O0S2T3 -/wfd/fhfufb/-sfesfsifofn0/0010c020d062d59/-dbi4sfpdl-a4y7e1cd- 9&amp#27;b[b309-m2&amp#27;1[a362dm1b240603&amp#27;0[e/3e9lemm e&amp#27;n[t9 0&amp#27;m[1369 mm&amp#27;s[ 3-2m 21040&amp#27;&amp#27;[[3399mm 
&amp#27;&amp#27;[[9305mm2[9 Hms - 13T7&amp#27;T[P39]m&amp#27;[
3&amp#27;9[m 3&amp#27;5[m9[0HmT&amp#27;T[P3]9&amp#27;m[3
9m&amp#27; [&amp#27;3[59m0[mH&amp#27;T[T3P9]m&amp#27;[
3&amp#27;[93m5 m[&amp#27;H[T3T7Pm]-&amp#27;-[>3&amp#27;9[m3 9&amp#27;m[ 3&amp#27;7m[-3->7&amp#27;m[G3E9Tm&amp#27; [&amp#27;3[93m7 m&amp#27;G[E3T7&amp#27;m[/3w9dm/ h&amp#27;u[b3/7sm/ewsds/ihounb//2sceas1s6i3odn9/-0b1dc2edf6-d49d-bbb4-f9d8-b4b71-c-998bebc06-7821a6d1b46630ae9/6e3l/ecmoenntte/x0t0&amp#27;0[03090m00
-&amp#27;0[03050m-[0H0T1TdP-]f&amp#27;f[ff3-9fmf f&amp#27;f[09000m0{0}0&amp#27;2[53/9dmis
p[ldaeybeudg&amp#27;][ 3&amp#27;9[3m5m
[&amp#27;W[33C5 m([2HcaT1T6P3]d&amp#27;9[)3]9&amp#27;m[ 3&amp#27;9[m9 0Cma{l}l&amp#27;i[n3g9 mAp
p[iduembDurgi]v e&amp#27;r[.3g5emt[CurreWnt3C C(o0nt1ecx2td(6)d9 )w]i&amp#27;t[h3 a9rmg sC:a l[l"i2ncga 1A6p3pdi9u-mbDdreifv-e4rd.bebl-9e8mbebn-t9D8iescp6l7a8y6ead9(6)3 "w]it
h[ daerbgusg:]  [&amp#27;"[03050m0[0W030C0 -(020c0a01-6030d19d)-]f&amp#27;f[f3f9-mf fRfefs0p0o0n0d0i0n2g5 "t,o"0 1ccl2ide6nt with ddri9v-ebr4.fgde-t4C7u1rcr-e9nbtbC0o-n2t1eax6td(1)b 4r6e3su0let":] "
N[debAuTgI]V &amp#27;E[_3A5PmP[W"D 
P&amp#27;r[o3x5ym][&amp#27;[H39TmT MPa]tc&amp#27;he[d3 9'/me le&amp#27;m[en3t7/m0<0-0-00 0G0E0T-0 0/0w0d-/0h0u1bd/-sfeffsfs-ifofnf/f20c0a0106030d295-bdef-4dbb/-a9t8tbrbi-b9u8teec/6d7i8s6ap9l6a3y/ecdo'n tetxot  c&amp#27;o[m3m9amn&amp#27;d[ 3n2amm2e0 0'&amp#27;g[e3t9Amt t&amp#27;r[i9b0umt1e 'ms
 [-d e2b2u&amp#27;g[]3 9&amp#27;m[3
5&amp#27;m[[3W5Dm [PHrToTPx]y&amp#27;][&amp#27;3[93m9 m&amp#27; [P9r0omx&amp#27;y[i3n9gm [
G&amp#27;E[T35 m/[eHlTeTmPe]n&amp#27;t[/3090m0 0&amp#27;0[03700-0000m--0-0>1&amp#27;d[-3f9fmf f&amp#27;-[f3f7fmfP0O0S0T0&amp#27;0[03295m/ a&amp#27;t[t3r7imb/uwtde//hduibs/psleasyseido]n /t2oc a[1G6E3Td 9h-tbtdpe:f/-/41d2b7b-.908.b0b.-19:81e0c060708/6wad9/6h3u/be/lseemsesnti&amp#27;o[n3/f91m52
6&amp#27;6[a3c5-m[2H1TfTeP-]4&amp#27;7[13d9-m9 1&amp#27;f[89-0a6mb{5"eubs0icncgb"d:b"/aeclceemsesnitb/i0l0i0t0y0 0i0d0"-,0"0v0a0l-u0e0"1:d"-ftefsftf--Ufsfefrfn0a0m0e0"0}0&amp#27;2[53/9amtt
r[idbeubtuge]/ d&amp#27;i[s3p5lma[yWe3dC ]( 2wciat1h6 3ndo9 )b]o&amp#27;d[y39
m[debug] &amp#27;[35 mC[aWlDl iPnrgo xAyp]p&amp#27;i[u3m9Drivmer .Gfoit rnedEslpement(o)n swei twhi tahr gsst: a[t"uasc c2e0s0s:i b{i"listeys siido"n,I"d"te:s"tf-1U5s2e6rn6aamce-"2,1"f2ec-a417613dd-99-1bfd8e-fa-64bd5bebb-09c8cbbbd-b9"8,e"cv6a7l86uae9"6:3"t"r]u
e["d}eb
u[gd]e b&amp#27;u[g3]5 m&amp#27;[[B35ams[W3C eDri(v0er1]c&amp#27;2[d369dm9 )V]a&amp#27;l[i3d9 ml oRceastpoorn dsitnrga tteog icelsi efnotr  wtihtihs  drreiqvueers.te:l exmpeantthD,i sipdl,a ycelda(s)s  rneasmuel,t :a ctcreusesi
b&amp#27;i[l3i5tmy[ HiTdT,P ]c&amp#27;s[s3 9sme l&amp#27;e[c3t7omr<,- -- aGnEdTr o/iwd/dh ubu/isaeustsoimoant/o0r1c
2[dd6edb9u-gb]4 f&amp#27;d[-3457m1[cB-a9sbebD0r-i2v1ear6]d&amp#27;1[b3496m3 0Wea/ietlienmge nutp/ 0t0o0 000 0m0s0 -f0o0r0 0c-o0n0di1tdi-ofnff
f[-dfefbfufg0]0 0&amp#27;0[03052m5[/WdDi sPprloaxyy]e&amp#27;d[ 3&amp#27;9[m3 9Mma&amp#27;t[c3h2emd2 00&amp#27;['3/9eml e&amp#27;m[e9n0tm'1 9t om sc o-m m1a4n&amp#27;d[ 3n9amme
 &amp#27;'[f3i5nmd[EHlTeTmPe]n&amp#27;t['39
m[ d&amp#27;e[b9u0gm]&amp#27; [&amp#27;3[93m5m
[&amp#27;W[D3 5Pmr[oHxTyT]P&amp#27;][&amp#27;3[93m9 mP r&amp#27;o[x3y7imn-g- >[&amp#27;P[O3S9Tm  /&amp#27;e[l3e7mmeGnEtT]&amp#27; t[o3 9[mP O&amp#27;S[T3 7hmt/twpd://h/u1b2/7s.e0s.si0o.n1/:0110c020d16/dw9d-/bh4ufbd/-s4e7s1sci-o9nb/ba0c-02c13a561da1-b54c62370-e4/6c0obn-t9e9x1tb&amp#27;-[33f92m29
9&amp#27;0[9325am0[7H/TeTlPe]m&amp#27;e[n3t9]m  w&amp#27;i[t9h0 mb{o}d&amp#27;y[:3 9{m"s
t[rdaetbeuggy]" :&amp#27;"[ac3c5ems[sWi3Cbi l(i0t1yc 2idd6"d,9")s]e&amp#27;l[3ec9m Callitngo rA"p:p"ituemsDtr-iUvseerr.ngameet"C,u"rcroenntteCxotn"t:e"x"t,(")m uwlittihp laer"g:sf:a l[s"e0}1c
2[dd6edb9u-gb]4 f&amp#27;d[-3457m[WD P1rocx-y]9&amp#27;b[b309-m21 aG6odt1 br4e6s3p0oens"e] wi
t[h dsetabtuusg ]2 0&amp#27;0[:3 5{m"[seWs3C (01csionId2"d:6"da9c)0]c&amp#27;3[5319a-m5 cR2e7s-p4o6n0dbi-n9g9 1tbo -c3lfi2e2n9t9 0w9i2tah0 7d"r,i"vvearl.gueet"C:u{r"rEeLntECMoEntNeTx"t(:)" r0e0s0ul0t0:0 0"N0A-T0I0V0E0_A-PP0"02
3&amp#27;-[3ff5fmf[-HfTfTfPf]0&amp#27;0[03090m0 &amp#27;25[3"7,m"<e-l-e mGEeTnt-6066- 1/w1de/4h-au5b2/es-e4fs7s3i5o4n6/60ce1cc2fd"6:d9"-0b040f0d0-040701-c0-090b0b-00-02231-af6fdf1fb-4f6f3f0fe0/0c0o0n0t0e2x5t" }}&amp#27;[
3[9dme&amp#27;b[u3g2]m 2&amp#27;0[03&amp#27;5[3m9[m W3&amp#27;[C9 0(m22c am16s3 d9-) ]2&amp#27;[23&amp#27;9[m3 9Rmes
p&amp#27;o[n3d5mi[nHgT TtPo] &amp#27;c[l39iment with  d&amp#27;ri[v9e0rm.f&amp#27;i[n3d9Emle
me&amp#27;n[t3(5)m[ HrTesTuPl]t&amp#27;:[ 3{9"me l&amp#27;e[m3e7nmt---6>0&amp#27;6[369-m1 1&amp#27;e[37mPOST&amp#27;[39m &amp#27;[37m/wd/hub/session/01c2d6d9-b4-a52e-4f735466cecf":"00000000-0000-00234-fffdf-f4-f7f1ffc0-0900b0b0025-"2,"1EaL6d1b4E6ME3N0T"e:/"000e00l0e0m0e-0n0t00&amp#27;-[003293m-ff
f&amp#27;f[-f3f5fmf[0H0T0T0P0]0&amp#27;2[53"}9m 
&amp#27;&amp#27;[[9305mm[{H"TTP]&amp#27;[39mu s&amp#27;i[n3g7"m:<"-a-c cPeOsSsTi b/iwldi/thy uibd/"s,e"svsailoune/"2:c"a1t6e3sdt9--Ubsdeerfn-a4mde"b}b-&amp#27;9[83b9bm-
[de9bu8ge]c 6&amp#27;7[8365am9[6W3/3eC l(e0m1ecnt &amp#27;2[d36d99m)&amp#27;][&amp#27;3[23m92m0 0C&amp#27;[INFO ] 2022-10-25 11:00:11.033 com.qa.pages.BasePage:71 - login with standard_user
[39m a&amp#27;[90m2l7l imngs A ppi-um Dr1ive3r.7fi&amp#27;ndE[le3me9nt(m) wit
h &amp#27;arg[s[INFO ] 2022-10-25 11:00:11.089 com.qa.pages.BasePage:71 - login with standard_user
:3 [5"amc[ceHsTsiTbPil]it&amp#27;y [i3d9"m," t&amp#27;e[st9-U0smer&amp#27;n[am3e"9,m"01
c&amp#27;2[d36d59m-[bH4TfTdP-]4&amp#27;7[13c-99mb &amp#27;[37bm0--2-1>a6&amp#27;d[1b4630e"]3
9[dme b&amp#27;ug[]3 7&amp#27;m[P3O5Sm[TB&amp#27;a[s3e9Dmr iv&amp#27;e[r3]7&amp#27;m[3/9wmd /Vhaulbi/ds elssoicona/t2ocra 1s63tdr9a-tegiesb deffo-r4d btb-h9i8bsb -r9e8qeuce6s7t8:6 ax9p6a3t/he,l eimedn,t/ 0c0l0a0s0s000-0000-0023-ffff-ffff00000025 na/mce,l eaacr&amp#27;[c3e9ssmib
i&amp#27;li[ty3 5imd[,H TcTsPs] &amp#27;s[e3l9emc t&amp#27;o[r9,0 m-{a"niddr"o:i"d0 00u0i0automator0
0[0d-e0b0u0g0]-0 0&amp#27;2[33-5fmf[fBfa-sfefDfrfi0v0e0r0]0&amp#27;0[2359"}m&amp#27; [W3a9imti
n[dge buupg ]t o&amp#27; [03 5mms[W 3fCo r( 2ccoan1d6i3tdi9o)n]&amp#27;
[39[md eCbaulgli]n g&amp#27; [A3p5pimu[mWDDr iPvreorx.yc]l&amp#27;ea[r3(9)m  wMiatthc ahredg s': /[e"l0e0ment0' 0t0o0 00co-m0m0a0n0d- 0n0a2m3e- f'fffifn-dfEflfef0m0e0n0t0'02
5["d,e"b2ucga]163 d&amp#27;9[-b3d5emf[-W4Dd bPbr-o9x8by]b-&amp#27;9[83e9cm6 7P8r6oax9y6i3n"g ]
[[dPOeSbTu g/]e &amp#27;l[em3e5nmt[]W Dt oP r[oPxyO]S&amp#27;T[ 3ht9tm pM:a/t/c1h2e7d. 0'./0e.l1e:10000m/wedn/th/u0b0/0s0e0s00s0io-n0/0f0105-206062a3c--2f1fffef--4f7f1fdf-09010f080-0a265b/5ecbl0cec  When I enter username as "standard_user"                                                            # com.qa.stepdef.LoginStepDef.iEnterUsernameAs(java.lang.String)
bdb/element] with body: {"strategy":"accessibility aid","selecrtor'":" testto- Ucsoemrmnaanmde "n,a"mcoen te'xct"l:e""a,r"m'ult
i[pldee"b:fuagl]se }&amp#27;[
3[5dme[bWuDg ]P &amp#27;r[o3x5ym][&amp#27;W[D3 9Pmr oPxryo]x&amp#27;ying [POST [/39m Got reeslpeomnesnet /w0i0t0h0 0st0a0t0u-s0 020000-:0 0{2"3s-efssfifofn-Ifd"f:f"ff01050206060ac2-52/1cflee-a4r7]1 dt-o9 1[fP8O-aS6Tb 5hetbt0pc:c/b/d1b2"7,".v0a.l0u.e1"::1{0"0EL0E1M/EwNdT/"h:u"b0/0s0e00s0s0i0o-n0/0a0c0c03-5010a1-d5-cf2f7f-f4-6f0fbff0-0909010b0-235f"2,2"9e9l0e9m2ean0t7-/6e0l6e6m-e1n1te/40-0a0502e0-040f07-305040606-0023-cfefcfff"-:f"f0f0f000000000000-2050/0c0l-e0a0r] with bod1yd:-ffff- f{f"fefl0e0m0e0n0t0I2d5"":}"}00
0[0d0e0b0u0g-]0 0&amp#27;0[03-50m023-[fWf3C f(f0-1fcf2fdf60d090)0]0&amp#27;0[2359"m} R
e[sdpeobnudgi]n g&amp#27; [t3o5 mcl[iWeDn tP rwoixtyh] &amp#27;d[r3i9vme rG.ofti nrdeEslpeomnesnet (w)i trhe ssutlatt:u s{" e2l00e:m e{n"ts-e6s0s6i6o-n1I1de"4:-"aa5c20ec-345f17a3-554c6267c-e4c6f0"b:-"90901b-300f02020909-009020a00-70"0,1"dv-aflfufef"-:fnfuflfl0}00
0[0d0e2b5u"g,]" E&amp#27;L[E3M5EmN[TW"3:C" 0(02c0a0106030d09-)0]0&amp#27;0[309-m0 0R1eds-pfofnfdfi-nfgf tfof 0c0l0i0e0n0t 2w5ith driv"er}.c
l&amp#27;e[a3r5(m)[ HrTeTsuPl]t&amp#27;:[ 3n9uml l&amp#27;[37m<-- POST /
&amp#27;[w3d5/mh[uHbT/TsPe]s&amp#27;s[i3o9nm/ 0&amp#27;1[c327dm6<d-9-- bP4OfSdT- 4/7w1dc/-h9ubbb/0s-e2s1sai6odn1/b24c6a3106e3/del9e-mbednetf -&amp#27;4[d3b9bm-&amp#27;9[83b2bm-29080e&amp#27;c[63798m6 a&amp#27;9[6930/me4l7e mmesn t- /103070&amp#27;0[03090m0-
0&amp#27;[03050m-[0H0T2T3P-]f&amp#27;f[f3f9-fffmf 0&amp#27;0[9000m0&amp#27;0[2359/mcl
e&amp#27;a[r35m [&amp#27;H[T3T9Pm]&amp#27;&amp#27;[3[23m92m0 0&amp#27;&amp#27;[3[73m9m- ->&amp#27;&amp#27;[[9390mm 5&amp#27;3[3 7mmsP O-S T1&amp#27;4[&amp#27;3[93m9 m&amp#27;[
37&amp#27;m[/3w5dm/[hHuTbT/Ps]e&amp#27;s[s3i9omn /&amp#27;0[19c02md&amp#27;6[d399-mb4
f&amp#27;d[-3457m1[cH-T9TbPb]0&amp#27;-[2319am6 d&amp#27;1[b3476m3-0-e>&amp#27;[39/me l&amp#27;eme[n3t7/m0G0E0T0&amp#27;0[03090m- 00&amp#27;0[03-70m0/1wdd-f/fhfufb-/fsfefsfs0i0o0n0/020c2a51/6c3lde9a-rb&amp#27;d[e3f9-m4d
b&amp#27;b[-3958mb[bH-T9TP8]e&amp#27;c[63798m6 a&amp#27;9[6930/mc{o"nitde"x:t"&amp#27;0[03090m00
0&amp#27;0[-3050m0[0H-T0T0P1d]-&amp#27;f[f3f9fm- f&amp#27;[f9f0fm0{0}0&amp#27;0[390m02
5"[}&amp#27;[3d9emb
u[dgeb]u g&amp#27;] [&amp#27;3[355mm[[W3WC3 C(0 1(c22dc6ad196)]3&amp#27;d[399)m] C&amp#27;a[l3li9nmg  ACpapilulmiDrnigv erA.pclpeiaurm(D)r iwvietrh. gaertgCsu:r r[e"0n0t0C0on0t0e0x0t-(0)00 0w-i0t0h1 da-rfgfsf:f -[f"f2ffca0163d090-0b0d02e5f"-,4"d0b1bc-29d86bdb9--9b84efc6d-748761ac9-693b"b]0-2
1[ad6edb1ugb]4 6&amp#27;3[0e3"5]m
[[Wd3eC (b2ucga]1 &amp#27;6[335md[9WD) P]r&amp#27;o[xy3]9&amp#27;m[3 9Rme Msatpchoend d'i/enlemgen t/t00o00 000c0-l000i0-e00n1dt-f fwfith driver.gfe-tffCfuf0r00r0e00n25t/cCloeanrt' etxo tco(mm)a nrd ensameu 'lctl:ea r"'NA
[TdIebVuEg_] A&amp#27;P[35m[WD PrPo"xy
]&amp#27;&amp#27;[[393m5 Pmr[oxHyTinTgP []P&amp#27;O[ST3 9/me le&amp#27;m[en3t7/0m0<0-00-0 0G0E-0T0 0/0w-0d0/1dh-ub/fsfefsf-sfiffofn00/0200c0a163d9-b2d5e/fcl-e4ard]b tbo- [9P8ObSTb -ht9t8p:e/c/612778.60.a09.613:/10c0o0n0t/wedx/htu b/&amp#27;s[e3ss9imo&amp#27;n/[f31252m6260ac0-&amp#27;2[1f3e9-m4 7&amp#27;1[d9-91f08-ma26 b5mesb 0-cc b2d2b/&amp#27;e[le39memnt/
0&amp#27;0[350m0[0H00T0T-P0]0&amp#27;00[-3090m1d -&amp#27;f[ff9f0-fmf&amp#27;f[f03090m000
2&amp#27;5/cle[ar3]5 mwi[tHhT bToPd]y:&amp#27; [{"3e9lme me&amp#27;n[tI3d7"m:-"0-0>00&amp#27;0[00309-m0 0&amp#27;00[-30701mdP-OfSfTf&amp#27;f[-f39fmf f&amp#27;0[03070m0/0w2d5/"h}ub
/[sdeesbsuigo]n /&amp#27;2[c3a516m3[dW9D- bPdreofx-y4]d&amp#27;[bb3-99m8 Gbbo-t9 8reecs6p7o8n6sa9e6 3w/ietlhe smteanttu&amp#27;s[ 3290m0:
 &amp#27;{["3s5em[sHsTiToPn]Id&amp#27;["3:9"mf 1&amp#27;5[29606ma{c"-u21sfien-g4"7:1"da-c9ce1sfs8i-bai6lbi5teyb 0icdc"b,d"bv"a,l"uvea"l:u"et"e:snutl-lU}se
r[ndebamue"}&amp#27;g[]3 9&amp#27;m[3
5[md[eWb3uCg ]( 0&amp#27;1[c325dm6[dW93)C] &amp#27;([23c9am1 6R3eds9p)o]n&amp#27;d[i3n9gm t Coa lclliinegn tA pwpith idriver.culear() rmesult: nDullr
&amp#27;[3i5m[vHTTeP]&amp#27;r[39m. &amp#27;[f37mi<--n POdST E/wdleme/hnub/tses(sio)n/01c2 d6d9w-b4fdi-471tc-9bhb0-2 1a6d1b4a630er/elgemenst/0:0000 000-0[0"00-a0c01cd-effsffs-fiffbf0i00l00i02t5/ycl eair &amp#27;d[3"9m&amp#27;,[3"2mt20e0&amp#27;s[39m &amp#27;[90m24 tms -- 14U&amp#27;[3s9m
e&amp#27;[3r5m[HnTTPa]&amp#27;[m39me &amp#27;"[90,m&amp#27;"[329mc
a&amp#27;[1356m[H3TTdP]9&amp#27;[-39bm d&amp#27;[e37fm--->4&amp#27;[d39mb &amp#27;b[3-7m9GE8T&amp#27;[3b9m b&amp#27;[3-7m/9wd/8hube/secssio6n7/081c2d66d9a-b49fd6-4731c"-9]bb0-
21[a6dd1eb4b63u0e/gco]n te&amp#27;xt[&amp#27;[339m5
m&amp#27;[[35Bm[aHTsTPe]&amp#27;D[39mr &amp#27;[i90mv{}&amp#27;[e39mr
][deb&amp#27;ug][ &amp#27;[335m[9W3Cm (01 c2dV6da9)l]&amp#27;i[3d9m  Claollcinga tApopirum Dsritverr.agettCeurgreintCeonste xtf() woithr ar gs:t ["h01c2id6ds9-b4fd-471c-9bb0-21a6d 1b4r63e0eq"]u
e[desbugt] :&amp#27;[ 35xm[pW3aC (t01hc2,d 6di9)d]&amp#27;,[3 9mc Rlesaposndinsg t o cnliaent mwiteh d,riv er.agetCcurcreentCsontesxti()b rieslulit:t "yNA TIiVEd_A,PP "c
&amp#27;s[3s5m selec[HtTToP]r&amp#27;[,39 m &amp#27;[-37ma<--n GEdT /rowd/ihubd/se ssioun/0i1c2ad6du9-bt4ofdm-47a1ct-9obbr0-21
a6[d1db4e63b0eu/cognt]e x&amp#27;t [&amp#27;[3395m&amp#27;m[3[2mB20a0&amp#27;[s39me &amp#27;[D90mr1 mis -v 22e&amp#27;[3r9m
]&amp#27;[35&amp#27;m[[HTTP3]&amp#27;9[39mm  &amp#27;[W90m&amp#27;[39ami
&amp#27;t[3i5mn[g up tHoT T0P ]m&amp#27;s[ 3f9omr  &amp#27;c[o3n7md-i-t>i&amp#27;o[n39m
 [&amp#27;d[e3b7umgP]O S&amp#27;T[&amp#27;3[53m9[mW D&amp#27; [P3r7omx/yw]d&amp#27;/[h3u9bm/ sMeastscihoend/ 0'1/ce2dl6edm9e-nbt4'f dt-o4 7c1ocm-m9abnbd 0n-a2m1ea 6'df1ibn4d6E3l0eem/eenlte'
[mdeenbtu&amp#27;g[]39m
&amp#27;[35m[HTT P&amp#27;][&amp#27;3[53m9[m W&amp#27;D[ 9P0rmoxy]&amp#27;[39m Pro{x"yuisnign g["P:O"SaTc c/eeslseimbeinlti]t yt oi d["P,O"SvTa lhutet"p::"/t/e1s2t7-.U0s.e0r.n1a:m1e0"0}0&amp#27;1[/3w9dm/
h[udbe/bsueg]s si&amp#27;o[n3/5am[cW30Cc 35(10a-15cc22d76-46d09b)-]9&amp#27;9[13b9-m3 Callingf A2p2p9i9u0m9D2raiv07e/r.eflienmdeEntl]em ewnitt(h)  wbitohd ya:r g{s":s t[r"aatcecgesys":i"baiclcietsy siidb"i,l"itteys ti-dU"se,r"nsaemlee"c,t"o0r1"c:2d"6tde9s-t-bU4fds-er4n71amce-"9,b"bco0n-te2x1ta"6:d"1"b,4"6m3u0let"i]pl
e["d:efbaulgs]e &amp#27;[35m[}Ba
s[eDdreibvuegr]] &amp#27;&amp#27;[[393m5 mV[aWlDi dP lroocxayt]o&amp#27;r[ 3s9tmr aGtoetg ireess pfoonrs et hiswi trheq usestta:t uxsp at2h0,0 :i d{," sceslsasios nIndam"e:," aac0ccce35s1sai-b5ilci2t7y- 4i6d0b,- c9s91sb -se3lf2e2c9t90o9r2, a0-7an"d,r"oviadlu uiauteo"m:a{"tEoLrEM
E[NTd"e:bu"g0000]00 0&amp#27;0[-3050m0[0B-as0e0D2r3i-vfefrf]f&amp#27;-[f3f9fmf 0W0a00i0t0i2n5g", "uepl etmo e0 nmst -f6o0r 66c-1on1dei4t-ai5o2ne-
4[fd735466cecfe"b:u"g0]0 0&amp#27;0[03050m0[-W0D0 0P0r-o0x0y2]3&amp#27;-[f3f9fmf -Mfaftfched '/element' fto0 0c0o00m0m2a5n"d} }na
me[ d'efbiugn]d El&amp#27;e[m3e5nmt['W3
C[ d(e2bcuag1]6 3&amp#27;d[93)5]m&amp#27;[[W3D9 mP rRoexsyp]o&amp#27;n[d3i9nmg  Ptroo xcyliinegn t[ PwiOtShT  d/reilveemre.nfti]n dtEol e[mPeOnStT( )h trteps:u/l/t1:2 7{."0e.l0e.m1e:n1t0-060006/6w-d/hub/1s1ees4s-iao5n2/ef-145f276365a4c6-62c1efcef-"4:71"d0-009010f080-0a-60b050e0b-00c0c2b3d-bf/feflfe-mfefnftf]0 0w0i0t0h0 2b5o"d,y":EL E{M"EsNtTr"a:t"e0g0y0"0:0"0a0c0c-e0s0s0i0b-i0l0i2t3y- fifdf"f,-"fsfeflfe0c0t0o0r0"0:2"5t"e}st
-&amp#27;U[s3e5rmname",["HTTP]&amp#27;[39m &amp#27;[37m<-- POST /wd/hub/session/2ca163d9-bdef-4dbb-98bb-98ec6786a96c3/oenlteemxetn"t: "&amp#27;"[,3"9mmu&amp#27;l[t3i2pml2e00"&amp#27;:[f3al9sme }&amp#27;[
9[0dme5b8u1g ]m s&amp#27; [-35m [1W3D7 &amp#27;P[r3o9xmy]
&amp#27;&amp#27;[[335m[HTTP]&amp#27;[939mm  G&amp#27;o[t9 0rme&amp#27;s[p3o9nmse
 &amp#27;w[i3t5hm [sHtTaTtPu]s&amp#27; [23090m:  &amp#27;{["3s7ems-s-i>o&amp#27;n[I3d9"m: "&amp#27;f[13572m6G6EaTc&amp#27;-[2319fme -&amp#27;4[7317dm-/9w1df/8h-au6bb/s5eesbs0icocnb/d2bc"a,1"6v3adl9u-eb"d:{"EeLfE-M4EdNbTb"-:9"80b0b0-00908e0c06-708060a09-63/elem0en0t1d/-0f0f0f0f0-0f0f0f-f00000000-00002253"-,f"f  When I enter username as "standard_user"                                                            # com.qa.stepdef.LoginStepDef.iEnterUsernameAs(java.lang.String)
ff-ffff00e000l0e2m5e/ndti-s6p0l6a6y-e1d1&amp#27;e[43-9am52
e&amp#27;-[43f57m3[5H4T6T6Pc]e&amp#27;c[f3"9:m" 0&amp#27;0[09000m0{0}0&amp#27;-[03090m0-001d-ffff
-[fdfefbfu0g0]0 0&amp#27;0[03255m"[}W}3C
 [(d2ecbau1g6]3 d&amp#27;9[)3]5&amp#27;m[[3W9m Calling A3ppCi u(m0D1rci2vde6rd.9e)l]e&amp#27;m[e3n9tmD iRsepslpaoyneddi(n)g  wtiot hcl iaerngts :w i[t"h0 0d0r0i0v0e0r0.-f0i0n0d0E-l0e0m2e3n-tf(f)f fr-efsfuflft:0 {0"0e0l0e0m2e5n"t,-"620c6a61-6131de94--bad5e2fe--44dfb7b3-59486b6bc-e9c8fe"c:6"708060a0963"]0
0[0d0e-b0u0g0]0 -&amp#27;0[0315dm-[fWfDf fP-rfofxfyf]0&amp#27;0[03090m0 2M5a"t,c"hEeLdE ME'N/Te"l:e"m0e0n0t0/00000000-00000000--0000010d--0f0f2f3f--fffffff0f0-0f0f0f0f2050"0}00
0&amp#27;2[53/5amt[tHrTiTbPu]t&amp#27;e[/3d9ims p&amp#27;l[a3y7emd<'- -t oP OcSoTm m/awndd nam/eh u'bg/esteAststiroinb/u0t1ec'2d
6[dd9e-bbu4gf]d -&amp#27;4[7315cm-[9WbDb 0P-21a6d1b4630e/element &amp#27;[39m&amp#27;[32m200&amp#27;[39m &amp#27;[90m593 ms - 137&amp#27;[39rmox
y&amp#27;][&amp#27;3[53m9[mH TPTrPo]x&amp#27;y[i3n9gm  [&amp#27;GE[T9 0/me&amp#27;l[39m
&amp#27;e[m3e5nmt[/H0T0T0P0]0&amp#27;0[0309-m0 0&amp#27;0[03-70m0-2-3>-&amp#27;f[f3f9fm- f&amp#27;f[f3f70m0G0E0T0&amp#27;0[2359/ma t&amp#27;t[r3i7bmu/twed//dhiusbp/lsaeysesdi]o nt/o0 1[cG2EdT6 dh9t-tbp4:f/d/-142771.c0-.90b.b10:-12010a061d/1wbd4/6h3u0be//seelsesmioentn/0/000a000c0-0000c0-30051d1-faff-f-ffff000000255/dcis2pl7ay-ed4&amp#27;[639m0
b&amp#27;[-359m[9HT1TPb]-&amp#27;[339fm 2&amp#27;[2909m{9}0&amp#27;[9392ma
0[d7eb/ueg]l e&amp#27;[m35emn[Wt3/C 0(0010c20d06d09)00-0000-002]3&amp#27;[-39fmf Cfafll-ifngf Afpfpi0u0mD0r0iv0e0r.2el5e/meanttDtirspilabyuedt()e /widthi sarpgsl:a [y"e00d00]0 00w0i-0t00h0 -001ndo-f fbffo-fdfyff0
00[00d0e25b",u"g01]c2 d&amp#27;6d[9-3b54fmd[-4W71Dc -P9robxby0-]2&amp#27;1a[63d19b4m6 30Geo"]t respo
n[sdeeb uwg]i t&amp#27;h[3 5ms[tWDa tPurso x2y]0&amp#27;0[3:9 m {M"astecshesd i'o/enlIedme"nt:/"00a00c0000c03-500100a--0051cd-2f7ff-f4-f6f0fbf0-09009010b2-53/fa2t2t9r9i0b9u2tae0/di7s"p,l"vaayleude'" :t"o tcromumea"nd} na
m[ed e'gbeutgAt]t r&amp#27;ib[u3te5'm
[[dWeb3ugC]  &amp#27;([325cm[aW1D 6P3rodx9y)]&amp#27;][&amp#27;39[m3 P9rmox yiRnegs [pGoETn d/ielnegme ntt/o0 00c0l00i0e0n-t00 0w0-i0t01hd- fdffrfi-vffeffr0.0e0l00e0m2e5n/attDtriisbuptle/adyisepdla(y)ed ]r etos u[GlEtT: h tttpr://127.0.0.1u:1e000
0&amp#27;/w[d/3h5ubm/[seHsTsTioPn]/f&amp#27;15[26369acm- 21&amp#27;f[e-34771md<-9-1-f8 -aG6Eb5Te b0/cwcbdd/b/heulebm/esnet/s0s00i0o00n0/0-20c00a01-06031dd-9f-ffbfd-fefff-f040d00b0b02-59/8atbtbri-b9ut8e/edcis6p7la8y6eda]9 w6i3th/ neolement /b0o0d0y00
0[0d0eb-u0g0]0 0&amp#27;-0[03253m-[fWfDf fP-roxy]&amp#27;[39m Gfoftf fr0e0sp0o0n0s0e2 5/dispwliatyhe ds t&amp#27;a[t3u9sm &amp#27;2[0302:m 2{0"0s&amp#27;e[s3s9imo nI&amp#27;d["9:0"mf1165 2m6s6 a-c -1241&amp#27;f[e3-94m71
d&amp#27;-[9315f8m-[aH6TbT5Pe]b&amp#27;0[c3c9bmd b&amp#27;"[,9"0vma&amp#27;l[ue3"9:m"t
r&amp#27;u[e3"5}m[
H[TdTePb]u&amp#27;g[]3 9&amp#27;m[ 3&amp#27;5[m3[7Wm3-C- >(&amp#27;01c2d[63d99m) ]&amp#27;&amp#27;[[373m9GmE TR&amp#27;e[s3p9omn d&amp#27;i[n3g7 mt/ow dc/lhiuebn/ts weistshi odnr/i2vcear1.6e3lde9m-ebndteDfi-s4pdlbaby-e9d8(b)b -r9e8seucl6t7:8 6tar9u6e3/
c&amp#27;o[n3t5mex[tH&amp#27;TT[P3]9&amp#27;m[3
9&amp#27;m[ 3&amp#27;5m[[3H7TmT<P-]-&amp#27; [G3E9Tm  /&amp#27;w[d9/h0umb{/}s&amp#27;e[s3s9ion/0m1
c[2dde6bdu9g-]b 4&amp#27;f[d3-54m7[1Wc-39Cb b(02-c2a11a663dd19b)4]6&amp#27;3[03e9/me lCeamlelnitn/g0 0A0p0p0i0u0m0D-r0i0v0e0r-.0g0e1tdC-ufrfrfefn-tfCfofnft0e0x0t0(00)2 5w/idtishp laarygesd:  &amp#27;[["329cma&amp#27;1[3623md290-0b&amp#27;d[e3f9-m4 d&amp#27;b[b9-09m81b3b-98ec 6m7s8 6-a 1946&amp#27;3["3]9m
[
d&amp#27;e[b3u5gm][ H&amp#27;T[T3P5]m&amp#27;[[W339Cm  (&amp#27;2[c9a01m6&amp#27;3[d399)m]
&amp#27;&amp#27;[[3359mm[ HRTeTsPp]o&amp#27;n[d3i9nmg  &amp#27;t[o3 7cml-i-e>n&amp#27;t[39m &amp#27;[37mGET &amp#27;w[i3t9hm  d&amp#27;r[i3v7emr/.wdg/ehtuCbu/rsreesnstiCoonn/t0e1xct2(d)6d 9resu-lbt4:f d"-4N7A1TcI-V9Eb_bA0-2P1Pa"6d
1&amp#27;b[43653m0[eH/TcToPn]t&amp#27;e[x3t9&amp#27;m[3 9&amp#27;m[3
7m<-- GE&amp#27;T [/3w5dm/[huHbT/TsPes]s&amp#27;[i3o9nm/ 2c&amp#27;a[16930dm9-{b}d&amp#27;ef[-349dmbb
-9[8dbeb-b9u8gec]6 7&amp#27;8[63a596m3[/Wc3onCt ex(t0 1&amp#27;[c329dm6&amp#27;d[93)2m200&amp#27;[39m] &amp#27;&amp#27;[[39m Calling Ap90m4p misu m- D2r2i&amp#27;[v3e9rm.g
e&amp#27;t[C35umr[rHTeTnPt]C&amp#27;o[3n9tme &amp#27;x[t9(0)m&amp#27; [w3i9tmh
 &amp#27;a[3r5gms[:H T[T"P0]1&amp#27;c[23d96md 9&amp#27;-[b347mf-d-->4&amp#27;[7319cm -&amp#27;9[b37b0m-P2O1STa&amp#27;6[d391mb 4&amp#27;[63370m/ew"d/]hu
b[/dseesbsiuogn/]2 ca&amp#27;1[356m3[dW93-Cbd e(f-041dbcb2-9d86bbd-998)e]c&amp#27;6[73896a9m6 3/Reelsepmeonnt&amp#27;d[i39nmg
 &amp#27;t[3o5 mc[HlTiTePn]&amp#27;t[ 39wmi &amp#27;t[h9 0md{r"iuvsienrg."g:"eatccCeussrirbeilnittyC oindt",e"xvatl(ue) ":r"etessut-lUtse:r n"aNmAeTIVE"_}A&amp#27;[P3P9m"

[d&amp#27;e[b3ug5]m &amp#27;[[H3T5mT[PW]3C&amp#27; [(32c9am16 3&amp#27;d9[)3]7&amp#27;[m39<m- -C alGlEinTg  /Apwpidu/mDhruivber/.sfeindEslsemieontn(/) 0w1ict2hd 6adr9g-sb:4 f[d"a-c4ce7s1sic-9bb0-21a6d1bb4i6l3i0tey/ ciodn"t,e"xttes t&amp#27;-[U3se9m&amp#27;[32m200&amp#27;[39rmn a&amp#27;m[e9"0,m"32c mas1 6- 322d&amp#27;9[3-9bmde
f&amp#27;-[43d5bmb[-H9T8TbPb]-&amp#27;[9398me c&amp#27;[6970m8&amp#27;6[a39963m"]
&amp#27;
[[3d5emb[HuTgT]P ]&amp#27;&amp#27;[[3395mm [&amp#27;B[a3s7emD-r-i>v&amp#27;e[r3]9&amp#27;m[ 3&amp#27;9[m3 7VmaPlOiSdT &amp#27;l[o3c9ma t&amp#27;o[r3 7smt/rawtde/ghiuebs/ sfeosrs itohni/s0 1rce2dq6ude9s-b4fd-t4:7 1xcpa-t9bhb,0 -i2d1,a 6cdl1abs4s6 3n0aem/ee,l eamcecnets&amp#27;s[i3bility 9imd,
 &amp#27;c[s3s5 ms[eHlTeTcPt]o&amp#27;r[,3 9-m an&amp#27;d[r9o0imd{ "uuisaiuntgo"m:a"taocrce
s[sdiebbiulgit]y  &amp#27;i[d3"5,m"[vBaalsueeD"r:i"vteers]t&amp#27;-[U3s9emr nWaamiet"i}n&amp#27;g[ 39m
[debug] &amp#27;[u35pm [tWo3 C0  (m0s1 cf2odr6 dc9o)n]d&amp#27;i[t3ion9m
 [Cdaelbluign]g  &amp#27;A[p3p5imu[mWDDr iPvreorx.yf]i&amp#27;n[d3E9lme mMeanttc(h)e dw i't/he laermgesn:t '[ "taoc cceosmsmiabnidl intaym ei d'"f,i"ntdeEslte-mUesnetr'na
m[ed"e,b"u0g1]c 2&amp#27;d[63d59m-[b4fdW-D47 P1rco-x9yb]b&amp#27;0[-3291ma 6Pdr1obxy4i6n3g0 e["P]OS
T[ d/eebluegm]e n&amp#27;t[]3 5tmo[ B[aPsOeSDTr ihvtetrp]:&amp#27;/[/13297m. 0V.a0l.i1d: 1l0o0c0a1t/owrd /shturba/tseegsiseiso nf/oarc 0tch3i5s1 ar-e5qcu2e7s-t4:6 0xbp-a9t9h1,b -i3df,2 2c9l9a0s9s nam2ea,0 7a/cecleesmseinbti]l iwittyh  ibdo,d yc:ss selecto r{," s-tarnadtreogiyd" :u"iaacucteosmsaitboirli
t[yd eibdu"g,]" s&amp#27;e[l3e5cmt[oBra"s:e"Dtreisvte-rU]s&amp#27;e[r3n9amm eW"a,i"tcionngt euxpt "t:o" "0, "mmsu lftoirp lceo"n:dfiatlisoen}

[[ddeebbug] &amp#27;u[g3]5 m&amp#27;[[W3D5 mP[rWoDx yP]r&amp#27;o[x3y9]m&amp#27; [M39amt cGhoetd  r'e/seploenmseen tw'i ttho  sctoamtmuasn d2 0n0a:m e{ "'sfeisnsdiEolneIdm"e:n"tac'0c
3[51a-5c27d-e4b6u0gb]- 9&amp#27;9[13b5-m3[fW2D2 9P9r0o9x2ya]0&amp#27;7["3,9"mv aPlruoex"y:i{n"gE L[POST /elEeMmEeNnTt"]: "0to0 0[0P0O00S0T- 0h0t0t0p:-/0/012237-.f0f.f0f.-1f:f1f0f000000/0w0d0/2h5u"b,/"seelsesmieonnt/-f61056266-61a1ce-42-1fae5-24e7-14df-79315f486-6ac6ebc5fe"b:0"c0c0b0d0b0/0e0l0e-m0e0n0t0]- 0w0i2t3h- fbfofdfy-:f f{f"fs0t0r0a000tegy":2"a5c"c}e}ss
[idbeibluigty]  i&amp#27;d["3,5"ms[eW3lCe c(t2ocra":1"63tde9s)t]-&amp#27;U[s3e9rmn aRmees"p,o"ncdoinntge xtto" :c"l",ie"nmtu lwtiitphl ed"r:ifvaelrs.ef}in
d[Edleebmuegn]t (&amp#27;)[ 3r5ems[uWlDt :P r{o"xeyl]e&amp#27;m[e3n9tm- 6G0o6t6 -r1e1e4-sap5o2nes-e4 f7w3i5t4h6 6stceactfu"s: "200000:0 0{0"0s0e-s0s0i0o0n-I0d0"2:3"-ff1f5f2f6-6fafcf-f2010f0e0-0407215d"-,91"fE8L-EaM6EbN5T"e:b"00c0c0b0d0b0"0,0"-v0a0l0u0e-"0:0{2"3E-LfEfMfEfN-Tf"f:f"f0000000000000205-"0}00
0&amp#27;-[03051md[-HfTfTfP]&amp#27;[f39-mff f&amp#27;f[3070m0<00-0-2 5P"O,S"Te l/ewmde/nhtu-b6/0s6e6s-s1i1oen4/-2ac5a21e6-34df97-3b5d4e6f6-c4edbcbf-"9:8"b0b0-09080e0c0607-8060a0906-30/0e1lde-mfefnftf -&amp#27;f[f3f9fm0&amp#27;0[03020m022050"&amp#27;}[}39
m[ d&amp#27;e[b9u0gm]2 6&amp#27; [m3s5 m-[ W133C7 &amp#27;(01c[23d96md9
)&amp#27;][&amp#27;3[53m9[mH RTesTpPo]n&amp#27;d[i3n9gm  &amp#27;[90tm&amp#27;[o39m 
&amp#27;[c35ml[HTTiP]&amp#27;e[39nm &amp#27;t[3 7wmi--t>h&amp#27;[ 3d9mr i&amp#27;[v3e7mrPO.SfT&amp#27;i[n39dmE l&amp#27;[e37mm/wde/hnubt/se(ss)io n/r2cea16s3du9-lbdtef-:4d {"elemebnb-9t8b-b6-908e6c667-861a196e3/4e-leame5n2t/e00-0400f00703-0500406-0602c3e-fcffff"-f:ff"f0000000000205/0va0lu0e&amp#27;-[39m
&amp#27;[35m0[HT0TP0]&amp#27;0[3-9m0 &amp#27;0[910md{"-idf":f"0f00f00-00f0-f00f0f000-000203-0ff0ff2-f5ff"f0,00"00E02L5"E,"MteExtN":T"s"ta:nd"ar0d0_u0se0r"0,"0va0lu0e"-:[0"s0"0,"0t"-,"0a"0,"1n"d,-"df",f"a"f,f"r-",f"df"f,"f_"0,"0u"0,"0s0025""},"e",
"r&amp#27;"][}&amp#27;3[359mm
[[HdTeTbuPg]] &amp#27;&amp#27;[3[5m3[9W3Cm ( 2&amp#27;ca[1633d79)m]<&amp#27;[-39-m  CaPllOinSg TAp pi/umwDrdiv/erh.usetValue() with argbs: /[[s"se",s"st"i,"oan",/"n0",1"dc",2"ad",6"rd",9"d-",b"_4",f"ud"-,"4s"7,"1e"c,"-r"9],b"0b00000-0020-100a006-0d0213b-f4ff6f-3ff0fef0/00e00l0e25m","e2ncat16 3d&amp#27;9-[bd3ef9-4mdb&amp#27;b-[983bb2-9m8e2c607806a&amp#27;96[3"3]9
[mde bu&amp#27;g][ &amp#27;9[305mm[W3D 2Pro xyms ]&amp#27;-[3 9m1 M3at7ch&amp#27;ed[ '3/e9lemmen
t/&amp#27;00[00300500m-0[00H0T-0T02P3-]f&amp#27;ff[f-3ff9ffm00 00&amp#27;00[259/v0almue' &amp#27;t[o 3co9mmmand n
a&amp#27;me[ '3s5etmVa[luHeT'T
[Pde]b&amp#27;ug[] 3&amp#27;[935mm[ P&amp#27;ro[to3co7lm- -Co>nv&amp#27;er[t3er9]&amp#27;m[3 9m&amp#27; A[dd3ed7 'mvPaluOeS'T &amp#27;[p3r9omp e&amp#27;r[t3y7 m[/"wsd"/,h"utb"/,s"eas"s,i"onn"/,0"1dc"2,d"6ad"9,-"br4"fd,"-d4"7,1"c_-"9,b"bu0"-,2"1sa"6,d"1eb4"6,3"0re/"e]l emteon 'setValtu/e0'0 0r0eq0u0e0s0t- 0b0o0d0-001d-ffff-ffffy000
0[0de0bug] &amp#27;[35m[WD Proxy]&amp#27;[39m Proxying [POST /element/00000000-00002-50/0v2al3u-ef&amp#27;f[f39fm-f
f&amp#27;f[f305m0[0H0TT0P]0&amp#27;2[359/mv a&amp#27;l[9u0em]{ "tio d"[:P"O00S0T0 0ht0t0p0:-/0/010207-00.1d0-.f0f.f1f:-1f0f0f0f10/0w0d0/0h0u25b"/session/ac,0"ct3e5x1ta"-:"5sct2a7nd-4a6r0db_-u99se1rb"-,3"f2v2a9l9u0e9"2:a[0"7/se"l,e"mte"nt,/"0a0"0,0"0n0"0,"0d-"0000-0023-ffff-ffff00000025/,v"aal"u,e"r] ","widt"h ,b"o_"d,y:"u "{,""esl"e,m"een"t,I"dr"":]"}0&amp#27;0[03090m00
0[-d0e0b0u0g-]0 0&amp#27;2[33-5fmf[fWf3-fC ff(f0010c020d060d25","9t)e]x&amp#27;t["3:"9stma nCdaalrldi_nugs eArp"p,i"urmDerpilvaecer".:sfeatlVsael,u"vea(l)u ew"i:t[h" sa"r,g"st: ["[,""sa"",,""tn"",,""ad"",",n"a"",,""rd"",,""da"",,""_r"",,""u"d,"",s"_"",,""eu"",,""rs""],}"
e["d,e"burg"]] ,&amp#27;"[0305m0[0WD0 0P00r-o0x0y]&amp#27;[390m0 -G0o0t1 dr-efsfpfof-nfsfef fw0ith s0tatu0s0 200002:5 "{,""0s1ecs2sdi6odn9-bI4df"d:-"4a7c10cc-395b1ba0--521ca267d-14b6406b3-09e9"1]b-
3[fdebug]2 2&amp#27;99[03952am07["W,"Dv aPlruoex"y:n]u&amp#27;l[l3}9m
 [Mdaetbcuhed '/element/00000000-0000-001d-ffff-ffffg0]0 0&amp#27;0[03052m5[/Wv3aCl u(e2'c at1o6 3cdo9m)m]a&amp#27;n[d3 9nma mRee s'psoentdVianlgu et'o 
c[ldieenbtu gwi]t &amp#27;[35m[hP rdroitvoerc.oselt VCaolunev(e) rrteesrul]t&amp#27;:[ 3n9uml lA
d&amp#27;d[3e5dm ['HvTaTlPu]e&amp#27;[39m '&amp#27; [p3r7omp<e-r-t yP O[ST" s/"w,d"/thu"b,/"sae"s,s"ino"n,/"2dc"a1,6"3ad"9,-"brd"e,f"-d"4,d"b_b",-"9u8"b,b"s-"9,8"eec"6,"7r8"6] at9o6 3'set/Vealleumee'n rte/q0u0e0s0t 0b0o0d0y-0
0[0d0e-b0u0g2]3- &amp#27;f[f3f5fm-[fWfDf fP0r0o0x0y0]0&amp#27;2[53/valu9em  &amp#27;P[r3o9xmy&amp#27;i[n3g2 m[2P0O0S&amp#27;T[ 3/9eml &amp#27;e[me9n0tm/5070 0ms0 0-0 0104-&amp#27;0[3090m0-
0&amp#27;0[135dm-[fHfTfTfP-]f&amp#27;f[f3f90m0 0&amp#27;0[09002m&amp#27;5[/va39lmue
]&amp#27; [t3o5 m[[PHOTSTTP ]h&amp#27;[t3t9pm: /&amp#27;/[13277m.-0-.>0&amp#27;.[13:91m0 0&amp#27;0[03/7wmdG/EhTu&amp#27;b[/3s9ems s&amp#27;i[o3n7/mf/wd/h1u5b2/6s6eascs-i2o1nf/e2-c4a7116d3-d991-fb8d-eaf6-b45debbb0-c9c8bbdbb-/9e8leecm6e7n8t6/a0906030/0c0o0n0t-e0x0t0&amp#27;[0-03091md-
f&amp#27;f[f3f5-mf[fHfTfT0P0]0&amp#27;0[0390m2 5&amp#27;/[v9a0lmu{e}]&amp#27; [w3i9thm b
o[ddye:b u{g"]e l&amp#27;e[m3e5mn[tWI3dC" :("20c0a0106030d9)]0&amp#27;0[-3090m 0C0a-l0l0i1ndg- fAfpfpfi-ufmDfrfifv0e0r0.0g0e0t2C5u"r,"texrt"e:n"tsCtoanntdeaxtr(d)_ uwsietr"h, "replace":faarlgsse:, "[v"a2lcuae1"6:3[d"9-sb"d,e"ft-"4,d"ba"b,-"9n"8,b"db"-,"9a8"e,c"r6"7,8"d6"a,9"6_3"",]"u
"[debug] &amp#27;[35m[W3C (2ca1,6"3sd"9,)"]e&amp#27;"[,3"9rm" ]R}es
p[odnedbiungg]  t&amp#27;o[ 3c5lmi[eWnDt  Pwriotxhy ]d&amp#27;r[i3v9emr .Ggot erteCsuprornesnet Cwointthe xstt(a)t urse s2u0l0t::  {""sNeAssTiIoVnIEd_"A:"Pf1P52"66
ac&amp#27;-[213f5me[-H47T1Td-P9]1f&amp#27;8[-3a69bm5e b&amp#27;[307cmc<b-d-b "G,E"Tv a/lwude/"h:unbu/slelss}ion
/[2dceab1u63gd]9 -b&amp#27;d[e3f5-m4[dWb3bC- 9(80b1bc-29d86edc96)7]&amp#27;8[63a996m3 /Rceosnptoenxdti n&amp#27;g[ 3t9om &amp#27;c[l3i2emn2t0 0wi&amp#27;t[h3 9dm r&amp#27;i[v9e0rm.1s emtsV a-l u2e2(&amp#27;)[ result: null
&amp#27;[35m[HTTP]&amp#27;[3399mm &amp#27;
[&amp#27;3[73m5<m-[-H TPTOPS]T&amp#27; [/39wmd /&amp#27;h[u9b0/ms&amp#27;[e3ss9imon
/&amp#27;0[13c52md[H6TdT9P]-&amp#27;b[43f9dm- &amp#27;4[7317cm--9->b&amp#27;b[03-92m1 a&amp#27;6[d13b7m4P6O3S0Te&amp#27;/[3e9lme m&amp#27;e[n3t7/m0/0wd0/0h0u0b0/0s-e0s0s0i0o-n0/021cda-1f6f3fdf9--fbfdfeff0-04dbb-0980b0b0-2985e/cv6a7l8u6ea 96&amp#27;3[/3e9lme&amp#27;[m3e2nmt2&amp#27;0[03&amp#27;[93m9m
 &amp#27;&amp#27;[[3950mm[5H6T8T Pm]s&amp#27; [-3 91m4 &amp#27;&amp#27;[[9309mm{"u
s&amp#27;i[n3g"5:m"[HTaTcPc]e&amp#27;s[s3i9bmi l&amp#27;it[y90 imd&amp#27;"[,3"9vmal
u&amp#27;e["3:5"tme[sHtT-TPPa]&amp#27;[39sms wo&amp#27;r[d"3}7&amp#27;[m3-9-m>&amp#27;
[[debug] 3&amp#27;[395mm[W 3C&amp#27; ([23c7a163d9)]&amp#27;m[G3E9mT &amp#27;C[al39lmin g&amp#27; [A3p7pimu/mwDdr/ihvuebr/.sefsisnidoEnl/e01mce2ndt6(d9-b4fd-4)7 1wci-t9hb ba0rg-s2: 1[a"6adc1cebs4s6i3b0ilei/tcy oindt"e,x"tte&amp#27;s[t3-P9amss
wo&amp#27;r[d3"5,m"[2HcTaT1P6]3&amp#27;d[93-9bmd e&amp#27;f[-940dmb{b}-&amp#27;9[83b9bm-9
8[edce6b7u8g6a96]3 "&amp#27;][3
5[md[eWb3uCg ]( 0&amp#27;1[c325dm6[dB9a)s]e&amp#27;D[r3i9vme rC]a&amp#27;l[li3n9gm  AVpapliiudm Dlroicvaetro.rg esttCruartreegniteCso nftoerx tt(h)i sw irtehq uaersgts::  x[p"a0t1hc,2 di6dd,9 -cbl4afsds- 4n7a1mce-,9 babc0c-e2s1sai6bdi1lbi4t6y3 0ied, c"s]s 
s[edleecbtuogr],  &amp#27;-[a3n5dmr[oWi3dC  u(i0a1uct2od6mda9t)o]r&amp#27;[
3[9dme bRuegs]p o&amp#27;n[d3i5nmg[ Btaos ecDlriievnetr ]w&amp#27;i[t3h9 md rWiavietri.ngg eutpC utror e0n tmCso nftoerx tc(o)n drietsiuolnt:
 ["dNeAbTuIgV]E _&amp#27;A[P3P5"m[
W&amp#27;D[ 3P5romxy][&amp#27;H[T3T9Pm] &amp#27;M[a3t9cmh ed&amp#27; ['3/7eml<e-m-e nGEtT'  /tow d/choumbm/asneds snaimoen /'0f1icn2ddE6lde9m-ebn4tf'd-
4[7d1ecb-u9gb]b 0&amp#27;-[2315am6[dW1Db 4P6ro3x0ye]/&amp#27;c[o3n9tme xPtr o&amp#27;x[yi39nmg&amp#27; [[3P2OmST2 0/0e&amp#27;l[e3m9emn t]&amp#27; [t9o0 m[1P OmSsT  -h t2t2p://&amp#27;1[2379.m0.
0&amp#27;.[13:51m00[HT0T1P/]w&amp#27;d[/3h9umb /&amp#27;s[e9s0smi&amp#27;o[n/3a9cm0c
3&amp#27;5[13a5-m5[cH27-T4TP6]0&amp#27;[b3-99m9 1&amp#27;b[-337mf2-2-9>9&amp#27;0[92a07/elem3e9nm &amp#27;[37mPtOS]T &amp#27;w[i3t9hm  b&amp#27;o[d3y7m:/ {w"ds/thruabt/session/e0g1y"c:2"da6cdce9s-sbi4bifldi-t4y7 id","selector":1c-"9tbebs0-t2-1aP6ads1sbw4o6r3d0"e,/"ecloenmteenxtt&amp#27;"[:3"9"m,
"&amp#27;m[u3l5tmi[pHlTeT"P:]f&amp#27;[al3s9em} &amp#27;
[[9d0me{b"uugs]i n&amp#27;g["3:5"m[aWcD cPersoxsyi]&amp#27;b[i3l9imt yG oitd "r,e"svpoalnusee" :wi"ttehs ts-tPaastsuwosr d2"0}0&amp#27;:[ 39{m"s
[edsesiobnuIg] &amp#27;d["35:m"[aW3cC0 c(0315c12ad-65d9c)2]7&amp#27;-[43690mb -C9al9l1ibn-g3 fA2p2p9i9u0m9Dr2iav0e7r".,f"ivnadlEulee"m:e{nt"(E)L EwMitEhN Ta"r:g"s0:0 [0"0a0c0c0es0s-i0b0il0i0t-y0 i0d2"3,"-tfesftf-fPa-sfsfwofrfd0"0,0"0010c0228","element-6066-11ed6d9-b44f-da-5427e1-c-49fb7b305-42616ac6ecdf"1:b"4060030000e0"0]-0
0[0d0-e0b02u3-gff]f f-&amp#27;f[f3f5fm0[0Ba0s0e0D0r2i8"v}e}r
[]d&amp#27;eb[u3g]9 &amp#27;m[ 35Vm[aW3lCi (d2c al16o3dc9)a]t&amp#27;o[r39 ms tRreastpeogndiiensg  ftoor  cltihenits r ewqiutest: xhp atdhr,i viedr.fi,n dcEllaesmse nnta(m)e ,r eascuclte:s {s"ielbeimelnit-t6y0 66i-d11,e 4c-sas5 2seel-e4ctfo7r,3 5-4a6n6dcreocifd": "u0i0a0u0t0o0m0at0o-r00
0[0d-e00b2u3-gf]f f&amp#27;f[-3f5fmf[Bfa0s0eD0r0i0v0er2]8&amp#27;["3,9m" EWLaiEting up to 0 MmEsN T":f"o0r0 0c0o0n0d0i0t-i0o0n00
-[0d0e2b3u-gf]f f&amp#27;f[-f3f5fmf[0W0D0 0P0r0o2x8y"]}&amp#27;[
3&amp#27;9[m3 5Mma[tHcThTePd] &amp#27;'[/3e9lme m&amp#27;e[n3t7'm <t-o-  cPoOmSmTa n/dw dn/ahmueb /'sfeisnsdiEolne/m2ecnat1'6
3[dd9e-bbudge]f -&amp#27;4[d3b5bm-[9W8Db bP-r9oxy]&amp#27;8[e3c96m7 8P6rao9x6y3i/negl e[mPeOnStT  &amp#27;/[e3l9emm&amp#27;e[n3t2]m 2t0o0 &amp#27;[[P3OS9Tm  h&amp#27;t[t9p0:m/2/71 2m7s. 0-. 01.317:&amp#27;1[03090m0/w
d&amp#27;[/h3u5bm/[sHeTsTsPi]o&amp#27;n[/3f91m5 2&amp#27;6[69a0cm-&amp#27;2[13f9em-4
7&amp#27;1[d3-59m1[fH8T-TaP6]b&amp#27;5[e3b90mc c&amp#27;b[d3b7/me-l->&amp#27;[39emm e&amp#27;n[t3]7 mwGiEtTh&amp#27; [bo3d9ym: &amp#27; [{3"7smt/rwadt/ehguyb/"s:e"sascicoens/s2icbai1l6i3tdy9 -ibdd"e,f"-s4edlbebc-t9o8rb"b:-"9t8eesct6-7P8a6sas9w6o3r/de"l,e"mceonntt/e0x0t0"0:0"0"0,0"-m0u0l0t0i-p0l0e2"3:-ffafflfs-ef}ff
f[0d0e0b0u0g0]2 8&amp#27;/displayed&amp#27;[39m[
&amp#27;[35m3[H5TmTP[]W&amp#27;D[ 3P9romx y]&amp#27;&amp#27;[[9309mm{ }&amp#27;G[o3t9 mre
s[pdoensbeu gwi]t h&amp#27; [s3ta5tmu[sW 32C0 0(:2 c{a"1s6e3ssdio9)n]I&amp#27;d["3:9"m fC1a5l2l6i6ancg- 2A1pfpei-u4m7D1ridv-e9r1.fel8e-mae6nbt5Deib0scpclbadby"e,"valued":({)" EwLEiMtEh aNrT"g:s":0 0[0"0000000000-0000000--000001d0--f0023-ffff-ffffff0f0-0f0f0f0f2080"0,0"020c2a81"6,3"d9e-lbedmefe-n4td-b6b0-6968bb-9-81e1ce647-8a65a29e6-34"f]73
5[4d6e6bcuegc]f "&amp#27;:["3050m0[0W0D0 0P0r-o0x0y0]0-001d-ffff-ffff0000002&amp#27;[39m Ma8t"c}h}ed
 ['d/eebluegm]e n&amp#27;t[/305m0[0W030C0 0(00-10c020d06-d090)2]3&amp#27;-[f3f9fmf -Rfefsfpfo0n0d0i0n0g0 2t8o/ actltireinbtu twei/tdhi sdprliavyeerd.'f itnod Ecloemmmeanntd( )n armees u'lgte:t A{t"terliebmuetnet'-6
0[6d6e-b1u1e4-ag]5 2&amp#27;e[-345fm[7W3D5 4P6r6ocxeyc]f&amp#27;"[:3"90m0 0P0r0o0x0y0i-n0g0 0[0G-E0T0 1/de-lfefmfef-nftf/f0f00000000000002-8"0,0"0E0L-E0M0E2N3T-"f:f"f0f0-0f0f0f00f00-000000000-20801/da-tftfrfifb-uftfef/fd0i0s0p0l0a0y2e8d"]} t
o&amp#27; [[3G5EmT[ HhTtTtp:/P]&amp#27;[39m &amp#27;[37/m<1-2-7 .P0O.S0T. 1/:w1d0/0h0ub1//sweds/shiuob/ns/e0s1sci2odn6/da9c-0bc43f5d1-a4-751cc2-79-b4b600-b2-19a961db1-b34f623209e9/0e9l2eam0e7n/etl e&amp#27;m[e3n9tm/&amp#27;0[32m200&amp#27;[3090m0 0&amp#27;0[0900-m0405090 -m0s0 2-3 -1f3f7ff-fff&amp#27;f0[0030900m28/at
t&amp#27;r[ib3ut5e/mdi[spHlaTyeTd]P w]it&amp#27;h [no3 b9odmy 
[&amp#27;de[bu9g]0 m&amp#27;[&amp#27;35[m[W3D 9Prmoxy]
&amp#27;[&amp#27;39m[ 3Go5t mre[spHonTseT wPit]h &amp#27;st[at3us9 2m00 : &amp#27;{"[se3ss7iomnI-d"-:">ac&amp#27;0c3[531a9-5mc 2&amp#27;[37mGET7&amp#27;[-394m 6&amp#27;[037bm/w-d/9hu9b/1sebs-sio3n/f012c22d69d99-b04f9d-247a107c"-,9b"vba0l-u2e1"a:6d1"bt4ru6e"3}0
[ed/eebulge] m&amp#27;[3e5mn[tW/30C 0(020ca010630d09-)0]0&amp#27;[0309-m 0Re0s1pdon-dfinfgf fto- fcflfifen0t0 0w00i0t2h8 /drdiivseprl.aeyleedm&amp#27;en[t3D9m
&amp#27;[3i5spmlay[ed(H) rTesTulPt]: &amp#27;tru[e3
9&amp#27;[m35 m[&amp#27;HT[TP9]&amp#27;0[m39{m} &amp#27;&amp#27;[3[7m3<-9- mGET /
wd/[hudbe/sbeussiong/]2 c&amp#27;a[13653md[9-Wb3dCef -(40d1bcb2-d986bd9b)-]9&amp#27;8[e3c96m7 86Caa9l6l3i/negl emAepnpti/u0m0D0riv00e000r-00.00-e00l23e-fmffef-fnfftf0D00i0s00p28/ldiasypleadye(d )&amp#27; [3w9mi&amp#27;[t32mh200 &amp#27;[a39rm g&amp#27;s[9:0m 18[ ms" - 0140&amp#27;[0390m
0&amp#27;0[3050m[-HT0TP]0&amp#27;[309m0 &amp#27;-[900m&amp#27;[0391md
&amp#27;-[35fmf[fHTfTP]-&amp#27;f[39fmf &amp#27;f[307m0-0->0&amp#27;[0390m &amp#27;[37mGET&amp#27;[329m8 "&amp#27;,"[0317mc/2wdd/6hdu9b-/bs4efssdi-4o7n1/c2-c9ab1b630d-9-2b1deaf6-d4d1bbb-49683b0be-"9]8e
c[6d7e8b6uag9]6 3&amp#27;/[c3o5nmt[WeDx tP&amp#27;ro[x3y9]m&amp#27;
[&amp#27;3[93m5 mMat[HcThTePd] &amp#27;'/[e3l9emme &amp#27;n[t9/00m0{0}0&amp#27;0[03090m-0
[00d0-001d-ffeffb-uffgf] &amp#27;[3f500000028/attribute/displayed' to comm[mWa3nCd  (n2acam1e6 '3gde9)t]A&amp#27;t[t3r9imb uCtael'li
n[gd eApbpuigu]m D&amp#27;r[i3v5emr[.WgD Proxy]&amp#27;[39m PreoxtyCiunrgr e[GnEtTC o/ntext() with args: ["2ca163d9-bdef-4dbb-98bb-98ec6786a963"]
[debug] &amp#27;e[l35emm[eWn3tC/ 0(0200ca163d900)]0&amp#27;0[INFO ] 2022-10-25 11:00:13.113 com.qa.pages.BasePage:71 - password is invalidPassword
-0[000-0013d9-fmf fRefs-pfofnfdfi0n0g0 00t0o2 8c/laitetnrti bwuitteh/ ddirsipvleary.egde]tC tuor r[eGntECT http://127.0.0.o1n:t1e0x0t00(/)w dre/shuultb:/ s"NeAsTsIiVEo_nA/PfP1"52
6&amp#27;6[a3c5-m2[1HfTeT-P]4&amp#27;7[13d9m- &amp#27;[37m<9-1-f 8G-EaT6 b/5wedb/h0ucbc/bsdebs/sieolne/m2ecnat1/06030d090-0bd0e0f--04d0b0b-09-80b0b1-d9-8fefcf6f7-8f6faf9f6030/0c0o0n0t2e8/attrixbtu t&amp#27;e[/3d9ims&amp#27;p[l3a2yme2d0]0 &amp#27;w[it3h9 mn o&amp#27; [b9o0dmy2 
m[sd e-b u2g2]&amp#27; [3&amp#27;9[m35m[WD Proxy]&amp#27;[39m Got response with status 200: {"session
I&amp#27;d["3:5"mf[1H52T6T6Pa]c&amp#27;-2[319fme &amp#27;-[49701md&amp#27;-[9319fm8-
a&amp#27;6[b35e5bm0[cHcTbTdP]b&amp#27;"[,3"9vma l&amp#27;u[e3"7:m"-t-r>u&amp#27;e["3}9m
 [&amp#27;d[e3b7umgP]O ST&amp#27;[39m &amp#27;&amp#27;[[335m7m[/Ww3dC/ h(ub0/1sce2sds6ido9n)/]2&amp#27;c[a3196m3 dR9e-sbpdoenf-d4idnbgb -t9o 8cblbi-e9n8te cw6i7t8h6 ad9r6i3v/eerl.eemelnetm&amp#27;e[n3t9Dmisp
l&amp#27;a[y3e5dm[(H)T TrPe]&amp#27;s[u3l9tm:  &amp#27;t[r9u0em{
"&amp#27;[u3s5imn[gH"T:T"Pac]c&amp#27;e[ss3i9bmi l&amp#27;i[t3y7 m<-- iGdE",T" v/awldu/eh"u:b"/tseessts-iPoans/s0w1ocr2dd"6}d&amp#27;9-[b349fmd
-[4d7e1bucg-]9 b&amp#27;b[03-52m1[aW6d31Cb (426c30ae1/6e3dl9e)m]e&amp#27;n[t3/90m0 0C0a0l0l00i-n0g0 A0p0p-i0u0m1Ddr-ifvfefrf.-ffifnfdfE0l0e0m0e0n0t2(8)/ dwiistphl [INFO ] 2022-10-25 11:00:13.186 com.qa.pages.BasePage:71 - password is invalidPassword
args:a ["ayecdc es&amp#27;s[i3b9imlity id&amp#27;"[3,2m"20t0e&amp#27;[s39tm- &amp#27;P[a90sms1w5o1r dm"s, -" 214c&amp#27;a[13693md9
-&amp#27;b[d3e5fm-[4HdTbTbP-]9&amp#27;8[b3b9-m98 e&amp#27;c[69708m6&amp#27;a[93693m"]
&amp#27;
[[debug] &amp#27;3[355mm[[HBTaTsPe]D&amp#27;r[iv3e9mr] &amp#27;&amp#27;[[339m7 mV-a-l>i&amp#27;d[ l3o9cma to&amp#27;r[37 msGtErTa&amp#27;t[e3g9ime s&amp#27; f[o3r7 mt/hiwsd /rheuqbu/esste:s sxipoatnh/,0 1idc,2 cdl6ads9s- bn4amef,d -a4c7c1escs-i9bbibli0t-y 2i1da,6 dc1sbs4 s6e3l0ecet/ocro,n t-eaxntdr&amp#27;o[i3d9 umia
u&amp#27;t[o3m5ator
[mde[bHuTgT] P&amp#27;][&amp#27;[3359mm[ B&amp#27;a[s9e0Dmr{i}v&amp#27;e[r3]9&amp#27;m[3
9[m dWeabiutgi]n g&amp#27; [u3p5 mt[oW 03 Cm s( 0f1ocr2 dc6odn9d)i]t&amp#27;[i3o9nm
 [Cdaellbuign]g  &amp#27;A[p3p5imu[mWDDr iPvreoxry.]g&amp#27;e[t3C9umr rMaetncthCeodn t'e/xet(l)e mweintth'  atrog sc:o m[m"a0n1d cnam2ed 6'df9i-ndbE4lfedm-e4nt7'1c
-[9dbebb0u-g2]1 a&amp#27;6[d315bm[4W6D3 P0re"o]xy
][&amp#27;d[e3b9umg ]P r&amp#27;o[x3y5imn[gW 3[C P(O0S1Tc 2/de6lde9m)e]n&amp#27;t[]3 9tmo  R[ePsOpSoTn dhitntgp :t/o/ 1c2l7i.e0n.t0 .w1i:t1h00 0d1r/iwdv/ehurb./sgeestsiCounrrent/aCco0c351a-n5ct27-4e6x0bt-(99)1 b-r3fe2s2ul9t9:09 2"aN0A7T/IeVlEem_eAnPtP]" w
i&amp#27;t[h3 5bmo[dHyT:T P{]"&amp#27;s[t3r9atme g&amp#27;y["3:7"ma<c-c-es sGibEiTl it/yw di/dh"u,b"/sseelsescitoorn"/:"0t1c2d6ed9s-t-bP4asfswdor-d"4,7"c1oc-9bnbte0xt-"2:1"a",6"dm1ulbt4i6pl3e0":ef/context &amp#27;[39m&amp#27;[32m200&amp#27;[39m &amp#27;[90m1 msals e}
[debug] &amp#27;[35m-[WD  P2ro2xy]&amp#27;&amp#27;[[39m3 G9otm res
pon&amp#27;se[ wi3th5 smtat[usH 2T00:T P{"]se&amp#27;ss[io3nI9d"m:" ac&amp#27;0c3[519a-05c2m7-&amp#27;46[03b-99m91
b-&amp#27;3f2[29390592am07[",H"vTalTue"P:{]"EL&amp#27;EM[ENT3":9"00m00 0&amp#27;00[0-030070-0m02-3--fff>f&amp#27;-ff[ff03000900m28" ,"&amp#27;ele[me3nt-760m66-P11Oe4-Sa52Te-4&amp#27;f73[543669cmec f"&amp#27;[37:m"00/00w000d0-/00h00-u00b23-/ffsff-effsff0s00i000o28"n}}/
[0deb1ugc] &amp#27;2[35dm[6W3Cd (29ca1-63bd9)4]&amp#27;[f39m Rdes-pon4din7g 1to ccli-en9t wbithb dr0iv-er.2fi1ndEale6mden1t(b) r4es6ult3: 0{e"e/leemenlt-e606m6-e11en4-ta52&amp#27;e-[4f73359466mcecf"
:"0&amp#27;00[000030-5000m0-[002H3-TfffTf-Pff]ff0&amp#27;00[0003289","mEL EME&amp#27;NT[":"90000000m00{-00"00-u00s23-iffnffg-f"fff:00"000a02c8"}c
e&amp#27;[3s5m[sHTiTPb]&amp#27;i[l39im &amp#27;t[3y7m <--i PdOST" /,wd/"huvb/saeslsioun/e2ca"163d:9-"bdtef-e4dsbb-t98b-b-P98eac6s786sa9w63/oelermednt "&amp#27;}&amp#27;[39[m&amp#27;[3329m200&amp#27;[m39m &amp#27;
[90[m7d00 emsb - u13g7&amp#27;[]39m 
&amp#27;&amp#27;[3[5m[3HT5TP]m&amp#27;[[39Wm &amp#27;3[9C0m&amp#27; [3(9m0
&amp#27;1[3c5m[2HTdTP]6&amp#27;[3d9m9 &amp#27;)[37]m-&amp#27;->[&amp#27;[339m 9&amp#27;[m37m POCST&amp#27;a[3l9m l&amp#27;[in37gm/ wd/Ahupb/sessipoinu/m2Dcraiv1e6r3.df9i-bnddeEfl-e4mdebnbt(-) 9w8ibtbh- 9a8rec6g7s8:6 a[9"6a3c/ceelsesimbeinlti/t0y0 i0d0"0,0"0t0e-st0-0P0a0s-s0w0o2r3-ffff-ffffd"0,0"00100c02d268d/9c-lbe4afrd-&amp#27;4[7319cm-9
b&amp#27;b[0-3251ma[6d1b4630e"]
[debug] H&amp#27;[T3T5Pm][&amp#27;Bas[e3D9rmi v&amp#27;er[]9&amp#27;0[m39{m" iVadl":i"d0 00l0o0c0a0t0o-r0 00s0t-ra0t0e2g3i-fefsf ff-ofrf tfhfi0s0 0r0e0q0u28e"s}t&amp#27;:[3 9xmpa
t[hd,e buigd],  &amp#27;c[l3a5sms [nWa3mCe ,( 2caac16c3eds9s)ib]i&amp#27;l[i3t9ym  iCdal,l icnsgs  AspeplieucmtDorr, -anidrvoeird. ucilaeuatro(m)a twoirt
h[ daerbgusg:]  [&amp#27;"[003050m0[0B0a0s-0e0Dr0i0v-e0r02]3&amp#27;[-3f9fmf fW-afiftfifn0g0 000u0p2 8t"o, "02 cmas1 6f3odr9 -cobndedif-t4idonbb
-[9d8ebbbug-]98 e&amp#27;c[63758m6[aW9D63 "P]ro
x[yd]e&amp#27;b[u3g9m]  M&amp#27;a[t35cmh[ed '/elWeDm ePnrto'x tyo] &amp#27;c[o3m9mma nMda tncahmeed  ''f/ienldeEmleemnetn/t00'00
0[0d0e0b-u0g0]0 0&amp#27;-[030523m-[fWfDf fP-rfofxfyf]0&amp#27;0[03090m 0P28r/ocxlyienarg '[ PtOoS T /element] to [POST http://127.0.0.1:10000/wd/hub/sceossmimoann/df1 5n2a6m6ea c'-2c1lfeea-r4'71d
-[9d1efb8u-ga]6 b&amp#27;5[35m[WDe b0Prccobxdyb]/&amp#27;e[l3e9mme Pnrto]xy iwnitgh  [bPoOdyS:T  {/"estlremaetnetg/y"0:0"0ac00c0e00-000s0-s0i0b2i3-lfifff-ffff0t0y0 0id0"0,2"8s/elcelcetoar"r:]"t estto- Pa[sPsOwSoTr dht"t,p":c/o/n12t7e.x0t."0:."1":,1"0m0u0l1t/widp/lheu":false}
[bde/bsuegs]s i&amp#27;o[n3/5amc[0WcD3 5P1rao-x5c2y7]-&amp#27;[43690mb- 9G9o1tb -3rfe2s2p99o0n92sae0 7w/eilthe mesntta/0tus0 20000000:0-0 00{0"-s0e0s2s3-ifofnfIfd-":f"ff15f2f6060a0c0-02012f8e/-c4le7a1rd]- w9i1tfh 8b-oad6yb:5 e{b"0ecclbedmbe","nvtaIldu"e:""00:000{0"0E0L-E0M0E0N0-T0"0:2"300-f0f0f0f0-0f0ff-f00000000-0000218"d}-f
[ffdfeb-ufgf] ff&amp#27;[03050m0[W0D0 2Pr8o"x,y]"&amp#27;e[l3e9mme nGot response with status 200: {"sessionId":"ac0c351a-5c27-460b-991b-3f2299092a07","value":null}
[debug] &amp#27;[35m[W3C (2ca163d9)]&amp#27;[39m Rest-p6o0n6d6-i1n1ge 4t-oa 5c2lei-e4nft7 35w4i6t6hc edcfr"i:v"000e0r0.0c00l-e0a00r0(-)0 0r1de-sffuflft-:ff fnfull
&amp#27;[35m0[0H0T0T0P0]28&amp#27;"[}3}9
m[ de&amp#27;b[ug3]7 m&amp#27;<[3-5-m [PWO3SCT  /(w01dc/2dh6udb9/)]s&amp#27;e[3s9sm iRoensp/o2ncdai1n6g3 dt9o- bcdleife-n4td bwbi-t9h8 bdbr-i9v8eerc.67f8i6ndaE9le6m3e/nte()l ermeseunltt/: {"0e0l0em0e0nt0-06006-60-0100-01e042-3a5-f2fe-f4ff7-3f54f6f6fc0e0c0f0"0:0"2080/0c0l0e0a0r0 -0&amp#27;0[0309-m0&amp#27;01[d3-f2fmf2f0-0ff&amp#27;f[f3090m0 &amp#27;0[09002m284" ,m"sE L-E M1E4N&amp#27;T["3:9"m00
0&amp#27;0[03050m0[-H0T0T0P0]-&amp#27;0[0319dm- f&amp#27;f[f9f0-mf&amp#27;f[f3f90m00
0&amp#27;0[03258"}
&amp#27;[35mm[[HTTP]&amp#27;[39m H&amp#27;T[T3P7]m&amp#27;-[-3>9&amp#27;m[ 3&amp#27;9[m3 7&amp#27;m[<3-7-m GPEOTS&amp#27;T[ 3/9wmd /&amp#27;h[u3b7/ms/ewsds/ihounb//0s1ecs2sdi6odn9/-2bc4af1d6-34d791-cb-d9ebfb-04-d2b1ba6-d918bb4b6-3908ee/ce6l7e8m6ean9t6 3&amp#27;/[c3o9nmt&amp#27;e[x3t2&amp#27;m[23090m&amp#27;[
3&amp#27;9[m3 5&amp#27;[9m0[mH2T3T Pm]s&amp#27; [-3 91m &amp#27;[9307m&amp#27;{[}3&amp#27;9[m39
m&amp#27;[
3[5dme[bHuTgT]P ]&amp#27;&amp#27;[[3359mm[ W&amp#27;3[C9 0(m2&amp#27;c[a3196m3d
9&amp#27;)[]3&amp#27;5[m3[9HmT TCPa]l&amp#27;l[i3n9gm  A&amp#27;p[p3i7umm-D-r>i&amp#27;v[e3r9.mg e&amp#27;t[C3u7rmrPeOnStTC&amp#27;o[n3t9emx t&amp#27;([)3 7wmi/twhd /ahrugbs/:s e[s"s2ionc/a0116c32dd96-db9d-ebf4-f4dd-bb-98b4b7-19c8-e9cb6b708-62a19a663d"1]b4
6[3d0eeb/ugelement/00]0 0&amp#27;0[03050m-[0W030C0 -(020c1ad1-6f3fdf9f)-]f&amp#27;f[f3f90m0 0R0e0s0p2o8n/dcilnega rt&amp#27;o[ 3c9lmie
n&amp#27;t[ 3w5imt[hH TdTrPi]v&amp#27;e[r39.mg e&amp#27;t[C9u0rmr{e"nitd":C"o0n0t0e0x0t0(0)0 -r0esult0:0 0"-N0A0T1dI-VfEf_fAfP-Pf"ff
f&amp#27;0[03050m0[0H2T8T"P}]&amp#27;&amp#27;[[3399mm 
&amp#27;[[d3e7bmu<g-]-  &amp#27;G[E3T5 m/[wWd3/Ch u(b0/1sce2sds6ido9n)/]2&amp#27;c[a3196m3 dC9a-lbldienfg- 4Adpbpbi-u9m8Dbrbi-v9e8re.cc6l7e8a6ra(9)6 3w/ictoh anrtgesx:t  ["&amp#27;0[03090m0&amp#27;0[032m2000-&amp#27;0[03090m &amp#27;-[090m1 ms 0-1 d2-2f&amp#27;f[f3f9-mff
f&amp#27;f[03050m0[H0T0T2P8]"&amp#27;,["3091mc 2&amp#27;[d960md&amp#27;9[-39bm4
f&amp#27;d[-354m7[1HcT-TP9]b&amp#27;b[0-3291ma 6&amp#27;d[13b74m6-3-0>e&amp#27;"[]39
m[ d&amp#27;[e3b7umgP]O S&amp#27;T[&amp#27;3[5m[WD Proxy3]9&amp#27;m[ 39&amp#27;m[ 3Ma7mt/cwhde/d h'u/be/lsemeesnsti/on/2ca163d9-bd0e0f0-040d0b0b0--90080b0b--09081edc-6f7f8f6fa-9f6f3ff/0e0l0e00m0e2n8t/&amp#27;c[l3e9amr'
 &amp#27;t[o3 5cmo[mHmTaTnPd] &amp#27;na[m39em  '&amp#27;c[le9a0rm'{"
u[sdienbgu"g]: "&amp#27;a[c3c5em[sWsDib iProlxiyt]y&amp#27; [i39d"m, "Prvoaxlyuien"g: "[tPeOsStT- P/aeslesmweord"n}t&amp#27;/[3090m00
[0d0e0b0u-g0]0 0&amp#27;0[-035m01[dW-3fCf f(f-2fcfaf1f6030d090)00]&amp#27;28[/3c9lmea Cr]a ltloi [nPgO SATp hptitup:m/D/r1i27v.e0r.0..f1:i1nd0E0l00e/mwedn/htu(b/)s ewssiitohn/ far152g6s6: a[c"-2a1fcec-e4s7s1id-b9i1lf8i-tay id6"b,5"etbe0sctcb-dPba/seslewmoerntd/"0,0"0200c0a0106-300d090--0b0d1edf--ff4fdfb-bf-f9f8fb0b0-090800e2c86/7cl8e6aar9] 63w"i]th
 [bdoedbyu:g {]" e&amp#27;l[e3m5emn[tBIads"e:D"r0i0v0e0r0]0&amp#27;0[309-m00 0V0a-l0i0d1d -lfofcfaft-ofrf fsft0r0ate0g0i0e02s8 f"o}r 
t[hdiesb ugr]e q&amp#27;u[e3s5tm:[ WxDp aPtrho,x yi]d&amp#27;,[ 3c9lma sGso t nraemspeo,n saecc ewistshib isltiattuys  i2d0,0 :c ss {s"seelsesciotnoIrd," :-"afn1d5r2o6i6da cu-i2a1ufteo-m4a7t1odr-9
1[fd8-a6b5eb0cecbbudgb] &amp#27;[35m[Bas"e,D"rviavleure]"&amp#27;:[n3u9lml }Wa
i[tdienbgu gu]p  &amp#27;t[o3 50m [mWs3 Cf o(r0 1cco2ndd6idt9i)o]n&amp#27;[
3[9dme bRuegs]p o&amp#27;n[d3i5nmg[ WtDo  Pcrloixeyn]t&amp#27; [w3i9tmh  Mdarticvheerd. c'l/eealre(m)e nrte's utlot :c onmullma
n&amp#27;d[ 3n5amm[eH T'TfPi]n&amp#27;dElem[en39tm' &amp#27;
[[3d7em<b-u-g ] P&amp#27;O[S3T 5m/[wWdD/ hPurbo/xsye]s&amp#27;s[i3o9nm/ 0P1rco2xdy6idn9g- b[4PfOdS-T4 7/1ecl-e9mbebn0t-]2 1tao6 d[1PbO4S6T3 0het/tepl:e/m/e1n2t7/.000.000.010:0100-000010/0w-d0/0h1udb-ff/fsfe-sfsfifofn0/0a0c000c032581/clear &amp#27;[39m&amp#27;[32m200&amp#27;[39m &amp#27;[90m27 ms - 14&amp#27;[39m
&amp#27;[35m[HTTP]&amp#27;[39m &amp#27;[90m&amp#27;[a39-m5c
2&amp#27;7[-3456m0[Hb-TT9P9]1&amp#27;b[-339fm2 2&amp#27;9[93079m2-a-0>7&amp#27;/[e3l9emm e&amp#27;n[t3]7 mwGiEtTh&amp#27; [b3o9dmy : {&amp#27;"[s3t7rma/twedg/yh"u:b"/ascecsessisoinb/i0l1ict2yd 6idd9"-,b"4sfedl-e4c7t1ocr-"9:b"bt0e-s21ta-6Pda1sb4630e/contexstw&amp#27;o[r3d9"m,"
c&amp#27;o[n3t5emx[tH"T:"","multiple":false}
[debug] &amp#27;[35m[WD Proxy]&amp#27;[39m Got response with sTtPa]t&amp#27;u[s3 92m0 0&amp#27;:[ 9{0"ms{e}s&amp#27;s[i3o9nmId
"[:d"eabcu0gc]3 5&amp#27;1[3a5-m5[c27-460Wb3-C9 (9011bc-23df62d299)9]0&amp#27;9[329am0 7C"a,l"lvailnuge "A:p{p"iEuLmEDMrEiNvTe"r.getCur:re"nt0C0o0n0t0e0x0t0(-)0 0w0i0t-h0 0a2r3g-sf:f f[f-"f0f1ffc020d0600d092-8b"4,f"edl-e4me7n1tc-6-096b6-b110e-42-a15a26e-d41f7b34630e"]
[deb546u6cge]c f&amp#27;":["30050m0[00W030-C00 0(00-010c232-df6ffdf9-f)f]f&amp#27;f[030090m0 02R8e"}s}po
[nddebiung]g  &amp#27;t[3o5 m[cWl3Ci e(2ncta 16w3id9t)h] &amp#27;d[r39imv eRers.pgonedtinCgu rtroe cnltiCeonntt ewxitt()h r edsrulitv:e "NATrI.VfEi_nAdPEPl"em
e&amp#27;n[t3(5)m [rHeTsTuPl]t&amp#27;: {["3e9lme m&amp#27;e[n3t7-m6<0-6-6 -G1E1Te 4/-wad52/eh-u4bf/7s35e4s6s6icoenc/f0"1:c"200d060d090-0b04-f0d0-0407-10c0-293b-bf0f-f2f1-af6fdf1fb040603000e0/2c8o"n,t"eExLtE M&amp#27;E[N3T9"m:&amp#27;["3020m0200000&amp#27;[39m 0&amp#27;0-[09000m508-60 0m2s3 -- f22f&amp#27;f[f3-f9fmff
&amp#27;0[030500m0[2HT8T"P}]
&amp#27;&amp#27;[[3395mm[ H&amp#27;T[T9P0]m&amp#27;&amp#27;[[393m9 m&amp#27;
[&amp#27;3[7m<-- POS3T 5/mw[dH/ThTuPb]/&amp#27;s[e3s9smi on&amp#27;/[23c7am1-6-3>d&amp#27;9[-3b9dme f&amp#27;-[43d7bmbP-O9S8Tb&amp#27;[b3-99m8 e&amp#27;c[63778m6/aw9d6/3h/ueb/sessiloenm/e0n1tc 2&amp#27;d[63d99m-&amp#27;b[43f2dm-240701&amp#27;[39cm- 9&amp#27;b[b900-m2516a86 dm1sb 4-6 3103e7/&amp#27;e[l3e9mmen
t&amp#27;&amp#27;[[3359mm[H
T&amp#27;T[P3]5&amp#27;m[[3H9TmT P&amp#27;][&amp#27;9[03m9&amp#27;m[ 3&amp#27;9[m90
m&amp#27;{["3u5smi[nHgT"T:P"]a&amp#27;c[c3e9sms i&amp#27;b[i3l7imt-y- i>d&amp#27;"[,3"9vma l&amp#27;u[e3"7:m"GtEeTs&amp#27;t-Pass[w3or9dm" }&amp#27;&amp#27;[[3397mm/w
d[/dhub/sesesbuigo]n /&amp#27;2[c3a51m6[3Wd3C9 -(b01dce2fd-64dd9b)b]-&amp#27;98[b3b9-m9 C8aellci6n7g8 A6pap9i6u3m/Derlievmeern.fti/nd0E0le0me0n0t0()0 0wi-t0h 0a0rg0s-: 0[0"2a3c-cfesfsfifb-iflfiftfy0 0i0d"0,0"t0e2s8t/-dPiassspwloaryde"d,&amp#27;"[01c2d6d9-3b49fmd-
4&amp#27;7[13c5-m9[bHbT0T-P2]1&amp#27;a[63d91mb 4&amp#27;6[3900em"{]}&amp#27;
[[3d9embu
g[]d e&amp#27;b[u3g5]m [&amp#27;B[a3s5emD[rWi3vCe r(]2&amp#27;c[a3196m3 dV9a)l]i&amp#27;d[ 3l9omc aCtaolrl isntgr aAtpepgiiuemsD rfiovre rt.heis request:l exmpeantthD,isplayed (i)d,  wciltahs sa nragmse:,  [a"c0c0e0s0s0i0b0i0l-i0t0y0 0i-d0,0 2c3s-sf fsfefl-efcftfofr0,0 0-0a0n0d2r8o"i,d" 2uciaa1u6t3odm9a-tbodref
-[4ddebbbu-g98]b b&amp#27;-[9385emc[6B7a8s6eaD9r6i3v"e]r]
&amp#27;[[d3e9bmu gW] a&amp#27;i[t3i5nmg[ WuD pP rtoox y0] &amp#27;m[39m Msa tfcohre dc o'n/deilteimoennt
/[0d0e0b0u0g0]0 0&amp#27;-[03050m0[-W0D0 2P3r-ofxfyf]f&amp#27;-[f3f9ff000m0 0M0a2t8c/haetdt r'i/beulteem/edints'p ltayoe dc'o mtmoa ncdo mnmaamned  'nfaimned E'lgeetmAenttt'ri
b[udteeb'ug
][ d&amp#27;e[b3u5gm][ W&amp#27;D[ 3Proxy]&amp#27;5[m3[9WmD  PPrrooxxyyi]n&amp#27;g[ [3P9OmS TP r/oexlyienmge n[tG]E Tt o/ e[lPeOmSeTn th/t0t0p0:/0/0102070-.000.000.-10:012030-0f0f/fwfd-f/hfufbf/0s0e0s0s0i028o/n/af1t5266tacr-2i1fbe-u47t1de-9/1fd8-ia6sb5pebl0cacbydbe/edl]e to [GET httpme:n/t]/ 1wi2t7h .body: {"strat0eg.y0".:"1ac:ce1s0si0b0il1it/yw idd/",h"usebl/ecsteors"s:i"toesnt/-Paacss0wcor3d"5,1"cao-nt5ecxt2":7"-",4"6mu0ltbi-pl9e9":1fbal-s3ef}2
[2d9eb9ug0]9 &amp#27;2[a3507/eml[WDe Pmroexyn]&amp#27;t[/390m0 G0o0t 0r0es0p0on-se0 0wi0t0h -st0at0u2s 320-0f: f{"fsfes-sfiofnIfdf":0"f010520606a0c2-281f/e-a4t71td-r9i1fb8u-at6b5eeb/0cdcbidbs",p"vlalauye"e:d{"]E LEwMiENtTh": "no 00b0o00d00y0-0
0[0d0-e0b01du-fgf]ff -&amp#27;ff[ff30500m0[00W28D" ,"Pelreomexnyt-]60&amp#27;6[63-191em4- a5G2eo-4tf7 3r54e6s6cpeocfn"s:"e00 00w0i00t0-h0 00s0t-0a0t1du-sff ff2-0ff0f:f 00{0"00s02e8s"}s}i
[ondIebdu"g:"a] c&amp#27;[305mc[3W35C (10a1c-2d56d9c)]2&amp#27;[379m- Res4po6nd0ing to client bwi-th9 9dr1ivbe-r.3ffin2dE2l9em9e0nt9()2 raes0u7lt":, {""evlaemlenut-e60"66:-1"1te4r-au5e2e"-4}f7
3[54d66ecebcfu":g"0]00 0&amp#27;00[003-500m00[-W0031Cd- ff(f2f-cffaff1060030d0092)8"],&amp#27;"E[LE3ME9NTm" :"R0e00s0p00o0n0-d00i00n-g00 1dt-off fcf-lfiffefn00t00 00w28i"}t
&amp#27;h[ 35dmr[HiTTvPe]r&amp#27;[.39emleme n&amp#27;[t37Dmi<s-p- lPOaST y/wed/dhu(b)/ sersseisoun/l0t1c:2d 6tdr9-ub4ef
&amp#27;[35dm-[4H7T1cT-P9]&amp#27;b[b309-m2 1&amp#27;a[637dm1<b-46-3 0GeE/eTl em/ewndt /&amp#27;h[3u9bm/&amp#27;s[e3s2smi2o0n0/&amp#27;2[c3a91m6 3&amp#27;d[99-0bmd2e3f -m4s d-b b1-3978&amp#27;b[b3-99m8e
c&amp#27;6786a963/element/000000[305m0[-HT0T0P0]0&amp#27;-[03092m3 -&amp#27;f[f9f0f-m&amp#27;f[f3f9fm0
0&amp#27;0[030052m8[/dHiTsTpPl]a&amp#27;[y3e9dm  &amp#27;&amp#27;[[337m9-m-&amp#27;>[&amp#27;3[23m92m0 0&amp#27;&amp#27;[[3379mmG E&amp#27;T[&amp#27;9[03m91m 5&amp#27; [m3s7 m-/ w1d4&amp#27;/[h39umb/
&amp#27;s[e3s5smi[oHnT/T0P1]c&amp#27;2[d369dm9 -&amp#27;b[490fmd&amp#27;-[43791mc
-9&amp#27;b[b30-52m[1HaTTP]&amp#27;[39m &amp#27;[6d317bm4-6-30>e&amp#27;/[e3l9emm &amp#27;en[t3/70m0G0E0T0&amp#27;0[0309-m0 0&amp#27;0[03-70m0/w1d/dh-ufb/fsfefss-ifofnf/f20000002c8a/1d6i3sdp9l-abydeefd-&amp#27;4[d3b9bm-
9&amp#27;8[b3b5-m[9H8eTcT6P78]6&amp#27;a[93693/m c&amp#27;o[n9t0me{x}t&amp#27;[&amp#27;3[93m9m
[
d&amp#27;e[bu3g5m][ &amp#27;[35m[W3HC T(T0P1]&amp#27;c[23d96md &amp#27;9[)9]0m&amp#27;{[}3&amp#27;9[m3 C9amll
in[gd eAbppuigu]mD r&amp#27;[i3v5emr[.We3Cl e(m2ecnat1D6i3spdl9a)y]e&amp#27;d[(3)9 mw Ciatlhl ianrgg sA: p[p"i0u0m0D00r0i0v0e-r0.00ge0t-C0u0r1rde-nftCffofn-tfefxftf(0)0 0w0i0t0h2 8a"rg,s":0 1["c22cda166d93-db94f-bdd-4e7f1-c4d-b9b-b9b80b-b2-91a86edc16b748663a09e63""]]

[[ddeebubgu] g&amp#27;][ 3&amp#27;5m[[35WmD[ WP3rCo (x2yc]a&amp#27;1[6339dm9 )M]at&amp#27;c[h3e9dm  'R/eeslpeomnednitng/ 0t0o0 0c0l0i00-e00n0t0- 0w0i1dt-hf fdfrfi-vefrfff.0ge0t0Cu0r0r0en2t8Conte/atxtt(r)i rbeustuel/t:d i"sNApTlIVaEy_AePdP'" 
t&amp#27;[o3 5cmo[mHmTaTnPd] &amp#27;n[3a9mm e&amp#27; [3'7gme<-t-A GtEtT r/iwbdu/htueb/'se
s[sdieonb/u2cga]16 3d&amp#27;9[-3bd5emf[-4WdDbb -P9r8obbx-y9]8e&amp#27;c[637896am9 6P3/rcooxnytienxgt [GET  /&amp#27;e[l39emm&amp#27;[e3n2mt2/0000&amp#27;0[03090m0 0&amp#27;[-900m020 m0s -- 0220&amp#27;1[d3-9mff
f&amp#27;f[3-5fmf[fHfTT0P0]0&amp#27;[03090m 2&amp#27;8[9/0amt&amp#27;t[3r9imbu
&amp#27;t[e35/md[iHTsTpP]l&amp#27;a[y3e9dm] &amp#27; [t3o7 m[-G->E&amp#27;T[ 39hmt &amp#27;t[p3:7m/P/O1S2T&amp#27;7[.309.m0 .&amp#27;1[:310070m0//wwdd/h/uhb/usbe/ssseisosn/i2ocan1/6f3d195-2b6de6fa-c4d-b2b1-9f8ebb--49781ecd6-78961af9683-/eal6emenbt5&amp#27;e[3b90mc
&amp#27;c[b3d5mb[/HTeTlP]e&amp#27;m[e39nmt /&amp#27;0[09000m{0"0u0s0i-ng0"0:0"a0c-c0e0s1sidb-ilfiftfyf i-df",fff"0v0a0lu0e0"0:"2t8es/ta-Ptatsrsiwobrud"t}e&amp#27;/[d39ims
p[ldaeybuge]d ]&amp#27;[ 3w5mi[tWh3C  n(2oc ab16o3ddy9)
]&amp#27;[[d3e9mb uCagl]l i&amp#27;n[g 3A5ppmi[uWmDDr ivPerr.ofxiyn]dE&amp#27;l[e3ment9()m  wiGtoht a rrgse:s p["oanccsese wsiitbihli tsyt aitd"u,s" te2s0t0-:P as{s"wsoreds"s,i"o2ncIa1d6"3:d"9-fb1d5ef2-646dbabc--982b1b-f9e8-ec4677816da9-6931"]f8
-[dae6bbug5]e b&amp#27;0[c3c5mb[dBabs"eD,r"ivvear]l&amp#27;u[3e9"m: V"altird uloec"a}to
r[ sdterbaugt]e g&amp#27;i[e3s5m[W for this r3eCq (u0e1cs2td:6d 9x)pa]t&amp#27;h[,39 mi dR,e scplonadsinsg  ntoa mcel,i eanctc ewsistihb ildriityv eidr,. eclsesm esnetlDeiscptlaoyred,( ) -raensdurlto:i dt ruuieau
t&amp#27;o[3m5amt[HoTTPr]&amp#27;
[3[9dme b&amp#27;u[g3]7m <&amp#27;-[- 3G5ETm [/wBd/hub/session/01c2ad6sde9D-rb4ifvde-r4]71&amp#27;c[-39b9bm0 -W21aai6dt1ib4630e/elengm eunp tt/o000 00 00m0s0 -0f0o00r- 0c0o1nddi-tfiofnff
-[fdebug]f f&amp#27;f[03050m[0W0D0 2P8ro/xdyi]s&amp#27;p[l3a9my eMda t&amp#27;c[h3ed9 m'/&amp#27;e[le3m2enmt2'0 to 0c&amp#27;o[m3m9amn d&amp#27; [n90amm1e8  'mfsi nd- 14&amp#27;E[l39emme
n&amp#27;t['35m
[[dHebTuTgP]] &amp#27;&amp#27;[[3395mm &amp#27;[[W90Dm &amp#27;P[r39omxy
]&amp#27;&amp#27;[[3359mm[ HPrToTxPy]i&amp#27;[ng3 9[m P&amp#27;O[S3T 7/me-l-e>m&amp#27;e[n3t9]m  t&amp#27;o[ 3[7PmOGSTE Th&amp#27;t[t3p9:m/ /&amp#27;1[2377.m0/.w0.d1/:h1u0b0/0s1/wde/shusbi/osnes/s0io1nc/2adc60cd3951-ab4fd--457c127c--4960bbb-909-12b-13af622d99109b24a60370/eel/ecmoenntt]e xwti&amp#27;t[h3 b9omdy:
 &amp#27;{"[s3t5ramt[egHyT"T:"Pa]c&amp#27;ce[s3s9imbil i&amp#27;t[y90 imd{"},&amp#27;"[s3e9lmec
to[rd"e:b"tuegs]t- P&amp#27;a[s3sw5omrd["W,3"cCo n(t0e1xtc":2""d6d,9")multiple"]:f&amp#27;a[l3s9e}m
 [dCeabulgl] i&amp#27;n[3g5 m[AWpDp iPurmoDxryi]v&amp#27;e[r3.9gme tGCoutr rreensptoCnonset ewxitt(h)  swtiattuhs  a2r0g0s::  {[""s0es1sc  And I enter password as "invalidPassword"                                                           # com.qa.stepdef.LoginStepDef.iEnterPasswordAs(java.lang.String)
2d6id9-b4ofndI-d"4:7"1acc-09c3b5b10a--251c2a76-d416b04b6-93901eb"-]
[debug] 3&amp#27;f[2352m9[9W039C2 a07","value":{"E(L0E1McE2NdT6"d:9")0]0&amp#27;0[03090m0 0R-e0s0p0o0n-d0i0n2g3- ftof fcfl-iffenftf 0w0i0t0h0 0d2r8i"ver.getCu,rr"eenlteCmoenntte-x60t6(6)- 1r1ees4u-lat5:2 e"-N4AfT73I5V4E6_6AcPePc"f"
:&amp#27;"[03050m0[0H00T0T-P0]0&amp#27;0[03-90m0 2&amp#27;3[-3f7fmf<f--- fGfff0000E0T0 2/8w"d}/}hu
b[/dseebsugsi]o n&amp#27;/[3051mc[2Wd36Cd 9-(b24cfad1-6437d1c9-)9]b&amp#27;b[03-92m1 aR6ed1bs4p6o3n0de/icnogn tteox t c&amp#27;l[i3e9nmt&amp#27; [3w2imt2h0 0d&amp#27;r[i3v9emr .&amp#27;f[i9n0dmE2 lmesm e-n t2(2&amp#27;)[ 3re9smul
t&amp#27;:[3 5{m"[eHlTeTmPe]n&amp#27;t[-369066-1m1 e&amp#27;4[-9a05m2&amp#27;e[-349fm73
5&amp#27;4[6365cme[HcTfT"P:]"&amp#27;[03090m0 &amp#27;0[03070m--0-0>0&amp#27;[03-90m0 2&amp#27;3[-3f7fmfPfO-ST&amp#27;f[f3f9fm0 0&amp#27;[03070m0/2w8d"/h,u"bE/LsEeMsEsNioTn"/:0"10c020d060d090-0b-40f0d-0407-10c-092b3b-0f-f2f1fa6-df1fbf4f60300e0/0e0028"}le
me&amp#27;n[t35&amp#27;m[[3H9TmT
P&amp#27;][&amp#27;3[359m[mH T&amp#27;T[P3]7&amp#27;m[3<9-m-  &amp#27;P[O90SmT{ "/uwsdi/nhgu"b:/"seascscieosns/i2bcial1i6ty 3di9d-"b,d"evfa-l4udeb"b-:9"t8ebstb--P9a8sesc6w7o8r6d"a}9&amp#27;6[33/9emle
m[ednetb u&amp#27;g[] 3&amp#27;9[m3&amp#27;5m[[3W23mC2 0(00&amp#27;1[c329dm6 &amp#27;[90md292) ]m&amp#27;s[ 3-9 m1 C3a7l&amp#27;l[i3n9gm A
  And I enter password as "invalidPassword"                                                           # com.qa.stepdef.LoginStepDef.iEnterPasswordAs(java.lang.String)
&amp#27;[35m[pHTTP]&amp#27;[3p9imu m&amp#27;D[r9i0vme&amp#27;r[.3f9imnd
E&amp#27;l[e3m5emn[t() with argHsT:T P[]"&amp#27;a[c3c9ems s&amp#27;i[b3i7lmi--t>y&amp#27; [i3d9"m, "&amp#27;t[e3st7-mPaPssword","01c2d6d9-b4fd-471c-9bb0-21a6d1b4O63S0Te&amp#27;"[]3
9[mde b&amp#27;u[g3]7 m&amp#27;/[w3d5/mh[uBba/sseeDsrsiivoenr/]2&amp#27;c[a3163d9-bdef-4dbb-98bb-98ec6786a9693/me lVeamleindt /l0o0c0a0t0o0r0 0s-t0r0ate0g0i-e0s0 2f3o-rf ftfhfi-sf frfefq0u0e0s0t0:0 2x8p/avtahl,u ei&amp#27;d[,3 9clmas
s&amp#27; [na3m5em,[ HaTcTcPe]s&amp#27;s[i3b9m &amp#27;[il9i0tm{y" iidd," :c"s00s0 0s0e0l0e0c-t0o0r0,0 --0a0n2d3r-ofifdf fu-ifafuftfo0m0a0t0o0r028
["d,e"tbeuxgt]" :&amp#27;"[i3n5vma[BlaisdePDarsisvweorr]d&amp#27;"[,3"9vma lWuaei"t:i[n"gi "u,p" nt"o, "0v "m,s" af"o,r" lc"o,"ndii"t,i"odn",
"[Pd"e,"bau"g,]" s","s&amp#27;"[3,5"mw["W,D" oP"r,o"xyr]"&amp#27;,["3d9m" ]M}a&amp#27;t[c3h9emd 
'[/deelbeumge]n t&amp#27;'[ 3t5om c[Wo3mmCan d(2 ncaame1 6'f3idn9dEl)e]me&amp#27;n[t'39
[mde bCuag]l l&amp#27;[i3n5gm A[pWpDi uPmrDorxyi]v&amp#27;er[.3s9em tPVraolxuyei(n)g  w[iPthO STa r/gesl:e [["mie"n,t"]n "t,o" v["P,O"aS"T ,h"tlt"p,:"/i/"1,2"7d."0,."0P."1,:"a10"0,0"0s"/,w"ds/"h,u"bw/"s,e"sos"i,o"nr/"f,1"5d2"6]6,a"c0-021f00e0-040701d--09010f08--a060b253-efbf0fcfc-bfdfbf/f0e0le00m0en02t8]" ,w"i2tcha 1b6o3ddy9:- b{d"esft-r4adtbebg-98bb-98ec6786a96y3"":]"a
c[cdeesbsuigb]i l&amp#27;[i3ty5 mi[WdD" ,P"rsoexlye]c&amp#27;t[o3r9"m: "Mtaetscth-ePda s's/weord"l,e"mceonntt/e0x0t0"0:0"0"0,0"-m0u0l0t0i-p0l0e2"3:-ffaflsfef}-f
f[fdfe0b0u0g0]0 0&amp#27;2[83/5vma[lWuDe 'P rtoox yc]o&amp#27;m[m3a9nmd  Gnoatm er e'sspeotValue'ns
e[ dweibtuhg ]s t&amp#27;a[t3u5ms[ P2r0o0t:o c{o"ls eCsosnivoenrItde"r:]"&amp#27;f[13592m66a cA-d2d1efde -'4v7a1ldu-e9'1 fp8r-oap6ebr5teyb 0[c"cib"d,b""n,"",v"avl"u,e""a:"{,""ElL"E,M"EiN"T,"":d""0,0"0P0"0,0"0a0"-,0"0s0"0,-"0s0"1,d"-wf"f,f"fo-"f,f"r","df"f]0 0t0o0 0'0s2e8t"V,a"leulee'm ernetq-u6e0s6t6 b-o1d1ye4
-[ad52ee-4bfu7g3]5 4&amp#27;6[63c5emc[fW"D: "P0r0o0x0y0]&amp#27;00[039-m0 0P0r0o-x0y0i1ndg- f[fPfOfS-Tf f/fefl0e0m0e0n0t0/2080"0}0}00
0[0d-e0b0u0g0]- 0&amp#27;0[2335-mf[fWf3fC- f(f0f1fc020d060d09028/va)l]ue&amp#27;][ 3t9om  [RPeOsSpTo nhdtitnpg: /t/o1 2c7l.i0e.n0t .w1i:t1h0 0d0r1i/vwedr/.hfuibn/dsEelsesmieonnt/(a)c 0rce3s5u1lat-:5 c{2"7e-l4e6m0ebn-t9-9610b6-63-f1212e949-0a9522ae0-74/fe7l3e5m4e6n6tc/e0c0f0"0:0"000000-000000000--00002030--f0f0ff-ff1fdf-0f0f0f0f0-0f2f8f/fv0a0l0u0e0]0 2w8i"t,h"E LbEMENT":"000o0d0y:0 0{"0e-l0e0m0e0-n0t0I1dd-"f:ff"f0-0ff0f0f0000000000-2080"0}0
-&amp#27;0[3052m[3H-TfTPf]f&amp#27;[f3-9mf f&amp#27;f[f3070m<0-0-0 P0O2S8T "/wd/hub/session/01c2d6d9-b4fd,-"4t7e1cx-t9b"b:0"-i2n1vaa6ldid1Pbas4s6wo3r0de",/"erelpelmaceen"t: f&amp#27;a[l3s9em,&amp#27;"[v3a2lmu2e0"0:&amp#27;[["3i9"m, "&amp#27;n["9,0m588 ms" v-" ,1"3a7"&amp#27;,["3l9"m,"
i&amp#27;"[,3"5md["H,T"TPP",]"&amp#27;a["3,9"ms "&amp#27;,["9s0"m,&amp#27;"[w3"9,m"o
"&amp#27;,"r",["3d5"m][}HT
T[Pd]&amp#27;e[b3u9gm ]&amp#27; [&amp#27;37[m3-5->&amp#27;[39m &amp#27;[37mPOST&amp#27;[39m &amp#27;[m37[mW/wDd /hPurbo/xsye]s&amp#27;s[i3o9nm/ 0G1oct2 dr6eds9p-obn4fsde-4 7w1ic-t9hb bs0t-2a1ta6ud1sb 4263000e:/ eleme{"sessnito/n0I00d0"0:0"0a0c0c351a-5-c02070-0-406001bd--f9f9ff1-bff-f3ff020209090002982/av0a7lu"e,&amp#27;"[3v9amlu
e&amp#27;"[:3n5um[lHlT}TP]
&amp#27;[[d3e9mb u&amp#27;g[9]0 m&amp#27;{"[i3d5":m"[0W0030C0 0(002-c0a00106-30d091)d]-f&amp#27;f[f3f-9fmff fR0e0s00p0o0n28d"i,n"gt extto" :"cilnivealidPasswnotrd "w,i"vtalhu ed":r[i"vie",r".n"s,e"tv"V,a"la"u,e"l("), "rie"s,"du"l,t":P "nu,"lla"
,&amp#27;"[s3"5,m"[s"H,T"TwP"],"&amp#27;o["3,9"mr" ,&amp#27;"[d3"7]}m&amp#27;[<3--9 mPO
S[Td eb/uwgd]/ &amp#27;h[u3b5/ms[eWs3sC i(o0n1c/22dc6ad1693)d]&amp#27;9[-3b9md eCfal-l4idngb bA-pp9i8ubmDbr-i9v8eerc.6s7e8t6Value()a w9i6t3h /aerglse:m [e[n"it"/00000,000"-0n00"0-,00"23v-"ff,ff"-aff"ff,0"0l00"00,28"/vialue" &amp#27;,[3"9md&amp#27;["32,m2"0P0&amp#27;"[,39"m a&amp#27;["9,0m"9s8"7 ,m"ss -" ,14"&amp#27;w[3"9m,"
&amp#27;o[3"5,m"[HrTT"P,]&amp#27;"[3d9"m ]&amp#27;[,9"00m&amp#27;[39m
&amp#27;[350m0[H0TT0P0]&amp#27;0[039-m0 0&amp#27;[0370m--0->0&amp#27;1[d3-9fm f&amp#27;f[f37-mfGfETf&amp#27;f[030090m00 2&amp#27;8"[,3"071mc/2wdd6/dh9u-bb4/fsdes-s47i1co-n9/b2cab01-6231da69d-1bbd4e6f3-04ed"b]b-
9[8dbebb-u9g8]e c&amp#27;6[78365am9[6W3D/ cPornotxeyx]&amp#27;[t3&amp#27;9[m3 9mMa
t&amp#27;[c3h5em[dH T'TP/]&amp#27;[39m &amp#27;[e90ml{}e&amp#27;[m3e9nmt
/[0de0b0u0g0] 0&amp#27;[35m[0W03-C 0(02ca0106-30d091)d]&amp#27;-[f3f9mf fC-alflfifngf 0A0p0p0i0u0m2D8ri/vvearl.gueetC'u rrteont Ccoonmtmexatn(d)  wniatmeh  a'rsgse:t [V"a2cla1u6e3d'9-
bd[edf-e4dbbubg-]98 b&amp#27;b-98[35m[Preotocc6o7l8 6Cao963"]
[debug] &amp#27;[35m[nWv3eCr t(e2ca16r3]d&amp#27;9[)3]9&amp#27;m[ 39m ReAsdpdoendd i'nvga ltuoe 'c lpireonpte rwtiyt h[ "dir"i,v"enr".,"v"g,e"taC"u,r"rle"n,t"Cio"n,t"edx"t(,)" Pr"e,s"ual"t,:" s""N,A"TsIV"E,_"AwP"P,""o
"&amp#27;,["3r5"m,["HdT"T]P ]t&amp#27;o[ 3'9sme t&amp#27;V[a3l7ume<' -r-e qGuETe s/t wbdo/dhyub
/[sdeesbsug] &amp#27;[35m[WD Proxy]&amp#27;[39m Proxiyoinn/g2 c[a1P6O3SdT 9/-ebldeemfe-n4td/b0b0-09080b0b0-09-80e0c060-070816da-9f6f3f/fc-ofnftext &amp#27;[39m&amp#27;[32mf200&amp#27;f[0390m0 &amp#27;0[09002m83/ vmasl u-e ]2 2t&amp#27;o[ 3[9PmO
S&amp#27;T[ 35hmt[tHpT:T/P/]1&amp#27;2[73.90m. 0&amp#27;.[19:01m0&amp#27;[39m
&amp#27;[35m[HTT0P00]/&amp#27;w[d3/9hmu b/&amp#27;s[e3s7smio-n-/>f1&amp#27;5[23669amc -2&amp#27;1fe-471d[3-79m1PfO8-SaT6&amp#27;b[5e3b90mc c&amp#27;bd[b3/7eml/ewmedn/th/0u0b0/0s0e0s00s-i0on0/020-c0a0116d3-dff9f-fb-dfefff-f040d0b0b0-09288/bvba-l9u8ee] cw6i7t8h6 bao9d6y3/:e lemen{t"&amp#27;e[l3e9mmen
t&amp#27;I[d3"5:m"[0H00T0T0P00]0&amp#27;-[030090m- 0&amp#27;0[1d9-0fmf{f"fu-sfifnfgf"0:000"00a2c8c",e"stesxitb":i"liintvya liiddP"a,ss"wvoarldu",e""re:p"ltaecset"-:LfOaGlsIe,N""va}l&amp#27;u[e3":9[m"i"
,["dne"b,u"g]v "&amp#27;,["3a"5,m"[W3lC" ,("i2"c,a"1d"6,3"dP"9,)"]a&amp#27;"[,3"s9"m, "Cs"a,l"lwi",n"go" ,A"rp"p,i"udm"D]r}iv
[edre.bfuig]n d&amp#27;E[l3e5mme[nWDt (P)r oxy]&amp#27;w[i3t9hm  Gaotr grse:s p[o"nasce cweitshs istbaitluist 2y0 0i: d{""s,e"stseisotn-IdL"O:G"IN"f,1"522c6a61a6c-32d19f-eb-d4e7f1d--49d1fb8b--a96b85bebb-09c8cbedcb"6,7"8v6aal9ue6"3:n"u]ll
}[d
e[bduegb]u g&amp#27;][ 3&amp#27;[53m5[mB[Wa3sCe D(r0i1vce2dr6]d9&amp#27;)][&amp#27;3[93m9 mV Resaploindd inlgo cto cliateonrt  swtiratthe gdireisv feor this requesrt:. sxepattVh,a liud,e (c)la srse snualmte:,  nauclcles
s&amp#27;i[b3i5lmit[yH TiTd,P ]c&amp#27;s[s 3[INFO ] 2022-10-25 11:00:14.807 com.qa.pages.BasePage:54 - press login button
9m &amp#27;[s37m<-- ePOlSeTc t/owrd, /-haunbd/rsoieds suioina/u0t1ocm2da6tdo9r-b4[INFO ] 2022-10-25 11:00:14.841 com.qa.pages.BasePage:54 - press login button
fd-47
1[cd-e9bbubg0]- &amp#27;[2315am6[Bdas1ebDr4iv6e3r0]e&amp#27;/[3e9ml eWmaeintti/ng up to 0 ms for0 c0o0n0di0t0io0n0
-[0de0b0u0g]- &amp#27;0[0315md[-WDf fPrfofx-yf]f&amp#27;f[3f90m 0M0at0c0h0ed2 8'//evlaelmueent '&amp#27; to[3 9cmom&amp#27;m[a3nd2 mn2a0me0 &amp#27;'[fi3n9dmE l&amp#27;em[e9n0t'm5
3[d8e bmusg ]-  &amp#27;1[4&amp#27;3[53m9[mWD
 &amp#27;P[ro3x5ym][&amp#27;H[T3T9Pm] &amp#27;P[r39omx y&amp#27;i[n9g 0[mP&amp#27;O[S3T9 m/e
l&amp#27;e[m3e5nmt] to [P[OHSTTT Ph]t&amp#27;t[p39:m/ /&amp#27;12[73.70m.0-.-1>:&amp#27;[1309m0 0&amp#27;1/[3w7dmGE/Th&amp#27;[u3b9/ms es&amp#27;s[i3o7n/m/acw0dc/3h5u1ba/-s5ecs2s7i-o4n6/001c2bd-69d991-bb4-f3df-2427919c09-29a0b7b/0e-l2e1maen6d1bt4]6 3w0e/ictohnt ebxotdy&amp#27;:[3 9{m"s
t&amp#27;r[a3t5em[Hgy":"accTeTsPs]&amp#27;i[b3i9lmi t&amp#27;y[ 9i0dm"{,}"&amp#27;s[el3e9cmt
o[rdeb"u:g"]te s&amp#27;t[3-5LmO[GW3INC (0"1,c"2cdo6ndt9ex)t]&amp#27;["3:9"m" ,"Camulllitnigp lAe"pp:fiaulmsDer}iv
er.getCurrentContext() with [adregbs:u g[]" 0&amp#27;1[c325dm6[WD Proxyd]9&amp#27;-[b349mf dG-o4t 7r1ecs-9pbob0-21na6sd1eb 4with6 3s0tea"t]us
 [2d0eb0:u g{] "s&amp#27;e[s3s5imo[nW3ICd" :("0a1c0cc2d6d9)3]51&amp#27;a[-359cm2 7R-e4s6p0obn-d9i9n1bg- 3ft22o9 9c09l2iae07n",t"v awliute"h:{ "dErLEiMvENeTr"  And I login                                                                                         # com.qa.stepdef.LoginStepDef.iLogin()
:"00.000000-00g00e-0t0C23u-rfrfefnf-ffff00000029","elemetnCto-n6t0ex66t-11e4-a52e(-)4 result: "NATIVE_fAP7P3"54
6&amp#27;6[ce3c5fm["H:T"T0P0]0&amp#27;0[030900m -&amp#27;0[03070m-<0-0-2 3G-EfTf f/fw-df/fhfufb0/0se0s0s0i0on2/90"1c}2}d6
d[9d-ebb4ufdg-]4 71&amp#27;c[-395bmb0[-W231Ca 6(d21cba4166303ed/9c)o]n&amp#27;t[e3x9t m&amp#27; [R3e9ms&amp#27;po[3n2dmi2n00g&amp#27; [t3o9 m c&amp#27;l[9i0emnt1  mwsith driv e- r2.2f&amp#27;i[n3d9mEl
e&amp#27;[m3e5nm[tH(T)TP r]&amp#27;e[s3u9lmt :&amp#27;[ 9{0"m&amp#27;e[l3e9mme
n&amp#27;t[-365m0[6H6TT-1P1]e&amp#27;[4-39am5 2&amp#27;e[3-74mf--7>3&amp#27;5[4396m6 c&amp#27;e[c3f7"m:P"O0S0T0&amp#27;0[0309m0 &amp#27;0[-3070m0/0-wd0/0hu2b3/s-efsfsifonf/0-1fcf2fd6fd09-0b0000294f"d-4,7"1cE-L9bEMbE0-N2T1"a6:d"10b406030e0/0el00em0e-nt0&amp#27;0[0309m-0
0&amp#27;2[33-5fmf[HfTfTP-]f&amp#27;f[f39fm0 0&amp#27;0[9000m0{2"9u"si}ng
"&amp#27;:["3a5cmc[eHssTiTbPi]l&amp#27;i[ty3 9imd "&amp#27;,["3v7almu<e-"-: "PteOsStT- L/OwGdI/Nh"u}b&amp#27;[/39smes
sio[nd/e2bucga]1 6&amp#27;[33d59m-[bW3dCe f(0-14cd2db6bd-9)9]8&amp#27;b[b3-9m9 8Ceacll6i7n8g6 aApp9i6u3m/Derliveemre.nfitn d&amp#27;E[l3em9emn&amp#27;t[()3 2wmi2t0h0 &amp#27;a[r3gs9:m  [&amp#27;"[ac9c0emss4i5b1il imtsy  i-d ",1"3t7e&amp#27;s[t3-L9OmGI
N&amp#27;"[,3"50m1[cH2TTPd]6&amp#27;d[93-9bm4 f&amp#27;d[-94701mc&amp#27;-[93bb90m-2
1&amp#27;a[63d51mb[4H6T3T0P]e&amp#27;"[]39
m[ d&amp#27;e[b3u7gm]- -&amp#27;[3>5&amp#27;m[[3B9ma s&amp#27;[eDriv3e7mrG]E&amp#27;T&amp#27;[[3399m m&amp#27; [3V7am/lwidd/ hlubo/csaestsoiron /s2tcar1a6t3ed9g-ibedsef -f4odbrb -t9h8ibbs- 98reec6q7u8e6as9t6:3/ exlpemaetnth/,0 00i0d0000-0000-0023-ff,ff c-lffafsf0s0 00n0a0m29e/,di ascpclaeyseds&amp#27;i[3b9imli
&amp#27;t[y3 5mi[dHT,T Pc]s&amp#27;[s3 9sm e&amp#27;l[e90cmt{o}&amp#27;r[,3 9-ma
n[ddreobuigd]  u&amp#27;i[3a5umt[oWm3aCt o(2rca
1[6d3edb9u)]g&amp#27;][ 3&amp#27;9[m35 mC[aBlalsienDgr iAvpepri]u&amp#27;m[D3r9imv eWra.ietlienmge ntuDpi stpola 0y emds f() with aorgrs :c o[n"d0i0t0i0o0n00
0[-d0e00b0u-g0]0 2&amp#27;3[-3f5fmf[fW-Df fPfrfo0x0y0]0&amp#27;0[03299m" ,M"a2tccah1e6d3 d'9/-ebldeemfe-n4t'd btbo- 9c8obmbm-a9n8de cn6a7m8e6 a'9f6i3n"d]El
e[mdeenbtu'g]
 [&amp#27;d[e3b5umg[]W D&amp#27; [P3r5omx[yW]D&amp#27; Prox[y3]9&amp#27;m M[39m Proxying [POST /element] to [POST http://127.0.0.1:10000/wda/thcuhbe/ds e's/seiloenment/00000000-0000-0023-ffff-ffff00000029/attribute/displayed' to comm/afn1d5 2n6a6maec -'2g1etfAet-4t7r1idb-u9t1ef'8-
a[6dbe5beubg0ccbdb]/ e&amp#27;l[e35mm[eWnDt ]P rwoixtyh] &amp#27;b[o3d9ym:  P{r"osxtyriatnegg y["G:E"Tac c/eeslseimbeinlitt/y0 0i0d0"0,0"0s0e-l0e0c0t0o-r0"0:2"3t-efsftf-f-LfOfGfIfN0"0,0"0c0o0n2t9e/xatt"t:r"i"b,u"tmeu/l  And I login                                                                                         # com.qa.stepdef.LoginStepDef.iLogin()
tiple":falsde}
[debuig]s p&amp#27;[l3a5ymed] to [GET http://[WD 1P2r7o.x0y.]0&amp#27;.[13:91m0 0G0o1/t wrde/sphounbs/es ewsistiho ns/taact0ucs 325010a:- 5{c"2s7e-s46s0ibo-n9I9d1"b:-"3ff12522969069a2ac0-72/e1lfeeme-n4t/70100d0-090010f-080-0a0-60b0523e-bff0fcfc-bffdfbf0"0,00"0v0a2l9u/ea"t:t{r"ELEMENT":"i0but0e0/00d0i0s0p-l0a0y0ed0]- 0wi0t1hd -nfof ffb-ofdfyff
0[0d0eb0u0g0]2 9&amp#27;"[,3"5eml[eWmDe nPt-r6o0x6y6]-&amp#27;1[13e94m- aG5o2te -r4efs7p3o5n4s6e6 cweictfh" :s"t0a00t0u0s0 0200-00:0 0{0"-s0e0s1sdi-ofnfIfdf"-:f"fafcf000c0305010a2-95"c}2}7-
4[6d0ebb-u9g9]1 b&amp#27;-[33f522m9[9W039C2 a(0071"c,2"dv6adl9u)e"]:&amp#27;"[t3r9ume "R}e
s[pdoenbduig]n g&amp#27; [t3o5 mc[Wl3iCe n(t2 cwai1t63hd 9d)r]i&amp#27;v[e3r9.mf iRndeEslpeomnednitn(g)  troe sculliten:t  {wi"the dlerimveenrt.-e6l0e6m6e-n1t1Dei4-a52sep-4lfa7y3ed(54)6 6rceescuf"l:t":0 0t0r0u0e00
0&amp#27;-[03050m0-[0H0T1TdP-]&amp#27;f[f3f9fm- f&amp#27;f[f3f70m0<0-0-0 0G2E9T" ,/"wEdL/EhMuEbN/Ts"es:s"i0o0n0/020ca010603-0d09-0b0d-0e0f1-d4-dfbfbf-f9-8fbfbf-f980e0c060708062a996"3}/e
l&amp#27;e[m3e5nmt[/H0T0T0P0]&amp#27;[309m0 00-&amp#27;0[03070m-<00-2-3 -PfOfSfTf -/fwfdf/fh0u0b0/0s0e0s2s9i/odni/s0p1lca2yde6d d&amp#27;9[-3b94mf&amp#27;d-471[c-392bmb200-02&amp#27;1[a369dm1 b&amp#27;4[69300me1/2e lmesm e-n t1 4&amp#27;&amp#27;[[3399mm&amp#27;[
3&amp#27;2[m3250m0[&amp#27;H[3T9TmP ]&amp#27;&amp#27;[[9309mm3 6&amp#27;1[ 9m0sm &amp#27;-[ 31397m&amp#27;[3
9&amp#27;m[35m[H
T&amp#27;[T3P5]m&amp#27;[[H3T9TmP ]&amp#27;&amp#27;[[3379mm- -&amp#27;>[9&amp#27;[03m9&amp#27;m[ 3&amp#27;9[m3
7&amp#27;m[G3E5Tm&amp#27;[[H3T9TmP ]&amp#27;&amp#27;[[3379mm/ &amp#27;w[d3/7hmu--b>/&amp#27;s[e3ss9mi o&amp#27;n[/327mcGaE1T6&amp#27;3[d399-mb d&amp#27;e[37m/wd/hub/sfession/01c2d6d9--b44fddb-b47-19c8-9bbbb-908-2e1ac667d18b64a693603e//ceolnetmeexntt&amp#27;/[03090m00
00&amp#27;0[-3050m0[0H-T0T0P1]d&amp#27;-[f3f9fmf -&amp#27;f[f9f0fm0{0}0&amp#27;0[03092m9/
di[sdpebluagy]e d&amp#27;&amp#27;[[3359mm[W
3&amp#27;[C3 5(m[2HcTaT1P6]3&amp#27;d[93)9m] &amp#27;&amp#27;[[3990mm{ }C&amp#27;a[ll39imng
 [AdppeibuumgD] &amp#27;[35rmi[Wv3eCr .(0g1ec2td6d9)]&amp#27;[39m CalCluinrgr AepnptiCuomnDrtiext()v ewri.telhe meanrtgDiss:p l[aye"d2()c awi1t6h 3adr9g-sb: d[e"0f0-0400d0b0b0--90080b0-b0-0918de-cf6f7ff8-6faf9f6f30"0]00
0[0d29e","b0ug] &amp#27;[35m1[cW32Cd6 d(92-cba41f6d3-d497)1]c&amp#27;-[93b9bm0 R-e2s1pa6d1obn4d6i3n0ge "t]o 
c[ldieebnutg ]w i&amp#27;t[h3 5dmr[iWDv ePrr.ogxeyt]&amp#27;C[u3r9rme nMtaCtocnhteedx t'(/)e lreemseunltt/:0 0"0N0A0T0I0V0E-_0A0P0P0"-0
0&amp#27;1[d3-5fmf[fHfT-TfPf]f&amp#27;f[03090m0 0&amp#27;[37m0<2--9 /GaEtTt r/ibwud/theu/bd/issepslsaiyoend/' 2tcoa 1c6om3mda9n-db dnef-4dbb-98abbm-9e8 ec'6g7e8t6aA9t6t3/rciobnuttexet' &amp#27;[
3[9dm&amp#27;e[b32umg2]00 &amp#27;&amp#27;[[393m5 &amp#27;m[[9W0Dm1  Pmsr o-x 2y2]&amp#27;[&amp#27;3[9m39
m&amp#27;[ 3P5mr[oHxTTyPi]&amp#27;n[g39 m[ &amp#27;G[E90Tm &amp#27;/[3e9lme
m&amp#27;e[3nt/00000000-05m0[H0T0T-P0]&amp#27;0[139dm- f&amp#27;f[3f7fm--f->f&amp#27;f[f390m0 &amp#27;0[03070m2PO9S/Ta&amp#27;[t3t9mr i&amp#27;b[u37tme/w/dd/ihusbp/lseasysieodn]/ 2ctao1 6[3Gd9E-Tb dehft-4tdpb:b-/9/81bb2-798.e0c6.708.61a9:6130/e0l0e0me/nwt&amp#27;d[/3h9umb
/&amp#27;[s3es5smi[HoTnT/P]f&amp#27;1[3592m6 6&amp#27;[a9c0-m{2"u1sfien-g"4:7"1adcc-e9s1sfib8i-litya 6ibd"5,e"vba0lucec":b"dtebs/t-eLlOGeImNe"n}t&amp#27;/[03090m00
0[0d0e-b0ug0]0 0&amp#27;-[03051md[-W3fCf (f2fc-a1f6f3df9f)]0&amp#27;0[0309m0 0C2a9l/liantgt rAibuptpeiu/mdDirisvperl.afyineddE]le mwenitt(h)  wnitoh  barogds:y [
"[acdceebsusigb]il i&amp#27;t[y3 i5dm"[,W"Dt esPtr-LoOxGIyN]"&amp#27;,"2c[a3196m3d 9G-botd efr-e4dsbpb-o9n8bsbe-9 8weci6t78h6 a9s6t3"a]tu
[sd e2bu0g0]:  {&amp#27;"[3s5em[sBsasieoDrniIvde"r:]&amp#27;"[f391m5 V2a6li6d alco-ca2to1rf est-r4at7eg1ide-s 9f1orf 8th-isa 6rebq5ueesbt0: cxcpabtdh,b "id,," cvlaaslsu en"a:m"e,t racucee"s}sib
i[ldietyb uigd],  c&amp#27;s[s 3s5emlecto[rW3C,  -(an0d1roci2d du6iadu9to)m]at&amp#27;o[r3
9[mde buRge] s&amp#27;p[o35nmd[iBnags eDtrivoer ]c&amp#27;l[i3e9nmt  Wwaiitth idnrgi vuepr .teol e0m mesn tfDori scopnldaiytieodn()
 [rdeesbuulgt]:  &amp#27;t[r3u5em[W
D&amp#27; [P3r5omx[yH]T&amp#27;T[P3]9&amp#27;m[ 3M9m &amp#27;[37m<a-t-c GhEeTd '/element'  t/wod /hcuob/msmesasnidon /n0a1cm2ed 6'df9-ibn4dfEdl-e4m71ecn-t9'bb0
-[2d1ea6bdu1gb4]6 3&amp#27;0[e/3e5lmem[eWnDt /P00r0o0x00y0]0&amp#27;-[003090-m0 0P1rd-ofxfyfifn-gff ff00000029[/PdOisSpT la/yeeld e&amp#27;m[e3n9tm&amp#27;][ 3t2om [2P0O0S&amp#27;[T3 9hmt t&amp#27;[p9:0m13 ms - 14&amp#27;[/3/91m2
7&amp#27;.[035.m0[.H1T:TP1]0&amp#27;0[0319/m w&amp#27;d[/90hmu&amp#27;[b3/9sme
s&amp#27;s[i3o5mn/[HaTcT0Pc]&amp#27;3[5319am -&amp#27;5[c3277m---4>6&amp#27;0[b39-m9 9&amp#27;[13b7-m3GfET2&amp#27;2[93990m9 2&amp#27;[a3077m//ewlde/hmuebnt/s]e swsithi obno/0d1yc:2 d{6"ds9t-rb4aftde-g4y7"1:c"-a9bcbc0e-2s1sai6bdi1lb4i6t3y0 ei/cdont"e,xt"&amp#27;s[e3l9emct
o&amp#27;r["3:5"mt[eHsTtT-PL]O&amp#27;G[I3N9"m, "&amp#27;c[o9n0tm{e}x&amp#27;t["3:9"m"
,["dmeublutgi]p &amp#27;l[e3"5:mf[aWl3sCe }(0
1[cd2edb6udg]9 )&amp#27;][&amp#27;3[359mm[ WCDa lPlrionxgy ]Ap&amp#27;p[i3u9mDmr iGvoetr .rgeetsCpuornrseen tCwointthex ts(t)a twuist h2 0ar0g: s:{ "["01sc2eds6sdi9o-nbI4fdd"-:4"71acc-09cb3b05-12a1-a56dc12b74-64306e0"b]-9
[9d1ebbu-g3] f&amp#27;2[2359m9[09W23aC0 7("0,1"cv2ad6ldu9e)"]:&amp#27;{["39EmL ERMeEsNpoTn"d:i"n0g0 0to0 clie0n0t 0w0i-t0h0 0dr0i-v0e0r2.3g-eftfCfurfr-efnftfCfo0n0t0e00x0t2(9)" ,r"eesluelmten:t -"6N0ATIVE_APP"
&amp#27;6[63-51m1[eH4T-TaP5]2&amp#27;e[-349f7m3 5&amp#27;4[6367cecf":"m0<0-0-0 0G0E0T0 -/0w0d0/0h-u0b0/s2e3s-sfiofnf/f0-1fcf2fdf60d90-0b040f0d2-94"7}1}c-
9b[bd0e-b2u1ga]6 d&amp#27;1[b34653m0[eW/3cCo n(t2ecxat1 &amp#27;6[33d99m)&amp#27;[]3&amp#27;2[m3290m0&amp#27; [R3e9smp o&amp#27;n[d9i0nmg1  tmos  c- 22l&amp#27;i[e39nmt 
w&amp#27;i[t3h5m [dHriTvTePr].&amp#27;[f3i9nmd E&amp#27;l[9e0mme&amp#27;n[t3(9)m r
&amp#27;e[s3u5lmt[:H TT{P"]e&amp#27;l[e3m9em n&amp#27;t[-3670m6--6>-&amp#27;1[139em4 -&amp#27;a[5327em-P4OfS7T3&amp#27;5[43696mc &amp#27;e[c3f7"m:/"w0d0/0hu0b0/0s0e0s-s0i0o0n0/-0010c223d-6fdf9f-fb-4ffdf-f4f7010c0-09b0b002-921"a,6"EdL1EbM4E6N3T0"e:/"e0l0e0me0n0t0&amp#27;0[03-90m00
0&amp#27;-[03052m3[H-TfTfPf]f&amp#27;-[f3f9mf f&amp#27;0[09000m0{0"u2s9i"}ng
"&amp#27;:["3a5cmc[eHsTsTiPb]i&amp#27;l[i3t9ym  id&amp#27;"[,3"7vma<lu-e-" :P"OtSeTst -/LwOdG/IhNu"}b&amp#27;/[s3e9smsi
[odne/b2ucga]1 6&amp#27;3[d395-mb[dWe3f-4dbb-98bbC- 98(e0c16c728d66ad996)3/]e&amp#27;l[e3m9emnt  C&amp#27;a[l3l9imn&amp#27;g[ 3A2mp2p0i0u&amp#27;m[D3r9imv e&amp#27;r[.9f0imn4d8E lmesm e-n 1t3(7)&amp#27; [w3i9tmh 
a&amp#27;r[g3s5:m [[H"TaTcPc]&amp#27;e[s3s9imb i&amp#27;l[i9t0ym &amp#27;i[d3"9,m"
t&amp#27;e[s3t5-mL[OHGTITNP"],&amp#27;["3091mc 2&amp#27;d[637dm9---b4fd-47>1&amp#27;c[-39m9 b&amp#27;b[03-72m1PaO6STd&amp#27;[319mb &amp#27;4[376m/3wd0/hueb"/s]essio
n/[2cad163ed9b-budegf-]4d bb&amp#27;-[983bb5-9m8e[c67B86aa9s63e/eDlermeintv/00e00r0]00&amp#27;0-[003009-0m02 3-Vfafflf-iffdff 00l0ocator 0s00t29r/calitcke&amp#27;[g3i9me
s&amp#27;[ 35fm[oHTrTP ]&amp#27;t[3h9mi &amp#27;s[9 0mr{"eiquesdt"::"0 00x00p00a0-t00h00,-0 02i3-df,ff f-cfflffa00s00s00 29n"}a&amp#27;[m3e9m,
[debug] &amp#27;[ 35am[cW3cC e(2scas16i3db9il)i]&amp#27;t[y39 m iCadll,in g cAsppsiu mDrsiveerl.celicckt() owirth, a rg-s:a [n"0d00r00o00i0-d00 00u-0i02a3-ufftffo-fmffaf0t00o00r029
",["d2cea1b63ud9g-b]de f-&amp#27;4[d3b5bm-9[8Bbabs-9e8Decr6i7ve8r6a]9&amp#27;6[33"9]m 
W[daeibtuign] &amp#27;[35mg[ WDu pP rtoox y]0&amp#27; [m3s9 m fMoart cchoendd i't/ieolement/000000n00
-[0d0e00b-u0g0]23 -&amp#27;f[f3f5fm[-WffDf fP0r0o0x00y0]2&amp#27;9/[c3l9imck 'M atto cchoemdm a'n/d enlaemmee nt''c litcok 'co
m[mdaebnudg ]n a&amp#27;m[e35 m'[fWiDn dPErloxeym]e&amp#27;n[t3'9m 
P[rdoexybiungg ][ P&amp#27;OS[T3 5/me[leWmDe nPtr/o0x0y0]00&amp#27;0[0309-m00 0P0r-o0x0y2i3n-fgfff -f[fPfOfS0T0 0/00e0l2e9m/ecnlitc]k ]t ot o[ P[OPSOTS Th thttpt:p/://1/21727..0.0.01.:01.010:0100/00w1d//whd/uhbu/b/sseessssiioonn/a/cf0c135512a6-65ca2c7--2416f0eb--949711b-d3-f9212f989-0a926ab057/eeblemen0tc/c0b00d0b0/0e0l0e-m0e0n0t0]-0 02w3i-tfhf fbfo-dfyfff00000029/c:li c{k"]s twirtaht ebgoyd":y":a cc{e"sesilbeimlietnyt "id:"",0"0s0e0l0e0c0to0r-"0:0"0t0e-st0-0L2O3G-INf"f,f"fc-ofnftfexft0"0:0""0,0"0m2u9l"ti}pl
e["d:efablusge]} &amp#27;
[[3d5emb[ugW]D  &amp#27;[P3r5omx[yW]D&amp#27; [P3r9omx yG]o&amp#27;t[ 3r9ems ponseG owti thr essptoantsues  2w0i0:t h{ "ssetsasitounsI d"2:0"0ac:0 c{3"5s1ea-s5sci2o7-n4I6d0"b:-"99f11b5-236f262a99c0-9221af0e7-"4,"7v1adl-ue9"1:fnu8l-l}a
6[bde5buegb] 0&amp#27;c[c3b5dm[bW"3,C" v(2aclau1e6"3:d{9")]E&amp#27;L[E3M9EmN RTe"s:"0000000p0-o0n00d0i-0n01gd -tfoff fc-flfiffe0n00t0 00w29i",t"hel edmernti-v60e66r-.11ce4l-ia5c2ke-(4)f7 35r4e66scueclf"t::"0 0n00u0l00l0-0
00&amp#27;0[-03051dm-f[fHffT-TffPff]0&amp#27;00[0300929m"} }&amp#27;
[[3d7emb<-u-g ]P O&amp#27;S[T 3/5wmd[/Wh3ub/sessiCon /2(ca10613dc9-bd2efd-46dbbd-99)8]b&amp#27;b[-9389me c6R7e8s6pao9n6d3i/negl emteon tc/l0i0e00n0t0 w00i-t0h0 0d0r-i0v0e23r-.fffifnfd-fElfefmefn0t0(0)0 0re0s2u9l/tc:l {ic"ke le&amp#27;m[e3n9tm-&amp#27;6[06326m-2110e04&amp#27;-[a3529em- 4&amp#27;f7[39504m6566ce cmfs" :-" 01040&amp#27;0[03900m0-00
00&amp#27;-0[013d-f5ffmf[-fHffTf00000T02P9]"&amp#27;,"[EL3EM9ENT":"0000m0 00&amp#27;0[-090000-m00&amp#27;1[d-3fff9fm-
f&amp#27;f[3f5fm0[0H0TT0P0]0&amp#27;2[399"m} &amp#27;[
3&amp#27;7[m3--5>m&amp#27;[[H39TmT P&amp#27;][&amp#27;37[m3G9EmT&amp#27; [&amp#27;3[93m 7&amp#27;m[<37-m-/ wPd/OhSuTb/ s/ewsdsi/on/2ca163dh9u-b/bsedsesifon-/041cd2bd6bd9--b49f8d-b4b71-c-99bb80-e2c1a66d71b4630e8/6eal9e6m3en/tco n&amp#27;t[e3x9tm&amp#27;[&amp#27;3[93m2
m&amp#27;2[3050m&amp#27;[[H3T9TPm] &amp#27;&amp#27;[3[990mm 3&amp#27;[59 0mm{s} &amp#27;-[3 91m37
&amp#27;[[3d9emb
ug&amp#27;][ 3&amp#27;5[m[35HmT[TWP3]C&amp#27; [(329cma 1&amp#27;6[39d9)]&amp#27;[03m9&amp#27;m[ 3C9amlli
n&amp#27;g[ 3A5pmp[iHuTmTDPr]i&amp#27;v[e3r9.mg e&amp#27;t[C3u7rmr-e-n>&amp#27;t[C3o9nmt e&amp#27;x[t3(7)m PwOiStTh&amp#27; args: ["2ca163d9-bdef-4dbb-98bb-98ec6786a963"]
[debu[g3]9 m&amp#27; [&amp#27;3[53m7[Wm3/Cw d(/2hcuab1/6s3eds9s)i]o&amp#27;n[/3091mc 2Reds6pdon9d-ibng4 ftdo- 4c7l1ice-9bb0-21an6td 1wbi4t6h3 0ed/reilveemre.gnetCtu/rr00e0n0t0C0o0n0t-e0x0t0(0)- 0r0e1ds-uflftf:f -"fNfAfTfI0V0E0_00A0P2P9"/cl
i&amp#27;c[k&amp#27;3[53m9m[H
T&amp#27;T[P3]5&amp#27;m[[3H9TmT P&amp#27;][&amp#27;3[73m9<m- -&amp#27; [G9E0Tm {/"widd/"h:u"b0/0s0e0s0s0i0o0n-/020c0a01-630d091-db-dfefff-f4-dffff000b0b0-02998"bb-9}8&amp#27;e[c396m78
6[ad9e6b3u/cg]o n&amp#27;t[e3x5tm [&amp#27;W[33C9 (m0&amp#27;1[c322dm62d90)0]&amp#27;&amp#27;[[3399mm  &amp#27;C[a9l0lm2i nmg sA p-p i2um2D&amp#27;[r3i9vemr.
c&amp#27;l[i3c5km([) HwTiTtPh] &amp#27;a[r3g9sm:  &amp#27;["[09000m0&amp#27;0[03090m-0
&amp#27;0[0305-m00[1HTd-TffP]f&amp#27;f[-3f9mf f&amp#27;f0000[37002m9"-,-">0&amp#27;1[c2d6d9-b4fd-471c-9bb0-21a6d1b4630e"]
[debug] &amp#27;[35m[W3D9 mP r&amp#27;o[x3y7]&amp#27;m[P3O9SmT &amp#27;Ma[t3c9hme d&amp#27; ['3/7eml/ewmde/nhtu/b0/0s0e0s0s0i0o0n-/02c0a0106-30d091-bdd-efff-f4fd-bb-98bb-98ec678f6faf9f6030/0e000l2e9me/nctl&amp#27;i[c3k9'm t
o&amp#27; [c3o5mmm[aHnTdT Pn]a&amp#27;m[e3 9'cml i&amp#27;c[k9'0m
{["udseibnugg"]: "&amp#27;x[p3a5tm[hW"D, "Proxy]&amp#27;[v39ma lPureo"x:y"i/n/ga n[dPrOoSiTd ./veileemwe.nVti/e0w0G0r0o0u0p0[0@-c0o0n0t0e-n0t0-1dde-sfcf=\"tesft-fE-rfrfofrf 0me0s0s00029a/gcel\i"c]k/]a ntdor o[iPdO.SwTi dhgtettp.:T/e/x1t2V7i.e0w."0}.&amp#27;1[:3190m00
0[/dwedb/uhgu]b /&amp#27;s[e3s5smi[oW3nC/ f(125c2a6166a3cd-92)1]f&amp#27;e[-349m7 1Cda-l9l1ifn8g- aA6pbp5ieubm0Dcrcibvdebr/.eflienmdEelnetm/e0n0t0(0) with0 a0r0g0-00s0: 0[-"0x0p1adt-hf"f,f"f/-/fafnfdfr0o0i0d0.0vi0e2w9./VcileiwcGkr]o uwpi[t@hc obnotdeynt:- d{e"selce=m\e"tnets"t:-"E0r0r0o0r0 0m0e0s-s0a0g0e0\-"0]0/1adn-dfrfofifd-.wfifdfgfe0t0.0Te0x0tV0i2e9w""},"
2[cdae16b3udg9]- b&amp#27;de[3f-54m[WD dPbbr-o9x8yb]&amp#27;[39m Got response with status 200: {"sessionId":"f15266ac-21bf-e9-84e7c16d7-8961af9863-"a]6b
5[edeb0bucgc]b d&amp#27;b["3,5"mv[aBlausee"Dr:invuelrl]}&amp#27;[
39[md eVbau[INFO ] 2022-10-25 11:00:16.179 com.qa.pages.BasePage:97 - error text is - Username and password do not match any user in this service.
g] &amp#27;l[35m[W3C (01ci2d6dd9 )]&amp#27;l[39omc aRteosrp osntdriantge gtoi ecls[INFO ] 2022-10-25 11:00:16.182 com.qa.pages.BasePage:97 - error text is - Username and password do not match any user in this service.
i efnot rw itthh idrsi vreerq.ucelsitc:k (x)p aretshu,l ti:d ,n ucllla
s&amp#27;s[ 3n5m[HTTPa]&amp#27;m[e3,9m  a&amp#27;c[c3e7ms<s-i-b iPOlSiTt y/w di/dh,u css selebc/tsoesrs,i o-nandr/o0i1dc 2ud6ida9u-tb4ofmda-t4o71rc-
9[bdb0e-b2u1ag6]d 1&amp#27;b4[63350me[/eBlaesmeenDtr/i00v0e0r000]0-0&amp#27;0[0309-m 0W0a1idt-ifnffgf -ufpf tfof 0000 0m0s0 2f9o/rc lciocnkd i&amp#27;t[i3o9nm&amp#27;
[[3d2emb2u0g0]&amp#27; [&amp#27;3[93m5 m&amp#27;[[WD P9r0omx2y4]6&amp#27; [m3s9 m-  M1a4t&amp#27;c[3h9emd 
'&amp#27;/[e3l5emm[eHnTtT'P ]t&amp#27;o[ 3c9ommm a&amp#27;n[d9 0nma&amp#27;m[e3 9'mfi
n&amp#27;d[E3l5emm[eHnTtT'P]&amp#27;
[[3d9emb u&amp#27;g[]3 7&amp#27;m[--3>5&amp#27;m[[3W9Dm  P&amp#27;r[o3x7ym]G&amp#27;E[T3&amp#27;9[m3 9Pmr o&amp#27;x[y3i7nmg/ w[dP/OhSuTb //seelsesmieonnt/]0 1toc [P2OdS6Td 9-htbt4pf:d/-4/7112c7-.90b.b00.-211:a160d10b0416/30wed//chountbe/xst&amp#27;e[3s9smi  Then login should fail with an error "Username and password do not match any user in this service." # com.qa.stepdef.LoginStepDef.loginShouldFailWithAnError(java.lang.String)

o&amp#27;[n3/5am[cHT0TcP]3&amp#27;[53  Then login should fail with an error "Username and password do not match any user in this service." # com.qa.stepdef.LoginStepDef.loginShouldFailWithAnError(java.lang.String)
19ma &amp#27;-[950cm{2}7&amp#27;[-39m4
6[d0ebbu-g]9 &amp#27;9[135bm[-W33C f(021c22d69d990)]9&amp#27;[23a90m 7C/alelliemengn tAp]p iwuimtDrhi vebro.gdeyt:C ur{r"esntrtCaotnetgeyx"t:(")x pwaitthh" a,r"sgesle:c t[o"r0"1:c"/2/da6ndd9r-ob4ifdd-.4v71ice-9wb.b0V-i21eaw6dG1br4o63u0pe"[]@c
[odnebtuge]n &amp#27;t[3-5dm[eW3sCc (0=1\c"2td6d9)]e&amp#27;st-Error message\"][/a3n9drmo idR.weisdgpeotn.TdeixtnVgi ewt"o," ccolntieexntt" :w"i"t,h" mdurltiivpelre."g:eftaCluser}r
e[ndetbCugo]n t&amp#27;e[x35tm([W)D  rPreosxuy]l&amp#27;t[3:9 m "GNoAt TrIeVspEo_nAseP Pwi"th
 s&amp#27;t[at3u5sm 2[0H0:T T{P"]s&amp#27;e[s3s9imon I&amp#27;d["3:7"ma<c-0-c 35G1EaT- 5c/27w-d4/60hbu-b99/1sb-3f229e90s9s2iao0n7"/,0"v1acl2ued"6:d{9"-EbL4EfMd-E4N7T1"c:-"90b0b0000-02010a-60d010b04-603002e3/-cfofnftfe-xftf f&amp#27;f[03090m0&amp#27;0[03324m"2,0"0e&amp#27;l[e3m9emn t&amp#27;-[690606m-2 1m1se 4-- a2522&amp#27;e[-349fm73
5&amp#27;4[6365cemc[fH"T:T"P0]0&amp#27;0[03090m0 0&amp#27;-[09000m0&amp#27;-[03092m3-ffff-
ff&amp#27;f[f3050m0[00H0TTP3]4&amp#27;"[}3}9m
 [&amp#27;d[e3b7umg-]- >&amp#27;&amp#27;[[3359mm[ W&amp#27;3[C3 7(m2PcOaS1T6&amp#27;3[d399)m] &amp#27;&amp#27;[[3397mm /Rweds/phounbd/isnegs stioo nc/l01ice2ndt6 dw9i-tbh4 fddr-i4v7e1rc.-f9ibnbd0E-l2e1mae6ndt1(b)4 6r3e0seu/letl:e m{e"netl&amp#27;e[3m9emnt-606
6&amp#27;-[1315em4[-HTaT5P2]e&amp#27;-[43f97m3 5&amp#27;4[6960cme{c"f"u:s"i0n0g0"0:0"0x0p0a-t0h0"0,0"-v0a0l2u3e-"f:f"f//androidf.-vfifefwf.0V0i0e0w0G0r3o4u"p,["@EcLoEnMtEeNnTt"-:d"e0s0c0=0\0"0t0e0s-t0-0E0r0r-o00r2 3m-efsffsfa-gfef\f"f]0/0a0n0d0r0o3i4d"}
&amp#27;.[w3i5dmg[eHtT.TTPe]xt&amp#27;V[i3e9w"m} &amp#27;&amp#27;[3[93m7
m[<de-b- POSTu g/]w d&amp#27;/[h3u5bm/[sWe3sCs i(o0n1/c22cda61d693)d]9&amp#27;-[b3d9emf -C4adlblbi-n9g8 bAbp-p9i8uemcD6r78i6vae9r6.3/elemenfti n&amp#27;d[E3l9me&amp#27;m[e3n2tm(2)0 0w&amp#27;i[t3h9 ma r&amp#27;g[s9:0 m[2"0x8p amtsh "-, "//a137&amp#27;[39m
n&amp#27;[d3r5omi[dHT.TvPi]e&amp#27;w.[V3i9emw G&amp#27;r[o9u0pm[&amp#27;@[c3o9nmten
t&amp#27;-[d3e5ms[cH=T\T"Pt]e&amp#27;s[t3-9Emr r&amp#27;o[r3 7mme-s-s>&amp#27;a[g3e9\m" ]&amp#27;/[a3n7dmrGoEiTd&amp#27;.[w3i9dmg e&amp#27;t[.3T7exmt/Vwide/wh"u,b"/0s1ecs2sdi6odn9/-2bc4af1d6-34d791-cb-d9ebfb0--21a46dd1bbb-49683b0b-e9"8]e
c[d6e7b8u6g]a 9&amp#27;6[335/me[lBaesmeeDnrti/v0e0r0]&amp#27;0[03090m0 -V0a0l0i0d -l0o0c2at3o-r fsftfrfa-tfefgfiefs0 0fo0r0 t0h0i3s4 r/edqiusepslta:y exdp&amp#27;at[h3,9 imd,
 &amp#27;c[l3as5s mn[aHmTeT,P ]a&amp#27;c[c3e9sms i&amp#27;b[i9li0m{}&amp#27;[39mty 
i[dd,e cbssu gs]e l&amp#27;e[c3t5omr[,W 3-aCn d(r2ociad1 6u3iadu9t)o]m&amp#27;a[t3or9m
 [Cdaelbluign]g  &amp#27;A[3p5pmi[uBmasDerDirvievre.r]e&amp#27;l[e3m9emn tWDaiistipnlayedg()  uwipt ht oar g0s :m [s" 0f0or0 0co0n0d0i0t-io0n00
[0d-e0b0u2g3] -&amp#27;f[f3ff-f5fmf[fW0D0 P0r0o0xy]03&amp#27;[43"9,m "M2actac1h6e3d d'9/-ebldeemfe-n4td'b bt-o9 8cbombm-a9nd8 enca6m7e8 '6fai9n6dE3l"e]me
n[td'e
b[udgeb]u g&amp#27;] [&amp#27;3[53m5[mW[WDD  PPrrooxxyy]]&amp#27;&amp#27;[[3399mm  PrMoaxtycihnegd  [P'O/elemSeTn t//el0e0me0n00000-0000-0023-ffff-t] to [PfOfSfTf 0h0t0t0p0:0/3/41/2a7t.0t.r0i.b1u:t1e0/0d0i0s/pwlda/yheudb'/ steos scioomnm/afn1d5 2n6a6maec- 2'1gfeet-A4t7t1rdi-b9u1tfe8'-a
6[bd5eebbu0gc]c b&amp#27;d[b3/5eml[eWmDe nPtr]o xwyit]h&amp#27; [b3o9dmy :P r{o"xsytirnagt e[gGyE"T: /ele"mxepnatth"/,0"0s0e0l0e0c0t0o-r0"0:0"0/-/0a0n2d3r-ofifdf.fv-ifefwf.fV0i0e0w0G0r0o3u4p/[a@tctornitbeuntte-/ddeisscp=l\a"yteeds]t -tEor r[oGrE Tm ehststapg:e/\/"1]2/7a.n0d.r0o.1i:d1.0w0i0d1g/ewtd./Theuxbt/Vsieesws"i,o"nc/oanct0ecx3t5"1:a"-5c2",7"-m4u6l0tbi-p9l9e1"b:-f3afl2s2e9}90
9[2dae0b7u/g]e l&amp#27;[e3m5em[nWtD/ 0P0r0ox0y0]&amp#27;0[0390m- 0G0o0t0 -r0e0sp2o3n-sfef fwfit-hf sftfatfu0s 0200000:0 {3"4s/eaststiorniIbd"u:t"ef/1d52i6s6palca-y21efde]- 4w7it1hd -n9o1 fb8o-dya
[deb6ubg5]e b&amp#27;0[c35cbdbm"[,W"Dv aPlureo"x:{"ELEMENyT]"&amp#27;:["3090m0 0G0o0t0 0r-e0s0p0o0n-s0e0 1wdi-tfhf fsft-aftfufsf 020000:0 0{0"3s4e"s,s"ieolneImde"n:t"-a6c006c63-5111ae-45-c2a572-e4-640fb7-3959416b-63cfe2c2f9"9:0"9020a00070"0,0"0v-alue":"0t0r0u0e-"0}0
1[d-fdfefbfug-]f f&amp#27;f[f3050m0[0W030C3 4("2}c}a1
63[dd9e)]b&amp#27;u[3g9m Respond]in &amp#27;g[ t3o5 cml[iWen3tC  with dr(iv0e1rc.2edl6edm9e)n]t&amp#27;D[i3s9pml aRyesepdo(nd) inrge stuol tc:l iternute 
w&amp#27;i[t3h5 md[rHiTvTePr].&amp#27;f[i39nmd Element() resul&amp#27;[37tm:< -{-" eGlEeTm e/nwtd-/6h0u66b-/1s1ees4s-iao5n2/e2-c4af17633d594-6bd6ecfe-c4fd"b:b"-9080bb0-09080e0c0678-60a090603-/0e0l1edm-efnft/f0f0-0f0f0f00f00-000000000-3040"23,-"fEfLfEfM-fEfNfTf0"0:0"0000003040/0d0is0p-l0a0ye00-001dd -&amp#27;f[3f9fm&amp#27;f[-32fm20f0f&amp#27;f[03090m0 0&amp#27;0[3904m"3}6 
m&amp#27;s[ 3- 51m4[&amp#27;H[T3T9Pm]&amp#27;
[&amp#27;3[93m5m [&amp#27;HT[T3P7]m&amp#27;<[-3-9 mP O&amp#27;[S9T0m &amp#27;/[w3d9/mh
u&amp#27;b[/3s5ems[HsTTiPo]&amp#27;n[/390m1 c&amp#27;2[d367dm9---b>4&amp#27;[f3d9-m4 7&amp#27;1[3c7-mG9EbTb&amp#27;0[-329m1 a&amp#27;6[d1b3476m3/w0de//heulb/esmeessnito n&amp#27;/[23c9am1&amp#27;6[33d29-mbde2f-040db&amp#27;b[-3998mb b&amp#27;-9[89e0cm617986a09 6m3/sc o-n te1x3t7&amp#27;&amp#27;[[339m9m
&amp#27;[
3&amp#27;5[m3[5HTmT[PH]T&amp#27;[T3P9]m&amp#27; [&amp#27;3[99m0 m{&amp#27;}[&amp#27;9[039mm&amp#27;
[[d3e9bmug
] &amp#27;&amp#27;[[3355mm[[HWT3TCP ]&amp#27;[(329cma 1&amp#27;63[d397)m]-&amp#27;-[>3&amp#27;9m[ 3Ca9lml in&amp#27;g[ 3A7pmpGiEuTm&amp#27;Dr[iv3e9rm. g&amp#27;e[t3Cu7rmr/ewndt/Cohnteuxtb(/)s ewsistiho anr/g0s1:c 2[d"26cda91-6b3d49f-db-d4e7f1-c4-db9bb-9b80b-b2-19a86edc16b7486360ae9/6e3l"e]me
nt[/d00e0b0u00g0]0 -0000&amp#27;-[03051md[-fWff3fC- f(f2ffc00a01060033d4/9)di]s&amp#27;p[la3y9emd &amp#27;R[3e9m
&amp#27;s[3p5omn[dHiTng to cliTPe]n&amp#27;t[ 3w9imt h&amp#27; [d9r0imv{e}r&amp#27;[.3g9emtC
[urdreebnutgC]o n&amp#27;t[e3x5tm([)W 3rCe s(u0l1tc:2 d"6NdA9T)I]V&amp#27;E[_3A9PmP "Ca
ll&amp#27;i[n3g5 mA[pHpTiTuPmD]&amp#27;r[i3v9emr. elementDisplayed()&amp#27; [w3it7h ma<rg-s:-  ["G0E0T0 0/00wd/00h-u0b0/0s0e-s0s0i1do-nf/f2ffc-af1f6f3fd090-0b0d0e0f3-44"d,b"b0-19c82bdb6-d998-ebc46f7d-8467a19c6-39/bcb0o-n2t1ae6xdt1 b&amp#27;46[3309me&amp#27;"[]3
2[md2e0b0u&amp#27;g[]3 9&amp#27;m[3 5&amp#27;m[[9W0Dm 1P rmosx y-] &amp#27;2[23&amp#27;9[m3 9Mmatc
h&amp#27;e[d3 5'm/eleme[HnTt/T0P00]0&amp#27;0[00309-m0 0&amp#27;0[09-00m0&amp#27;1[d3-9fmff
f&amp#27;-[f3f5fmf[0H0T0T0P0]0&amp#27;3[43/9atmt r&amp#27;i[b3ut7em/-d-i>s&amp#27;p[l3a9yme d&amp#27;'[ 3t7o mcPoOmSmaTn&amp#27;d[ n3a9mme  &amp#27;'[g3e7tmA/ttwrdi/bhuutbe/'se
[debug] &amp#27;[s3s5imo[nW/D2 cPar1o6x3yd]9&amp#27;-bdef-4db[b3-99m8 bPbr-o9x8yeicng6 7[G8E6Ta 9/6e3l/eemlenetm/e0n0t0&amp#27;0[030900m-0
00&amp#27;0[-03051dm-[ffHfTfT-fPf]f&amp#27;f[003090m00 3&amp#27;4/[a9t0trmi{b"utues/idinspgl"a:ye"dx] ptaot h[G"E,T" vhatltupe:"/:/"1/2/7a.0n.dr0o.1i:d1.0v0i0e0w/.wVdiewG/rhouubp/[@content-desc=\"test-Error message\"]/android.widget.TextVieswe"s}s&amp#27;io[n3/9fm15
2[6d6eabcu-g2]1 fe&amp#27;-[43751md[-W913fC8 -(a26cba51e6b03cdc9b)d]b&amp#27;/[e3l9emm eCnatl/l00i0n0g0 0A00p-p0i0u0m0D-r0i0v1de-rf.fffifn-dfEflfefm0e0n0t0(0034/attribute/displa)y ewdi]t hw iatrgs:h  [n"ox pbaotdhy",
"[/d/eabnudgr]o i&amp#27;d[.3v5ime[wW.DV iPerwoGxryo]u&amp#27;p[[3@9cmo nGtoetn tr-edsepsocn=s\e" tweistth- Esrtraotru sm es2s0a0g:e \{""]s/easnsdirooniIdd."w:i"dfg1e5t2.6T6eaxct-V2i1efwe"-,4"721cda-19613fd8-a6b59e-bb0dcecf-b4ddbb"b,-"9v8ablbu-e9"8:e"ct6r7u8e6"a}96
3["d]eb
u[gd]e b&amp#27;u[g3]5 m&amp#27;[[W335Cm [(B0a1sce2dD6rdi9v)e]r&amp#27;][&amp#27;3[93m9 mR eVsaploindd ilnogc attoo rc lsiternatt ewgiitehs  dfroirv etrh.iesl ermeeqnuteDsits:p lxapyaetdh(,)  irde,s uclt: trluaess
 &amp#27;n[a3m5em,[ HaTcTcPe]s&amp#27;s[i3b9iml i&amp#27;[t3y7 mi<d-,-  cGsEsT  s/ewlde/chtuobr/,s e-sasnidorno/i0d1 cu2ida6udt9o-mba4tfodr-4
7[1dce-b9ubgb]0 -&amp#27;2[13a56md[B1abs4e6D3r0iev/eerl]e&amp#27;m[e3n9tm/ 0W0a0i0t0i0n0g0- 0u0p0 0t-o0 001 dm-sf ffor fcfo-nfdfiftfi0o0n00
0[0d3e4b/udgi]s p&amp#27;l[a3y5emd[ W&amp#27;D[ 3P9rmo&amp#27;x[y3]2&amp#27;m[23090m&amp#27; [M3a9tmc h&amp#27;e[d9 0'm/6e1l2e mmesn t-'  1t4o&amp#27; [c3o9mmma
n&amp#27;d[ 3n5amm[eH T'TfPi]n&amp#27;d[E3l9emm e&amp#27;n[t9'0m
&amp#27;[[d3e9bmug
]&amp#27; [&amp#27;3[53m5[mH[TWTDP ]P&amp#27;r[o3x9ym] &amp#27;&amp#27;[[339m7 mP-r-o>x&amp#27;y[i3n9gm  [&amp#27;P[O3S7Tm G/EeTl&amp#27;e[m3e9nmt ]&amp#27; [t3o7 m[/PwOdS/Th uhbt/tsp://127e.0s.s0io.n1/:011c020d06d19/-wbd4f/dh-u47b1/c-s9ebsbs0i-o2n1/aca06cd315b14a6-350ce27-4/c6o0nbt-e99x1tb&amp#27;-[33f92m29
9&amp#27;0[9325am0[7H/TeTlPe]m&amp#27;e[n3t9]m &amp#27;[90 with bodym: {{"}s&amp#27;t[ra3t9emgy
"[:d"xpeatbh"u,g"s]el ec&amp#27;to[r"3:"5//man[drWoi3dC.v i(e0w.1Vci2ewdG6rdo9u)p][&amp#27;@[c3o9nmt eCnatl-dleisncg= \A"ptepsitu-mEDrrroirv emre.sgseatgCeu\r"r]e/natnCdorntoeixtd(.)w iwdigth args:e t[".0T1ecx2tdV6ide9w-"b,4"fdc-o4n7t1ecxt-"9:b"b"0-,"2m1ua6ldt1ibp4l63e0"e:"f]a
l[sed}ebug] &amp#27;[35m[W3C (01c2d6d9)]&amp#27;[39m Respond
i[ndge btuog ]c li&amp#27;e[n3t5 mw[iWtDh  Pdrroixvye]r&amp#27;.[g3e9tm CGuortr ernetsCpoonntsee xtw(i)t hr esstualttu:s 200: {"s e"NsAsTiIoVnEI_dA"P:P""a
&amp#27;c[03c53m[5H1TTaP-]5&amp#27;c[2379-m4 6&amp#27;0[b3-79m9<-1- bG-E3Tf 2/2w9d/9h0u9b2/as0e7s"s,i"ovna/l0u1ec"2:d{6"dE9L-EbM4EfdNT-"47:1"c0-90b0b000-2010a06-0000-d010b42633-0fe/fcfofnt-efxftf &amp#27;f[0309m0&amp#27;0[0302m32400","e&amp#27;l[e39mm e&amp#27;n[t9-0m610 6ms6 --1 212e&amp#27;[43-9am5
2&amp#27;[35em[-H4TfT7P3]5&amp#27;4[6369cme c&amp#27;f["9:0"m00&amp#27;0[03090m0
0&amp#27;[-3050m[0HT0T-P0]0&amp#27;2[33-9fmf f&amp#27;f[-3f7fm-f-f>0&amp#27;0[03090m0 3&amp#27;4["3}7}mP
O[SdTe&amp#27;[b3u9gm ]&amp#27; [3&amp#27;7[m3/5wmd[/Wh3uCb /(s2ecsas163di9o)n]/&amp#27;0[1c392md 6Rde9s-pbon4dfidn-4g 7t1oc -c9lbibe0n-t2 1wai6td1b4630e/ehl edmreinvte&amp#27;r[.3f9imnd
E&amp#27;l[e3m5emn[tH(T)T Pr]e&amp#27;s[u3l9tm:  &amp#27;{["9e0lme{m"eunsti-n6g0"6:6"-x1p1aet4h-"a,5"2ve-a4lfu7e3"5:4"6/6/canedcrfo"i:d".0v0i0e0w0.0V00-0000-0023-ffff-ffff000i0e0w0G3r4o"u,p"[E@LcEoMnEtNeTnt-"d:e"s00c0=\0"0t0e0s0-t0-E0r0r0o-r0 0m2e3s-sfafgfef\-"f]/faffn0d0r0o0i0d0.3w4i"d}ge
t&amp#27;.[T3e5xmt[VHiTTePw]"&amp#27;}[&amp#27;3[939mm &amp#27;
[[3d7embu<g-]-  &amp#27;P[O3S5Tm [/Ww3dC/ h(u01bc/2sdes6sdi9o)n]/&amp#27;2[c3a91m6 3Cda9l-lbidef-4dbbn-g9 8Abpbp-i9u8meDricv6e78r6.afi9n6d3E/leleemmeenntt( )&amp#27; [w3i9tmh&amp#27; [a3r2gms2:0 0[&amp#27;"[x39pma t&amp#27;h["9,0"m8/9/8a nmdsr o-id .1v3i7e&amp#27;w[.3V9imew
G&amp#27;r[o3u5pm[[@HcToTnPt]&amp#27;e[n3t9-md e&amp#27;s[c9=0\m"&amp#27;t[e3s9tm-E
r&amp#27;r[o3r5 mm[eHsTsTaPg]e&amp#27;\["3]9/ma n&amp#27;d[r3o7m-->&amp#27;[id3.9wmi d&amp#27;g[e3t7.mTGeExTt&amp#27;V[i3e9wm" ,&amp#27;"[0317cm2/dw6dd/9h-ubb4/fsde-s4s7i1ocn-/92bcba01-6231da96-db1dbe4f6-340deb"b]-
9[8bdbe-b9u8g]e c&amp#27;6[73856ma9[B6a3s/eeDlremievnetr/]0&amp#27;0[03090m0 0V0a-l0i0d0 0l-o0c0a2t3o-rf fsftfr-aftfefgfi0e0s0 0f0or0 3t4h/iast trreiqbuuetset/:t exxpta&amp#27;[t3h9,m i
d&amp#27;,[ 3c5lma[sHsT TnPa]me&amp#27;,[ 3a9cmc e&amp#27;s[s9i0bmi{l}i&amp#27;t[y3 9imd,
 [cdsse busge]l e&amp#27;ct[o3r5, -andrmoi[dW 3uCi a(ut2ocmaa1t6o3rd9
)][&amp#27;d[3e9bmu Cga]l l&amp#27;i[n3g5 mA[pBpaisuemDDrriivveerr]&amp#27;.getAt[t39rmi bWauittien(g )u p wtio t0h  msa rfogrs co:n di[t"iotnex
t[d"e,b"ug0]0 0&amp#27;0[0350m0[W0D- P0r0o0xy0]-&amp#27;0[03293m- fMaftfcfh-efd f'f/fe0l0e0me0n0t0'3 t4o" c,o"m2mcaand1 6n3amde9 -'fbidnedEfl-e4mdebntb'-
9[8bbd-e9bu8g]e c&amp#27;[6375m8[6WDa 9Pr6o3xy"]]&amp#27;[3
9[m dPerobxuyign]g  [PO&amp#27;S[T 3/5elme[meWntD]  Ptor [oPxOST http://127.y0].0&amp#27;.[1:31090m0 0/Mwad/thcubh/seedss io'n//fe1l52e6m6aecn-2t1/f0e0-40701d0-0009-10f80-0a60b-50eb002c3cb-dfb/feflefm-enftf] fwfit0h0 0bo0d0y:0 3{"4st/attrriabteugty"e:/"txpeaxtht"'," steol ecctoorm":m"a//nadn dnraomied .'vgieetw.AVtiterwiGroubpu[t@e'con
t[ednetb-udegs]c =\&amp#27;"[te3s5tm-[ErWrD Porro xmye]s&amp#27;s[a3g9em\ "Pr]o/xaynidnrgo i[GdE.Tw i/delgeemte.ntT/e0x0t0V00i0e00w-0"0,0"0-c0o0n23t-effxftf"-:ff"f"f,0"00m0u0l0t3i4p/laett"r:ifbaultse/et}ex
t[]d etbou g[]G &amp#27;E[T 3h5tmt[pW:D/ /P1r2o7x.y0].&amp#27;0[.13:91m0 00G1o/tw dr/ehusbp/osnesssei onw/iatch0 cs351a-5c2t7-a4tu6s0 b-290901:b- 3{f"2s29e9s0s9i2oan07I/de"l:e"mfe1n5t2/06060a0c00-0201-f0e0-004-7010d23--9f1ffff8--ffaf6fb05e0b00ccbd0b0"0,3"4va/alutet"r:i{b"uEtLeE/MtEeNxTt"]: "w0i0t0h0 0n0o0 0b-o0d0y00
-[0d0e1bdu-gf]f f&amp#27;f[-3f5fmf[fW0D0 0P0r0o0x3y4]&amp#27;[39m Got "r,e"seploenmsee nwt-i6t0h6 6s-t1a1teu4s- a25020e:- 4{f"7s3e5s46s6icoencIfd""::""0a0c000c0305010a--050c0207--040610db--f9f9f1fb--f3fff2f2009090009023a40"7}"},"
v[adleubueg"]: "&amp#27;U[s3e5rmn[aWm3eC  a(n0d1 cp2ads6sdw9o)r]d&amp#27; [d3o9 mn oRte mastpcohn dainnyg  utos ecrl iienn tt hwiist hs edrrviivceer.."f}in
d[Edleebmuegn]t (&amp#27;)[ 3r5ems[uWl3tC:  ({2"ceal1e6m3edn9t)-]6&amp#27;0[3696m- 1R1ees4p-oan5d2ien-g4 ft7o3 5c4l6i6ecnetc f"w:i"t0h0 0d0r0000-000i0v-e0r0.1gde-tfAftftfr-ifbuftfef(0)0 0r0e0s0u3l4t":, ""EULsEeMrEnNaTm"e: "a0n0d0 0p0a0s0s0w-o0r0d0 0d-o0 0n1odt- fmfaftfc-hf fafnfy0 0u0s0e0r0 3i4"n} th
i&amp#27;s[ 3s5emr[vHiTcTeP].&amp#27;"[3
9&amp#27;m[ 35&amp#27;m[[3H7TmT<P-]-&amp#27; [P3O9SmT  &amp#27;/[w3d7/mh<u-b-/ sGessEiTo n//w0d1/ch2udb6/sde9s-sbi4ofnd/-24c7a11c6-39db9b-0b-d2e1fa-64dd1bb4b6-3908eb/be-l9e8meecn6t7 8&amp#27;6[a3996m3&amp#27;/[e3l2emm2e0n0t&amp#27;/[03090m0 0&amp#27;0[0900m-80900 0m-s0 0-2 31-f37f&amp#27;f[f3-9fmff
f&amp#27;0[03050m0[034/aHttTrTiPb]u&amp#27;t[e3/9tme x&amp#27;t[ 9&amp#27;0[m&amp#27;3[93m9&amp#27;m[3
2&amp#27;m[23050m&amp#27;[[H3T9TmP ]&amp#27;&amp#27;[[9309m[INFO ] 2022-10-25 11:00:17.342 com.qa.utils.VideoManager:35 - video path: Android_pixel_5\Videos\Login with invalid password.mp4
23 ms m- 7 2&amp#27;&amp#27;[[3379mm--
>&amp#27;&amp#27;[[3359mm[ H&amp#27;T[T3P7]m&amp#27;G[E3T9&amp#27;m[ 3&amp#27;9[m9 0&amp#27;m[&amp#27;3[73m9/mwd
/&amp#27;h[u3b5/ms[eHsTsTiPo]n&amp#27;/[0319cm2 d&amp#27;6[d397-mb-4-f>d&amp#27;-[43791mc -&amp#27;9[b3b70m-P2O1SaT6&amp#27;d[139m &amp#27;[3b476m3/0wed//ehulbe/mseensts/i0o0n0/020c0a0106-30d090-0b-d0e0f1-d4-dfbfbf-f9-8fbfbf-f9080e0c06070834/attribute/text&amp#27;[39m
&amp#27;[35m[HTTP6]&amp#27;a[96339/ma &amp#27;p[p9iu0mm{/}s&amp#27;t[o39p_mre
c[oderbdiungg]_ s&amp#27;[c3r5eme[nW&amp#27;3[C3 (90m1c
2&amp#27;d[63d59m)[]H&amp#27;T[T3P9]m&amp#27; [C3a9lml i&amp#27;n[g9 0Amp{}&amp#27;[3p9iummDr
i[vdeerb.ugge]t A&amp#27;t[t3r5imb[uWt3eC( ) (w2ictah1 6a3rdg9s):] &amp#27;[["3t9emx tC"a,l"l0i0n0g Appi0um0D0r0i0v-e0r0.0s0t-o0p0R1edc-ofrfdfifn-gfSffcfr0e0e0n0(0)0 3w4i"t,h" 0a1rcg2sd:6 d[9n-ubl4lf,d"-24c7a11c6-39db9b-0bd-e2f1-a46ddb1bb4-69380beb"-]98
e[cd6e7b8u6ga]9 6&amp#27;3["3]5m
[[WdDe bPurgo]x y&amp#27;][&amp#27;3[53m9[mA DMBa]t&amp#27;c[h3e9dm  'G/eetlteimng IDs eonft /a0l0l0 0'0s0c0r0e-e0n0r0e0c-o0r0d1'd -pfrfofcfe-sfsfefsf0
0[0d0e0b0u3g4]/ a&amp#27;t[t3r5imb[uAtDeB/]t&amp#27;e[x3t9'm  tRou cnonmimnagn d' Cn:a\mUes e'rgse\tdAatvtirdi.bvuetlee'zs
\[AdpepbDuagt]a \&amp#27;L[o3c5aml[\WADn dPrrooixdy\]S&amp#27;d[k3\9pml aPtform-rtooxoylisn\ga d[bG.EeTx e/ e-lPe m5e0n3t7/ 0-0s0 0e0m0u0l0a]]></system-out>
  </testcase>
  <testcase name="scenario[&quot;Login with valid user name and password&quot;, &quot;Optional[Login scenarios]&quot;](3)" classname="com.qa.runners.MyPixel5TestNGRunnerTest" time="7.433">
    <system-out><![CDATA[en() 9.55 KB
wi[dtebhug ] a&amp#27;[r3g5ms[W:3C  ([01nc2ud6dl9)]l&amp#27;[3,9m "Res2poncdinag t1o c6lie3nt dwit9h d-river.stopRecordibngSdcreeen(f) r-e4dbb-9sul8t: b"AAbAA-GGZ90eX8BtecDcQy6AA7AA8AG6lzab291tc6DQ3yA"AA]GeW1
vb[3YdAAeABbsbuXZgoZ]AA AA&amp#27;AD[ff3bi5R3m32[4kAQADAJBxA]AA&amp#27;OX9[AA3EA9AAmEA AGAAeAAtAAtAAiAAnAAAgAB AAIAADAAsAA AoAAfAA AaAAlAAlAA AQ'AAsAAcAArAeAAeAAnAArAAeAAcAQoAArAAdAA'AA AApAArAAoAAcAAeAAsAAsAAeAAsAAAA
AA[AAdAAeAAbAAuAMgAA]AB2 bW&amp#27;V0[YQ3AA5ACmFo[ZGAxyDAABAAAAAAAABtZH]RhA&amp#27;AA[AA39AAAmAA AARAAAuAAnAAnAAiCtnrZXglz AA'AACAA:AA\AAUEAsAAeAbbrWRs0Y\WNdvbSa5vhbimRdyb.2lvkLenZllcenNzpbs24\AAAAApiapWxzDdAaAAtABaoA\AALABoAcAAAaEmlRhdG\EAAAAnABdAArAAoADEiydA\ASdk\platform-tools\aAdDb6.XeRxyeY W-sPAA A5B0c3d7G t-osZA AeAmAuAlfaftfobri-R53535264 ksQhAeAlAlA EpAAAAAAADglr/eQApA A-AAfA A\AA(A\A[AA\A[A:AbAlAAaAnAkA:AQ\A]A\A]AA\A|A\AA^A\AA)sAcArAeAeAnArAeAcEoArAdA\A(A\A[A\A[A:AbAlAaAnAkA:A\A]A\E]A\A|A\$\)'A
A&amp#27;H[C3A5AmA[CAngdArAoAidADAriAvAe4r]V&amp#27;t[Z3G9lmh ASAcArAeIeGn1 kraeGcQoArAdiAnAgA 3h3a2s4 knd99outJ EbAeeAnV +pQrAeAgvVi4oQuAsAlAyA AsAtAaArAtseadG Rbsyc gAAppAiAuAmAA.A ATAhAedrem liksZ QnAoAtAhAiAnAgA AtoA AsAtAoApAAF
Z[pdZebGuVgv]S G&amp#27;F[u35m[AZDBG]x&amp#27;l[A3A9AmA AGzeFtttaiWn5gm AIADAsA FoHfZ taalGlQ A'AsAcArBeAeAnArAeAcAAoArAdA' ApArAoAceAksZsGeslu
Z[gdAebAuAgB]x k&amp#27;c[m3Vm5AmA[AAADABA]A&amp#27;A[A3A9EmA ARAunAniMndg X'JCs:I\AUAsAeArAsE\AdAaAvLixd.cv3ReliebzAAs\AAApKVpzDdaHtNak\ALAoAcAaAAlA\AndroAiAdA\ESAdAkA\pClVaYtXfZojrMmQ-AtAoAoAlAsA\AadAbA.BeAAAxAeA -APA AA5A03A7A A-AsA AemAuAlAAAAcICgaAtASoArA-A5A5E5g6A AsAhAeAlAlA ApAgArQeApg I-CfA g\I(C\A[g\I[C:AbglIaCnAk:g\I]CA\gICAgICAg]I\C|A\g^I\C)AgICAgABj/s/wcreenAreAcAoCrxdh\d(mN\D[A\U[L:AbMlva/nhkA:B\N]n\]Q\s|A\yj$W\g)'HEB
QeXkICAgIPCIRqAQAGaM4BqDXIAAAAE2NvbHJuY2x4A[AdEeAbAuQgA]B A&amp#27;A[A3A5A
SBzdHRzAmAAAAAAAA[ADB]&amp#27;[39m BCuIAiAlAAdBiAAnBgl 6wsAcArAeenrecord pArEoAcAAe8sLAsA AwAAiQtAhBr k0tAhAeAA BcAoAAmEm+waAnAAdA ElAAiAnierA:A AaAdAbQA A-+Pk0 A5A0AA3B7AAA E-5wsA AeAAmEuAAlca7tCAoArA-AA5Q5AA5.6. .s
&amp#27;he[3l5lm [sHcTrTePe]n&amp#27;r[e3c9omrd  &amp#27;-[-3t7imm<e---li mPiOtS T1 8/0w d//sdcarh@test
du/b3/csfea1s6scifo.nm/p401c
2[dd6edb9-ubg4]f d&amp#27;-[47315cm-[9AbbD0B-]2&amp#27;1[a369dm1 bR4u6n30nei/nagp p'iCum:/\stUosp_errescord\idnga_vsicrde.evn e&amp#27;l[3e9zms&amp#27;[\3A2pm2p0D0a&amp#27;t[3a9\mL o&amp#27;[c9a0ml1\52A7nd mrso i-d \5S7d2k84\4p&amp#27;latf[o3r9mm-
t&amp#27;o[o35lms[\HaTdTPb].&amp#27;e[3x9em  &amp#27;-[P90 m5&amp#27;0[3397m -
s emulator-5556 shell "[ -e '/sdcard/3cfa16cf.mp4' ] && echo __PASS__"'
Scenario Outline: Login with valid user name and password # src/test/resources/Login.feature:29
&amp#27;[35m[HTTP]&amp#27;[39m &amp#27;[37m-->&amp#27;[39m &amp#27;[37mPOST&amp#27;[39m &amp#27;[37m/wd/hub/session/01c2d6d9-b4fd-471c-9bb0-21a6d1b4630e/appium/start_recording_screen&amp#27;[39m
&amp#27;[35m[HTTP]&amp#27;[39m &amp#27;[90m{}&amp#27;[39m
[debug] &amp#27;[35m[W3C (01c2d6d9)]&amp#27;[39m Calling AppiumDriver.startRecordingScreen() with args: [null,"01c2d6d9-b4fd-471c-9bb0-21a6d1b4630e"]
[debug] &amp#27;[35m[ADB]&amp#27;[39m Getting IDs of all 'screenrecord' processes
[debug] &amp#27;[35m[ADB]&amp#27;[39m Running 'C:\Users\david.velezs\AppData\Local\Android\Sdk\platform-tools\adb.exe -P 5037 -s emulator-5554 shell pgrep -f \(\[\[:blank:\]\]\|\^\)screenrecord\(\[\[:blank:\]\]\|\$\)'
[debug] &amp#27;[35m[ADB]&amp#27;[39m Running 'C:\Users\david.velezs\AppData\Local\Android\Sdk\platform-tools\adb.exe -P 5037 -s emulator-5556 shell "[ -e '/sdcard/3cfa16cf.mp4' ] && echo __PASS__"'
&amp#27;[35m[AndroidDriver]&amp#27;[39m Screen recording has not been previously started by Appium. There is nothing to stop
[debug] &amp#27;[35m[ADB]&amp#27;[39m Getting IDs of all 'screenrecord' processes
[debug] &amp#27;[35m[ADB]&amp#27;[39m Running 'C:\Users\david.velezs\AppData\Local\Android\Sdk\platform-tools\adb.exe -P 5037 -s emulator-5554 shell pgrep -f \(\[\[:blank:\]\]\|\^\)screenrecord\(\[\[:blank:\]\]\|\$\)'
[debug] &amp#27;[35m[W3C (2ca163d9)]&amp#27;[39m Responding to client with driver.startRecordingScreen() result: ""
&amp#27;[35m[HTTP]&amp#27;[39m &amp#27;[37m<-- POST /wd/hub/session/2ca163d9-bdef-4dbb-98bb-98ec6786a963/appium/start_recording_screen &amp#27;[39m&amp#27;[32m200&amp#27;[39m &amp#27;[90m655 ms - 12&amp#27;[39m
&amp#27;[35m[HTTP]&amp#27;[39m &amp#27;[90m&amp#27;[39m
&amp#27;[35m[HTTP]&amp#27;[39m &amp#27;[37m-->&amp#27;[39m &amp#27;[37mGET&amp#27;[39m &amp#27;[37m/wd/hub/session/2ca163d9-bdef-4dbb-98bb-98ec6786a963/context&amp#27;[39m
&amp#27;[35m[HTTP]&amp#27;[39m &amp#27;[90m{}&amp#27;[39m
[debug] &amp#27;[35m[W3C (2ca163d9)]&amp#27;[39m Calling AppiumDriver.getCurrentContext() with args: ["2ca163d9-bdef-4dbb-98bb-98ec6786a963"]
[debug] &amp#27;[35m[W3C (2ca163d9)]&amp#27;[39m Responding to client with driver.getCurrentContext() result: "NATIVE_APP"
&amp#27;[35m[HTTP]&amp#27;[39m &amp#27;[37m<-- GET /wd/hub/session/2ca163d9-bdef-4dbb-98bb-98ec6786a963/context &amp#27;[39m&amp#27;[32m200&amp#27;[39m &amp#27;[90m2 ms - 22&amp#27;[39m
&amp#27;[35m[HTTP]&amp#27;[39m &amp#27;[90m&amp#27;[39m
&amp#27;[35m[HTTP]&amp#27;[39m &amp#27;[37m-->&amp#27;[39m &amp#27;[37mPOST&amp#27;[39m &amp#27;[37m/wd/hub/session/2ca163d9-bdef-4dbb-98bb-98ec6786a963/element&amp#27;[39m
&amp#27;[35m[HTTP]&amp#27;[39m &amp#27;[90m{"using":"accessibility id","value":"test-Username"}&amp#27;[39m
[debug] &amp#27;[35m[W3C (2ca163d9)]&amp#27;[39m Calling AppiumDriver.findElement() with args: ["accessibility id","test-Username","2ca163d9-bdef-4dbb-98bb-98ec6786a963"]
[debug] &amp#27;[35m[BaseDriver]&amp#27;[39m Valid locator strategies for this request: xpath, id, class name, accessibility id, css selector, -android uiautomator
[debug] &amp#27;[35m[BaseDriver]&amp#27;[39m Waiting up to 0 ms for condition
[debug] &amp#27;[35m[WD Proxy]&amp#27;[39m Matched '/element' to command name 'f[indEledmeebug] &amp#27;[35mn[AtDB']&amp#27;[3
9m[ Bdueilbdiungg s]c re&amp#27;en[re3co5rdm [prWocDes s Pwritoh xthye]&amp#27;[3 9cmom manPdr loinxey: iadnb g-P  5[0P37O -Ss Tem ul/aetolr-e55m54e nshte]ll  stcroee nr[ePcoOrd S--Tti mhettp://-1l2imi7t. 1080. /0s.dc1ar:d/1701304500e1c./mwp4d
/hub/session/ac0c351a-5c2[de7b-ug4] 6&amp#27;[03b5m[-A9DB9]1&amp#27;[b39-m 3Rufn2ni2ng9 9'C0:\9Us2aer0s7\/edlaevmiedn.tv]e lweiztsh\ AbpopdDya:t a{\"Lsotcraalt\eAgnyd"r:o"iadc\cSedsks\ipblialtiftyo rim-dto"ol,s\"adsb.eelxee -Pc 5t03o7r -"s :em"ultateors-5t55-4 Ushseellr "n[a -me e'/"sd,ca"rcd/o713n4t50eecx.mtp4"' ]: "&&" ,ec"hom u_l_tPiApSlSe_"_:"f'al
se}
[debug] &amp#27;[35m[WD Proxy]&amp#27;[39m Got response with status 200: {"sessionId":"ac0c351a-5c27-460b-991b-3f2299092a07","value":{"ELEMENT":"00000000-0000-0023-ffff-ffff00000025","element-6066-11e4-a52e-4f735466cecf":"00000000-0000-0023-ffff-ffff00000025"}}
[debug] &amp#27;[35m[W3C (2ca163d9)]&amp#27;[39m Responding to client with driver.findElement() result: {"element-6066-11e4-a52e-4f735466cecf":"00000000-0000-0023-ffff-ffff00000025","ELEMENT":"00000000-0000-0023-ffff-ffff00000025"}
&amp#27;[35m[HTTP]&amp#27;[39m &amp#27;[37m<-- POST /wd/hub/session/2ca163d9-bdef-4dbb-98bb-98ec6786a963/element &amp#27;[39m&amp#27;[32m200&amp#27;[39m &amp#27;[90m22 ms - 137&amp#27;[39m
&amp#27;[35m[HTTP]&amp#27;[39m &amp#27;[90m&amp#27;[39m
&amp#27;[35m[HTTP]&amp#27;[39m &amp#27;[37m-->&amp#27;[39m &amp#27;[37mGET&amp#27;[39m &amp#27;[37m/wd/hub/session/2ca163d9-bdef-4dbb-98bb-98ec6786a963/element/00000000-0000-0023-ffff-ffff00000025/displayed&amp#27;[39m
&amp#27;[35m[HTTP]&amp#27;[39m &amp#27;[90m{}&amp#27;[39m
[debug] &amp#27;[35m[W3C (2ca163d9)]&amp#27;[39m Calling AppiumDriver.elementDisplayed() with args: ["00000000-0000-0023-ffff-ffff00000025","2ca163d9-bdef-4dbb-98bb-98ec6786a963"]
[debug] &amp#27;[35m[WD Proxy]&amp#27;[39m Matched '/element/00000000-0000-0023-ffff-ffff00000025/attribute/displayed' to command name 'getAttribute'
[debug] &amp#27;[35m[WD Proxy]&amp#27;[39m Proxying [GET /element/00000000-0000-0023-ffff-ffff00000025/attribute/displayed] to [GET http://127.0.0.1:10001/wd/hub/session/ac0c351a-5c27-460b-991b-3f2299092a07/element/00000000-0000-0023-ffff-ffff00000025/attribute/displayed] with no body
[debug] &amp#27;[35m[WD Proxy]&amp#27;[39m Got response with status 200: {"sessionId":"ac0c351a-5c27-460b-991b-3f2299092a07","value":"true"}
[debug] &amp#27;[35m[W3C (2ca163d9)]&amp#27;[39m Responding to client with driver.elementDisplayed() result: true
&amp#27;[35m[HTTP]&amp#27;[39m &amp#27;[37m<-- GET /wd/hub/session/2ca163d9-bdef-4dbb-98bb-98ec6786a963/element/00000000-0000-0023-ffff-ffff00000025/displayed &amp#27;[39m&amp#27;[32m200&amp#27;[39m &amp#27;[90m17 ms - 14&amp#27;[39m
&amp#27;[35m[HTTP]&amp#27;[39m &amp#27;[90m&amp#27;[39m
&amp#27;[35m[HTTP]&amp#27;[39m &amp#27;[37m-->&amp#27;[39m &amp#27;[37mGET&amp#27;[39m &amp#27;[37m/wd/hub/session/2ca163d9-bdef-4dbb-98bb-98ec6786a963/context&amp#27;[39m
&amp#27;[35m[HTTP]&amp#27;[39m &amp#27;[90m{}&amp#27;[39m
[debug] &amp#27;[35m[W3C (2ca163d9)]&amp#27;[39m Calling AppiumDriver.getCurrentContext() with args: ["2ca163d9-bdef-4dbb-98bb-98ec6786a963"]
[debug] &amp#27;[35m[W3C (2ca163d9)]&amp#27;[39m Responding to client with driver.getCurrentContext() result: "NATIVE_APP"
&amp#27;[35m[HTTP]&amp#27;[39m &amp#27;[37m<-- GET /wd/hub/session/2ca163d9-bdef-4dbb-98bb-98ec6786a963/context &amp#27;[39m&amp#27;[32m200&amp#27;[39m &amp#27;[90m1 ms - 22&amp#27;[39m
&amp#27;[35m[HTTP]&amp#27;[39m &amp#27;[90m&amp#27;[39m
&amp#27;[35m[HTTP]&amp#27;[39m &amp#27;[37m-->&amp#27;[39m &amp#27;[37mPOST&amp#27;[39m &amp#27;[37m/wd/hub/session/2ca163d9-bdef-4dbb-98bb-98ec6786a963/element&amp#27;[39m
&amp#27;[35m[HTTP]&amp#27;[39m &amp#27;[90m{"using":"accessibility id","value":"test-Username"}&amp#27;[39m
[debug] &amp#27;[35m[W3C (2ca163d9)]&amp#27;[39m Calling AppiumDriver.findElement() with args[: ["dacecbeusgs]i b&amp#27;i[l3i5tym [iAdD"B],&amp#27;"test-Use[r3n9amm eR"u,n"n2icnag1 6'3Cd:9\-Ubsdeerfs-\4ddabvbi-d9.8vbebl-e9z8se\cA6p7p8D6aat9a6\3L"o]ca
l[\dAenbdurgo]i d&amp#27;\[S3d5km\p[lBaatsfeoDrrmi-vteoro]ls&amp#27;\[a3d9bm. exVea l-iPd  5l0o3c7 a-tso re musltartaotre-g5i5e5s4  fsohre ltl h"i[s requ -ees t':/ sxdpcaatrhd,/ 7i1d3,4 5c0leacs.sm pn4'a m]e , &&a ceccehsos i_b_iPAlSitSy_ _i"d', 
css selector, -android uiautomator
[debug] &amp#27;[35m[BaseDriver]&amp#27;[39m Waiting up to 0 ms for condition
[debug] &amp#27;[35m[WD Proxy]&amp#27;[39m Matched '/element' to command name 'findElement'
[debug] &amp#27;[35m[WD Proxy]&amp#27;[39m Proxying [POST /element] to [POST http://127.0.0.1:10001/wd/hub/session/ac0c351a-5c27-460b-991b-3f2299092a07/element] with body: {"strategy":"accessibility id","selector":"test-Username","context":"","multiple":false}
[debug] &amp#27;[35m[WD Proxy]&amp#27;[39m Got response with status 200: {"sessionId":"ac0c351a-5c27-460b-991b-3f2299092a07","value":{"ELEMENT":"00000000-0000-0023-ffff-ffff00000025","element-6066-11e4-a52e-4f735466cecf":"00000000-0000-0023-ffff-ffff00000025"}}
[debug] &amp#27;[35m[W3C (2ca163d9)]&amp#27;[39m Responding to client with driver.findElement() result: {"element-6066-[11e4-a52e-4f73d546e6cbecfu":g"0]000 00&amp#27;00[-003005-00m23-[ffWff3-ffCf f0(00000102c52",d"E6LdEM9EN)T]":&amp#27;"0[0300900m0 0-R00e00s-0p023o-fnfffd-ffiff0n000g0025 "}
t&amp#27;o[35 m[HTcTPl]&amp#27;[i39me &amp#27;[n37tm<- - PwOSiT t/whd/ hubd/serssiionv/2ecar16.3d9s-bdtef-4dbb-98bab-9r8etc6R786ea9c63/oelermednti &amp#27;[n39gm&amp#27;[S32mc20r0&amp#27;e[3e9mn &amp#27;([9)0m 23 rmse -s 1u37l&amp#27;[t39m:
&amp#27; [3"5m["HTTP]&amp#27;
[39m &amp#27;[90m&amp#27;[39m
&amp#27;[35m[HTTP]&amp#27;[39m &amp#27;[37m-->&amp#27;[39m &amp#27;[37mPOST&amp#27;[39m &amp#27;[37m&amp#27;/wd[/hu3b/5semss[ion/H2cTa1T63Pd9-]bde&amp#27;f-[4db3b-998mbb -9&amp#27;8e[c637876am963</el-em-ent /00P000O0S00-0T00 0-/00w23d-/ffhffu-ffbff/0s00e00s02s5/icleoanr&amp#27;[/390m1
&amp#27;c[352md[H6TdTP9]&amp#27;-[b394mf d-471c-9bb0-21a6d1b4630e/a&amp#27;[p90m{"id":p"0i000u00m00/-0s000t-0a02r3-tff_ffr-fefff0c00o000r25d"}i&amp#27;[n39mg
_[sdebcugr] &amp#27;e[3e5mn[W3 C &amp#27;(2[ca31963md9&amp#27;)][&amp#27;[339m2 Camll2in0g 0Ap&amp#27;pi[um3Dr9ivmer .c&amp#27;le[ar9() 0wimth6 a8r5gs :m [s"0 00-0 010020&amp#27;-0[0030-900m23-ff
ff&amp#27;-f[ff3f00500m00[25H",T"T2cPa1]63d&amp#27;9-[bd3ef-94dmbb -9&amp#27;8b[b90-m98&amp#27;ec[673869a96m3"]

[&amp#27;de[bu3g]5 &amp#27;m[35[m[HWDT PTroPxy]]&amp#27;&amp#27;[3[9m3 Ma9tcmhe d &amp#27;'/[el3emen7tm-->/&amp#27;0[03090m0 0&amp#27;0[03-70m0G0E0T-&amp#27;0[02339-mff f&amp#27;f[-3ff7fmf/0w0d0/0h0u0b2/5s/ecslseiaro'n /to0 1cco2mmda6ndd 9-b4fdn-a4m7e1 'cc-l9ebarb'0-
[2d1eabu6gd] 1&amp#27;b[4365m3[0WeD/ cPoronxtye]&amp#27;x[t39&amp#27;m[ 3P9romxy
i&amp#27;n[g3 [5PmO[SHT T/TePl]e&amp#27;m[e3n9tm/ 0&amp#27;00[090000-0000m0-{0}02&amp#27;3[-3ff9fmf-f
f[ffd0e0b0u00g02]5 /&amp#27;c[le3a5r]m [tWo3 C[ PO(S01c2d6d9)]T&amp#27; [h3t9tmp: /C/a1l27l.i0n.0g. 1A:1p0p0i0u1m/Dwrdi/hvuebr/.sessiong/ace0ct3C5u1ra-r5ec2n7t-C4o60nbt-9e9x1tb-(3)f 22w9i9t0h9 2aar0g7/sel:e m[e"nt0/10c020d0060d090--0b040f0d-0-04273-1fcff-f9-bfbf0-f2f100a060d001b462350/cel"ea]r]
 [widtehb ubogd]y : &amp#27;{["3el5emm[eWnt3ICd" :("0010c0200d060d0-90)0]0&amp#27;0-[03092m3- fRfefsf-pfofnfdf0i0n0g000 2t5"o} c
l[ideenbutg ]w i&amp#27;t[3h5 md[rWiD vPerrox.yg]e&amp#27;t[C3u9mr rGeotn trCeosnpotnesex tw(i) rtehs ustlatt:u s "2N0A0:T I{V"Es_esAsPiPo"nI
d"&amp#27;:["3ac50mc[3H5T1aT-P5]c&amp#27;2[73-496m0 b-&amp#27;9[9317b-m3<f-2-29 9G0E9T2 a/0w7d"/,h"vuabl/ues"e:snuslilo}n/
[0d1ecbu2gd]6 &amp#27;[d395m-[bW43fC d(-2c4a7116c3d-99)b]&amp#27;b[03-9m2 1Rae6d1sbpo4n6d3in0ge /tco ocnltieenxtt w i&amp#27;t[h3 9dmr&amp#27;i[v3er2.mc2l0ea0r&amp#27;([)3 9rems ul&amp#27;t[:9 0numl1l m
&amp#27;s[ 3-5 m[2H2T&amp#27;TP[]3&amp#27;9[m39m &amp#27;[3
7&amp#27;m[<3-5-m [PHOTTSPT] &amp#27;/[3w9dm/ h&amp#27;[u9b0/m&amp#27;s[e39sms
i&amp#27;o[n35/m2[HcTTa163d9-Pbd]&amp#27;e[f3-9m4 d&amp#27;[b3b7m--->&amp#27;[39m &amp#27;[37mPOST&amp#27;[39m9 8&amp#27;[b3b7m-/9wd8/heubc/6s7es8s6ioan/90613c/2ed6lde9m-be4nfdt-/407010c-090bb000-02-10a60d010b-4603002e3/-elfefmfefnt-&amp#27;f[f3f9mf0
0&amp#27;[03050m[0H2T5T/Pc]&amp#27;l[e3a9mr  &amp#27;[&amp#27;9[03m9{"mu&amp#27;si[n3g2":m"2ac0ce0s&amp#27;s[ib39ilmi t&amp#27;y[ i9d0"m,"3v0a lume"s: "-t e1s4t-&amp#27;U[s3e9rnmam
e"&amp#27;}&amp#27;[[3395mm
[debug] &amp#27;[35[mH[WT3TC (01c2d6Pd9])&amp#27;]&amp#27;[[3399mm C a&amp#27;l[l9i0ngm A&amp#27;[p3p9iummD
ri&amp#27;v[er3.5fmi[nHdTETlePm]e&amp#27;nt[(3)9 mwi t&amp#27;h[ 3ar7gms-:- [>"&amp#27;a[c3c9ems si&amp#27;b[i3l7mGETi&amp#27;t[y3 i9dm", "&amp#27;t[e3st7-mU/sewrdn/ahmeu"b,/"s01ecs2ds6ido9n/-2b4cfad1-6437d1c9--9bbdbe0f-2-14ad6bd1bb-496380be"b]-
9[8deec6786abu9g]6 3&amp#27;/[c3o5mn[tBaesxetDr&amp#27;i[v3er9]m&amp#27;[3
9&amp#27;m [V3a5lmid[ HlTocTaPt]or&amp#27; [s3t9rma t&amp#27;e[g9ie0ms {f}o&amp#27;r [t3h9ims r
e[qdueebstu:g x]p a&amp#27;th[,3 5imd[,W 3cCl a(s2sc an1a6m3ed,9 )a]c&amp#27;c[e3s9smi bCialliltiyn gi dA,p pcisusm Dsreilver.egcettoCru,r r-eanntdCrooidn tueixatu(to)m awtiotrh 
a[rdgesb:u g[]" 2&amp#27;c[3a51m6[3Bdas9e-Dbrdiveefr-]4&amp#27;[d3b9bm- 9W8abibt-i9n8ge cup6 7t8o6 a09 6ms3 "fo]r 
c[onddeibutgi]o n&amp#27;
[[3d5ebmu[INFO ] 2022-10-25 11:00:19.127 com.qa.pages.BasePage:71 - login with standard_user
g] &amp#27;[35m[WD [Proxy]&amp#27;[W393m MCatch ed( '2/ecleame1nt6' 3tod co9mm)and ]nam&amp#27;e '[fin3dEl9ememnt' 
[Rdeebusgp] o&amp#27;[n35dmi[WnD gPr otxyo]&amp#27; [3c9lm iPreoxnyitn g [POST /elwemeintt] hto  [dPOrSiT vher.getCuttrp:r/e/1n2t7.C0.o0.n1:1t00e00/xwdt/hu(b/)ses siorn/ef15s266uac-l21tfe-:47 1d-"91Nf8-Aa6bT5ebI0ccVbdbE/el_emAenPtP] "with
 b&amp#27;od[y: 3{"5stmra[teHgyT":T"aPcc]es&amp#27;si[bi3li9tmy  id&amp#27;",["s3el7ecmt<or-":-"t esGt-EUsTer na/mew",d"c/onhteuxtb":/""s,"emusltsipileo":nfa/ls2e}c
a[d1e6bu3g] d&amp#27;[935-m[bWDd ePrfox-y]4&amp#27;[d39bm Got responbse with status 2-009: 8{"bsebss-ion9Id8":e"fc1562676a8c-621fae-946713d-/91cf8o-an6bt5eebx0ctcb db&amp#27;"[,"v3al9ume"&amp#27;:[{"3EL2EmME2N0T"0:"&amp#27;0[0030900m00 -&amp#27;00[090-000m12d- ffmffs- ff-ff 00200200&amp#27;25[",3"9me
l&amp#27;em[e3nt5-m60[66H-T11TeP4-]a5&amp#27;2e[-34f973m5 46&amp#27;6[ce9cf0"m:"&amp#27;00[03000900m-000
0-&amp#27;00[1d3-f5ffmf-[fHffTfT00P00]00&amp#27;25["}3}9
m[d eb&amp#27;ug[]3 &amp#27;7[m35m[-W3-C >(0&amp#27;1c[2d36d99m)] &amp#27;[&amp#27;39[m 3Re7smpoPOSnTd&amp#27;in[g 3t9o mc li&amp#27;e[nt3 w7itmh /drwidve/rh.fuinbdE/lsemeenst(s) ireosnul/t:2 {c"ael1em6en3t-d6906-6b-1d1ee4-fa-524e-d4bf7b35-49686cbecbf-":9"800e0c060070806-0a09006-300/1ed-lffefmfe-nftf&amp#27;f[f309m
&amp#27;[3050m[0H0T0T2P5]"&amp#27;[39m &amp#27;[90m{"using":"accessibility id","value",:""EtLeEsMtE-NUTs"e:r"n0a0m0e0"0}0&amp#27;0[03-90m00
0[-d0e0b1udg-]f f&amp#27;f[f3-5fmf[fWf30C0 0(020c0a2156"3}d9
)&amp#27;][&amp#27;3[53m9[mH TCaTlPl]i&amp#27;n[g3 9Amp p&amp#27;i[u3m7Dmr<i-v-e rP.OfSiTn /wd/hduEbl/esmeesnsti(o)n /w0i1tch2 da6rdg9s-b:4 f[d"-a4c7c1ecs-s9ibbbi0l-i2t1ya 6idd1"b,4"6t3e0set/-eUlseemrennatm e&amp#27;"[,3"92mc&amp#27;a[13623md290-0b&amp#27;d[e3f9-m4 d&amp#27;b[b9-09m81b9b -m9s8 e-c 617863a79&amp#27;6[33"9]m

[d&amp#27;e[b3u5gm][ H&amp#27;T[T3P5]m&amp#27;[[B3a9sme D&amp#27;r[90m&amp#27;[i3v9emr]
&amp#27;&amp#27;[[3395mm [VHaTlTiPd] &amp#27;l[o3c9amt o&amp#27;r[ 3s7tmr-a-t>e&amp#27;g[i3e9sm  f&amp#27;o[r3 7tmhGiEsT &amp#27;r[e3q9m &amp#27;u[37m/ewds/th:ub /xspeastsiho,n/ 0i1dc2,d 6cd9l-abs4fsd nam-e47,1c-9bb0-21a6d1b4630e/element/00000000-0000-001d-ffff-ffff00000025/display eda&amp#27;c[c39ems
s&amp#27;i[b3i5lm[iHtTyT Pi]&amp#27;d[,3 9mc s&amp#27;[s9 0sm{e}l&amp#27;e[3c9tmor
[, -androidde buug] &amp#27;[3i5ma[Wu3tCo m(a01tco2rd6d
9[)]d&amp#27;e[b3u9mg ]C a&amp#27;l[l3in5gm [ApBpaisumeDDrriivveerr.e]l&amp#27;em[e3n9tmD iWspaliatyeidn(g)  upw ittoh  a0r mgss:  fo[r" c0o0n0d0i0t0i0on0-
00[d0e0b-u0g0] 1&amp#27;d[3-5fmf[fWDf -Prfofxfy]f&amp#27;0[0390m0 Matche0d 0'2/5e",l"em0e1ntc'2 dt6od c9o-mbma4nfd dn-am4e 'fi7n1dEcl-e9mebnbt'0-
[2d1eab6udg]1 b&amp#27;[43653m[0WeD" ]Pro
x[y]&amp#27;[d3e9mb Purogxy]i ng&amp#27; [[P3O5SmT [/WeDle mPernotx]y ]to&amp#27; [[3P9OmST  Mhatttcp:h/e/d1 2'7/.0e.l0e.ment/00000000-0000-0011d:-1f0f0f0f1-/fwd/hub/sfefsfs0i0o0n0/a0c0205c3/5a1tat-r5icb2u7t-e4/6d0ibs-p9l9a1ybe-d3'f 2t2o9 9c0o9m2maa0n7d/ enlaemmee n'tg]e twAittthr boidbyu:t e{'"s
t[rdaetbeugg]y "&amp#27;:["3a5cmc[WesDs iPbriolxiyt]y&amp#27;[ 3i9dm", P"rsoexlyeicntgo [GETr "/:e"lteemsentt-/Us0e0r0n00a0m0e0"-00,0"0c-o0n0t1edx-tf"f:f"f"-,f"fmfufl0t00i0p0l0e2"5:/fatatlrsieb}ut
e[/ddiesbpulga]y ed&amp#27;][ 3t5om [[WGDE TP rhtoxtyp]:&amp#27;/[/3192m7 .G0.o0t. 1r:e1s0p00o0ns/ew dw/ihtuhb /ssteastsuiso n2/0f01:5 2{6"6saecs-s2i1ofneId-4"7:1"da-c091cf385-1aa6-b55c2eb70-c4c6b0bd-b9/9e1lbe-m3efn2t2/90900009020a0070-"0,0"v0a0l-u0e0"1d:{-"fELEMENfT"f:"f0-f0f00ff0000000-000002050/-a0t0t2r3i-bfuftfef/-dfispflfafy0e0d0]0 w0i0t2h 5n"o, b"odeyle
m[edenbtu-g6]0 6&amp#27;6[-315m1e4[W-Da 5Pr2oexy-]4&amp#27;[f37395m4 6Go6tc ercefs"p:"00000000-o0n0s0e0 w-i0t0h2 3st-aftfufs f20-0f: f{f"fse0s0si0o0n0I0d2"5:""}f}152
6[6adce-2b1ufeg-]4 71&amp#27;d[-9315fm8-[aW63bC5 eb(02cccab1d6b"3,d"v9a)l]u&amp#27;e["3:9"tmru e"R}es
p[odenbding to clientug] &amp#27;[ 3w5im[tWh3C  (d0r1ci2vde6dr9.)f]i&amp#27;[n3d9Em lReemspeonntdi(n)g  troe csluilentt: w i{t"h edlreivmeern.etl-e6me0n6t6Di-s1pl1aey4e-da(5)2 ree-s4ufl7t3:5 4t6r6uceec
f&amp#27;"[:3"50m0[0H0T0T0P0]&amp#27;0[-3090m0 0&amp#27;[-3070m23-ffff<--- fGfETf f/0wd0/0h0u0b/0s2es5s"io,n"/0E1LcE2d6dM9E-bN4Tfd"-:47"10c-090bb000-201a060d-10b040603-00e0/2e3l-efmfeffn-tf/f0f0f000000000000-2050"0}0
-&amp#27;0[0315dm-[HfTfTfPf]-&amp#27;f[f3f9fm0 0&amp#27;0[03070m2<5-/-d iPsOpSlT a/ywedd /&amp#27;h[u3b/sess9imo&amp#27;[n3/22mc2a0106&amp#27;3[d399-m b&amp#27;d[e9f0-m41d4b bm-s9 8-b b14&amp#27;-[9389emc6
7&amp#27;8[63a59m6[3H/TeTlP]e&amp#27;m[en39tm  &amp#27;&amp#27;[[3909mm&amp#27;&amp#27;[[3392mm20
0&amp#27;&amp#27;[3[53m9[HTTP]&amp#27;[39m m&amp#27;[ 3&amp#27;7[m9-0->m&amp#27;5[9359 mm s&amp#27; [3-7 m1G3E7T&amp#27;&amp#27;[[3399mm 
&amp#27;&amp#27;[[3375mm[/HwTTP]&amp#27;[3d9/mh &amp#27;u[b9/0sme&amp#27;s[s39imon
&amp#27;/[0315cm2[dHT6TPd]9&amp#27;-[b349fmd -&amp#27;4[7317cm--9bb-0>-&amp#27;2[13a96dm1 b&amp#27;4[63370meG/EcTo&amp#27;n[t3e9xmt&amp#27; [&amp#27;3[93m7m
/&amp#27;w[d3/5hmu[bH/TsTePs]s&amp#27;i[3o9nm/ &amp#27;2[c9a0m{}&amp#27;163d[93-9bmde
f-[4dedbbubg-]9 8&amp#27;b[b3-59m8[eWc36C7 8(60a1c9263/element/d0600d090)0]0&amp#27;0-[03090m0 -C0a0l2l3i-nfgf fAfp-fpfifufm0Dri00v0e0r0.25g/edtisCpulrayreed&amp#27;n[t3C9mon
&amp#27;t[e35xmt[(H)TT Pw]&amp#27;i[t3h9m  a&amp#27;[r9gs0:m {[}"&amp#27;0[13c92md6
d[9d-ebb4ufgd]- 4&amp#27;7[1c3-59mbb[0W-321Ca 6(d21cba4166330de9")]]&amp#27;[
3[9dme bCuagl]l &amp#27;i[n3g5 mAppiumDriver.eleme[nW3C (0t1Dci2sdpl6ady9e)d](&amp#27;)[ 3w9im thR easrgpso:n d["i0n0g0 0t0o00 0c-l0i00e0n-t0 02w3i-tffhf fd-rfifvfefr0.0g0e0t00C2u5r"r,e"n2ctaC1o6n3dt9e-xbtd(ef)- 4rdebsbu-l98tb:b -"9N8eAcT6I78V6Ea_9A6P3"P]"

[d&amp#27;e[b3u5g]m [&amp#27;H[T3T5P]&amp#27;[39mm [&amp#27;WD[ 3P7rmoxy]<&amp#27;-[-3 9GmE TM a/twcdh/ehd u'b//esleemsesnito/0n0/00010c020d06-d0090-0b-400f2d3--4ff71fcf--f9fbfbf000-02010a0625d/1abt4t6r3i0buet/ec/odnistpelxatye d&amp#27;'[ t3o9 mc&amp#27;o[m3m2ma2n0d0 &amp#27;[n3a9mme  &amp#27;'[g9e0mt1A tmtsr i-b 22&amp#27;[3u9mte
'&amp#27;[3
5[m[dHeTbuTgP]]&amp#27; [3&amp#27;9[m3 &amp#27;5[m9[0WmD&amp#27; [P3r9omxy
]&amp#27;&amp#27;[[3359mm[ HPTrToPx]y&amp#27;i[n3g9 m[ G&amp#27;E[T3 7/me-l-e>m&amp#27;e[3n9t/m 0&amp#27;0[0370m0P0O0S0T-&amp#27;0[03090m- 0&amp#27;0[2337-mf/fwfdf/h-ufbf/fsfe0s0si0o0n0/02051/ca2tdt6rdi9b-ubte/displayed] 4tfod -471[GcE-T 9hbtbt0p-:/2/11a267d.0.10b.41:631000e0/1e/lwedm/ehunbt/s&amp#27;e[s3s9iomn/
a&amp#27;c[03c53m5[1HaT-T5Pc2]7&amp#27;-4[6309b-m9 9&amp#27;1b[-930fm22{9"9u09s2ian07g/"e:l"eamecncte/s00s0i0b0i0l0i0t-y0 00i0d-"0,02"3v-aflfuffe-"f:ff"ft0e0s0t-U0s00e2r5n/aamtet"r}i&amp#27;b[ut3e9/mdis
p[ldaeybedu]g ]w i&amp#27;t[h35 mn[o body
[deW3bCu g(]0 1&amp#27;c[23d56md[9W)D] &amp#27;P[r3o9xmy ]C&amp#27;a[l3l9imn gG oAtp prieusmpDornisvee rw.iftihn dsEtlaetmuesn t2(0)0 :w i{t"hs easrsgiso:n I[d""a:c"caecs0sci3bility id","test-Us5er1naa-m5ec"2,7"-0416c02bd-69d991-bb-43ffd229-9407912ca-097b"b,0"-v2a1lau6ed"1:b"4t6r3u0ee""}]

[[ddeebbuugg]]  &amp#27;&amp#27;[[3355mm[[BWa3sCe D(r2icvae1r6]3&amp#27;d[93)9]m&amp#27; [V3a9lmi dR elsopcoantdoirn gs ttroa tcelgiieenst  fwoirt ht hdirsi vreerq.ueest: xpath, id, clalsesmen tnDaimsep,la yaeccde(s)s ribeisluiltty:  itdr,u ecs
s&amp#27; [s3e5lme[cHtToTPr],&amp#27; [-3a9nmd r&amp#27;o[i3d7 mu<i-a-u tGoEmTa t/owrd/
h[udbe/bsuegs]s i&amp#27;o[n3/52mc[aB1a6s3edD9r-ibvedre]f&amp#27;-[43d9bmb -W9a8ibtbi-n9g8 eucp6 7t8o6 a09 6m3s/ efloerm conednitti/o0n00
0[0d0e0b0u-g0]0 0&amp#27;0[-3050m2[W3D- fPfrfofx-yf]f&amp#27;f[f3090m0 0M0a0t2c5h/eddi s'p/lealyeemde n&amp#27;t['3 9tmo&amp#27; [c3om2mma20n0d&amp#27; [n3a9mme  &amp#27;'[f9i0nmd1E7l emmse n-t '14
&amp#27;[[d3eb9umg]
 &amp#27;&amp#27;[[3355mm[[HWTDT PP]r&amp#27;o[x3y9]m&amp#27; [&amp#27;3[99m0 mP&amp#27;[39mro
x&amp#27;y[i3n5gm [[HPTOTSPT] &amp#27;/[e3l9emm e&amp#27;n[t3]7 mto- -[>P&amp#27;O[S3T9 mht t&amp#27;p[:3/7/m1G2E7T.&amp#27;0[.309.m1 :&amp#27;1[03070m0//wwdd//hhuubb//sseessssiioonn//2fc1a5126636da9c--b2d1e[INFO ] 2022-10-25 11:00:19.603 com.qa.pages.BasePage:71 - login with standard_user
f-4dbb-9f8bb-98ec678e6a-96437/c1odnt-e9x1tf&amp#27;8[-39am6b5eb0ccbdb/el
e&amp#27;m[e3n5tm][ HTTP]&amp#27;[39wmi t&amp#27;h[ 90bmo{d}y&amp#27;[:3 9{m"
s[tdreabutge]g y&amp#27;"[:3"5amc[ceWs3sCi b(il2ictay1 6i3dd"9,)"]s&amp#27;e[3l9emc tCaolrl"i:n"tge stA-pUpsieurmnDarmei"v,e"rc.ognetteCxutr":r"e"n,t"Cmuolnttiexplte(") :wfiatlhs ea}r
g[sd:eb ug] &amp#27;[35[m[W"D2c aP1ro6xy3d]9&amp#27;-[b3d9emf -G4odtb br-e9s8pbobn-s9e8 ewict6h7 8s6taa9t6u3"s] 2
0[0d:e b{u"gs]e s&amp#27;s[i3o5nImd[":W"3fC1 5(226c6aa1c6-32d19f)e]-&amp#27;4[713d9-m9 1Rfe8s-pao6nbd5ienbg0 ctcbodb "c,"lvaileuen":t{ "EwLiEMtENhT "d:"r0i0ver.getCu0r0r00e0n0-0t0C00o-nt0e0x1td(-) frfefsfu-lftf:ff 0"00N0A00T2I5"V,E"_eAlPePm"en
t&amp#27;-[63056m6[-1H1eT4T-aP5]2&amp#27;e[-349fm7 3&amp#27;5[43676m<-- GEcTe cf/"w:"d0/0h0u0b0/0s0e0s-s0i0o0n0/2-0c01a1d6-f3fd9-bdef-4dbb-98bb-98ec6786fa9f6-3f/fcff0ontext0 0&amp#27;0[030925m"&amp#27;}[}32
[md2e00&amp#27;b[u3g9]m  &amp#27;&amp#27;[[3950m[mW23 Cm s (-0 12c22&amp#27;d[63d99)m]&amp#27;
[&amp#27;3[9m3 5Rme[sHpToTnPd]in&amp#27;g [t3o9 mc li&amp#27;[e9n0tm &amp#27;w[i3th9 mdr
i&amp#27;v[e3r5.mf[iHndTETlPe]me&amp#27;[n3t9(m)  r&amp#27;e[s3u7lmt-:- >{&amp#27;"[e3l9emm e&amp#27;n[3t7-6m0PO6S6-T&amp#27;1[1e34-a52e9-m4 f&amp#27;73[5374m6/6cwedc/hf"u:b"/0s0e0s00s00i0-o00n0/02-c0a0116d-3fdf9f-fb-dfeffff000000-254"d,"bEbL-EM9E8NbTb"-:9"080e00c0607080-60a09006-30/01edl-efmfeffn-tff&amp#27;f[f3090m000
0&amp#27;2[53"}5m
[&amp#27;[3H5TmT[PH]T&amp#27;T[P3]9&amp#27;m[ 3&amp#27;9[m9 0&amp#27;m{"using":"a[c3c7ems<s-i-b iPlOiStT /wd/huyb/ sieds"s,i"ovna/l0u1ec"2:d"6tde9s-tb-4Ufsde-r4n7a1mce-"9}b&amp#27;b[03-92m1a6
d[1dbe4b6u3g0e]/ e&amp#27;l[e3m5emn[tW 3&amp#27;C[ 3(92mc&amp#27;a[13623md290)0]&amp#27;&amp#27;[[3399mm  &amp#27;C[a9l0m26 ms - 13l7i&amp#27;n[g3 9Ampp
i&amp#27;u[m3Dri5vme[rH.TfTiPn]d&amp#27;E[l3e9mme n&amp#27;t[(9)0 mw&amp#27;i[t3h9 mar
g&amp#27;s[:35m [[H"TaTcPc]e&amp#27;s[s3i9bmi l&amp#27;i[t3y7 mi-d-">,&amp#27;"[t3e9smt -&amp#27;U[s37emrPnOaSmeT"&amp#27;,["329cma 1&amp#27;6[337dm9/-wbdd/ehfu-b4/dsbebs-s9i8obnb/-0918ce2cd667d896-ab946f3d"-]47
1[cd-e9bbubg0]- 2&amp#27;1[35ma[6Bda1sb4eD6r3i0vee/re]l&amp#27;e[m3e9nmt /V0a0l0i0d0 0l0o0-0c0a0t0o-r0 0s1tdr-aftfeffg-ifefsf ff0o0r0 0t0h0i25s/ crleeqaure&amp#27;s[t3:9 mxp
a&amp#27;t[h3,5 mi[dHT,T Pc]l&amp#27;a[s3s9 mn a&amp#27;m[e90,m {a"cicde"s:s"i0b0i0l00i0t0y0 -i0d0,0 0c-s0s0 1sde-lfefcftorf,- f-fafnfd0r0o0i0d0 0u25i"a}u&amp#27;t[o3m9amto
r[d
e[bduegb]u &amp#27;g[]3 5&amp#27;m[[3W35Cm [(B0a1sce2Ddr6idv9e)r]]&amp#27;&amp#27;[[3399mm  CWaaliltiinngg  Auppp ituom D0r imvesr.c floera rc(o)n dwiittiho narg
s[:d e[b"u00g0]0 0&amp#27;0[0305-m00[0W0D -P0r0o1dx-y]&amp#27;[f3f9fmf -Mfaftfc  When I enter username as "standard_user"                # com.qa.stepdef.LoginStepDef.iEnterUsernameAs(java.lang.String)
hed f'/eleme0nt'0 0t0o0 c0o2m5m"a,n"01c2d6dd9 -nabm4ef d'-f4i7n1dcE-9lbebm0e-n2t1'a6
d[1dbe4b6u3g0]e "&amp#27;][3
5[md[eWbDu gP]r o&amp#27;x[y3]5&amp#27;m[[3W9Dm  PPrrooxxyy]i&amp#27;n[g3 9[mP MOaStTch e/d e'l/eemleemnentt]/ 00t0o000 0[0-P00O0ST http://127.00.-000.11d-:f1ff0f0-f0f1f/f0w0d00/0h02u5b/c/lseaer' tsso icoonm/maancd0 cn3a5m1e a'-c5lce2a7r-'4
[6d0ebbu-g9] 9&amp#27;1[35bm-[W3Df 2P2ro9x9y]0&amp#27;9[239am0 P7r/oxeylinegm e[nPtOS]T  /weiletmhen tb/0o0d0y0:00 00{-"str0at00e0g-y00"1:d-"fafcfcfe-fsfsfifb0i0l00i0t0y id","selector":"test-Username","context":"","multiple":2f5a/lcsel}ear
] [tdoe b[uPgO]ST  &amp#27;h[t35tpm:[//W1D2 7P.r0o.x0y.1]:&amp#27;1[03090m0 /wGdo/th urbe/sspeosnssieon w/fi15t2h6 6satca-t21usf e2-0407:1 d-{9"1sfe8-sas6ibo5neIbd0"c:c"badcb0/c351ae-l5ce2m7e-nt4/6000b0-09090100b--030f002-209019d0-9f2faff0-7f"f,f"f0v0a0l0u0e02"5:/{c"lEeaLrE]ME NwiTt"h: "bo0d0y0:0 0{0"0e0le-m0e0n0t0Id-"0:0"02030-0f0f0f0f0--0f0f0f0f-0000010d0-0f2f5f"f,-"feflefmfe0n00t0-06002656"}-1
1[e4-a52de-eb4ufg7]3 5&amp#27;4[356m6[cWeDc fPr":ox"y0]0&amp#27;[030090m0 0G-o0t0 0r0e-s0p0o2n3s-ef fwfift-hf sftfaft0u0s0 020000:2 5{""}s}ess
i[odneIbd"u:g"]f15266ac- 21&amp#27;f[e3-54m7[1Wd3-C9 1(f28c-aa166b35de9b)0]c&amp#27;c[b3d9bm" ,R"evsaplouned"i:nng to clienutl lw}it
h[ dderbiuvge]r &amp#27;[35m[W3C. f(i0n1dcE2lde6mde9n)t]()&amp#27; [r3e9smu lRt:e s{p"oenldeimnegn tt-o6 0c6l6i-e1n1te 4w-iat5h driver.clear() result: null
&amp#27;[35m[HTTP]&amp#27;[39m &amp#27;[37m<-2-e -P4OfS7T3 5/4w6d6/cheucbf/"s:e"s0s0i00o0n/00010c-20d060d09--0b042f3d--f4f7f1fc--ff9fbfb000-02010a062d51"b,"4E6L3E0MeE/NTe"l:e"m0e0n0t0/00000000-00000000--00000203--0f0f1fdf--fffffff-ff0f0f0f00000020500"2}5/
c&amp#27;l[e3a5rm [&amp#27;H[T3T9Pm]&amp#27;&amp#27;[39[m3 2&amp#27;m[23070m&amp#27;<[-3-9 mP O&amp#27;S[T9 0/mw19 md/sh u-b /14s&amp#27;e[ss39imon
/&amp#27;2[3ca51m6[3HdT9T-Pb]d&amp#27;[e3f-94md b&amp#27;[b-909m8&amp#27;[b3b9-m98
e&amp#27;c[63758m6[aH9T6T3P/]e&amp#27;l[e3m9emn t &amp#27;&amp#27;[[3379mm-&amp#27;-[>3&amp#27;2[m392m0 0&amp#27;&amp#27;[[3379mmG E&amp#27;T[&amp#27;9[03m91m9  &amp#27;m[s3 7-m /1w3d7/&amp#27;h[39mu
b&amp#27;/[s3e5sms[iHoTnT/P0]1&amp#27;c[329dm6d9 -&amp#27;b[49f0dm-&amp#27;4[7319cm-9
b&amp#27;b[03-52m1[aH6TdT1Pb]4&amp#27;6[3309em/ c&amp#27;o[n3t7emx-t-&amp#27;>[&amp#27;39[m39
m&amp#27; [&amp#27;3[53m7[mHPTOTSPT]&amp#27;&amp#27;[[3399mm  &amp#27;&amp#27;[[3970mm/{w}d&amp#27;/[h3u9bm/s
e[sdseiboung/]2 c&amp#27;a[13653md[9W3-Cb d(ef0-14c2ddb6bd-98b9b)-]9&amp#27;8[e3c96m7 8C6aal9l6i3n/g AelpepmieunmtD/r0i0v0e0r0.0g0e0t-C0u0r0r0e-n0t0C2o3n-tfefxftf(-)f fwfifth0 args: ["0010c20d06d092-b54/fvda-l4u71ec&amp#27;-[9b3b90m-21
a&amp#27;6d[13b546m30[e"H]T
T[dPe]bu&amp#27;g[] 3&amp#27;9[3m5m [&amp#27;W3[90m{"id":"000C0 0(0010c02-d60d09)0]0&amp#27;-[3090m2 R3e-sfpofnfdifn-g ftfof cfl0i0e0nt with driv0er0.0g2e5tC"u,r"retnetxCotn"t:e"xstt()a nredsaurldt:_ u"sNAeTrI"V,E"_vAaPlPu"e
"&amp#27;:[[35"ms","t","a"[H,T"TnP"],&amp#27;"[3d9"m ,&amp#27;"[a37"m,<"--r", "GdE"T ,/"w_d"/,hu"bu/"s,es"ssio"n,/"0e1c"2,d"6dr9"-]b}4f&amp#27;d[-3497m1c-
9[bdbe0-b2u1ga6]d 1&amp#27;b[436350me[/Wc3oCnt ext (&amp#27;2[c3a91m&amp#27;6[33d29m2)0]0&amp#27;&amp#27;[[3399mm  &amp#27;[C9a0lml30i4n gms  A-p 2p2i&amp#27;[u3m9Dmri
v&amp#27;[e3r5.ms[HeTtTVPa]lu&amp#27;e[(3)9 m w&amp#27;i[t9h0m &amp#27;a[r3g9sm:
 &amp#27;[[[35"ms["HT,T"Pt]"&amp#27;,["39am" ,&amp#27;"[n3"7,m"-d-">&amp#27;,["3a9m" ,&amp#27;["3r7"m,P"OdS"T,&amp#27;"[_3"9,m" u&amp#27;"[,3"7sm"/,w"de/"h,u"br/"s]e,s"s0ion0/00010c020d06-d090-0b04-f0d0-2437-1fcf-f9fb-bf0f-f2f10a060d010b046235","02ec/ae1l6e3mde9n-tb&amp#27;d[e3f9-m4d
b&amp#27;b[-3958mb[bH-T9T8Pe]c&amp#27;6[73896ma 9&amp#27;6[39"0]m{
"[udsienbg"u:g"]a c&amp#27;c[e3s5simb[iWlDit yP riodx"y,]"&amp#27;v[a3l9ume "M:a"ttcehsetd- U's/ernealmeem"e}&amp#27;n[t3/9m0
0[0d0eb0u0g0] 0&amp#27;-[03050m0[-W030C2 (30-1fffcf2-df6fdf9f)]0&amp#27;0[3090m0 0C2al5l/ivnag lAuppei'u mtDo rciovmerm.afnidn dnEalmeem e'snte(t) Vwiatlhu ea'rg
s[:d e[b"uagc]c e&amp#27;s[s3i5bmi[lPirtoyt oicdo"l, "Ctoensvte-rUtseerr]n&amp#27;a[m3e9","01c2d6dm9 -Abd4dfedd- 4'7v1acl-u9eb'b property 0[-"2s1"a,6"dt1"b,4"6a3"0,e""n]",
"[dd"e,b"uag",]" r&amp#27;"[,3"5dm"[,B"a_s"e,D"rui"ver]&amp#27;[3,9"ms "V,a"lei"d, "lro"c]a ttoor  'sstertaVtaelguiee's  rfeoqru etshti sb ordeyqu
e[sdte:b uxgp]a t&amp#27;h[, i3d5,m [cWlDa sPsr onxaym]e&amp#27;,[ 3a9cmc eProxyisnsgi b[iPlOiStTy  /iedl,e mcesnst /s0e0l0e0c0t0o0r0,- 0-0a0n0d-r0o0i2d3 -ufifafuft-ofmfaftfo0r00
0[0d0e2b5u/gv]a l&amp#27;u[e3]5 mt[oB a[sPeODSrTi vhetrt]p&amp#27;:[/3/91m2 7W.a0it.i0n.g1 :u1p0 0t0o 0 1m/sw df/ohru bc/osnedsistiioonn/a
c[0dce3b51a-5cu2g7]- 4&amp#27;6[03b5-m9[9W1Db -P3rfo2x2y9]9&amp#27;0[9329am0 7M/aetlcemheendt /'0/0e0le0m0e0n0t0'- 00t0o0 -c0o0m2m3a-nfdf fnfa-mfef f'ff0i0n0d0E0l0e2m5e/nvta'lue
][ dweibtuhg ]b o&amp#27;d[y3:5 m[W{D" ePlreomxeyn]t&amp#27;I[d3"9:m" 0P0r0o0x0y0i0n0g- 0[0P0O0S-T0 023-ff/ffe-lfefmfefn0t0]0 0t0o0 2[5P"O,S"Tt ehxttt":p":s/t/a1n2d7a.r0d._0.u1s:e1r0"0,0"0r/ewpdl/ahcube/"s:efsaslisoen,/"fv1a5l2u6e6"a:c[-"2s1"f,e"-t4"7,1"ad"-,9"1nf"8,-"a6b5de"b,0"cac"bd,b"/r"e,l"edm"e,n"t_]" ,w"iut"h, "bso"d,y": e{"",s"trr"]}
[debug] &amp#27;[35m[WD aPtreogxyy"]:&amp#27;["3a9cmc eGsosti brielsiptoyn sei d"w,i"tshe lsetcattours" :2"0t0e:s t{-"UsseesrsniaomneI"d":"ac0c35,"co1nat-e5xct2"7:-"4"6,0"bm-u9l9t1ibp-l3ef"2:f2a9l9s0e9}2a
0[7d"e,b"uvga]l u&amp#27;e["3:5nmu[lWlD} P
r[odxeyb]u&amp#27;g[]3 9&amp#27;m[ 3G5omt[ Wr3C (2ceas1p6o3ndse9 )w]i&amp#27;t[h3 9smt aRteussp o2n0di0n:g  {t"os ecslsiieonntI dw"i:t"hf 1d5r2i6v6earc.-s2e1fet-V4a7l1ude-(9)1 fr8e-sau6lbt5:e bn0uclclbd
b&amp#27;"[,3"5vma[lHuTeT"P:]{&amp#27;"[E3L9EmM E&amp#27;N[T3"7:m"<0-0-0 0P0O0S0T0 -/0w0d0/0-hu0b0/1sde-sfsfifon/2caf1-63fdf9f-fb0d00e0f0-042d5bb"-9,8"bebl-e9m8eenct6-768066a69-6131/ee4l-eam5e2net-/40f07350406060c0e0c-f0"0:0"00-000002030-0f0f-f0f0-f0f0f-f000010d0-0f0f2f5f/-vfaflfufe0 0&amp#27;0[03090m2&amp#27;5["3}2}m2
00[&amp#27;d[e3b9umg ]&amp#27; [&amp#27;9[03m55m6[6W 3msC  -( 0114c&amp#27;2[39m
d&amp#27;6[d395)m][&amp#27;H[T3T9Pm] &amp#27;R[e3s9pmo n&amp#27;d[i9n0gm &amp#27;t[o3 9cmli
e&amp#27;n[t3 5wmith[ HdTrTiPv]e&amp#27;r[.3f9imn d&amp#27;E[l3e7mme-n-t>(&amp#27;)[ 3r9ems u&amp#27;l[t3:7 m{G"EeTl&amp#27;e[m3e9nmt -&amp#27;6[03676m-/1w1de/4h-uab5/2see-s4sfi7o3n5/426c6ac1e6c3fd"9:-"b0d0e0f0-040d0b0b--09080bb-98e0c-6070816da-9f6f3f/fc-ofnftfefx0t0&amp#27;0[03090m25
"&amp#27;,["3E5LmEM[EHNTTT"P:]"0&amp#27;0[03090m0 0&amp#27;0[-900m0{}0&amp#27;0[-3090m1d
-[fdfefbfu-gf]f f&amp#27;f[00000025"}35
m&amp#27;[[W335Cm [(H2TcTaP1]6&amp#27;3[d399)m] &amp#27;&amp#27;[[3397mm <C-a-l lPiOnSgT  A/pwpdi/uhmuDbr/isveers.getCurrentConstieoxnt/(0)1 cw2idt6hd 9a-rbg4sf:d -[4"721cc-9abb0-21a6d1b4630e/elem1ent 6&amp#27;3[d399-mb&amp#27;d[e3f2-m420d0b&amp#27;b[-399m8 b&amp#27;b[9-09m829e3 mcs 6-7 18367&amp#27;a[9396m3
"&amp#27;][35m
[[HTdTeP]b&amp#27;[u3g9m]  &amp#27;&amp#27;[[903m5&amp#27;[m3[9W3C (2mca1
6&amp#27;3[d395)m][&amp#27;H[T3T9Pm] &amp#27;Re[s3p9omn d&amp#27;i[n3g7 mt-o -c>l&amp#27;[i3e9nmt &amp#27; [w3i7tmhGET &amp#27;d[r3i9vme r&amp#27;.[g3et7Cmu/rwrde/nhtuCb/sessoinotne/xt01c2d6d9-b4(f)d -r4e7s1ucl-t9:b b"0N-2AT1IaV6Ed_1AbP4P63"0e
/&amp#27;e[l3e5mme[nHTtT/P0]&amp#27;0[03090m &amp#27;[37m0<0--0 -G0E0T0 /0w-d0/0h1udb-f/sfefsfs-ifofnf/f20c0a0106030d92-5b/ddeifs-p4ldabybe-d9&amp#27;8[b3b9-m98
e&amp#27;[c3657m8[6HaTT9P6]3&amp#27;/[c3on9m &amp#27;[90temx{t} &amp#27;&amp#27;[[3399mm&amp#27;[
3[2dme2b0u0g&amp#27;][ 3&amp#27;9[3m5 m&amp#27;[W[39C0 (m021 cm2sd -6 d292)&amp#27;][&amp#27;3[9m39
m&amp#27;[ 3C5aml[lHiTTP]&amp#27;[n39gm  A&amp#27;p[9p0im&amp#27;u[m39Dmr
i&amp#27;v[3e5rm[.HeTlTPe]m&amp#27;[e3n9tm D&amp#27;i[3s7pml--a>y&amp#27;[e39dm( &amp#27;)[ 3w7miPtOShT &amp#27;a[r3gs9:m  &amp#27;[["3070m0/0w0d0/0h0u-b0/0s0es0s-i0on0/12cda-16f3fdf9-fb-defff-f4dfb0b0-09080b0b2-958"e,c"607186ca29d663/de9le-mben4tf&amp#27;[d3-9m47
1&amp#27;c[-395bmb[0HT-T2P1]a&amp#27;[6d319bm 4&amp#27;[90m{"u6si3n0ge"":"acce]ss
i[bdielbug] i&amp#27;t[y3 5imd[",W"Dva lPureo"x:"yt]e&amp#27;s[t3-9Pma sMsawtocrhde"d}&amp#27; '[3/9emle
m[ednetb/u0g0]0 0&amp#27;0[03050m-[0W030C0 (-20ca0116d3d-9f)]fff-ffff&amp#27;0[03090m0 0C2a5l/altitnrigb uAtpep/iduimsDprliavyeerd.'fi tnod cEolemmemnatnd()  nwiatmhe a r'ggse:t At[t"raicbcuetes'si
[bdielbiutgy]  i&amp#27;d"[,3"t5ems[tW-DP aPsrosxwyo]r&amp#27;d["39,m" 2Pcar1o6x3ydi9n-gb d[eGfE-T4 d/bebl-e9m8ebnbt-9/80ec0607000008-60a09060-30"01]d-
f[fdfefb-ugf]f f&amp#27;f[03050m0[0B02a5s/eaDritvterr]i&amp#27;b[u3t9em/ Vdailspilda yleodc]a ttoor  [GsEtTr ahttetgpi:e/s/ 1f2o7r.0 .t0h.i1s: 10re0q0u0es/tw:d x/phautbh/,s eisd,s iocnl/afs15s 2n6a6amce-,2 a1cfcee-s4s7i1bdi-9l1ift8-a6b5ye bid0,c ccbsdsb /seellemeecntto/r0,00 0-0a0ndr0oi0d- 0u0i0au0t-o0m0a1tdo-rff
f[fd-ebfufgf] f&amp#27;0[0305m0[0B0a2s5e/Datrtirviebru]t&amp#27;e[3/9dmi sWpaliatyeidn]g  wuipt ht on o0  mbso dfyor
 [cdoenbudg]i t&amp#27;i[o35nm[
W[Dd ePbruogx]y ]&amp#27;&amp#27;[[3359m Gotm [WrDe sPprooxnys]e&amp#27; [w3i9tmh  sMtaattcheuds  2'0/0el:e m{e"nts'e stsioo ncIodm"m:a"fn1d5 2n6a6mac-21fe-471d-91f8-a6b5eb0ccbdb","value":"true"}
[debug] &amp#27;[35m[W3C (01c2de6 d9)']f&amp#27;i[n3d9Eml e  When I enter username as "standard_user"                # com.qa.stepdef.LoginStepDef.iEnterUsernameAs(java.lang.String)
ment'
[dRebug] &amp#27;e[s3p5om[WD Proxy]&amp#27;[39m Proxying n[dPiOnSgT  t/oe lcelmieenntt with ]d rtiov e[rP.OeSlTe mhetnttpD:i/s/p1l2a7y.e0d.(0). 1r:e1s0u0l0t1:/w dt/rhuueb/
s&amp#27;e[3s5smi[oHnT/TaPc]0&amp#27;[c3395m1 a&amp#27;-[53c72m7<--4-6 0GbE-T 9/9w1db/-h3fu2b2/99s0e9s2sa0i7o/nel/e0m1ecn2t]d 6wdi9t-hb 4bfody: {d"-s4t7r1acte-g9y"bb:0"-ac2c1esas6idb1ibl4i63t0ye /ied"l,e"mseelnetct/o0r0"0:"0t0es0t0-0P-a0s0s0w0o-0r0d1"d,"-cfonftfefx-tf"f:f"f"0,"0m0u0l0t0i2pl5e/"d:ifsapllsaey}ed
 [&amp#27;de[b3u9gm] &amp#27;&amp#27;[[3325mm[2W0D0 &amp#27;Pr[ox3y]9&amp#27;m[ 3&amp#27;9[9m0 Gmo1t1  rmess p-o 14&amp#27;[39m
n&amp#27;s[e3 w5imt[h HsTtTaPt]u&amp#27;s[ 3290m0:  &amp#27;{["s9e0sms&amp#27;i[o39nmId
"&amp#27;:["3a5mc[0cH3T5T1Pa]-&amp#27;5[c3297-m4 6&amp#27;0b[-3979m1-b-->3f&amp#27;2[293990m92 a&amp#27;0[73",7m"GvaElTue&amp#27;"[:3{9"mE L&amp#27;E[M3E7NTm":/"w0d0/0h0u0b00/0s-e0s0s0i0o-n0/00213c-2fdff6fd-9f-b4ffdff-0407010c0-092b8","be0le-m2e1nta-660d616b-4161e340-ea/52ceo-n4tfe73x5t4&amp#27;6[6c3e9cmf":
"&amp#27;0[03050m0[0H00T-T0P0]0&amp#27;0[-30902m3- f&amp#27;f[f9f0-mf{f}ff&amp#27;[03090m000
28["d}}eb
u[gd]e bu&amp#27;g[]3 5&amp#27;[m35[mW[3WC3 C( (021cca216d63dd9)]&amp#27;[399m) ]Re&amp#27;s[p3o9nmdi nCga ltloi cnlgi eAntp pwiituhm dDrriivveerr..fingdEelteCmeunrt(r)e nrteCsoulntt:e x{t() "weitlhe maerngts-:6 0[6"60-11c12ed46-da95-2be4-4ffd7-347514c-696bbc0-e2c1af6"d:1"b04060300e0"0]00
-[d0e0bu0g0]- 0&amp#27;[35m[W3C (01c2d062d93)-]f&amp#27;f[f3f9-mf fRfef0s0p0o0n0d0i2n8","ELEMEgN Tt"o:" 0c00l0i0e0n0t0 -w0i0t0h0 -d0r0i2v3-efrf.fgfe-tfCffufr0r0e0n0t0C02o8n"t}ex
t(&amp#27;)[ 3r5em[sHuTlTtP]:&amp#27; ["3N9AmT I&amp#27;V[E3_7AmP<P-"- 
P&amp#27;O[S3T5 m/[wdH/ThTuPb]/s&amp#27;e[s3s9imo &amp#27;[3n7/m2<ca-1-6 3GdE9T- b/dwedf/-h4udbb/bs-e9ss8ibobn-/980e1cc627d86a69d693-/be4lfedme-n4t7 1&amp#27;c[-399bmb&amp#27;0[-3221m2a060d&amp#27;1[b349m6 3&amp#27;0e[/9c0om4n5t7e xmts  &amp#27;[-3 193m7&amp#27;&amp#27;[[3329mm20
0&amp#27;&amp#27;[[335m9[mH T&amp#27;T[P9]&amp#27;0[m319 mm s&amp#27; [-9 02m2&amp#27;&amp#27;[[3399mm

&amp#27;&amp#27;[[3355mm[[HHTTTTP]P&amp#27;][&amp#27;3[93m9 m&amp#27; [&amp#27;3[7m9-0-m>&amp#27;&amp#27;[[3399mm &amp#27;[
3&amp#27;7m[G3E5Tm&amp#27;[[H3T9m &amp#27;T[P3]7&amp#27;m/[w3d9/mhu b&amp#27;/[s3e7ssmi-o-n/>2&amp#27;c[a31693md 9&amp#27;-b[d3e7fm-P4OdSbTb&amp#27;-[9389bmb- 9&amp#27;8[e3c677m8/6aw9d6/3h/uelbe/mseensts/i0o0n00/000100c2d-60d090-0b-040fd-471c-9b2b30--f2f1faf-6fdf1ffb040603000e02/8e/ldeismpelnayte&amp#27;d[&amp#27;3[399mm
&amp#27;
[&amp#27;3[53m5[mH[HTTTPT]P&amp#27;][3&amp#27;9[m 3&amp#27;9[m9 0&amp#27;m{[}9&amp#27;0[3m9{m"u
s[idnebgu"g:] "&amp#27;a[3c5cm[eWs3sCi b(2iclai1t6y3 d9i)d]"&amp#27;[,3"9vm aClaulel"in:g" testA-pUpisuemrDrniavmere."e}le&amp#27;m[e3n9tmDi
s[pdleabyuegd]() with  a&amp#27;rg[s3:5 m[["0W030C0 0(00010c-20d060d09-)0]0&amp#27;2[33-9fmf fCf-aflfflfi0n00g0 0028","2ca1A63pdp9i-ubmdDerfi-v4edrb.bf-i9n8dbEbl-e9m8eentc(67)8 6aw9i6th args: ["ac3c"e]ss
i[bidleibtuyg ]i d&amp#27;",["3t5ems[tW-DU sPreorxnya]m&amp#27;e["3,9"m0 M1act2cdh6edd9 -'b/4elfedme-n4t7/010c0-090b0b000--2010a060-d010b243-6f3ff0fe-"ff]ff
0[0d000e0b2u8g]/ a&amp#27;t[t3r5imb[uBtaes/deiDsrpilavyeedr'] &amp#27;t[o3 c9ommm aVnalidd  lnoacmaet o'rg esttArtattreigbiuetse' f
o[rde btuhgi] s&amp#27; [r3e5qmu[eWsDt :P rxopxayt]h&amp#27;,[ 3i9md ,P rcolxaysinsg  n[amGeE,T  a/cecleesmseinbti/l0i0t0y0 0i0d0,0 -c0s0s0 0-s0e0l23e-cftfofrf,- f-fafnfd0r0o0i0d00 2u8i/aautttormiabtuor
t[ed/ebdiusgp]l ay&amp#27;e[d3]5 mt[oB [aGsEeT Dhrttipv:e/r/]1&amp#27;2[73.90m.0 .Wa1i:t10i0n0g1 /uwpd /thou b0/ smesss ifono/ra cc0ocn3d5i1tai-o5nc27
-[46d0ebb-u9g9]1 b&amp#27;-[3f3252m9[9W0D9 2Prao07x/ye]l&amp#27;[3e9mme nMtat/c0he0d0 0'0/0e0l0e-m0e0n0t0'- to0 0c2o3-mfmfafnfd-f fnfafm0e0 0'0f0i0n2d8E/laetmternitb'ute/displayed] with no body
[debug] &amp#27;[35m[WD Proxy]&amp#27;[39m Got response with sta
tu[sd e20b0u:g ]{ "&amp#27;[s35ems[sWDi oPnrIodx"y:]"&amp#27;a[c390mc 3P5r1oax-y5ci2n7g- 4[6P0Ob-S9T9 1/belemen-t3]f 2t2o9 9[092a07","valueP"O:S"Tt rhutet"p}://
1[2d7e.b0u.g0] .&amp#27;1[:351m0[0W30C0 /(2wcda/1h6u3bd/9s)e]s&amp#27;s[i3o9nm/ fRe1s5p2o6n6daicn-g2 1tfoe -c471d-91lfi8e-nat6 bw5ietbh0 cdcrbidvbe/re.leelmeemnetn]t Dwiistphl abyoeddy(:)  {r"essturlatt:e gtyr"u:e
"&amp#27;a[c3c5ems[HsTTP]&amp#27;i[b3i9lm i&amp#27;t[y3 7imd<"-,- "sGEeTl e/cwtdo/rh"u:b"/steesssti-oUns/2ecran1a6m3de9"-,b"dceofn-t4edxbtb"-:9""8,b"bm-9u8leticp6l7e8"6:afa9l6se3}/e
le[mdeenbtu/g]0 0&amp#27;0[0305m0[0W0D- 00Pr0o0x-y0]0&amp#27;2[33-9fmf fGfo-tf frfefs0p0on0s0e0 0w2i8th/ dsispltaayteuds  &amp#27;2[3009:m &amp#27;{["32m20sessionId0"&amp#27;:["3f91m5 2&amp#27;6[69a0cm-1201 fmes- 4-7 11d4-&amp#27;9[13f98m-a
6&amp#27;b[53e5b0cmc[bHdTbT"P,]"&amp#27;v[a3l9ume "&amp#27;:[{9"0EmL&amp#27;E[M3E9NmT"
&amp#27;:["3050m0[0H0T0T0P0]-&amp#27;0[03090m- 0&amp#27;0[13d7-mf-f-f>f&amp#27;-[f3f9fmf 0&amp#27;0[03070m0GE2T5&amp#27;[39m &amp#27;[37m"/,w"de/lheumbe/nste-s6s0i6o6n-/121cea41-6a35d29e--b4dfe7f3-544d6b6bc-e9c8fb"b:-"908000e0c060708-60a090603-/0c0o1ndt-efxftf&amp#27;f[-3f9fmff
0&amp#27;0[03050m0[2H5T"T}P}]&amp#27;
[[3d9emb u&amp#27;g[]9 0&amp#27;m[{3}5&amp#27;m[[3W93mC 
([0d1ecb2udg6]d 9&amp#27;)[]3&amp#27;5[m3[9Wm3 CR e(2cas1p6o3ndd9i)n]&amp#27;g[ 3t9om  cClailelnitn gw iAtphp idurmiDvreirv.efri.ngdeEtlCeumenrtr(e)n trCeontesxtu(l)t :w ith args: ["2ca1{63d9"-bedlefe-m4debbn-t98-bb6-9086ec66-71861ae9463-"a]52
e[-d4efb7ug3]5 4&amp#27;6[63c5emc[fW"3:C" 0(020c0a0106030d-9)0]0&amp#27;0[30-90m0 1Rde-sponding to ffcfliefnt- wfithf driver.getCurrefntfC0o0nt0ex0t0()0 2r5es"u,"Elt: "NATLIEVEM_AEPNP"T"
&amp#27;:["350m[0HT0T0P]0&amp#27;[0309m0 -&amp#27;[0370m0<-0- -G0ET0 1/dwd-/hfufb/fsfe-sfsifonf/f2c0a106030d90-b0de25"}f-4
db&amp#27;b-[938b5b-m98[ecH67T86Ta9P63]/c&amp#27;on[te3xt9 m&amp#27;[ 39&amp#27;m&amp#27;[[323m270m0&amp#27;[<39-m -&amp#27;[9 0mP1 OmsS - T22 &amp#27;[/39mw
d&amp#27;[/35hm[HuTTbP]/&amp#27;[3s9em s&amp#27;[9s0mi&amp#27;[o39nm/
&amp#27;0[351m[HcTT2Pd]&amp#27;6[3d9m 9-&amp#27;[b374m--f>&amp#27;d[3-9m4 7&amp#27;[137cm-PO9ST&amp#27;b[3b9m0 -&amp#27;[2371m/awd6/hdub1/sbes4sio6n/32c0a1e63/d9e-bldeefm-4edbbn-9t8b b-&amp#27;98[ec367896am9&amp#27;63[/e3le2memn2t&amp#27;0[039m&amp#27;
[&amp#27;3[395mm[H TTP&amp#27;]&amp#27;[[399m0 m&amp#27;2[9201m{ "mussi ng-" :"1ac3c7es&amp#27;si[b3il9imty 
id&amp#27;",["3va5lmue[":H"tTesTtP-P]as&amp#27;s[wo3rd9"}m&amp#27; [3&amp#27;9[m9
[0dmeb&amp#27;u[g]3 &amp#27;9m[35
m&amp#27;[W[3C3 5(m2c[a1H63d9)]&amp#27;[39m CaTllTinPg ]A&amp#27;pp[iu3m9Drmi ve&amp#27;r[.f3in7dmEl-em-e>nt&amp#27;()[ 3wi9thm  ar&amp#27;gs[: 3[7"amcPceOssSibTil&amp#27;it[y3 9id"m," te&amp#27;s[t-3Pa7ssmwo/rdw"d,/"2hcau16b3d/9-sbedesf-s4dibobn-9/8b0b1-9c82ecd67686da996-b4fd-4371c"-]9b
[b0d-e2b1uag6]d[INFO ] 2022-10-25 11:00:20.934 com.qa.pages.BasePage:71 - password is secret_sauce
1b4630e /element/&amp#27;0[003050m000-0000-[BaseDriver0]&amp#27;0[319dm- fVfaflfi-d flfofcfat0o0r0 stra0te0g0i2e5s/ vfoarl uteh&amp#27;[39ims 
r&amp#27;eq[u3e5smt:[ HxTpTaPt]h&amp#27;,[ 3i9dm,  &amp#27;c[l9a0ssm {n"aimde",: "a0cc0e0s0s0i0b0i0l-i0t0y0 i0d-,0 0c1sds- ffsfefl-effcftfo0r0,0 00-0a2n5","textd":r"ositdan duairautdo_muasteorr"
[deb,u"gv]a l&amp#27;u[e3"5:[m"[sB"a,s"te"D,r"iav"e,r"]n"&amp#27;,["3d"9,m" aW",a"irt"i,n"dg "u,"p_ "t,o"u "0, "mss", "feo"r, "cro"n]d}i&amp#27;ti[o3n9
m[de
b[udge] b&amp#27;u[g]3 5&amp#27;m[[3W5Dm [PWr3Co x(y0]1&amp#27;c[2d369dm9 )M]&amp#27;a[t3c9hme Callidng  A'p/peiluemDmreinvte'r. steot Vcaolumem(a)n dw intham aerg s':f i[n[d"Esl"e,"mte"n,t"'a"
,"[nd",e"bdu",g"]a ",&amp#27;"[r3"5,m"[dW",D" _"P,r"oux",y"]s&amp#27;"[,"3e9"m, "rP"r],o"x0y00i0n0g00 0[-P0O0S0T0- 0/0e1lde-fmfefnft-] to [POST http://f1f2f7f.000000.002.51":,1"00010c12/dw6dd/9-hub4bf/ds-e4s7si1ocn-/9abcb00c-3251a16ad-1b54c62370-e4"60]b-
9[9d1ebb-u3gf]22 9&amp#27;9[03952ma[0W7D/ ePlreomxeyn]t&amp#27;][ 3w9imt hM abtochdeyd:  '{/"esltermaetnetg/y0"0:0"0a0c0c0e0s-s0i0b0i0l-i00t1y id","sd-feflfefc-tfofrf"f:"0t0e0s00t0-2P5a/svsawloured'" ,t"oc ocnotmexmta"n:d" "n,a"mmeu l'tsieptlVea":lfuea'ls
e[}
[debduge] b&amp#27;u[g3]5m [&amp#27;WD[ P3ro5xym]&amp#27;[[3P9mr Goott orecspoonlse  Cwointhv esrtatteurs] 2&amp#27;0[03:9 {m Added" s'evsasliuoneI'd "p:r"oapce0rct3y5 1[a-"5c27-46s0b"-,99"1tb"-3,f"2a2"9,9"0n9"2,a"07d"",,""vaa"lue,"":r{"",E"LdE"M,E"N_T"",:""u0"0,0"0s0"00,0"-e0"0,0"0r-"0]0 2t3-of f'fsfe-tfVfaflfu0e0'0 0r0028",e"element-6q0u6e6s-t1 1be4o-day52
e[-d4efb7u3g5]4 6&amp#27;6[ce3c5fm"[:W"D0 0P0r0o0x0y0]0&amp#27;-[003090m- 0P0r2o3-xfyfifnfg- f[fPfOfS0T0 00/0e0l2e8m"e}n}t/
0[0d0e0b0u0g0]0 -&amp#27;0[03050m-[0W031Cd -(f2fcfaf1-6f3fdf9f)0]0&amp#27;0[03090m2 5R/evsaplouned]i ntgo t [POST oh tctlpi:e/n/t1 2w7i.t0h. 0d.r1i:v1e0r0.0f0i/nwddE/lheumben/ts(e)s srieosnu/lft1:5 2{6"6ealce-m2e1nfte--6407616d--1911ef48--aa562be5-e4bf07c3c5b4d6b6/ceelcefm"e:n"t0/00000000000000-00-000000-00-002031-df-ffffff-ff-ffffff0f000000000200285",/"vEaLlEuMeE]N Tw"i:t"h0 0b0o0d0y0:0 0{-"0e0l00e-m0e0n2t3I-df"f:f"f0-0f0f0f0f000000-000000208-"0}01
d&amp#27;-[f3f5fmf[-HfTfTfPf]0&amp#27;0[0390m0 0&amp#27;2[53"7,m"<t-e-x tP"O:S"Ts /twadn/dhaurbd/s_eussers"i,o"nr/e2pclaac1e6"3:df9a-lbsdee,f"-v4adlbueb"-:9[8"bsb"-,9"8te"c,"a","n","d","a","r","d","_","u","s","e","r"]}
[de6b7u8g6]a 9&amp#27;63/[e3l5em[mWeDn Ptr o&amp#27;xy[]3&amp#27;9[m3&amp#27;9m[ 3G2otm 2r0e0s&amp#27;p[on3s9em  w&amp#27;it[h9 0stma1t7u sms  2-0 01:3 7{&amp#27;"[39m
&amp#27;[35sme[sHsTioTnPI]d"&amp#27;:["3f91m5 2&amp#27;66[a9c0-m21&amp#27;f[e3-94m71
d&amp#27;-9[13f58m-a[6HbT5TebP0]c&amp#27;cb[d3b9",m" v&amp#27;a[lue":null}3
7[md-e-b>u&amp#27;g[]3 9&amp#27;m[ 3&amp#27;5[m3[W73mC P(O01ScT2d&amp#27;6[d93)9]&amp#27;m[ 3&amp#27;9[m3 7Rme/spwodn/dhinugb /tos ecsliseion/2ca163d9-ntb dweitf-h4 ddbrbi-v9e8r.bsbe-t9V8aelcu6e7(8)6 rae9s6u3l/t:e lneulmlen
t&amp#27;/[3050m0[H0T0T0P]00&amp#27;-[3090m0 &amp#27;0[-3070m2<3---f fPfOSfT- f/fwfdf/0h0u00b/0s0e2s8s/icolne/a0r&amp#27;1[c23d96md9-
b&amp#27;4[f3d5-4m71[cH-9TbTbP0-]2&amp#27;1[a369d1mb 4&amp#27;[90m63{0"ei/del"e:m"e0nt0/000000000000-0000-0000-000-00203-1fdf-ffff-ffff-ffff0f0f00000000020825"/}v&amp#27;a[l3u9em &amp#27;[
3[9dme&amp#27;b[3u2gm2]0 0&amp#27;&amp#27;[[3395mm [&amp#27;W[390Cm 5(324c am1s6 3-d9 )1]4&amp#27;[&amp#27;3[39m9 mC
a&amp#27;l[l3i5mn[gH TATpP]p&amp#27;i[um3D9mr i&amp#27;v[9e0r.clema&amp#27;r[(3)9 mwi
th&amp#27;[ 3ar5gms[:H ["T0T0P0]0&amp#27;00[0309-m0 &amp#27;0[0307-m00-2-3>-&amp#27;ffff-f[f3f9fm0 0&amp#27;0[03070mG2E8T"&amp#27;,[3"92mc a&amp#27;1[6337dm9/-wbdd/ehfu-b4/dsbebs-s9io8nb/b0-19c28de6cd697-8b64afd9-6437"1]c-
9[bdbe0b-ug2]1 a&amp#27;[63d51m[bW4D6 P3r0oex/yc]&amp#27;[o3n9mt eMxattc&amp#27;hed '/element/0[39m
&amp#27;[035m00[0H0T0T0P-]0&amp#27;00[03  And I enter password as "secret_sauce"                  # com.qa.stepdef.LoginStepDef.iEnterPasswordAs(java.lang.String)
9m &amp#27;[90m-{}&amp#27;[39m
0[d0eb2u3g]- f&amp#27;[f3f5mf[-W3fCf f(0f10c02d060d90)0]&amp#27;2[83/9mc lCaelalrin'g  Atpopi ucmoDrmimvaenrd. gentaCmuerr e'ntcClonetaerxt'()
 [wdietbh uga] &amp#27;[35m[WrgDs :P [r"o01xcy2]d&amp#27;6[d399-mb P4rfodx-y4i7n1gc -[9PbOb0S-T21 a/6de1lbe4m6e30e"]
[dnetbu/g0]0 &amp#27;0[0350m0[0W03-C0 0(0001-c020d263-df9f)ff]-&amp#27;f[f3f9fm0 0R000028/clear] etsop o[nPdOiSTn gh tttpo: /c/1l2i7e.n0.t0 .w1i:t1h0 0d0r1i/vwedr/.hguebt/CsuersrsenitoCno/anct0exct3(5)1 ar-e5scu2l7t-:4 6"0bN-A9T9I1VbE-_APP3"f2
2&amp#27;9[93059m2[aH0T7T/Pe]l&amp#27;e[m3e9nmt /&amp#27;0[03070m0<0-0-0 G-E0T0 0/0w-0d0/2h3-ufbff/fse-sfsfifofn0000002/80/c1lce2adr6]d 9wi-bt4h fbdo-d4y7:1 c{-"9eblbe0me-n2t1Iad6":d1"b040603000e0/0c0o-n0t0e0x0t- 0&amp#27;0[2339-mf&amp#27;f[3f2fm-2f0ff0&amp#27;f[03090m0 0&amp#27;0[2980"m}1 
m[sd e-b u2g2] &amp#27;&amp#27;[[3395mm[
W&amp#27;D[ 3P5rmo[xHyT]T&amp#27;[P3]9&amp#27;m[ 3G9mo t&amp#27; [r9e0smp&amp#27;o[n3s9em w
i&amp#27;t[h3 5status 2m0[0H:T {TP"s]e&amp#27;ss[i3o9nmId "&amp#27;:"[a3c7m0-c-351a-5c27-460b-991b-3f2299092a07","value":null}
[debug] &amp#27;>[35m[W3C (2ca&amp#27;163[d399)]m&amp#27;[ 3&amp#27;9[m 3R7emspPoOnSdTi&amp#27;n[g 3t9om c l&amp#27;i[e3nt7 mw/iwtdh /dhruibv/esres.sclieoanr/(0)1 cr2edsu6ldt:9 -nbu4llfd
-&amp#27;4[7315cm-9bb0-21a[6dH1b4630Te/TelPem]en&amp#27;t&amp#27;[[3399mm 
&amp#27;&amp#27;[3[5m37m<-- [PHOTSTTP] &amp#27;[/39wm d&amp#27;/[9h0mu{"bus/insge":s"acsceissoinb/il2itcy aid1",6"3vadlue9":-"tbesdte-Pfa-ss4wodrbd"b}&amp#27;-[9389mb
[bde-b9ug8ec6786]a &amp#27;9[6335/me[lW3eCm e(n0t1/c20d060d090)]0&amp#27;0[03-9m0 00C0a-l0l0in2g3 -Afpfpfifu-mffDfrfi0v00e0r.fi0n0dE2l8/ecmelneta(r)  &amp#27;wi[t3h9 ma&amp#27;r[gs3:2 m2[0"a0c&amp#27;c[e3s9smi b&amp#27;i[l9i0mt2y9  imds" ,-" t1e4s&amp#27;t[3-9Pmass
w&amp#27;o[3r5d"m,["HT01TPc2]d&amp#27;6[d39m9 -b&amp#27;4f[d9-04m7&amp#27;1[c-399bbm0-2
1a6&amp#27;d[1b346530me["]H
[TdTebPug]] &amp#27;&amp#27;[[335m9[Bma se&amp#27;D[ri3ve7rm]&amp#27;-[3-9m> V&amp#27;al[i3d 9lomca to&amp#27;r [st3r7amteGgEiT&amp#27;e[s3 9fmo r&amp#27; [t3h7ims/ wrde/qhuuebs/ste:s sxipoant/h2,c ai1d,6 3cd9-labssd enafme-, 4adccbesbsi-bi9li8tyb ibd-, 9cs8s esecl6e7ct8or6, a-a9nd6ro3i/d cuioauntotmeatxort
&amp#27;[d[eb3u9g]m &amp#27;[3
5m&amp#27;[B[a3se5Drmiv[erH]&amp#27;[T39TmP W]ai&amp#27;tin[g3 u9p mt o &amp#27;0 [ms9 0fomr{ }c&amp#27;on[di3ti9onm
[
de[budg]e &amp#27;b[3u5m[WD Proxgy]] &amp#27;&amp#27;[[3359mm [MWa3tCc h(e2dc a1'6/3edl9e)m]e&amp#27;n[t3'9m  tCoa lcloinmgm aApnpdi unmamDrei v'efri.ngdeEtlCeumrernetn'tCo
n[tdeexbtu(g)]  w&amp#27;i[t3h5 ma[rWgDs :Pr o[x"y2]ca&amp#27;1[6339d9-mb dPerfo-x4ydibnbg- 9[8bPbO-S9T8e c/6e7l8e6mae9n6t] to 3["P]OS
T[ debuhg] t&amp#27;[t35pm[:W3/C /(2c1a1623d79.)]&amp#27;0[3.9m0 R.esp1ond:ing1 to0 cl0ien0t 0wi/th wdrdiv/er.hgeutCubrre/ntCsonetexst(s) iresoulnt: /"NAfTIV1E_A5PP"2
&amp#27;6[356ac-m2[H1TTfP]e&amp#27;[-394m &amp#27;7[317md<--- G9ET 1/wdf/hu8b/s-essaio6n/2bca516e3db9-0bdefc-4cdbbbd-9b8b/b-e98leec6m786ea9n63/context &amp#27;[39m&amp#27;[32m200&amp#27;[39mt &amp#27;][9 0wm1i tmsh - b 2o2&amp#27;d[3y9m:
&amp#27; [3{5m"[HsTtTPr]&amp#27;a[t39emg &amp#27;y["90:m"&amp#27;[a39cmc
&amp#27;e[35sm[sHTiTPb]&amp#27;i[3l9mi t&amp#27;[y3 7mi-d-">&amp#27;,["39sme l&amp#27;[e3c7mtPOoSTr&amp#27;"[3:9"m t&amp#27;[e3s7tm/-wPd/ahsubs/sewssoiorn/d2c"a1,6"3d9-cbodntext"ef:-"4"db,b-"98mbbu-98lect6i7p86lae96"3:/efleamlesnte&amp#27;}[39
m[
d&amp#27;[e3b5mu[HgTT]P] &amp#27;[3&amp#27;9[m 3&amp#27;[59m0m[{"WusinDg ":P"arcocxesysi]b&amp#27;il[i3ty9 mid "G,"ovatl ure"e:s"tpeostn-Psaess wwith sotrda"}t&amp#27;[u39sm 200
:[d e{b"usg]e s&amp#27;[s3i5mo[nW3ICd ("2c:a"1f631d95)2]&amp#27;6[639amc C-a2ll1infge A-pp4i7um1Drdiv-er9.f1infdE8l-emae6ntb()5 ewibt0h cacrgbs:d b[""ac,c"evssaibliuliety" i:d{",""tEesLtE-MPaEssNwTor"d":,""02ca163d90-b0d0ef0-40d0bb0--980b0b-0908e-c6070861a963"]
[dedbu-g]f f&amp#27;f[f35-m[fBafsfeDfri0v0er0]&amp#27;0[0390m 2Va8li"d ,lo"ceatloer msetrnatte-gi6e0s 6f6or- 1th1ies 4r-eqaue5s2t:e x-p4fat7h,3 5i4d6, 6cclaescsf "n:am"e0,0 0a0c0ce0s0si0b-i0li0t0y 0i-d0, 0c1sds- fsfeflfe-cftfofrf,0 0-0a0nd0r0o2i8d" u}i}au
t[odmator
[debug] &amp#27;[35me[BbausgeD]r iv&amp#27;e[r]3&amp#27;5[m39[mW 3WCa i(t0i1ncg2 udp6 d9)]&amp#27;t[o 30 9mms  Rfeosrp ocnonddiintigo nt
o[ dcebluige]n t &amp#27;w[i3t5hm [dWrDi vPerro.xfyi]n&amp#27;d[E3l9emm Meantcth(e)d  'r/eelseumletn:t '{ t"oe lcoemmmeanndt -n6am0e6 6'-f1i1ned4E-lae5m2enet-'4
f[7de3b5ug4] &amp#27;[365m6[cWecDf P"r:ox"y0]0&amp#27;0[03090m0 0P-r0o0x0y0in-g0 0[1POdS-Tf /feflfem-efnftf] ft0o0 0[P0O0S0T 2h8t"tp,:"/E/1L2E7.M0E.N0T."1::"100000010/w0d0/0hu0b-/0se0s00s-io0n0/1acd0-cf35f1faf--5cf2f7f-f0406000b0-092981"b-}3f
2&amp#27;2[99305m[H9T2TaP0]7&amp#27;/e[l3em9emn t&amp#27;][ 3w7ith mb<od-y-:  P{"OstSrTa t/egwyd"/:"hauccbe/ssseisbisliiotny /i0d1",c"2sdel6edc9t-obr4":f"dt-e4st7-1Pcas-s9wborbd0"-,2"1cao6ndt1be4x6t3"0:e"/",e"lmuelmetnitpl e&amp#27;"[:3fa9lms&amp#27;e[}32
[md2e00&amp#27;[3bu9gm]  &amp#27;&amp#27;[[3950mm[3WD9 6P rmoxsy ]-&amp#27;[ 3193m7 G&amp#27;o[t3 9rmes
p&amp#27;o[n3se 5wimt[hH TstTatPu]s&amp#27; [3290m0:  &amp#27;{"[s9e0sms&amp#27;io[n3I9d"m:"
a&amp#27;c0[c33551ma-[5HcT2T7P-4]6&amp#27;0b[-399m9 1&amp#27;b[-337fm2-29-9>09&amp#27;2[a3097m" ,&amp#27;"v[a3l7ume"G:E{"TE&amp#27;[3L9EmM EN&amp#27;T["3:"70m0/0w0d0/0h00u-0000-b0/0s2es3s-ifonf/f0f1-cf2df6fdf9-0b04f0d0-047012c8-",9"bebl0e-m2ent-6066-111ea46-da15b2e4-643f703e5/4e6l6ecmeecntf/"0:0"0000000000-00000000--00001d-0f0f-ff0-0f2f3f-ff0f0f0f0-0f02f8f/fd00i0sp0l0ayed&amp#27;[39m
&amp#27;[35m0[H2T8T"P}]}&amp#27;[3
9[md e&amp#27;[b9u0gm]{ }&amp#27;&amp#27;[[3359mm[
W[3dCeb u(g2]c a&amp#27;1[6335dm9)[]W&amp#27;3[C3 9(m0 1Rce2sdp6odn9d)]i&amp#27;n[g3 9tmo  Ccallileinntg  wAiptphi udmDriver.elerimveentr.DfiisnpdElaleymeendt(())  wreistuhl ta: r{g"se:l em[e"n0t0-06006060-0101-e040-0a0-001d-ff5f2f-ef-f4fff70305046060c0e2c8f"",:""0010c00200d060d-90-0b040f-d0-042731-cf-f9fbfb-0-f2f1faf60d010b04603002e8""],"
E[dLEeMbEuNgT]" :&amp#27;"[03500m0[0W0D00 -P00ro0x0y-]002&amp#27;3[-3f9fmf fM-aftfcfhfe0d0 0'0/0e0l2e8m"e}nt
/&amp#27;0[03050m0[0H0T0T-P0]000-001&amp#27;d[-f3f9fmf -&amp#27;f[f3f7fm0<0-0-0 0PO0S2T8 /a/twtdr/ihbuutbe/s/deissspiloany/e2dc'a 1to63 dc9o-mbmadnedf -n4admbe b'-g9e8tbAbt-t9r8iebc6u7te8'6a
9[6d3eb/uegl]e m&amp#27;e[n3t5 m&amp#27;[[W3D9 mP&amp#27;ro[x3y2]m&amp#27;2[0309&amp#27;m [P3r9omx y&amp#27;i[n9g0 m[4GE89 ms - 1T37 &amp#27;/[eleme3n9tm/0
&amp#27;0[0350m0[0H0TT0P]&amp#27;[-3090m 0&amp#27;0[-9000m1&amp#27;d[-3f9fmf
f&amp#27;-[f3f5mf[fHT0T0P0]&amp#27;0[0390m2 &amp#27;8[/3a7tm-t-r>i&amp#27;b[u3t9me/ d&amp#27;i[s3p7lmaGyeEdT]&amp#27; [t3o9m &amp#27;[37m/wd/hub/session/2ca163d9-bdef-4dbb-98bb-98ec6786a96 3/element/[00G00E0T00 0h-0t0t0p0:-/0/012237-f.f0f.f-0f.ff1f:0100000000/0w2d8/h/udbi/ssepslsaiyoend&amp#27;/[f319m52
6&amp#27;6[a3c5-2m1[fHe-T4T7P1d]-&amp#27;9[139m &amp#27;[90mf{8}-a&amp#27;6[b359ebm0c
c[bddebb/uegl]e m&amp#27;ent/[030050m0[00W03-0C0 0(02-0c0a11d6-f3fdff9-)f]f&amp#27;f[f03090m0 0C0a2l8/laitntgr iAbpuptieu/dmDisrpilavyeerd.e]l ewmietnthDi snpol abyodeyd(
)[ dewbiutgh]  a&amp#27;r[3gs5:m [[W"D0 0P0r0ox00y0]0&amp#27;[-3090m0 0G-o0t0 23r-efsfpfofn-sef fwiftfh0 0st0a0tu0s0 22080":, "{2"sessicoan1I6d3"d:"9f-1b52d6e6fa-c4-d2bb1-f9e8b-b4-7918de-c9617f88-6aa6b956eb3"0c]cb
d[bd"eb,u"gv]a l&amp#27;u[e3":5"tmr[uWeD" }P
ro[dxeyb]u&amp#27;[g3]9 m&amp#27; [Ma35tmc[Wh3eC d(0 1'c2/de6lde9)m]e&amp#27;n[t3/90m0 0R0e0s0p0o0n-d0i0ng0 0t-o0 0c2l3-ifefnfft- fwfiftfh0 0d0ri0v0er.eleme0nt2D8i/saptltaryiebdut()e r/edsiusltp:l atyredu'e t
o&amp#27; [co35mmm[HaTTnP]d &amp#27;[n3a9mm e&amp#27;[ 3'7gme<t-A-t triGbEuTt /ew'd/
h[udb/esbeusgs]i &amp#27;o[n35/0m[1WcD2 dPr6do9xy-b]4&amp#27;fd[-43791cm- 9Pbrb0o-xy2i1nag6 d[1Gb4E6T30 e//eelleemmeenntt/0/00000000000000-00-0000-0001d0-0ff-f0f0-2ff3f-ff0f0f0f00-0f2f8f/fd0i0s0p0la0ye02d8 /&amp#27;a[t3t9rmibu&amp#27;te[/32dm200&amp#27;[39m &amp#27;[9i0m13s msp -l 14a&amp#27;[3y9m
e&amp#27;[d35m][HT TPt]&amp#27;[o39 m &amp#27;[[90Gm&amp#27;[E39mT
 &amp#27;[3h5mt[HTtTP]p&amp#27;[3:9m /&amp#27;[/371m-2->&amp#27;7[39.m 0&amp#27;[3.7m0GET.&amp#27;[319m :&amp#27;[137m0/w001/wd/hd/huubb/s/esssione/01sc2ds6di9-bo4fdn-47/1c-a9bbc0-201a6cd13b546301e/caont-ext5&amp#27;[3c9m2
&amp#27;[735m-[H4TTP6]&amp#27;[039bm &amp#27;-[909m{9}&amp#27;[139mb
[-de3bug] &amp#27;[35m[W3C (01fc2229d69d9)0]&amp#27;9[392m Caal0lin7g A/ppieumDlrieverm.geetCnurrten/tC0ont0ext0() with args: ["01c2d6d9-b4fd-471c-9bb0-21a6d1b4630e"]
[debug] &amp#27;[35m[W3C (01c2d6d9)]&amp#27;[39m Responding to client with driver.getCurrent0C0ont0ex0t(0) r-es0ult0: 0"NA0T-IV0E0_A2P3P-"ff
f&amp#27;f-ffff0000[0028/3attr5ibmute[/dHispTlTaPyed]] &amp#27;wit[h 3no9 bomd y&amp#27;
[[de3bug] &amp#27;[35m[WD Proxy]&amp#27;[39m G7ot rmesp<on-se -with  stGatusE 200T: { "s/essiownIdd"/:"hacu0bc3/51as-5ce27-s460sb-i9o91nb/-031fc2229d960d992-ab047f"d,-"47v1acl-u9ebb"0:-"21tar6ud1eb"4}63
0[ed/ecboung]t e&amp#27;x[t3 5&amp#27;m[[3W9m&amp#27;[32m2030C&amp#27; [3(92mc &amp#27;a[1960m31d 9m)s ]-&amp#27; [2329&amp#27;[m3 9Rme
s&amp#27;p[o3n5dmi[nHg tToT Pc]li&amp#27;e[n3t9 mw i&amp#27;t[h9 0md&amp#27;r[i3v9emr.
e&amp#27;l[e3m5emn[tHDTiTsPp]l&amp#27;a[y39emd (&amp#27;)[ 3r7ems-u-l>t&amp#27;:[ 3t9rmu e&amp#27;[
3&amp#27;7[m3P5OmS[TH&amp#27;T[T3P9]m&amp#27;[ 3&amp#27;9[m3 7&amp#27;[m37/m<w-d-/ [INFO ] 2022-10-25 11:00:21.769 com.qa.pages.BasePage:54 - press login button
GET /wdh/uhub/bs/essseiosns/0i1co2nd/62dc9a-1b64f3dd-94-7b1dce-f9-b4bd0b-b2-19a86bb[INFO ] 2022-10-25 11:00:21.796 com.qa.pages.BasePage:71 - password is secret_sauce
-98de1cb64768360ae9/6e3le/meelnetm&amp#27;e[n3t9/m00
0&amp#27;[03050m0[0H-T0TP0]&amp#27;0[03-9m0 0&amp#27;2[39-0fm{f"fufs-infgf":f"fa0c0c0e0s0s0i2b8i/ldiitsyp liady"e,d" v&amp#27;a[l3u9em"&amp#27;:["3t2ems2t0-0P&amp#27;asswo[3r9dm" }&amp#27;&amp#27;[[9309mm12
 [mdse b-u g1]4 &amp#27;&amp#27;[[3395mm
&amp#27;[[W335Cm [(H0T1TcP2]d&amp#27;6[d399)m] &amp#27;&amp#27;[[3990mm &amp#27;C[a3l9lmin
g&amp#27; [A3pp5imum[DHrTiTvPer].&amp#27;f[i3n9dmE l&amp#27;e[m3e7nmt-(-)> &amp#27;w[i3t9hm  a&amp#27;r[37gmsG:E T&amp#27;[["3a9cmc e&amp#27;s[s3i7bmi/wldi/thyu bi/ds"e,ss"itest-oPna/s2csawo1r63dd"9,-"b0d1ecf2-d46ddb9b--b948fbb-d9-84e7c16c7-98b6ba09-2613a/6dc1obn4t6e30xet"&amp#27;][3
9[mde
b&amp#27;u[g3]5 m&amp#27;[H[3T5TmP[]B&amp#27;a[s3e9Dmr i&amp#27;v[e9r0]m&amp#27;{[}&amp#27;3[93m9 mVa
l[idde bluog]c a&amp#27;t[o3r5 ms[tWr3aCt e(g2ciae1s6 3fdo9r) ]t&amp#27;h[i3s9 mrequ eCsatl:l ixnpga tAhp,p iidu,m Dcrlaisvesr .ngameet,C uarcrceenstsCiobnitleixtty( )i dw,i tchs sa rsgesl:e c[t"2ocra,1 6-3adn9d-rbodiedf -u4idabubt-o9m8abtbo-r98
e[cd6e7b8u6ga]9 6&amp#27;3["]35m
[[dBeabsuegD]r i&amp#27;v[e3r5]m&amp#27;[W[339Cm  (W2aciat1in6g up t3od 90 )m]s&amp#27; [f3o9rm  cReosnpdointdiionng 
t[od ecbluige]n t&amp#27; [w3i5tmh[ WdDr iPvreorx.yg]e&amp#27;t[C3u9rmr eMnattContexct(h)e d r'e/seluelmetnt:'  t"oN cAoTmImaVnE_APP"
&amp#27;[35m[HTTP]&amp#27;[39m &amp#27;[37m<-- GET /wd/hub/session/2ca163d9-bdef-4dbb-98bb-98ec6786a963/context &amp#27;[39m&amp#27;[32m200&amp#27;[39m &amp#27;[90m2 ms - 22&amp#27;[39m
d name '&amp#27;f[i3nd5mE[lHeTmTePn]t&amp#27;'[3
9[md e&amp#27;b[u9g] &amp#27;[03m5&amp#27;m[[W3D 9Pmro
x&amp#27;y[]3&amp#27;5[m3[9HmTTP]&amp#27;[39m &amp#27;[37m-- >P&amp#27;r[3o9xym i&amp#27;n[g3 7[mPPOOST&amp#27;[39m &amp#27;S[3T7 m//ewldem/ehunbt/]s etos s[iPoOnS/T2 chat1t6p3:d/9/127.-0.0b.d1e:f10-040d0b/bw-9d8/bhbu-b9/8seescs6i7o8n6/af916532/66aecle-m2e1nfte&amp#27;-[43791md-
9&amp#27;1[f385-ma[6HbT5TePb]0&amp#27;c[c3b9dmb /&amp#27;e[l9e0mme{nt"]u sing":"accesswibiitliht yb oiddy":, "{v"aslturea"t:e"gtye"s:t"-aPcacsesswsoirbdi"}&amp#27;[39m
[debug] &amp#27;[35m[W3C (2ca163d9)]&amp#27;[39m Calling AppiumDriver.findElement(l)i twyi tihd "a,r"gss:e l[e"catcocre"s:s"itbeislti-tPya sisdw"o,r"dt"e,s"tc-oPnatsesxt":"","wmourldt"i,p"l2ec"a:1f6a3lds9-eb}de
[fd-4edbbugb]- 9&amp#27;8[b3b5-m9[8WeDc 6P786rao9x6y3]"&amp#27;][3
9[m dGeobutg ]r e&amp#27;s[p3o5nms[e BwaistehD rsitvaetru]s&amp#27; [23090m:  V{a"lsieds slioocnaItdo":r" fs1t5r2a6t6eagci-e2s1 fef-o4r7 1tdhi-s9 1rfe8q-uae6sbt5eb0cc:b dbx"p,a"tvha,l uied",: {c"ElLaEsMsE NnTam":e," 0a0c0c0es0s0i0b0i-l0ity0 i0d,0 -c0s0s1 ds-eflfefcft-ofrf,f f-0a0n0d0r0o0i2d8 "ui,a"uetlomeamteonrt
-[d6e0b6ug6]- 1&amp#27;1[e345-ma[5B2aes-4efD7r35i4v6e6rc]e&amp#27;c[f3"9:m" 0W00a0i0t0i0n0g- 00u00-001d-fpf ftf-of f0f f0m0s0 00f0o28r" }c}on
d[idteion
[debbug] &amp#27;u[g3]5 m&amp#27;[[W335C m([0W1Dc P2rdo6xdy9)]]&amp#27;&amp#27;[[3399mm  RMesaptocnhdeidn g' /teol ecmleinetn't  twoi tcho mdmriavenrd. fninamdeEl e'mfeintn(d)E lreemseunlt'
[debug] &amp#27;[35m[t:W D{ "Perloexmy]e&amp#27;n[3t9-m 6P0r6o6x-y1i1neg4 -[aP5O2Se-T4 /fe7le3m5e4n6t6]c etcof "[:"PO0S0T0 0h0tt0p0:0//-102070.00.-00.01:11d00-0f1/fwfd/fh-ufbf/fsfe0s0s0i0o0n0/2a8c"0c,3"5E1LaE-5McE2N7-T4"6:0b"-099010b0-03f0202909-0000-0010d9-2faf0f7f/-eflfefmenft0] 0w0i0t0h 0b2o8d"y}: 
{&amp#27;"[s3t5rmat[eHgyT"T:P"]a&amp#27;cc[e39sms i&amp#27;b[i3l7mi<-t-y  PiOdST", "/swedl/ehcutbor/"s:e"stseisotn-/P0a1scs2wdo6rdd9",-"bc4ofndte-x4t"7:1""c,-"m9ublbt0i-pl2e1a"6:df1abl4s6e3}0e
/[edlemeenbtu g&amp#27;][ 3&amp#27;9[m3&amp#27;5[m3[2WDm 2P0rox0y&amp#27;][&amp#27;3[93m9 m&amp#27; [G9o0mt2 0r mess p-o n1s3e 7w&amp#27;it[h3 9stmat
u&amp#27;s[ 3250m0[:H {T"TsPes]s&amp#27;i[on3I9dm": "&amp#27;a[c09c03m51&amp#27;a[3-95mc2
7&amp#27;-[43650mb[-9H9T1TP]&amp#27;[39m &amp#27;b[-337fm22-99-0>9&amp#27;2[a3097"m ,&amp#27;"[v3a7mlPuOeS"T:&amp#27;{["39  And I enter password as "secret_sauce"                  # com.qa.stepdef.LoginStepDef.iEnterPasswordAs(java.lang.String)
m &amp#27;[37m/wEd/hubLEME/sNesTs"io:n"/0010c20d060d90-0b40f-d-40710c-09b0b0--021a06d21b346-30fe/feflefme-ntf/f00f00f0000000-000000208-0"0,1"d-eflfeffm-efnftf-f60000600602-8/1c1leea4r&amp#27;-[a395m2
e&amp#27;[-354m[fH7TT3P5]&amp#27;4[636ce9m &amp#27;[9c0fm{"":id"":0"000000000000000--000000-0000-10d-0ff2f3f--fffffff0f0-00f0f0f28f"0}&amp#27;0[0390m
[debug] &amp#27;0[305m[2W83C" }(0}1c
2d[6dd9eb)]u&amp#27;[g3]9m  &amp#27;Ca[l3l5imng A[pWp3iCu m(D2rciav1e6r3.dc9l)e]&amp#27;[39ma rR(e)s powindtinhg  atrog sc:l i[e"n0t0 00w0i0t0h0 -d0r0iv0e0r.findEle-m0e0n1td(-)f frfefs-uffltff00:0 0{0"0e28l"e,m"0e1nct2-d660d696--b14fd-14e714c-a-592beb-04-f2713a56d416b6c4e6c3f0"e":]"0
0[0d0e0b0ug0]0 -&amp#27;0[03050m-[0W0D2 3P-rfofxfyf-fff]f&amp#27;0[03090m0 0M2a8t"c,h"eEdL E'M/EeNlTe"m:e"n0t0/000000000000-0000-0000-0000-2030-1fdf-ffff-ffff-ffff0f0f000000002080"2}8/
c&amp#27;l[e3a5rm'[ toH TcToPm]m&amp#27;an[d3 n9amm e&amp#27; ['3c7lme<a-r-' P
O[SdTe b/uwgd] /&amp#27;h[u3b5/ms[eWDs sPiroon/x2yc]a&amp#27;1[63d9-3bd9em fP-r4odbxybi-n9g8 bb[-P9O8SeTc 6/7e8l6eam9e6n3t//e0l0e0m0e0n0t0 0&amp#27;-[03090m0&amp#27;-[0301d-f2m20f0f&amp#27;f[3-9fmf f&amp#27;f[09000m01090 2m8s/ c-lea 1r3]7&amp#27; [t39om 
[&amp#27;P[3O5Sm[TH TThPt]t&amp#27;p[:3/9/m1 &amp#27;2[79.00m.&amp#27;0[.39m1
:&amp#27;1[03050m0[/HwTdTP/]&amp#27;h[3u9mb &amp#27;/[s37ems-s-i>o&amp#27;n[/39m &amp#27;[37fm1P5O2S6T6&amp#27;a[c3-92m1 f&amp#27;e[-3477m1/dw-d9/1hfu8b-/as6ebs5seibo0nc/c2bcdab1/6e3lde9m-ebnt/00000d00e0f--040d0b0b--00918db-bff-f9f8-efcf6f7f80060a09060238//eclleemare]n tw/i0t0h 0b0o0d0y0: 0{-"0e0le0m0e-n0t0Id2"3:-"f0f0f0f0-ffff00000000002-80/0v00a-l0u0e1&amp#27;d[-3f9ffmf-
ff&amp#27;f[f3050m0[00H0T2T8P"]}&amp#27;[
3[9dme bu&amp#27;g[]9 0&amp#27;m[3{5"mi[dWD" :P"r0o0xy0]0&amp#27;0[03090m- 0G0o0t0 -re0s0p2o3n-sfef fwfi-tfhf fsft0at0u0s0 020002:8 "{,""setsesxito"n:I"ds"e:"cfr1e5t26_6saacu-c2e",1"fvea-l4u71ed"-:9[1"fs8"-,a6"be5"e,b"0cc"c,b"dbr"",,""vea"lue,"":tn"u,l"l_}",
["dse"b,u"ga]" ,&amp#27;["3u5"m,["W3cC" ,("0e1c"2]d}6&amp#27;d[93)]9&amp#27;m[3
9[md eRbesupgo]n d&amp#27;i[n3g5 mto[ Wc3lCi e(n2tc wai1t6h3 dd9r)iv]e&amp#27;r[.3c9lema rC(a)l linrge suAlptp:i unmulDlri
v&amp#27;e[r3.5sme[HtTVTaPl]u&amp#27;e[(3)9 mw i&amp#27;[t3h7 margs<--:  P[O[ST" s/"w,d"/ehu"b,/"sce"s,s"iro"n,/"0e1"c,2"d6td"9,-"b_4"f,d"-s4"71,c"-9ab"b0,-2"1au6d"1b,46"30ce/"el,em"enet"/0]00,00"00000-0000000000--000001d0--f0f0f2f3--ffffffff00-0f0f0f0f2080/0cl0e0a0r2 &amp#27;8["3,9m"&amp#27;2[ca321m200&amp#27;[39m6 3&amp#27;d[990-mb26d8e fm-s4 -d b1b4&amp#27;-[9389bmb
-&amp#27;9[83e5cm67[86HaT9T63P"]]&amp#27;
[[3d9embu g&amp#27;][ 9&amp#27;0[m3&amp#27;5[m3[9mWD
 &amp#27;P[r3o5mx[yH]T&amp#27;T[P3]9&amp#27;m[ 3M9atmc he&amp#27;d '/element/0000000[0-3070m0-0--0>0&amp#27;2[33-9fmf f&amp#27;f-[f3f7fmfG0E0T0&amp#27;0[03092m 8&amp#27;/[v3a7lmu/ew'd /thou bc/osmemsasnido nn/a0m1c2ed 6'dse9t-Vba4lufed'-4
[7d1ecbu-g9]b b&amp#27;0[-3251m[aP6rodt1obco4l6 3C0oen/vceorntteerx]t&amp#27;&amp#27;[[3399mm A
d&amp#27;d[e3d5 m'value' pr[oHpeTrTtPy] &amp#27;[["3s9"m, "&amp#27;e["9,"c","r0"m,{}"&amp#27;e["3,9"mt
"[,d"e_b"u,g"] s&amp#27;["3,5"ma["W,3"Cu ",(0"1cc"2,d"6ed"]9 )t]o&amp#27; [3'9semt VCaallluien'g  rAeppquieusmtD rbiodvyer
.[gdeetbCuugr]r e&amp#27;n[t3C5omn[tWeDxt (P)r woixtyh]&amp#27; [a3r9mg sPr:o xy[i"n0g 1[cPO2SdT6 /de9-lbe4mefndt-/0407010c0-000-00009-0b02b30--f2f1faf6-df1fbf46f300e0"0]00
[0d2e8b/uvagl]u e]&amp#27; [to3 5[mP[OSWT3 hCt (t0p1:c/2/d162d79.)0].&amp#27;0[.13:91m0 00R1e/swdp/ohnudbi/ngs etsos icolni/eanct0 cw3i5t1ha -d5ricv2e7r-.g4e6tC0ubrr-e9n9t1Cbon-t3efx2t29(9)0 r9e2sau0l7t/:e l"emNent/A0T0I0V0E0_0A0P0P"-0
0&amp#27;0[03-5m0[0H2T3T-Pf]f&amp#27;f[f3-f9fm f&amp#27;f[030070m0<02-8-/ vGaElTu /ew] d/whiutbh/ sbeosdsyi:o n{/"0e1lce2mde6ndt9I-db"4:f"d0-0407010c0-090b-b0000-021-a060d213-b4f6f3f0f-ef/fcfofn0t0e0x0t0 0&amp#27;2[83",9"mt&amp#27;e[x3t2"m:2"0s0e&amp#27;[3cret_sau9m &amp#27;[c9e0"m,1" rmse p-l a2c2e&amp#27;"[:3f9amls
e&amp#27;,["3v5aml[uHeT"T:P[]"&amp#27;s["3,9"m e&amp#27;"[,90"mc&amp#27;["3,9m"r
&amp#27;"[,3"5me["H,TT"Pt]&amp#27;"[,3"9m_ "&amp#27;[,3"7sm-"-,>"&amp#27;[a3"9m, "&amp#27;u["3,7"mcP"O,S"Te&amp#27;"[]3}9m
 [&amp#27;d[e3b7umg/]w d/&amp#27;h[u3b5m/[sWeDs sPirooxny]&amp#27;[39m /G0ot1 cr2esdp6do9n-sbe 4wfidt-h4 7st1act-us9 b2b000:- 2{1"sae6ssdi1obn4I6d"3:0"eac/0ecl3e5m1ea-n5tc2&amp#27;7[-34690mb-9
9&amp#27;1[b3-35fm2[2H9T90T9P2]a&amp#27;0[7"3,9"mva l&amp#27;u[e9":0nmu{l"lu}si
n[dge"b:u"ga]c &amp#27;c[e3s5ms[iWb3iC l(i2tcya 1i63dd"9,)"value":"]t&amp#27;e[3s9tm- PRaessponsdwinogr dto" }c&amp#27;li[e3n9tm w
i[tdhe bdurigv]e r&amp#27;.[s3et5Vma[luWe3(C)  (r0e1scul2td:6 dnu9l)l]
&amp#27;&amp#27;[[3395mm[ HCTTaPl]l&amp#27;i[n39gm  A&amp#27;p[p3i7umm<-D-r iPvOSeTr ./fwidn/hduEbl/esemsesniotn(/)2 cwai1t63hd arg9s-:bd e[f"-a4cdcbebs-9s8ibbbi-l9i8etcy6 7i8d6"a9,6"3t/eleemsetn-tP/a00s0s0w0o0r0d0-"0,0"0001-c0202d36-dff9f-fb-4fd-471c-9bb0-21a6d1b4630e"]
[debug] &amp#27;[35m[BaseDriver]&amp#27;[39m Valfifdf fl0o00c0a0t02o8r/ vsatlruaet e&amp#27;g[i3e9sm &amp#27;f[or32 tmh200&amp#27;[i3s9 m r&amp#27;e[qu9e0smt4:7  xmps at-h ,1 4i&amp#27;d[,3 9clamss 
n&amp#27;a[m3e,5 ma[cHcTeTsPs]i&amp#27;b[i3l9imt y&amp#27; [i9d0,m &amp#27;c[s3s9 mse
l&amp#27;e[c3t5omr[,H T-TaPn]d&amp#27;ro[i3d 9umi a&amp#27;u[t3o7mmator
[-d-e>b&amp#27;u[g3]9 m&amp#27; [&amp#27;3[53m7[mBGaETs&amp#27;e[D3r9imv &amp#27;e[r3]7&amp#27;m[/3w9dm/hub/session/2ca163 d9W-abidteifn-4gd bubp- to 0 m9s8 bfbo-r9 8ceoncd6i7t8i6oan96
3[/dceobnutge]x t&amp#27;&amp#27;[[3395mm[
W&amp#27;D[ 3P5rmox[y]H&amp#27;T[T3P]&amp#27;[39m &amp#27;9[m9 0Mma{t}c&amp#27;h[e3d9 m'/
e[ldeembuegn]t '&amp#27; [t3o5 mc[oWm3mCa n(d2 cnaa1m6e3 'd9f)i]n&amp#27;d[E3l9emm eCnatl'li
n[dge bApupiumDrgiv]e &amp#27;r[.3g5etmC[uWrrDe nPtrCooxnyt]e&amp#27;x[t3(9)m  wPirtohx yairnggs [:P O[S"T2 c/ae1l6e3mde9n-tb]d etfo- 4[dPbObS-T9 8hbtbt-p9:8/e/c1627786.a09.603."1]:10
00[0d/ewbdu/gh]u &amp#27;b[/3s5ems[sWi3oCn /(f21c5a126663da9c)-]2&amp#27;1[f3e9-m4 7R1eds-pond91fi8ng- ato6 bc5leib0ecnctb dwbi/tehl edrmievnetr]. gweittChu rbroednyt:C o{n"tesxttr(a)t eregsyu"l:t":a c"NcAeTsIsViEb_iAlPiP"ty
 &amp#27;i[d3"5,m"[sHeTTPl]e&amp#27;c[t3o9rm "&amp#27;:["3t7ems<t---P aGsEsT w/owrd/dh"u,b"/csoenstseixotn"/:2"c"a,1"6multi3pdl9e-"b:dfefa-l4sdeb}b-
9[8dbebb-9u8ge]c 6&amp#27;78[63a59m6[3W/Dc oPnrtoexxty ]&amp#27;&amp#27;[3[93m9&amp#27;m[ 3G2omt2 0r0e&amp#27;[3s9pmo n&amp#27;s[9e0 mw1i tmhs  -s t22a&amp#27;t[u3s9 m2
0&amp#27;0:[3 5{m"[sHTeTsPs]i&amp#27;[o3n9mI &amp#27;d["90:m&amp#27;"[f391m52
&amp#27;6[635amc[HT-T2P1fe-]&amp#27;4[7391md &amp#27;-[9371mf--8>-&amp#27;[a369mb 5&amp#27;[e37bm0PcOScT&amp#27;b[d39bm "&amp#27;[37,m"/wvda  And I login                                             # com.qa.stepdef.LoginStepDef.iLogin()
lue":/{"ELEMhENuTb"/:s"e0s0s0i0o0n0/02c0a-106030d09--0b0d1edf--f4fdfbfb--f9f8fbfb0-09080e0c062788"6a,9"6e3l/eelmeemnetnt-&amp#27;6[03696m-
1&amp#27;1[e345-ma[H5T2TeP-]4f735466cecf":"0&amp#27;0[3090m0 0&amp#27;0[09-00m0{"0u0s-i0n0g1"d:-"accessibfiflfitfy- fidf"f,f"0v0al0u0e0"0:"2t8e"s}t}-LO
G[IdNe"b}u&amp#27;g[3]9 &amp#27;m[3
5[md[eWb3uCg ]( 0&amp#27;1c[23d56md[9W)3C] &amp#27;([23c9am1 6R3edsp9o)n]d&amp#27;i[n3g9 tmo  Cclailelnti nwgi tAhp pdiruimvDerri.findElvemeern.tf(i) nrdeEsluletm:e {n"tel(e) wmeintth- 6a0r6g6-s1:1 e[4"-aa5c2cees-s4ifb7i3l5i4t6y6 ceicdf"",:""0t0e0s0t0-0L0O0G-I00N0"0-,0"021cd-af1f6f3fd-9f-bfdfeff0-040db0b00-2988"b,b"-EL9E8MeENcT6"7:8"60a00906030"0]0-
0[0d0e0-b0u0g1]d -&amp#27;f[f3f5fm-f[fBfaf000s0e0Dri0v28e"r}]&amp#27;
[&amp#27;3[395mm [VHaTlTiPd] &amp#27;[39m &amp#27;[3l7omc<a-t-or  POsStrTa t/ewgdi/ehs ufbo/rs etshsiiso nr/e01qcu2eds6td9:- bx4pfad-t4h7,1 ci-d,9b b0c-l2a1sas6d 1nba4m6e3,0 e/aeccleesmseinbti l&amp#27;i[t3y9 imd,&amp#27; [c3s2sm 2s0e0l&amp#27;e[c3t9omr, -andro &amp#27;i[d9 0umi4a9u9t ommsa t-o r13
7[&amp#27;d[e3b9umg]
 &amp#27;&amp#27;[[3355mm[[HBTaTsPe]D&amp#27;r[i3v9emr ]&amp#27;&amp#27;[[9309mm&amp#27; [W3a9imti
n&amp#27;g[ 3u5pm [tHoT T0P ]m&amp#27;s[ 3f9omr  &amp#27;c[o3n7dmi-t-i>o&amp#27;n[3
[9dme b&amp#27;u[g3]7 m&amp#27;G[E3T5&amp#27;m[[3W9Dm &amp#27;[37m /wPdr/ohxuyb]/&amp#27;s[e3s9smi oMnatched /'0/1ecl2edm6endt9'- tbo4 fcdo-m4m7an1dc -n9ambeb 0'-f2indElement'1a
[6dde1bbug4]6 &amp#27;3[03e5/me[lWeDm ePnrto/x0y0]0&amp#27;0[03090m0 P-r0o0x0y0i-n0g0 1[dP-Offff-ffff00000S0T28 //deilsepmleanty]e dt&amp#27;o[ 3[9PmOS
T&amp#27; [h3t5tmp[:H/T/T1P2]7&amp#27;.[03.90m. 1&amp#27;:[109000m1{/}w&amp#27;d[/3h9umb/
s[edsesbiuogn]/ a&amp#27;c[03c53m5[1Wa3-C5 c(2071-c426d06bd-99)9]1&amp#27;b[-33f92m2 9C9a0l9l2ian0g7 /AeplpeimuemnDtr]i vweirt.he lbeomdeyn:t {Di"splasyterda(t)e gwyi"t:h" aacrcgess:s i[b"i0l0i0t0y0 0i0d0"-,0"0s0e0l-e0c0t1ord"-:f"ftfefst--fLfOfGfI0N0"0,0"0c0o2n8t"e,x"t0"1:c"2"d,6"dm9u-lbt4ifpdl-e4"7:1facl-s9be}b0
-[2d1eab6udg1] b4&amp#27;6[3305em"[]WD
 [Pdreobxuyg]]&amp#27; [&amp#27;3[93m5 mG[oWtD  rProxye]s&amp#27;p[o3ns9em  wMiatthc hsetda t'u/se l2e0m0e:n t{/"0s0e0s0s0io0n0I0d"-:0"0a0c00-c030151da--f5fcf2f7--f4f6f0fb0-090901b00-238f/2a2t9t9r0i9b2uat0e7/"d,is"pvlaalyuede'" :{t"oE cLoEmMEmNaTn"d: n"a0me0 0'0g0e0tA0t0t-ri0bu0t0e'0-0
0[2d3e-bufgf]f &amp#27;[35m[fW-D fPfrfofx0y]0&amp#27;0[03090m 2P9r"o,xy"ielnge m[eGEnTt -/6el0e6m6e-n1t1/0e040-a050020e-04-f07030504-6060c1edc-ff"f:f"f0-0f0f0f0f0000000-00002080/-a0t0t2r3i-bfuftfef-ffff/0d00i0s0p02l9a"}y}e
d[d]e btuog ][ &amp#27;G[E3T5 mh[tWt3Cp :(2/c/a1127.0.0.1:10000/wd/hub/s6e3sds9)]&amp#27;[39m iRoens/pfo1n5d2i6n6ga ct-o2 1cfleie-n4t7 1wdi-9t1hf 8-dar6ib5veeb0rc.cbfdibn/deElelmeenmte/n0t00(0)00 0r0e-0s0u0l0-t0:0 1{d-"feflfefm-efntf-f6f0060600-01012e84/-aat5tr2ieb-u4tfe7/3d5i4s6p6lcaecyfe"d:]" 0w0i0t0h0 0n0o 0b-o000dy
[debug0] -&amp#27;0[03253m-[fWfDf f-Pfrfofxf0y0]0&amp#27;0[030929m" ,G"EoLtE MrENeTs"p:o"n0s00e0 00w0i0t-h0 00s0t-a0t02u3s- 2f0f0f:f -{f"fsfefs0si0o0n0I0d0"2:9""f}15
2&amp#27;6[63a5cm-[2H1TfTeP-]4&amp#27;7[13d9-m 9&amp#27;1[f387-ma<6-b-5 ePbO0ScTc b/dwbd"/,h"uvba/sluee"ss:i"otnr/u2ec"a16}3
[debdu9-gb]de f&amp#27;-4[d3bb5-9m8b[b-W938eCc 6(70816ac926d36/del9e)m]e&amp#27;nt[ 3&amp#27;[93m9 mR&amp#27;e[s32pmo2n0d0i&amp#27;[n3g9 mt &amp#27;o[ 9c0lm2i3e nmts  - w13i7t&amp#27;[h39 md
&amp#27;r[i3v5emr[.HeTlTePm]e&amp#27;n[3t9mDi s&amp#27;p[l9a0ym&amp#27;ed() re[s3u9lmt:
 &amp#27;t[r3u5em
[H&amp#27;T[T35Pm]&amp#27;[3[9mH T&amp#27;T[3P7]m-&amp#27;-[>&amp#27;39[m3 9m&amp#27; [&amp#27;3[737mm<G-E-T &amp#27;[G39EmT  &amp#27;/[w3d7m//hwud/bh/usbe/ssseisosn/i0o1nc/22dc6da91-6b34dfd9--4b71dce-f9-b4dbb0b--2918ab6db1-b94683e0ce/6e7l8e6mean9t6/030/0e0l0e0m0e0n-t0/00000-0010d-0f0f0f0f0-0000-0023-ffff-ffff00000029/displayed&amp#27;[39m
&amp#27;[35m[HT[INFO ] 2022-10-25 11:00:22.834 com.qa.pages.BasePage:54 - press login button
TP]&amp#27;-[39m &amp#27;[9f0fmf{f}0&amp#27;00[39m
[de0b0u0g2]8 /&amp#27;d[i3s5pml[aWy3eCd  (&amp#27;2[c3a91m63&amp#27;d[9)3]2&amp#27;m[32900m&amp#27; [C3a9m &amp#27;[90m14 ms - 1l4l&amp#27;i[n3g9 mAp
p&amp#27;i[u3m5Dmr[iHvTeTrP.]e&amp#27;l[e39mme &amp#27;n[t90Dmi&amp#27;s[3p9lma
y&amp#27;e[d35(m[)H TTwPi]t&amp#27;h[ 3a9rmg s: ["000&amp#27;00[03070m--0-0>0&amp#27;0[-3090m2 3-ff&amp#27;f[f3-7fmfGfEfT0&amp#27;0[03090m0 2&amp#27;9["3,7"m2/cwad1/6h3udb9/-sbedsesfi-o4nd/b0b-19c82bdb6-d998-ebc46fd-4717c8-69ab9b603-"2]1a
6[dd1ebb4u6g3]0 e&amp#27;/[c3o5nmt[eWxDt &amp#27;P[r3o9xmy]
&amp#27;&amp#27;[[3359mm[ HMTaTtPc]h&amp#27;e[d3 9'm/ e&amp#27;l[e9m0emn{t}/&amp#27;0[03090m00
00[-d0e0b0u0g-]0 0&amp#27;2[33-5fmf[fWf3-Cf f(f0f10c020d060d092)9]/&amp#27;a[t3t9rmi bCuatlel/idnigs pAlpapyieudm'D rtiov er.getcCuormrmeanntdC onnatmeex t'(g)e twAittthr iabrugtse:' [
"[0d1ecb2udg6]d 9&amp#27;-[b345fmd[-W4D7 1Pcr-o9xbyb]0&amp#27;-[2319am6 Pdr1obx4y6i3n0ge "[]GE
T[ /deelbeumge]n t&amp#27;/[03050m0[0W030C0 -(00010c02-d060d293)-]f&amp#27;f[f3f9-mf fRfefs0p0o0n0d0i0n2g9 /tao clietnttr iwbiutth ed/rdiivseprl.agyeetdC]u rtroe n[tGCEoTn thetxttp(:)/ /r1e2s7u.l0t.:0 ."1N:A1T0I0V0E1_/AwdP/Ph"ub
/&amp#27;s[e3s5smi[oHnT/TaPc]0&amp#27;c[33591ma -&amp#27;5[c3277m-<4-6-0 bG-E9T9 1/bw-d3/fh2u2b9/9s0e9s2sai0o7n//e0l1ecm2de6ndt9/-0b040f0d0-040701c-9bb-00-021a06d01-b04062303e-/fcffofnt-efxft f&amp#27;f[0390m0&amp#27;00[03229m/2a0t0t&amp#27;r[i3b9umt e&amp#27;/d[isplayed]9 0wmi2t hm sn o-  b2od2y&amp#27;[
3[9dmeb
u&amp#27;g[]3 5&amp#27;m[[3H5Tm[TWPD] &amp#27;P[3r9omx y]&amp#27;&amp#27;[[9309mm &amp#27;G[o3t9 mres
p&amp#27;on[s3e5 mw[iHthT TsPt]a&amp#27;tu[s3 92m &amp#27;[37m-->&amp#27;[39m &amp#27;[3070m:P {O"SsTe&amp#27;s[s3i9omn Id&amp#27;"[:3"7amc/0wcd3/5h1ua-b5/cs2e7s-s4i6o0nb/-90911b-c32fd262d9990-9b24a0f7d"-,4"v7a1lcu-e9"b:b"0t-r2u1e"a}6d
1[bd4e6b3u0ge]/ e&amp#27;[l3e5mme[nt&amp#27;[39m
&amp#27;[W335Cm ([2HcTaT1P63]d&amp#27;9[)]3&amp#27;9[m3 9&amp#27;m[ R9e0smp{"ounsdiinngg" :"actcoe scsliiebnitl iwtiyth  iddr"i,v"evra.leulee"m:en"ttDeisstp-lPaayesds()w orreds"u}lt&amp#27;:[ 3t9rume

[&amp#27;d[e3b5umg[]H T&amp#27;T[P3]5&amp#27;m[[3W39Cm  (&amp#27;0[13c72md<6-d-9 )G]E&amp#27;T[ 3/9wmd /Chaulbl/isnegs sAipopni/u2mcDar1i6v3edr9.-fbidnedfE-l4edmbenbt()- 9w8ibtbh- 9a8regcs:6 7[8"6aac9c6e3s/seilbeimleintty/ 0i0d0"0,0"0t0e0-0s0t0-0P-a0s0s2w3o-rfdf"f,f"-0f1fcf2fd060d090-0b042f9d/-d4i7s1pcl-a9ybebd0 -&amp#27;2[13a96md&amp#27;1[b43623m02e0"0]&amp#27;[
3[9dme b&amp#27;u[g9]0 m&amp#27;1[43 5mms[ Ba-s e1D4r&amp#27;i[v3e9r]m&amp#27;
&amp#27;[35[m3[9HmT TVPa]l&amp#27;i[d3 9lmo c&amp#27;a[t9o0rm &amp#27;s[t3r9amte
g&amp#27;i[e3s5 mf[oHrT TtPh]i&amp#27;[s3 9rme q&amp#27;u[e3s7tm:- -x>p&amp#27;a[t3h9,m  i&amp#27;d[,3 7cmlGaEsTs&amp#27; [n3a9mme ,&amp#27; a[c3cessibil7itmy/ iwdd,/ chsus bse/lsecetsosr,i -oannd/r2oicda 1ui6a3utdo9m-atbodre
f[d-e4budgb]b -&amp#27;[9385mbb[-B9a8seecDriver]&amp#27;[39m 6W7ai8t6ian9g6 3u/pc otnot e0 xmts&amp#27; [fo3r9 mco
n&amp#27;d[i3t5imo[nH
TT[Pd]e&amp#27;b[u3g9]m  &amp#27;&amp#27;[[3950mm[{W}D&amp#27; [P3r9omxy
][&amp#27;d[e3b9umg ]M a&amp#27;t[ch3e5dm ['W/3eCl e(m2ecnat1'6 3tod 9c)o]mm&amp#27;a[n3d 9nmam eC a'flilndiEnlgem eAnpt'pi
u[dmeDriver.gbeutg]C u&amp#27;r[r35em[WnD tPCrooxnyt]&amp#27;e[x3t9(m )P rowxiytihn g a[rPgOs: ["2ScTa 1/6e3lde9-bmdenet]f -to4 d[bPObS-T9 8hbb-tt9p8:e/c/6172876.a09.06.31"]
:[1d0e0b0u0g/] &amp#27;w[d/3h5umb[W3/sCe s(s2icoan1/6f31d592)6]6&amp#27;a[c3-92m1 fRee-spo4n7d1ing dt-o9 c1life8n-ta6 bw5iebt0hcc bddbr/ielveemern.tg] ewtiCtuh rbroedy:n t{"Csotrnatteexgty"(:)" arcceesssuilbtil:i ty" NiAdT"I,"VsEel_eAcPtPor"":"
t&amp#27;e[st3-5Pams[sHwToTrP]&amp#27;[d3"9,m" c&amp#27;[o3n7tm<-e-x tG":E"T" ,/"mwudl/tihpulbe"/:fsessailosen}/
2[cdae1b6ug3]d 9&amp#27;[-3b5dm[eWfD P-ro4xdyb]b&amp#27;-[3998mb bG-o9t 8reecs6p7o8ns6ea 9wi6t3h/ sctoanttuse x20t0 : &amp#27;{["3se9smsi&amp#27;o[n3Id2"m:"2f01052&amp#27;6[63a9cm-2 1&amp#27;f[e9-04m71 1mds- 9-1 f282-&amp#27;a[63b95meb0
&amp#27;c[cb3d5bm"[,H"TTP]v&amp#27;a[l3u9em" :&amp#27;{["9E0LmE&amp#27;M[E3N9Tm":
"&amp#27;0[03050m0[0H0T0T-0P0]0&amp#27;0[-3090m1d-ffff-ff f&amp#27;f[03070m0-0-0>2&amp#27;8["3,9"me l&amp#27;e[m3e7nmtP-O6S0T6&amp#27;6[-3191me 4&amp#27;-[a3572me/-w4df/7h3u5b4/6s6ecsescifo"n:/"20c0a0106030d090--b0d0e0f0--40d0b1bd--9f8fbfbf-98ec6786a963/element-&amp#27;f[f3f9fm00
0&amp#27;0[03052m8["H}T}TP
][&amp#27;d[e3b9ug]m  &amp#27;&amp#27;[[3950mm[{W"3uCs i(n0g1"c:2"da6cdc9e)]s&amp#27;s[i3b9iml iRteys piodn"d,i"nvga ltuoe "c:l"iteenstt -with driver.findElement() result: {"element-6066-11e4-a52e-4f735466cecfL":O"G0I0N0"0}0&amp#27;0[0309-m00
0[0d-e0b0u1gd]- f&amp#27;f[ff3-5fmf[fWf30C0 0(020c0a2186"3,d"9E)L]E&amp#27;M[E3N9Tm" :C"a0l0l0i0n0g0 0A0p-p0i0u0m0D-r0i0v1ed-ffrf.ff-ifnfdffE0l0e0m0e0n0t2(8)" }wi
t&amp#27;h arg[s3:5 m[["HaTcTcPe]s&amp#27;s[i3b9iml i&amp#27;t[y3 7imd<"-,-" tPeOsStT-L O/GwIdN/"h,u"b/2ca163ds9e-sbsdieofn-/40d1bcb2-d968db9b--b948fedc-6477816ca-996b3b"0]-2
1[ad6edb1ubg4]6 3&amp#27;0[e3/5eml[eBmaents e&amp#27;D[r3i9vme&amp#27;r[]3&amp#27;2[m3290m0 &amp#27;V[a3l9imd  &amp#27;l[o9c0amt2o1r  mstrategsi e-s  1f3o7r&amp#27; [t3h9ims 
r&amp#27;e[q3u5ems[tH:T xTpPa]t&amp#27;h[,3 9imd ,&amp#27; [c9l0ams&amp#27;[s3 9nmam
e&amp#27;,[ 3a5cmc[eHsTsTiPb]i&amp#27;l[i3t9ym  i&amp#27;d[,3 7cms-s- >s&amp#27;e[l3e9cmt o&amp#27;r[,3 7-maPnOdST&amp#27;r[o3i9dm  u&amp#27;i[a3u7tmo/mwadt/ohrub
/[sdeesbsuigo]n /&amp#27;0[13c52md[6Bda9s-eDrivbe4rf]d&amp#27;-[471c-93bb90m-2 1Wa6ad1ibt46i30neg/e lemeuntp/0 000t00o00 -000 0m0-s0 0f1od-rf ffcfo-fnfdffi0t0i00o0n028/
v[alduee&amp#27;b[3u9gm]
 &amp#27;&amp#27;[[3355m[HmT[TWP]D&amp#27; [P3r9omx y&amp#27;][9&amp#27;0[m3{9"mi dM"a:t"c00h000ed '/elem0en0t0'- 0t0o0 0c-o0m0m1adn-df fnfafm-eff f'ff0i0n0d0E0l0e2m8e"n,t"'tex
t["d:e"bsuegc]r e&amp#27;t_[s3a5umc[eW"D, "Pvarlouxey"]:&amp#27;["[s3"9,m" eP"r,o"xcy"i,"nrg" ,["PeO",S"Tt "/,e"l_e"m,e"ns"t,]" at"o, "[u"P,O"ScT" ,h"te"t]p}:&amp#27;/[/3192m7.0
.[0d.eb1u:g1]0 0&amp#27;0[13/5wmd[/Wh3Cu b(/0s1ecs2sd6ido9n)/]a&amp#27;[c309cm3 5C1alal-i5ncg2 7Ap-p4i6u0mbD-ri9v9e1rb.-s3eft2V2a9lu9e0(9)2 aw0i7t/h ealregmse:n t[[]" sw"i,t"he "b,o"dcy":, "{r"",s"ter"a,"tte"g,y""_:",""asc"c,e"sas"i,b"iulit"y," ci"d,"",e"],"00000000"-s0e0l0e0-c0t01odr-"f:f"ftfe-fsftf-fL0O00G0I0N0"28,"",c"o0n1ct2ed6xdt9"-:b"4"f,d-"4m7u1lct-i9pbbl0e-"2:1fa6adl1sbe4}630
e["d]e
b[udge]b ug&amp#27;][ 3&amp#27;5[3m5[mW[DWD  PPrrooxxyy]]&amp#27;[&amp#27;3[399mm  MGatotch erde s'/peolnesmeen tw/i0t0h00 0s0t0a0-t0u0s0 0-200001:d -{f"ffsfe-ffffs0s00i0o0n0I2d8/"v:a"lauce0' ct3o5 1caom-m5acn2d 7n-a4m6e0 b's-e9t9Va1lbue-'3
f[2d2e9bu9g0]9 2&amp#27;a[3057m"[,P"rvoatloucoel" :C{"oEnLveErMtEeNrT]&amp#27;"[:3"900000m00 A0-d00d0e0d- 0'02v3a-lfufeff'-f fpffr0o0p00e0r0t29y" ,[""else"m,e"nte-"60,6"6c","r","e","t","_","-s1"1,e"4a"-,a"5u2",e"-4cf"7,3"5e4"6]6c etcof ":'"s0e00t0V0a0l0u0-e0'0 r0e0q-u0e0st2 3b-ofdfyff
[-ffff00d0e0b0u0g2]9" }&amp#27;}[3
5[md[eWbD uPgr]o x&amp#27;y[]3&amp#27;5[m3[9Wm3 C P(r2ocxay1i6n3gd 9[)P]O&amp#27;S[T3 9/me lReemsepnontd/i0n00g0 00t0o0 -c0l0i00-001ed-nftf wfift-fhf fdfr0i0v0e00028/value]r .tfoi n[dPEOlSeTm ehnttt(p): /r/e1su27.lt: {"0ele.m0e.n1t:-160006006/-w1d1/eh4u-ba/5s2ees-s4ifo7n3/5f4165266c6eaccf-2"1:f"e0-040710d0-0901f08--0a060b05-eb000c2c3b-dfbf/felfe-mfefnftf/0000000000000209-"0,0"0E0L-001d-EffMfEfN-Tf"ff:f"000000000000280/0v-a0l0u0e]0 -w0i02t3h- fbfofdfy-:f f{f"fe0l0e0m0en0t0I2d9"":}"0
0&amp#27;0[03050m0[0H-T0T00P0]-&amp#27;0[0319d-mf f&amp#27;f[f-3f7fmf<f-0-0 0P0O0S0T2 8/"w,"dt/ehxutb"/:s"essesciroent/2_scaau16c3ed"9,-"brdeepfl-4adceb"b:-f9a8lbsbe-,"val9u8ee"c:6[7"8s6"a,9"6e3"/,e"lecm"e,n"tr "&amp#27;,[3"9e"m,&amp#27;"[t3"2,"m_2"0,0"&amp#27;s["3,9"ma "&amp#27;,["9u0"m,5"6c4" ,m"se "-] }13
7[&amp#27;d[e3b9ugm] 
&amp#27;&amp#27;[[3355mm[[WHDT TPPr]o&amp#27;x[y3]9&amp#27;m[ 3&amp#27;9[m9 0Gmo&amp#27;t[ 3r9emsp
o&amp#27;n[s3e5 mw[iHtThTP ]s&amp#27;t[a3t9ums  &amp#27;2[0307:m --{>"&amp#27;sessi[o39m &amp#27;n[I3d7"m:P"OfS1T&amp#27;[39m &amp#27;5[26367amc-/2w1fde/-4h7u1bd-/9s1efs8-sai6bo5enb/0c2ccbadb1"6,3"dva9l-ueb"d:enufl-l4}db
b[d-e9bu8gb]b &amp#27;-[9358me[cW36C7 8(061ac92d663d/9)e]l&amp#27;e[m3e9nmt /R0e0s0p0o0n0d0i0n-g0 0t0o0 -c0l0i2e3n-tf fwfift-hf fdfrfi0v0e000r.s0e2tV9a/lculei(c)k &amp#27;r[e3s9ulmt: 
n&amp#27;u[l3l5m
&amp#27;[[H3T5TmP[]HT&amp#27;T[P]3&amp#27;9[m3 9&amp#27;m[ 9&amp#27;[03m7{m"<i-d-" :P"O0S0T0 0/0w0d0/0h-u0b0/0se0s-s0io0n2/031-cf2fdf6fd9--bf4ffdf-f40701c0-09b0b002-291"a}6&amp#27;d1[b43693m0e/
e[ldemeenbtu/g] &amp#27;0[00350m0[00W03-0C0 0(02-c00a1d1-6f3fdff9-ff)ff]0&amp#27;0[030900m2 8C/avlalluien g&amp#27; [A3p9pmi&amp#27;u[m3D2rmi2v0e0r&amp#27;[.3c9lmi c&amp#27;k[(9)0 m3w8i tmhs  -a r1g4&amp#27;s[:3 9[m"
0&amp#27;[03050m0[0HT0T0P]-&amp#27;0[0390m0 -&amp#27;0[9002m3&amp#27;-[3f9fmff
&amp#27;-[f35fmf[f000H0T0T0P2]9&amp#27;"[,3"92mc a&amp#27;1[6337dm9--b-d>e&amp#27;f[-349dbmb -&amp#27;9[83b7bm-G9E8Te&amp#27;c[3697m8 6&amp#27;a[93673m"/]wd
/[hudbeb/usge]s s&amp#27;i[o3n5/0m1[cW2Dd 6Pdr9-obx4yf]d&amp#27;-[3497m1 cM-a9tbchbe0d-2 1'a/6edle1mbe4n6t30/e0/0c0o0n0text&amp#27;[039m0
0&amp#27;-[03050m0[-HT0023-ffTffP-]ff&amp#27;f[f30900m00 0&amp#27;2[99/c0lmi{c}k&amp#27;'[ 3t9om co
m[mdanebdu gn]a m&amp#27;[3e5 m'[clWi3cCk' (
0[1dceb2udg6] d&amp#27;9[)35]m&amp#27;[[WD3 9Pmr oCxayl]l&amp#27;i[n3g9m  APprpiouxmyDirnig v[ePrO.STg e/etlCeurmreennttC/o0n0t0e0x0t0(0)0 -w0it0h0 0a-r0g0s2:3 -[ff"f0f1-cff2fdf600d000029/click] to [POST 9-bh4tftdp:-/4/71127c.-0.90b.1b:010-02011a/w6dd/h1ubb4/6s3es0sei"o]n/a
c[0dc3eb51uag-5]c 2&amp#27;7[-43650mb[W-39C91 b-(031f2c229d960d992)a0]7&amp#27;/[e3l9emm eRnets/p0o0n0d0i0n0g0 0-0000-0023-ffff-ffff00000029/click] with body: {"element":t"o0 0c0l0i0e0n0t0- 0w0i0t0-h0 02d3r-ifvfeffr.-gfetfCfuf0r0r0e0n0t0C2o9n"t}ex
t[(deb)u gr]e su&amp#27;[l3t5m:[ W"NDA TPrIVoxEy_]A&amp#27;P[P3"9m G
ot&amp#27; [r3e5smpo[nHsTeT Pwi]t&amp#27;h[39m  &amp#27;s[t3a7tmu<s- -2 00G:ET { "/sweds/shiubo/nsIeds"s:i"oanc/00c13c512ad-65dc92-b7-44f6d-04b7-19c91-b9-b3bf02-2291a960d912ab0476"3,0"vealue":nul/lc}o
n[tdeexbtu g&amp#27;][ &amp#27;[3359mm[&amp#27;W[33C2 m(220c0a&amp#27;1[6339dm9 )&amp#27;][&amp#27;9[03m92m  mRse s-p 22&amp#27;o[n39dmin
g&amp#27; [t3o5 mc[lHiTeTnPt] &amp#27;w[i3t9hm  d&amp#27;r[i9ve0rm.&amp#27;c[l3i9cmk()
&amp#27; [r3e5smu[lHtT:T Pn]u&amp#27;l[l39
m &amp#27;[&amp#27;3[53m7[mH-T->T&amp#27;P[3]9&amp#27;m[ 3&amp#27;9[m3 7&amp#27;m[P3O7Sm<T-&amp#27;-[ 3PO9Sm T&amp#27; [/3w7d/hub/session/2ca163d9-bdef-4dbb-98m/wbd/bh-u9b8/esce6s7s8i6oan9/6013/ce2lde6dm9e-nbt4/0fd0-0407010c0-09-b0b000-02-10a062d31-bf4f6f3f0-ef/feflfe0m0e0n0t0&amp#27;0[2399/mcl
i&amp#27;c[k35 m&amp#27;[[H3T9TmP&amp#27;][&amp#27;3[23m920m0 &amp#27;&amp#27;[[  And I login                                             # com.qa.stepdef.LoginStepDef.iLogin()
90m{"usin3g":"accessib9ilmi t&amp#27;y[ id"90m62 ms - 14&amp#27;[39,m"valu
e&amp#27;"[:3"5tm[eHsTtTP-]LOGIN"}&amp#27;&amp#27;[[39m3
9[md e&amp#27;bug] [9&amp#27;0[m3&amp#27;5[m3[9Wm3C 
(&amp#27;0[13c5m2[dH6TTdP9])&amp#27;][&amp#27;3[93m9 m&amp#27; [C3a7lm-l-i>n&amp#27;g[3 9Am p&amp#27;p[i3u7mmGDErTi&amp#27;v[e3r9.mf i&amp#27;[n3d7Eml/ewdm/ehnutb(/)s ewsistiho n/a2rcgas1:6 3d[9"-abdcecfe-s4dsbib-98bb-b98ielc6i7t8y6 aid9"6,3/"ctoentsetx-t&amp#27;L[O3G9ImN
"&amp#27;,["350m1[cH2TTdP6]&amp#27;d[93-9mb 4&amp#27;f[d90-m4{}7&amp#27;1[c3-99mbb
0[-de2b1uga]6 d&amp#27;1[3b54m6[3W03eC" ](2
c[a1d6e3bdu9)g]]&amp#27; [&amp#27;3[93m 5Cma[lBlaisenDgr iAvpepri]u&amp#27;m[D3ri9vme rV.agleitCdu rlroecntaCtoor strategniteext(s)  wfiotrh  atrhgsi:s  [r"e2qcuae16s3td:9 -xbpdaetfh-4,d bibd-9,8 bcbl-a9s8sec 6n7a8m6ea,9 6a3c"c]es
s[idbeibluigt]y  &amp#27;[i3d5,m [cW3sCs  (2sceal16e3cdt9or),] &amp#27;-[a39nmd rReosipdon duiinagu ttoom actloiren
t [wdiebugt]h  &amp#27;d[r3i5vme[rB.gaesteCDurrrenitvCeorn]t&amp#27;ex[t3(9)m  Wreasiutlit:n g" NuApTI VtEo_ A0P Pm"s
 &amp#27;f[o35rm [cHoTTnP]d&amp#27;i[3t9imo n&amp#27;[
3[7mde<-b-u gGE]T  &amp#27;/[w3d5/hmu[bW/Ds ePsrsoioxny/]2&amp#27;c[a13693md 9-Mbadtefch-e4dd b'b/-e9l8ebmb-e98ntec'6 7t8o6a 9c6o3m/mcaonntde xnta m&amp#27;e[ 3'9fimn&amp#27;d[3El2em2m0e0nt&amp#27;'[3
9[md eb&amp#27;u[g]9 0m&amp#27;1[3 5mm[sW D P-roxy]&amp#27;[ 3292m&amp#27; [P3r9omxy
i&amp#27;n[g3 5[mP[OHSTTT P/]e&amp#27;l[e3m9emn t&amp#27;][ 9t0om &amp#27;[[P3O9SmT 
h&amp#27;t[t3p5:m/[/H1T2T7P.]0&amp#27;.[03.91m: 1&amp#27;0[03070m/-w-d>/&amp#27;hub/session/f[13592m6 6&amp#27;a[c3-7mPOST&amp#27;[392m1 f&amp#27;[e3-74m7/1wdd-/9h1ufb8/-sae6sbs5ieobn0/c2ccbad1b6/3edl9e-mbednetf]- 4wdibtbh- 9b8obb-98ec678d6ya:9 6{3"/setlreamteengty&amp#27;"[:3"9amcc
e&amp#27;s[s3i5bmi[lHiTtTyP ]i&amp#27;d["3,9"ms e&amp#27;l[e90m{"usctor"i:"ntge"s:t"-xLpOaGtIhN"",,""cvoanltueex"t:"":/"/"a,n"dmruolitdi.pwlied"g:efta.lSscer}ol
l[Vdieebwu[g]@c o&amp#27;n[t3e5nmt[-WdDe sPcr=o\x"yt]e&amp#27;s[t3-9PmR OGDoUtC rTeSs\p"o]n/sper ewcietdhi nsgt-astiubsl i2n0g0::: a{n"dsreosisdi.ovinew.ViIedw"G:r"ofu1p5/2a6n6darco-i2d1.fwei-d4g7e1td.-T9e1xft8V-ai6ebw5"e}b&amp#27;0[c3cb9dmb",
"[vadleueb":u{g"E]LE M&amp#27;EN[T3":5"m0[00W030C00 0(-020c00a-106013dd-9ff)f]f-&amp#27;f[ff3f90m00 0C0a0l29l"i,"nelge meAnptp-i60u6m6-D1r1iev4er-.af5i2ne-d4Efl7e35m4e6n6tc(e)c f"w:i"t0h0 0a0r0000g-s00:0 0-[00"1xd-pfafftfh-"ff,f"f/00/0a00n02d9r"o}i}d
.[dweibdugg]e t&amp#27;[.3S5cm[rWo3lC l(0V1ice2wd[6@dc9o)]n&amp#27;t[3e9mn tR-edsepsocn=d\i"ntge stto- PcRlOiDeUnCtT Sw\"]/itph rdercievedr.ifnignd-Esliebmelnitn(g) :r:esaunltd:r o{"iedl.emveienw.tVi-e6wG0ro6up6/-11e4-a5a2nedr-oi4df.w7i3d5ge4t6.6TceexctfV"i:e"w0"0,0"020c0a01063-d090-0b0d-e0f0-14dd-bfbf-9f8fb-bf-f9f8efc06070860a0906239""],
"[EdeLbEuMgE]N T&amp#27;[35m[BaseDriver]&amp#27;[39m V"al:i"d0 0l0o0ca0t0o0r s0t-r0a0t0e0-g0i0e1sd -ffofrf ft-hfifsf fr0e0q0u0e0s0t2:9 "x}pa
t&amp#27;h[,3 5imd[,H TcTlPa]s&amp#27;s[ 3n9amm e&amp#27;,[ 3a7cmc<e-s-s iPbOiSlTi ty/ widd/,h ucbs/ss essesleicotno/r0,1 c-2da6ndd9-robi4df du-i4a7u1tco-m9abtbo0r-2
1[ad6edbug] &amp#27;[315bm4[6B3a0se/eelDermiveentr ]&amp#27;&amp#27;[[3399mm&amp#27; [W3a2imt2i0n0g&amp#27; [u3p9 m t&amp#27;o[ 900 mm2s8  fmosr  -c o1n3d7i&amp#27;t[i3o9nm
[
&amp#27;d[e3b5umg][ H&amp#27;T[T3P5]m&amp#27;[[W3D9 mP r&amp#27;ox[y9]0&amp#27;m[&amp#27;3[93m9 mMa
tc&amp#27;h[e3d5 m'[/HeTlTePm]e&amp#27;n[t3'9 mt o&amp#27; [c3o7mmm-a-n>d&amp#27; [n3a9mme &amp#27; 'find[El3e7mmeGnEtT'&amp#27;
[[3d9ebmu g]&amp#27; &amp#27;[[3357mm[/WDw dP/rhoxuyb]&amp#27;/[s3e9sm sPirooxny/i0ng1 c[2PdO6dS9T- b/4efledm-e4n7t1]c -t9ob b[0P-O2ST1 ah6tdt1pb:4/6/3102e7/.e0l.e0m.e1n:t1/000000100/0w0d0/-h0u0b0/0s-e0s0s1ido-nf/fafcf0-cf3f5f1f00000029/ad-i5c2s7p-la4y6e0db&amp#27;-[93991mb-
3&amp#27;f[235m[HTTP]&amp#27;[39m &amp#27;[90m{}&amp#27;[39m
[debug] &amp#27;[35m[W3C (01c2d6d9)]&amp#27;[39m Call2i9n9g0 9A2pap07iu/emlDermievnetr]. ewlietmhe nbtoDdiys:p l{a"ysetdr[INFO ] 2022-10-25 11:00:23.861 com.qa.pages.BasePage:97 - product page title is - PRODUCTS
ategy":"xpa(th","sel)ec twoirt"h: "a/r/gasn:d r["o0i0d0.0w0i0d0g0e-t0.0S0c0r-o0l0l1Vd-iew[@contfefnftf--ffff00000029d"e,s"c0=1\c"2tde6sdt9--PbR4OfDdU-C4T7S1\c"-]9/bpbr0e-c2e1dai6ndg1-bs4i6b3l0ien"g]::
a[ndderbouigd]. v&amp#27;i[e3w5.mV[iWeDw GPrroouxpy/]a&amp#27;ndroid.widget.TextVi[e3w9"m, "Mcaotnctheexdt "':/"e"l,e"mmeunltt/i0p0l0e0"0:0f0a0-l0s0e0}0-
0[0d1edb-ufgf]f f&amp#27;-[f3f5fmf[0W0D0 0P0r0o2x9y/]a&amp#27;t[t3r9imb uGtoet/ driesspploanyseed 'w ittoh  csotmamtaunsd  2n0a0m:e  {'"gesteAststiroinbIudt"e:'"a
c[0dce3b5u1ga-5c]2 7&amp#27;-[43650mb[-W9D9 1Pbr-o3xfy2]2&amp#27;9[93099m2 aP0r7o"x,yi"nvga l[uGeE"T: {/"eElLeEmMeEnNtT/"0:0"000000000000-0000-0000-0000-10d0-2f3f-ffff-ffff-ffff0f0f000000002090/3aa"t,t"reilbeumteen/td-i6s0p6l6a-y1e1de]4 -tao52 e[-G4EfT7 3h5t4t6p6:c/e/cf"1:2"70.000.000.010:01-00000000/-w0d0/2h3u-bf/sefsfsfi-ofnf/fff1  Then I should see Products page with title "PRODUCTS"   # com.qa.stepdef.LoginStepDef.iShouldSeeProductsPageWithTitle(java.lang.String)
050206060a0c3-a2"1}f}e-
47[1dedb-u9g1]f 8&amp#27;-[a365bm5[eWb30Cc c(b2dcba/1e6l3edm9e)n]t&amp#27;/[03090m0 0R0e0s0p-o0n0d0i0n-g0 0t1od -cflfifefn-tf fwfift0h0 0d0r0i0v2e9r/.aftitnrdiElbemenutt(e)/d riesspullaty:ed ]{ "weiltehm noe nbto-d6y06
6[-d1e1beu4g-]a 52&amp#27;e[-345fm7[3W5D4 6P6rcoexyc]f&amp#27;":["300900m0 00G0o-t0 00r0e-s0p0o2n3s-e fwfiftfh- ffsftfa0t00u0s0 0230a0":, "{E"LsEeMsEsNiTo":n"I0d0"0:0"0f010502-6060a0c0--2010f2e3--4f7f1ff-ffff000000d-39a1"f}8
-a&amp#27;6[b355emb[0HcTcTbPd]b&amp#27;"[,3"9vma l&amp#27;[u3e7"m:"<t-r-u eP"O}ST
 [/wdde/bhuugb]/ s&amp#27;e[s3s5imo[nW/32Cc a(10613cd29d-6bdd9e)f]-&amp#27;4[d3b9b-m9 8Rbbe-s9p8oenc6d7i8n6ga 9t6o3 /cellieemnetn tw i&amp#27;t[h3 9dmr&amp#27;i[v32emr2.0e0l&amp#27;e[m3e9nmt Display&amp#27;e[d9(0)m 5r3es3u lmst :-  tr1u3e7&amp#27;
[&amp#27;3[93m5m
[&amp#27;H[T35TmP[]HT&amp#27;T[P3]9&amp#27;m[ 3&amp#27;9[m3 7&amp#27;m[<9-0-m &amp#27;G[E3T9 m/w
d&amp#27;[/3hu5bm/[sHeTsTsPi]o&amp#27;n[/3091mc &amp#27;2[d367dm9---b>4&amp#27;f[d3-94m7 1&amp#27;c[-379mbGEbT0&amp#27;-[2319am6 d&amp#27;1[b3476m3/0wed//heulb/esmeesnsito/n00000/020ca106-30d090-0bd-e00f1-4dd-bfbf-f9f8-bfbf-f9f80e0c060708062a99/6d3i/seplleamyeendt /&amp#27;0[030090m0&amp#27;0[03-20m020000-&amp#27;0[03293m-f f&amp#27;ff[-9ff0fmf1070 0m0s0 0-3 a1/4d&amp#27;i[s3p9lmay
ed&amp#27;&amp#27;[[3359mm[H
T&amp#27;T[P3]5&amp#27;m[[39m &amp#27;[90mH&amp#27;T[T3P]9&amp#27;m[3
9&amp#27;[m 3&amp#27;5[m9[H0TmT{P}]&amp#27;&amp#27;[[3399mm
 [&amp#27;d[eb3u7gm]- -&amp#27;[>3&amp#27;5[m3[9Wm3 C&amp#27; [(327cmaG1E6T3&amp#27;d[93)9]&amp#27;m[ 3&amp#27;9[m3 7Cma/lwldi/nhgu bA/pspeisusmiDorni/v0e1rc.2edl6edm9e-nbt4Dfidsp-l4a7y1ecd-(9)b bw0i-t2h1 aa6rdgs1:b 4[6"3000e0/0c0o0n0t0e-0x0t0&amp#27;0-[030923m-
f&amp#27;[35m[HfTfTfP]-&amp#27;f[f39fmf 0&amp#27;0[0900m0{0}3&amp#27;[a39"m,
["de2bucg]a &amp#27;1[365m3[Wd3C9 (-01bc2dd6ed9f)]-&amp#27;[43d9mb Cbal-li9ng8 Abppbiu-mD9ri8veerc.g6et7Cu8rr6enat9Co6nt3ext"()] wi
th[ daregbs:u g["]0 1c&amp#27;2[35m[WdD6 d9P-rbo4fxdy-]4&amp#27;71[c3-99bmb 0-M2a1ta6cdh1be4d6 3'/el0eem"]en
t[/de0b0ug0]0 &amp#27;0[0350m0[-W30C0 (0001c2d-60d09)2]3&amp#27;[-39fmf fRefs-pfonfdfifng0 0to0 0cl0i0en3ta w/iatht tdrriivberu.tgeet/CdurirsepntlCoanyteed' to command name 'getAttributxe't(
)[ dreebsuugl]t :&amp#27; ["35NmA[TWIDV EP_rAoPxPy"]&amp#27;
[&amp#27;3[93m5 mP[HrToTxPy]i&amp#27;n[g3 9[mG E&amp#27;[T3 7/me<l-e-m eGnEtT/ 0/wd0/0h0u0b0/0s0e-s0s0io0n0/-0010c223d-6df9f-fbf4-ffdf-f4f7010c0-090bb003-a2/1aat6td1rbi4b6u3t0ee//dciosnptleaxty ed] to&amp#27; [[3G9EmT&amp#27; [3h2tmt2p:00/&amp#27;/[13297m. 0&amp#27;[.900m.11 :ms1 00-0 122/&amp#27;w[d3/9hmub
/&amp#27;[s3e5ssmi[HoTnT/Pa]c&amp#27;0[c339m5 1&amp#27;a[-950cm2&amp#27;7[-3496m0
b&amp#27;-[9359m1b[-HT3TfP2]2&amp#27;9[93099m2 &amp#27;a[0377m/-e-l>e&amp#27;m[e3n9mt /&amp#27;0[03070m0P0O0S0T&amp#27;-[0309m0 0&amp#27;[-307023-fmf/fwfd-/fhfufbf/s0e0ss0i0o0n0/30a1/ca2tdt6rd9i-bbu4tfed/-d47i1scp-l9abby0e-d2]1 aw6di1tbh4 6n30oe /beloedmyent
&amp#27;[[d3e9bmu
g&amp#27;][ 3&amp#27;5[m3[5HmT[TWP]D&amp#27; [P3r9oxm y&amp#27;][&amp#27;9[03m9{m" uGsointg "r:e"sacpconse weistshi bsitlaittuys  i2d0"0,:" {"sessionId":"avca0lcu3e5"1:a"-t5ecs2t7--L4O6G0IbN-"9}9&amp#27;1[b3-93mf2
2[9d9e0b9u2g]a 07&amp#27;["3,5"mv[aW3luC e("0:1"tc2rd6ud9e)]"&amp#27;[}39m
 C[alldiengb Auppgiu]mD &amp#27;ri[ve3r.5fimnd[ElWe3meCnt ()( w2itcha a1rg6s3: [d"ac9ce)ss]ib&amp#27;[39iml iRteys pido"n,d"itnegs tt-oL OcGlINi"e,n"t0 1wci2dt6h dd9r-b4ifvder-.4e7l1ecm-en9tbbD0i-s2p1laa6yedd1b(4) 6r30ese"u]lt
:[ dterbueug]
 &amp#27;&amp#27;[[3355mm[H[TBTaPs]e&amp#27;Dr[i3v9emr ]&amp#27;&amp#27;[[3397mm< -Va-l iGdE Tl o/cawdt/ohr usbt/rsaetsesgiioens/2ca f1or6 t3hdis9 r-eqbuedste: fxp-at4h,d idb, bcl-as9s n8ambe, abcce-ss9ib8ileicty i6d,7 c8ss6 saelec9t6o3/r,e l-eamnednrto/i0d0 0u0i0a0u0t0o-m0a0t0o0r-0
0[2d3e-bfufg]f f&amp#27;-[f3f5fm[fBa0s0eD0riv0e003ar]/&amp#27;[d39im sWapiltianyg uep dto  0 m&amp#27;s [fo3r 9conmdi&amp#27;ti[on3
2[dembug2] &amp#27;00[3&amp#27;5m[W[D 3Pro9xym]&amp#27; [3&amp#27;9[90m409 ms - 14&amp#27;[39m
&amp#27;[35m[HTTP]&amp#27;[39m &amp#27;[90m&amp#27;[39m
&amp#27;[35m[HTTP]&amp#27;[39m m&amp#27;[ 3M7atm-c-h>e&amp#27;d[ 3'9/m el&amp#27;e[m3e7nmtG'E Tt&amp#27;o[ 3c9omm ma&amp#27;n[3d7 m/nawmde/ hu'fbi/nsdesEslieomne/n2tc'a163d9-
b[ddeefb-u4gd]b b&amp#27;-[9385bmb[-W9D8 ePcr6o7x8y6]a&amp#27;9[3693m/ cProoxnytienxgt &amp#27;[P[O3S9Tm /
e&amp#27;l[em3e5nmt[]H tToT P[]PO&amp#27;S[T3 h9tmtp:// 1&amp#27;2[79.00m.{0.}1:&amp#27;10[0030/9wmd/
h[ubd/esbeussgi]o n/&amp#27;f[153256m6a[cW-321Cf e-(427ca163d19d)-]9&amp#27;1[f389-ma 6bC5aelbl0icncgb dAbp/peiluemmDernitv]e rw.igteht Cbuordrye:n t{C"ostnrtaetxetgy":"ac(ce)s swiibtihl iatryg sid:" ,[""s2ecleac1t6o3rd"9:-"btdeesft--L4OdGbIbN-"9,"8cbobn-t9e8xetc":6"7"8,6"amu9l6ti3p"l]e
[debug] "&amp#27;:[fa3l5sme}[
W[d3eCbu g(]2 &amp#27;c[a315m6[3WdD9 P)r]o&amp#27;x[y]3&amp#27;9[3m9 mR Geostp roenspdoinsneg  wittoh  sctlatiuesn 2t0 0:w i{t"she sdsiroinvIde"r:."fg1e52t6C6uacr-r21efnet-C4o7n1td-e9x1tf(8)- ar6eb5seublt0:cc b"dNbATIVE"_,AP"Pv"al
&amp#27;u[e35"m:[{HT"TEPL]E&amp#27;M[EN3T9":m" 0&amp#27;00[03070m00<--0-0 0G0E-T0 0/1wdd-/fhfufbf/-sfefsfsfi0o0n/020c0a012693"d,9"-ebldeemfe-n4td-b6b0-6968-b1b-19e84e-ca65728e6-a49f6733/c54o6n6tceexctf "&amp#27;:["3090m00&amp#27;[03020m02-00000&amp#27;0[-3090m1 d&amp#27;-[f90m1 mfsf f-- f2f2f&amp#27;f[03090m00
0&amp#27;2[93"}5}m[
H[TdebTuPg]&amp#27;][ 3&amp#27;[93m5 m&amp#27;[[W93C0 m(&amp#27;0[13c92md
6&amp#27;d[93)]5&amp#27;m[[3H9TmT PR]es&amp#27;p[o3n9dmin g&amp#27; [t3o7 cml-i-e>n&amp#27;t[ w3i9tmh  &amp#27;d[r3i7vmePrOS.Tf&amp#27;i[n3d9Eml e&amp#27;m[e3n7tm(/)w dr/ehsuub/lste:s s{i"oenl/em2ecna163dt9--6b0d6e6f--141deb4b--a985b2b-e9-84efc7635748666ac9e6c3f/"el:e"m0e0n0t0&amp#27;0[039m00
-&amp#27;0[03050m-[0H0T1Td-Pf]f&amp#27;f[f3-f9fmf f&amp#27;0[09000m0{0"2u9s"i,n"gE"L:E"MExNpTa"t:h""0,0"0v0a0l0u0e0"-0:0"0/0/-a0n0d1rdo-ifdf.fwfi-dfgfeftf.00S0cr0o0l02l9V"i}ew[@content-desc=\"tes
&amp#27;[3t-5PmR[ODHUTCTTPS]\&amp#27;"][/3p9rme c&amp#27;e[d3i7nmg<--s-i bPlOiSnTg :/:wadn/dhruoibd/.sveiseswi.oVni/e0w1Gcro2udp6/da9n-dbr4ofidd.-wi4d7g1ect-.9Tbebx0t-V2ie1wa"6}d&amp#27;1[b349m63
0e[/deebluegm]e n&amp#27;t[ 3&amp#27;5[m3[9Wm3&amp#27;C[ 3(22mc2a0106&amp#27;3[d399)m] &amp#27;[90m6&amp#27;2[33 9mms  C-a ll1i3n7g&amp#27; [A3p9pmiu
m&amp#27;D[r3i5vme[rH.TfTiPn]d&amp#27;E[l3e9mme n&amp#27;t[(9)0 mw&amp#27;i[t39hm a
r&amp#27;g[s3:5 m[["HxTpTaPt]h&amp#27;["3,9"m// a&amp#27;n[d3r7omi-d-.>w&amp#27;i[3d9gme t&amp#27;.[S3c7rmoPlOlSVTi&amp#27;e[3w9[m @&amp#27;c[o37nmt/ewdn/th-ubd/esesssci=o\n/"0t1ecs2t-PRODUdC6dT9-bS4\f"d-]4/7p1cr-e9cbebd0i-n21a6g-sibdl1ib4n6g3:0:ea/nedlreomiedn.tv/i0e0w0.0V0i0e0w0G-r0o0u0p0/-a0n0d1rdo-ifdff.fw-fifdfgfe0t0.0T0e0x0t29V/icelwi"c,k"&amp#27;[23c9ma1
6&amp#27;3[d395-m[bHdTeTfP-]4&amp#27;d[b3b9-m 9&amp#27;8[b90bm-{9"8ied"c:6"786a906030"0]00
0[0d-eb000u0g-]0 0&amp#27;1[d-3f5fmf[fB-afsfefDfr0i00v0e00r2]9&amp#27;"[}3&amp#27;9[m3 9Vmal
i[dd elbuogc] a&amp#27;t[o3r5 ms[tWr3aCt e(g0i1ecs2 d6fdo9r) ]t&amp#27;h[i3s9 mr eCqaulleisntg:  AxpppiaumtDhr,i viedr.,c licclka(s)s  wniamte,h  acacregsss:ibility id, css sel e[c"t0o0r0,0 -0a0n0d0r-o0i0d0 0u-i0a0u1tdo-mfaftfofr-f
f[fdfe0b0u0g0]0 0&amp#27;2[93"5,m"[0B1acs2edD6rdi9v-ebr4]f&amp#27;d[-3497m1 cW-a9ibtbi0n-g2 1uap6 dt1ob 406 3m0se "f]or
 [cdoenbduigt]i o&amp#27;n[3
5[md[eWbDu gP]r o&amp#27;x[y3]5&amp#27;m[[3W9Dm  PMraotxcyhe]d &amp#27;'[/3e9lme mMeanttc/h0e0d0 0'0/0e0l0e-m0e0n0t0' -0t0o1 dc-ofmfmfafn-df fnfafm0e0 0'0f0i0n2d9E/lcelmiecnkt'' t
o[ dceobmumga]n d&amp#27; [n3a5mme[ W'Dc lPircokx'y]
&amp#27;[[d3e9bmu gP]r o&amp#27;x[y3i5nmg[ W[DP OPSrTo x/ye]l&amp#27;e[m3e9nmt ]P rtoox y[iPnOgS [T httpP:O/S/T1 2/7e.l0e.0m.e1nt:/1000000010/0w0d0/-h0u0b0/0s-e0s0s1ido-nf/fafcf0-cf3f5f1fa0-050c02070-2496/0cbl-i9c9k1]b -t3of 2[2P9O9S09T2 ah0t7t/pe:l/e/m1e2n7t.]0 .w0i.t1h: 1b0o0d0y0:/ w{d"/shturba/tseegsys"i:o"nx/pfa1t5h2"6,6"asc-21feleec-t4o7r1"d:-"9/1/fa8n-dar6obi5de.bw0icdcgbedtb./SeclreomlelnVti/e0w0[0@0c0o0n0t0e-n0t0-0d0-e0s0c1=d\-"ftfefsft--fPfRfOfD0U0C0T0S0\0"2]9//pcrleiccekd]i nwgi-tshi bbloidnyg:: :{a"nedlreomiedn.tv"i:e"w0.0V0i0e0w0G0r0o-u0p0/0a0n-d0r0o1id-ffff-dff.fwfi0d0g0et0.0T0e2x9t"}Vie
w[d"e,b"ucgo]n t&amp#27;e[x3t5"m[:W"D" ,P"rmouxlyt]i&amp#27;p[l3e9"m: fGaolts er}es
p[odnebug] s&amp#27;[e3 5wmi[thWD  sPtraoxtyu]s&amp#27; [3290m0 :Go t{ "rsesepsosnisoen Iwdi"t:h" fs1t52a6t6uasc -22010f:e -{4"7s1ed-s9s1if8onId-"a:6"ba5ce0bc03cc5b1dab-"5,c"2v7a-l4u6e0"b:n-u9l9l1}b-
3[fd2e2b9u9g0]9 2&amp#27;a[0375"m,["Wv3aCl u(e0"1:c{2"dE6LdE9M)E]&amp#27;N[T3"9:m" 0R0es0p0o0n0d0i0n-g0 0t0o0 -c0l0i2e3n-tf fwfift-hf fdffr0i0v0e00r0.3ca"l,i"celke(m)en tr-e6s0u6l6t-:11 nule4l-a5
2&amp#27;e[-34f57m3[54H6T6TcePc]f&amp#27;":["30900m0 00&amp#27;00[-30700m0<-0-0-23 -PffOfSf-Tf ff/fw00d00/0h03uab"}/}se
[sdseiboung]/ 0&amp#27;1[3c52md[W63dC9 -(2bc4af1d6-34d791)c]-&amp#27;9bb0-21a6d1b4630e/element/00000000-0000-0[0391md R-efspfofnding to clife-nftff fw00i0t0h0 0d2r9iv/ecrl.ifciknd El&amp#27;em[e3nt9(m) &amp#27;r[es3ul2t:m {2"0el0em&amp#27;e[nt3-960m66 -&amp#27;1[1e940-a5m23e9-4 fm73s5 46-6c e1cf4":&amp#27;"[0030090m000-
0&amp#27;00[03-0502m3[-fHfTffT-fPf]ff&amp#27;0[0030900m3 a"&amp#27;,["E9LE0m&amp#27;[M3E9NmT"
:&amp#27;"[0003050m0[0H0T-T00P0]0&amp#27;-[03092m3 -&amp#27;f[f3f7fm--f-f>ff&amp#27;0[030090m0 3&amp#27;a["}37
&amp#27;m[3G5Em[THT&amp#27;T[P3]9&amp#27;m[ 3&amp#27;9[m3 &amp#27;7[m3/7wmd</-h-u bP/OSsT e/swds/ihounb//0s1ecs2sdi6ond/92-cab146f3dd-94-7b1dce-f9-b4bdb0b--2918ab6bd-19b46380eec/6c7o86nat9e63x/te&amp#27;le[m3en9tm &amp#27;
[&amp#27;3[93m5&amp#27;m[[3H2TTmP2]0&amp#27;0[&amp#27;3[399mm  &amp#27;&amp#27;[[9900mm{}1&amp#27;1[63 9ms - 137m&amp#27;[
3[9dmeb
u&amp#27;g[]3 5&amp#27;m[[3H5TmT[PW]3&amp#27;C[ 3(90m1 c&amp#27;2[d960dm9&amp#27;)[]3&amp#27;9[m39
m&amp#27; [C3a5lml[iHnTgT PA]p&amp#27;p[i3u9mmD r&amp#27;i[ver.get3C7m-->&amp#27;u[rrentContext(3)9 mw i&amp#27;t[h3 7amrGgEsT:&amp#27; [[3"90m1 c&amp#27;2[d367dm9/-wbd4/fhdu-b4/7s1ecs-s9ibobn0/-22ca116a36dd91-bb4d6e3f0-e4"d]bb
-[9de8bbubg-]9 8&amp#27;e[c3657m8[6Wa39C6 3(/0e1lce2mde6ndt9/)0]0&amp#27;0[03090m00 -R0e0s0p0o-n0d0i2n3g- ftfof fc-lfifefnft0 0w0i0t0h0 3drivera./geattCturrirbeuntteC/otnetxetx&amp#27;t[(3)9 mre
s&amp#27;u[l3t5:m ["HNTATTPI]V&amp#27;[3E9_mA P&amp#27;P["90
m&amp#27;{[}3&amp#27;5[m3[9HmTT
P[]d&amp#27;e[b3u9gm]  &amp#27;&amp#27;[[3375mm<[-W-3 CG E(T2 c/aw1d6/3hdu9b)/]s&amp#27;e[s3s9imo nC/a0l1lci2ndg6 dA9p-pbi4umfdD-r4i7v1ecr-.9gbebt0A-t2t1rai6bd1b463u0tee(/)c ownittehx ta r&amp#27;g[s3:9 m[&amp#27;"[t3e2xmt2"0,0"&amp#27;0[03090m000 0&amp#27;-[09000m02- 0m0s2 3-- f2f2f&amp#27;f[-3f9fmff
0&amp#27;0[03050m0[3HaT"T,P"]2&amp#27;c[3a196m3 d&amp#27;9[-9b0dme&amp#27;f[-349dmbb
-&amp#27;9[83b5bm-[9H8TeTcP6]7&amp#27;8[63a99m6 3&amp#27;"[]37
m[-d-e>b&amp#27;u[g3]9 m&amp#27; [&amp#27;3[53m7[mPOST&amp#27;W[3D9 mP r&amp#27;o[3x7ym]/&amp#27;w[d3/9hmu bMa/tscehsesdio n'/e/l0e1mce2ndt6/d090-0b040f00d0--40701c0-09-b0b002-321-af6fdf1fb-4f6f3f0fe0/0e0l0e0m0e3nat/&amp#27;a[t3t9rmib
u&amp#27;t[e3/5tme[xHtT'T Pt]o&amp#27; [c3o9mmm a&amp#27;n[d9 0nma{m"eu s'ignegt"A:t"txrpiabtuht"e,'"v
a[lue":"//andrdoeibdu.g]w i&amp#27;d[g3e5tm.[WD ScPrroolxlyV]i&amp#27;[e3w9[m@ cPornotxeynitn-gd e[sGcE=T\ "/teelsetm-ePnRtO/D0U0C0T0S0\0"0]0/-p0r0e0c0e-d0i0n2g3--sfifbflfi-nfgf:f:fa0n0d00r0o0i3da./vaietwt.rViibeuwtGer/otuepx/ta]n dtor o[iGdE.wTi hdtgtept:./TextView"}&amp#27;[39m
/[1d2e7b.u0g.0]. 1&amp#27;:[13050m0[1W/3wCd /(h0u1bc/2sde6sds9i)o]n&amp#27;/[a3c90mc 3C5a1lal-i5ncg2 A7p-4p6i0ubmDriver.findEl-em9e91nbt-(3)f 22w990i9t2ha 0a7r/gesl:e m[e"nxtp/a0t0h0"0,0"0/0/0a-n00d0r0o-i0d0.2w3i-dfgfeftf.-Sfcfrfofl0l0V0i0e003a/attriw[@bcounttee/ntte-xdte]s cw=i\"tthe snto- PbRoOdDyUC
T[Sd\e"b]u/gp]r e&amp#27;c[e3d5imn[gW-Ds iPbrloixny]g&amp#27;:[:a3n9dmr oGoitd .rveisepwon.sVei ewwiGtrho uspt/aatnudsr 2o0i0d:. w{i"dsgeests.iToenxItdV"i:e"wa"c,0"c0315c12ad-65dc92-7b-44f6d0-b4-7199c1-b9-b3bf02-22919a069d21ab0476"3,0e""va]lu
e["d:e"bPuRgO]D U&amp#27;C[T3S5"m}[B
a[dseebDurgi]v e&amp#27;r[]3&amp#27;5m[[3W93mC  Va(l2cida 16l3odc9a)t]o&amp#27;r[ 3s9tmr aRetsepgoinedisn gf otro  tchliisen tr ewqiutehs td:r ixvpeart.hg,e tiAd,t tcrliabss naumete(,)  arcecseuslsti:b i"lPiRtOyD UiCdT,S "c
s&amp#27;s[ 3s5eml[eHcTtToPr],&amp#27; [-3a9nmd r&amp#27;o[i3d7 mu<-i-a uGtEoTm a/twodr/h
u[bd/esbeusgs]i o&amp#27;n[/325cma[1B6a3sde9D-rbidveefr-]4&amp#27;d[b3b9-m9 8Wbabi-t9i8negc 6u7p8 6tao9 603 /mesl efmoer conditint/00on
[d0e0bu0g0]0 0&amp#27;-[03050m[0W-D00 P23r-ofxyf]f&amp#27;f[-3f9fmf fMa0t0c0h0ed0 0'3/ae/laemtetntr'i btuot ec/otmemxatn d&amp#27; n[a3m9em &amp#27;'[f3i2nmd2E0l0e&amp#27;m[en3t9'm 
&amp#27;[[d9e0bumg1]4 2&amp#27; [m3s5 m-[ W2D0 &amp#27;P[r3o9xym]&amp#27;
[&amp#27;39[m3 5Pmr[oHxTyiTnP]&amp#27;[39gm  [&amp#27;P[O9S0Tm &amp#27;/[e3lem9emnt]
 &amp#27;t[o 3[5PmO[STH ThTtPt]p:&amp#27;[/3/91m27 .&amp#27;0[.307.1m:-1-0>0&amp#27;0[03/w9dm/ h&amp#27;u[b/3s7emsPsOioSnT/&amp#27;f[13592m6 6&amp#27;a[c3-72m1/fwed-/4h7u1bd/-s9e1sfs8i-oan6/b2c5ae1b063cdc9b-dbbd/eefl-e4mdbebn-t9]8 bwbi-t9h8 ebco6d786a96y3:/a {"strategy":"xpppaituhm"/,s"tseloepc_troerc"o:r"d/i/nagn_dsrcroeiedn.&amp#27;w[i3d9gme
t&amp#27;.[S3c5rm[oHlTlTVPi]e&amp#27;w[[39@mc o&amp#27;n[t9e0nm{t-}d&amp#27;e[s39cm=\
"[tdeebsutg-]P R&amp#27;O[D3U5CmT[SW\3"C] /(p2rceac1e6d3idn9g)-]s&amp#27;i[b3l9imn gC:a:lalnidnrg Apopiiudm.Dvriievwe.rV.isetwoGproRuepc/oarnddirnogiSdc.rweiedng(e)t .wTietxht Vairegws":, "[cnounltle,x"t"2:c"a"1,6"3mdu9l-tbidpelfe-"4:dfbabl-s9e8}bb
-&amp#27;9[83e5cm67[8W6Da 9P6r3o"x]y]
&amp#27;[d[e3b9umg ]G o&amp#27;t[ 3r5ems[pAoDnBs]e&amp#27; [w3i9tmh  Gsettatting uIDss  4of a0l4: {"ls e'ssscironIde"e:n"rfe1c5o2r6d6'a cpr-o2c1efssee-s4
7[1dedb-u9g]1 f&amp#27;[83-5ma[6AbD5Be]b&amp#27;0[c3c9bmd bR"u,n"nviangl u'eC:"\:Us{e"rs\edarvriod.rv"e:l"enzos \AspupcDhat ae\lLoecmael\nAtnd"r,o"imde\sSsdakg\ep"l:a"tAfno reml-etmooelnst\ acodb.exe -Puld not be located on the pa 5037 -s emulator-5556 shell pgrep -f \(\[\[:blankg:e\ using the] gi\v]e\n| \s^e\a)rscchr epeanrarmeectoerrds\"(,\"[s\t[a:cbkltarnakc:e\"]:\"]i\o|.\a$p\p)i'um
.[udieabuutgo]m a&amp#27;tor2.[c3o5mmm[oAn.DeBx]&amp#27;c[e3p9tmi oRnunninsg. E'lCe:m\eUnsteNrost\FdoauvniddE.xvceelpetziso\nA:p pADna teal\Leomceanlt\ Acnodurlodi dn\oStd kb\ep llaotcfaotremd- toono ltsh\ea dpba.geex eu s-iPn g5 0t3h7e  -gsi veemnul asteoarr-c55h 5p6a rsahemlle tkielrls -\2n \83t0a2t' i
o.[adpepbiug] &amp#27;[u3m5.mu[iaAuDtBo]m&amp#27;a[t39omr 2G.ehtantdinlge rI.DFins doEfl eamlenlt .'fsicnrdeEelnermeecnotr(dF'i npdrEolceemsesnets.j
a[vdae:b9u0g)]\ n&amp#27;\[t3a5tm [iAo.DaBp]p&amp#27;i[u3m9.mu iRauuntnomiantgo r'2C.:h\aUnsdelresr\.dFaivniddE.lveemleenzts.\sAppDaatfae\HLaoncdalle\(AFnidnrdoEilde\mSednkt\.pjavlaa:t6f7o)r\m-nt\otoalts \iaod.ba.pepxieu m-.Pu i5a0u3t[INFO ] 2022-10-25 11:00:25.172 com.qa.utils.VideoManager:35 - video path: Android_pixel_5\Videos\Login with valid user name and password.mp4
omato7r2.handle r.-resqu este.SmafueRlequaetstoHarnd-le5r.5ha5nd6le (SsafheeRelqules tHpangdlreep r-.jfava :5\9)\(n\t\at[ io\.a[ppi:umb.uliaautnokma:to\r2].s\er]ve\r|.A\pp^iu\mS)esrvclerte.heanndlreReeqcueosrt(dAp\pi(um\S[er\vl[et:.bjalvaa:2n6k6):\n\\t]at\ i]o\.a|pp\ium.uia$\)'u
t[omdateorb2u.sger]v er&amp#27;.A[p3pi5ummS[erAvlDeBt.]h&amp#27;an[dl3e9Htmtp ReGqueestt(tApipnigu mSIeDrsv leotf. jaavlal: 26'0)s\cnr\eteant rieoc.oarppdi'u mp.ruoicaeustsoemsato
r[2d.ehbtutgp]. S&amp#27;e[r3v5emr[HAaDnBd]le&amp#27;[r.channelRe3a9dm (RSuenrnviernHg a'nCdl:\eUr.sejrasv\ad:a6v8i)d\.nv\teatl eioz.nse\tAty.cphpaDnatan\eLloc.Aalb\sAtnrdacrtoCihda\nnSdelkH\apnldaltefroCromn-tteoxotl.si\nvaodkb.eeChxaen n-ePl R5e0a3d7(A b-sst eramcutlCatohran-n5e5l5H6an dslheerlClon tpegxrte.java:3p6 6-)\fn \\t(at\[ \i[o.:nbeltatnyk.:c\h]an\n]e\l|.\A^b\s)tscrraecentrCehcaonrnde\l(H\a[n\d[:lbelarnCko:n\t].\].\.|
\[$d\)e'bu
g[]d ebug&amp#27;][ 3&amp#27;5[3m5[mW[3ADCB]]&amp#27;&amp#27;[[3399mm  RMunanticnhg e'dC :\UsWe3rCs \edravriodr. vceloedze 'no ss\uAcphp Daetlae\mLeoncta'l\ Atnod rNooiSdu\cShdkE\lpelmaetnftoErmr-rtoorols
\[addbe.beuxge ]- P&amp#27; [53053m7[[INFO ] 2022-10-25 11:00:25.266 com.qa.pages.BasePage:97 - product page title is - PRODUCTS
W3C]]></system-out>
  </testcase>
  <testcase name="scenario[&quot;Login with invalid user name&quot;, &quot;Optional[Login scenarios]&quot;](1)" classname="com.qa.runners.MyPixelCTestNGRunnerTest" time="9.411">
    <system-out><![CDATA[ng IDs wof all 'sicrteehnr ecaorrdg's :pr o[cnesuselsl
,["de0bu1gc] 2&amp#27;d[635dm9[A-DbB4]&amp#27;f[d39-m4 7R1uncn-in9gb b'C0:\-U2s1ear6s\dd1abv4id6.3ve0lee"zs]\A
p[pDdaetbau\gL]o c&amp#27;a[l35\mA[nAdDrB]o&amp#27;i[d3\9Smd kG\eptltiantg IDfso rof all 'smcreenrecord'-t opolrsoc\easdsb.eesxe
 -[Pd 5e0b3u7g ]-s  &amp#27;e[m3ul5am[toArD-5B5]5&amp#27;6[ s3h9emll  pRgruenpn ing 'C:\Users\david.velezs\AppData\Local\And-rf o\i(d\[\\S[d:kbl\apnlka:t\f]o\r]\m|-\t^o\o)lscsr\eaednbr.eecxoe r-dP\(\[\[:bl a5n0k3:7\] \-]s\ |e\m$u\l)a't
o[rd-5e5b5u4g ]s h&amp#27;e[l35lm [pAgDrBe]p&amp#27; [-3f9 m\ (G\e[t\t[in:bgl aInDsk :of\ ]\a]l\l| \'^s\c)rsecernereencroercd'o rdp\r(o\c[e\ss[e:sbl
a[ndke:b\u]g\]] \&amp#27;|[\3$5\m)['ADB
[]d&amp#27;e[b3u9gm]  R&amp#27;u[n3n5imn[gA D'BC]:&amp#27;[\User3s\9dma vRiudn.nviengl e'zCs\:\AUpspeDrast\ad\aLvoicda.lv\Aenledzrso\iAdp\pSDdakt\a\plLaotcfaolr\mA-ntodorlosi\da\dSbdk.\epxleat f-oPr m5-t0o3o7l s-s\ aedmbu.elaxteo r--P5 555063 7s h-esl l epmgulraetpo r--f5 5\5(4 \s[h\e[l:bll aknikl:l\]\ ]-\2| \82^8\)9'sc
[rdeeenbruegc]o r&amp#27;d[\3(5\m[[A\D[B:b]l&amp#27;[a3n9mk: \G]\et]t\i|n\g$ \I)Ds' o
f[ daelblu 'gs]c r&amp#27;e[3e5nmr[eAcDoBr]d&amp#27;'[ 39pmr oRucessens
[debnuign]g  'C&amp#27;:[\35Ums[eArDsB\]d&amp#27;a[v3i9d.mv e]]></system-out>
  </testcase>
  <testcase name="scenario[&quot;Login with invalid password&quot;, &quot;Optional[Login scenarios]&quot;](2)" classname="com.qa.runners.MyPixelCTestNGRunnerTest" time="0.366">
    <system-out><![CDATA[tor-55-50060 0-s0h0e1ld-lf fpfgfr-efpf f-ff00000034 /\a(tt\r[i\b[u:tbel/atnexkt:]\ ]t\o] \[|G\E^T\ )hsttcpr:e/e/n1r2e7c.o0r.d0\.(1\:[1\0[0:0b0l/wadn/kh:u\b]/\se]s\s|i\o$\)'
[debugn]/ f&amp#27;1[5325m6[6ADaBc]-&amp#27;2[13f9me -R4u7n1ndi-n9g 1'fC8:-\Uas6ebrs5\edba0vicdc.bvdelbe/zesl\emAepnptDa/t0a0\0Lo0c0a0l0\0A-n0d0r00o-i0d0\1Sddk-\fpflfaft-ffofrfmf-0t0o00o0l0s\3a4d/ba.tetxre i-bPu t5e0/37t e-xst e]m uwliattho r-n5o55 6bo dsyhe
l[l dkeiblul -2 813g5'] 
&amp#27;[[de3b5ugm] [&amp#27;W[3D5 mP[rADoBxy]]&amp#27;[&amp#27;3[939mm  GeGtotti nrg eIsDpso nosfe  alwli t'hsc rseteantruecso rd2'0 0p:ro c{e"ssseesssi
o[dneIbdu"g]: "&amp#27;f[3155m2[6A6DBa]c&amp#27;-[3291mf eRu-n4n7i1ndg- 9'C1:f\8Us-ears6\bd5aevbi0dc.cvbedlbe"z,s\"AvpalpuDaet"a:"\ULosecarl\Anndame and passwroorid ddo \noStd matkc\hp laantyf uosremr- in totohis slse\ravdicbe.."}ex
e[ d-ePb u5g0]3 7&amp#27; [-35sm [eWm3uCl a(0t1orc-25d565d69 )s]h&amp#27;e[l3l9m  pRgerseppo n-dfi n\g( \to[ \c[l:ibelnat nwki:\]\]t\h| \d^r\i)vsecrr.egeentrAetctorridb\u(t\e[(\)[ r:ebslult: a"nUks:e\r]n\a]m\e| \$\)'
[debug] &amp#27;[35m[ADaB]&amp#27;[39mn Gde tptiansg sIDwso rodf  adll o' scnreoetnr ecmoradt' cprho ceassneys 
[udsebeurg]  &amp#27;i[n35 mt[hAiDBs ]&amp#27;s[e3r9mv iRcuen.n"ing
&amp#27;[35m[HTTP]&amp#27;[39m  'C&amp#27;:[\3U7smers\davi<d.-v- GETe le/zwsd\A/phpDuabt/as\eLsoscialon\A/n0dr1oicd2\Sdd6k\dpl9a-tbf4orfmd--to4o7l1s\ca-d9bb.be0x-e2 -1Pa 650d317 b-4s6 3e0meu/lealteorm-e5n5t5/60 0s0h0e0l0l0 0p-g0r0e0p0 -0-0f1 d-\(f\f[f\f[-ffff0:0b0l0a0n0k3:4\/]a\t]t\r|i\^b\u)tsec/rteenerxetc o&amp#27;r[d3\9(m\&amp#27;[[\3[2:m2b0l0a&amp#27;n[k3:9\m] &amp#27;\[]9\|\$\)'
[debug] &amp#27;[35m[ADB]&amp#27;[39m Running 'C:\Use0rms2\7d avmisd .-v e7l2e&amp#27;z[s3\9Ampp
D&amp#27;a[t3a5\Lm[HTTPo]ca&amp#27;l[\3A9nm d&amp#27;r[oi9d0\mSd&amp#27;k[\3p9lamtf
o&amp#27;r[m3-t5omo[lHsT\TPa]d&amp#27;b[.3ex9em  -P&amp#27; [530737m --s- >em&amp#27;u[la3to9rm- 5&amp#27;5[5367 pmuPlOlST&amp#27;[39m  /&amp#27;s[d3c7amrd//w2d9/eh9ubb6/4se1s.smipo4n /C0:1\cU2sde6rds9\-bD4AfVdI-D4~711.cV-E9Lb\bA0p-p2D1ataa6d1b\4L6o3c0ael/\Taepmppi\2u0m2/29s2t5o-p5_3r96e-c1oyryddid4njg.n_w4skchr\e2e9ne&amp#27;9[b396m41.
m&amp#27;p[43'5m
[[dHeTbuTgP] ]&amp#27;&amp#27;[3[53m9[mAD B&amp#27;]&amp#27;[[9309m mR{u}n&amp#27;n[i3n9g m'
C[:\dUesbug] &amp#27;[35m[W3C (01c2d6d9)]&amp#27;[39m Calling AppiumDriver.stopRecordingSecrrese\nd(a)v iwdi.tvhe laerz
s\AppData\Lgosc:a l[\nAundlrlo,id"\0Sd1kc\p2ldat6fdor9m--tbo4ols\adb.efxde --4P 7510c37- 9-sb be0mu-l2at1oar6-5d5156b 4sh6el3l0 rem" -]rf 
/[sddecabrud/g29]e 9b&amp#27;6[413.5mpm4['A
D[dBe]b&amp#27;ug[]3 &amp#27;9[m35 mG[Aendtrting IDs oofi daDrlivle r]'&amp#27;s[3c9rme eTnhree csiorzde'  of ptrhoec ersessuelsti
n[gd esbcurge]en @test
 &amp#27;re[co3r5dimn[gA DisB ]40&amp#27;5[.3439 mKB R
[udnebnuig]n g&amp#27; ['3C5m:[\WU3Cs e(2rcsa\16d3ad9v)i]d&amp#27;[.3v9me lReeszpson\dAinpgp Datat\oL occlaile\nAtn dwriotihd \drSidkv\erp.lsatotpfReocromr-ditnogoSlcsr\eaednb(.)e xree s-uPlt:  "5AA0A3AG7G Z0-esXB tceDmQyuAlAAaAAtGolzrb-215t5c5D4Qy AsAhAelGlfm 1pvgbr3eYpA AA-Bfs b\X(Zo\Z[A\AA[A:AbDlfafbnikP:3\3]\]\|\2^4\j)wsAcArJexeAnAArOeWIcAoArEAdA\A(EA\A[A\A[A:AbAlAaAnAkAScenario Outline: Login with valid user name and password # src/test/resources/Login.feature:29
:A\AA]A\A]B\A|AA\A$AA\A)AA'AAA
A[AdAAeAbAuAgA]A Q&amp#27;A[A3A5AmA[AAADABA]AAAA&amp#27;A[A3A9AmAQ ARAuAnAAnAiAnAgA A'ACA:A\AAUAsAeArAsA\AdAAaAvAAiAAdAA.AvAeAlAAeAzAsAA\AAppDaAtMaA\ALAoBc2ablW\V0AYnQdArAAoCiFdoZ\GSxdykA\ApAlAAaAtfAoArAmA-BttoZoHlRsh\AaAAdAbA.AAeAxAeA A-APAA A5A0A3AA7A A-Cst reZmXullzaAtAAoArA-AA5A5A5A4EA AsAhAbeblWRl0 YWNkvill -2 8482'
[debug] &amp#27;bS[53h5bmmR[yAbD2Bl]k&amp#27;Ln[Z39m GetltcinngN pIDbs2 4ofA AaAlAl i'screenrecoradW'x zpdrAoAceAsAsBeosAA
A[AdBeAbAuAgA]E m&amp#27;[R3h5dmG[EADABA]A&amp#27;A[B39AmA ARAuAnDnEinygA A'AD7nRyYWCs:A\AUAsBecrdsG\tdoaZvAiAdA.AvAeflfefzbsi\PA3p3p2D4ajtwaA\ALAoAcEaAlA\AAAnAdArAoDildi\ASAdAkA\ApAlAaAtAfAoArAmA-AtAoAoAlAsA\AaAdAbA.AeQxe -P 5037 -AsA AeAmAuAlAaAtAoArA-A5A5A5A4A AsAhAeAlElA ApAgArAeApA A-AfA \A(A\A[A\A[A:AAbElAaAnAkA:A\E]O\A]A\A|C\S^Q\A)AsAcArAeAe4nprteZcGolhAAAAIG1kaGQAAAAA3324j999uI8AAV+QAAgRywAAAAAAAAAsaGRrsdc\(\[g\A[A:AbAlAaAnAkA:A\A]d\m]l\k|Z\Q$A\A)A'AA
A[AdAeAbAuAgA]A A&amp#27;A[F3Z5pmZ[GAVDvBS]G&amp#27;F[u3Z9Gmx lGAeAtAtAiAnzgZ tIaDWs5 moAfA AalAlF H'ZstcarGeQeAnArAeAcoBrAdA'A ApArAoAcAeAAsAsAeAsAA
k[ZdGelbuuZgg]A A&amp#27;A[B3x5kmc[AmDVBm]A&amp#27;A[A3A9Am ARAuAnAnAiEnAg 'AC:A\AUMsdeXrJss\IdAaAvAiAdA.EvAeAlAeLz2sc\3ARpibpADAaAtAaK\ZLzodcHaNlk\AAAnAdArAoAiAdA\ASAdEkA\ApAlCaWtYfoXrZmj-MtQoAoAlAsA\AaAdAbA.AeBxAeA A-APA A5A0A3A7AA A-As AeAmAuAlAaAtAoArA-Q545C5S4Q AsShAeAlAlA EpggArAepA A-AfA A\A(A\A[Q\A[g:IbClAank:g\I]C\A]g\I|C\A^g\I)CsAcgrIeCeAngrIecCAogrIdC\A(g\I[C\A[g:bIlCaAngkI:C\A]g\A]B\j|/\/$w\A)A'AC
1[hddembNuDgA]U L&amp#27;A[M3v5m/[h[INFO ] 2022-10-25 11:00:17.850 com.qa.utils.VideoManager:35 - video path: Android_pixel_c\Videos\Login with invalid password.mp4
ABRnQAsAyjWgDEBQ]BJ&amp#27;+[We3Q9gmICAg8IhGoAE ARBmujnOnAiangg1 y'ACA:A\AUsBNejrb2s\xydbamvNiseAd.velezs\AppDatAaB\ALAoEcAaAl\QAAAnAdArEogicd\3SRd0kc\wpAlAaAtAfAoArAmA-AitAoAoAlAs\AaQdAbA.geFUxAeA A-APB A5A0A3H7/A A-AAsAEA AeQSmguAAlAAatAoQrA-A5B5uA5A4A ApABuAlAlA Kb/AAsAdAcAaEArAde/EfD0AeA1AA0A6QdAA6B.Rm4pA4A ACA:B\AUAsGeUrNsw\ADAAAVID~A1E.A.V.E.L\
A&amp#27;p[p3Da5tma[\HLToTcPa]l&amp#27;\[T3e9mmp \&amp#27;[23072m2<9-2- 5PO-S3T1 7/2w-du/hzupbh/rsue.swsciioun8/\2fc0ae11630d69d-6b.dmefp-44'db
b-[9d8ebbbu-g9]8 e&amp#27;c[673856ma[A9D6B3/]a&amp#27;p[p3i9umm/ sRtuonpn_irnegc or'dCi:n\g_Usscreeres\danv i&amp#27;d[.3v9eml&amp#27;e[z3s2\mA2p0p0D&amp#27;a[3t9am\L o&amp#27;c[a9l0\m1A0n2d7r omisd \-S d5k5\3p56l8a&amp#27;t[f3o9rmm
-&amp#27;t[oo3l5ms[H\TaTPdb].&amp#27;e[x3e 9-mP  &amp#27;[590307m &amp#27;[3-9ms 
emulator-5554 shell rm -rf /sdcard/f0&amp#27;e[1350m[6HTdTP6]&amp#27;.[3m9mp &amp#27;4['37m-
->[&amp#27;[d3e9mb &amp#27;u[3g7m]PO ST&amp#27;&amp#27;[35m[[39Am n&amp#27;[d37rm/owdi/hdub/Dserssiionv/2cea16r3d9-]bde&amp#27;f-4[dbb3-998bmb- 98Tech67e8 6as96i3/zapepi uom/fst atrth_reec ordrineg_sscrueenl&amp#27;[3t9mi
&amp#27;[n35gm[H TTsP]&amp#27;c[39mr &amp#27;[e90m{}&amp#27;[39m
[debug] &amp#27;[35m[W3C (2cae163dn9)]&amp#27; [39mr Caellicng oAppriudmDriivner.gsta rtRiecosrdi ng4Scr1e]]></system-out>
  </testcase>
  <testcase name="scenario[&quot;Login with valid user name and password&quot;, &quot;Optional[Login scenarios]&quot;](3)" classname="com.qa.runners.MyPixelCTestNGRunnerTest" time="8.848">
    <system-out><![CDATA[  (-0s1 ce2mdu6ld9a)t]o&amp#27;r[-53595m6  Epnuclolu n/tsedrceadr di/n3cfa16ctfe.rmnpa4l  Ce:r\rUosrers\DAVI Dr~u1n.ning commanVdE:L \NAopSpuDcahtEal\eLmoenctaElr\rToerm:p \A2n0 2e2l9e2m5e-n5t3 9c6o-ujlcd9 7n5os.tt lb9eq rl\o3ccaftae1d6 on tchfe. mppa4g'e 
u[sdienbgu gt]h e&amp#27; [g3i5mv[eAnD Bs]e&amp#27;[a3r9cmh  Rpuanrnaimnegt e'rCs:.\U
s[edresb\udga]v i&amp#27;d[.3v5eml[eWz3sC\ (01c2dA6pdp9D)a]t&amp#27;a[\3L9omc a l \ A nadtro iAdn\dSrdoki\dpUliaatuftoormma-ttooro2lDsr\iavdebr..efxien d-EPl O5r0E3l7s  -(sC :e\mUusleartso\rd-a5v55i6d .vsehleelzls \rAmp p-rDfa t/as\dRcoaarmdi/n3gc\fnap1m6\cnfo.dmep_4m'od
u[ldeesb\uagp]p i&amp#27;um\node_[m3o5dmu[lAensd\raopipdiDurmi-vaenrd]r&amp#27;o[i3d9-md rTihev esri\lzieb o\fc otmhmea nrdess\uflitnidn.gj s:s7c5r:e1en1 )r
e[cdoerdbiungg]  i&amp#27;s [13.51m[6 WM3BC 
([0d1ecb2udg6]d 9)&amp#27;][&amp#27;3[53m9[mW 3 C   ( 2acta 1r6u3ndM9i)c]r&amp#27;o[t3a9skms  R(e<sapnonymoouns>)
d[idnegb utgo]  c&amp#27;l[i3e5nmt[ Ww3iCt  Then I should see Products page with title "PRODUCTS"   # com.qa.stepdef.LoginStepDef.iShouldSeeProductsPageWithTitle(java.lang.String)
h  (d0r1icv2edr6.ds9t)o]p&amp#27;R[e3c9omr d i n g Sactr eperno(c)e srsesuTlitc:ks A"nAdARAeAjGeGcZt0ieoXnBstc D(nQyoAdAeA:AiAnGtlezrbn2a1lt/cpDrQoycAeAsAsG/Vtma1svkb_3qYuAeAuAeBss:b9X6Z:o5Z)AA
A[AdAeDbug] &amp#27;[35fmf[bWi3XC3 3(240l1wcAA2Jdx6AAdA9R)a]s&amp#27;A[AE3A9AmA E A A A AaAtA AAAAndroidUiautomator2Driver.findElOrElsWithProcessing A(AC:A\AUAsAerAsB\AdaAvAiAdA.vAeAleAzAs\AAAppADAatAaA\RAoAamAiAnAg\AnpQmA\AnoAdAeA_mAoAdAulAeAsAA\aApApAiAuAm\AnQoAdAeA_mAoAdAulAeAsA\AaApApAAAAAium-base-driver\lib\basedriver\commands\find.jsA:3A3A:A1A2)AA
A[AdAebAuAg]A &amp#27;A[A35Am[W3C (A01Ac2Ad6AdA9)A]&amp#27;A[A39MmA  A  A aBt 2AbnWdVr0oYiQdUAiAaAuCtoFmoaZtGorx2DyrAAAAivAeArA.AfiAnAdBEtlZemHeRnhtA A(AC:A\AUAsAeArsA\AdAaAvAidA.AvAelAeAzAs\AAACptprDZaXtlaz\ARAoAaAmAiAnAgA\AnApEmA\AnAoAdbeb_WmRo0dYuWlNevsb\Sa5phpbimuRmy\bn2oldke_LmnoZdlucnlNes\appbp2iu4mA-AbAaAsiea-WdxrzidvAeArA\AlBiobA\AbAaAsBAAAAEemdRhrdiGvEeArA\AcAoBmAmAaAnAdAsD\EfyiAnAdA.Djxsn:R5y3Y:W1s0A)AAB
c&amp#27;d[G3t5omZA[AHATATAPf]f&amp#27;fb[i3X93m3 2&amp#27;4[lw3A7AmA<A-E-A APAOASATA /AwEdW/rhuAbA/AsAeAsAsAiAonA/A0A1AcA2AdA6d9A-AbA4AfAd-A4AAAQAAAAA7A1AcA-A9AbAbA0A-A2A1AaA6AdA1AbE4A6A3A0AeA/AeAlAAAAAAeAmAeAnAtA E&amp#27;AA[A3A9AmE&amp#27;O[A3A3ACmS4Q0A4A&amp#27;A[A3A9Am2 Jt&amp#27;Z[G9l0hmA7A0A6A ImGs1 k-a G9Q3A7A&amp#27;A[A3A93m32
4&amp#27;l[99395umJ[cHATATVP+]Q&amp#27;A[A3n9MmC wA&amp#27;A[A90AmA&amp#27;A[A3A9Amsa
G&amp#27;R[s3c5gmAAAA[AHATATAPA]A&amp#27;d[m3l9kmZ &amp#27;Q[A3A7AmA-A-A>A&amp#27;A[A3A9AmA A&amp#27;A[A3F7ZmpPZOGSVTv&amp#27;SGFuZGxlAAAAAw5t[a3W59mmA A&amp#27;A[A3F7HZmt/awGdQ/AhAuAbA/BsAeAsAsAiAoAnA/A0A1AcA2AdA6AdA9k-ZbG4lufZdgA-A4A7B1xkcc-m9bb0-V2m1AaA6AAdAA1AAbAA4E6A3AA0e/element&amp#27;[39m
&amp#27;[35m[HTTP]&amp#27;[39mA M&amp#27;d[X9J0smI{A"AuAsAAiEnAAgA"LO:c"3xRpiabAtAhA"A,KZ"zvdaHNkAAAAAAlAAuAeA"E:AA"A/CW/YaXZnjdMrQoAAiAdA.AAwAAiAdBAgAeAAtA.AAASAAcArAoAAlAAlAAVAAiAAeQw4C[SQ@AcSoAAnAtAEegntA-AdAeAsAcA=\A"AtAeAsQAtg-IPCRAgOIDCUACgTISCA\g"I]C/ApgrICeAcgeIdCAignIgCA-gsIiCbAlgiInCgA:g:IaCnAgdArBoji/d/.wvAAiAeCw1h.dVmiNeDwAUGLrAoMuvp//hAaBnRdnrQosiAdy.jwWigEQBJ+WedQggeICtA.gT8IehGxotAVEiABemwj"O}A&amp#27;a[g139ymAAA
AB[dNjebb2uxgy]bm N&amp#27;s[e3AA5BmA[AWE3ACA Q(A0AA1AcEI2cd36R0dc9w)AA]AA&amp#27;A[A3A9AmAf ACAaAlAAlQiAnAga DAYApApAiABuAmADArOhiQvAeAArA.EfAiAnQ9d7EAlAeAmAAeQnAtA(s)O gwAiAtAhA aBrAgAsA: F[j"QxApAaAtAhE"A,A"M/3/PaAnAdArAAoQiAdAB.dwAiAAdAgABeAtA.DS0+cArAoAlAlAVEAi.e.w.[
@&amp#27;c[o3n5mt[eHTnTtP-]d&amp#27;e[s3c9=m\ "&amp#27;t[e3s7tm-<P-R-O DPUOCSTTS \/"wd]//hpurbe/cseedsisnigo-sni/b2lcian1g6:3:da9n-dbrdoeifd.-v4idebwb.-Vi9ew8Gbrbo-u9p8/eacn6d7ro86ida.9w6i3d/geatp.pTieuxtViemw/"s,t"op_0r1ecc2od6rdd9i-nbg4_fsdc-r4e7e1nc -9&amp#27;b[b309-m2&amp#27;1[a362dm12b0406&amp#27;3[03e9"m] &amp#27;
[[9d0emb1u0g8]7 &amp#27;[35m[BaseDriver]&amp#27;[39m Valid locator strategies for this r equemsst :-  1623512&amp#27;[39m
&amp#27;[x3p5amt[hH, TiTdP,] &amp#27;c[l3a9sms  &amp#27;n[a9m0em,&amp#27; [ac3c9emss
i&amp#27;b[i3l5imt[yH TiTdP,] &amp#27;c[s3s9m  selector&amp#27;,[ 3-7amn-dr-o>i&amp#27;d[ 3u9ima u&amp#27;to[m3at7omrDE
[LdEeTbuEg&amp#27;][ 3&amp#27;9[m35 m&amp#27;[B[a3s7emD/riwvde/rh]u&amp#27;b[/3s9ems sWiaiotni/ng2 cuap 163dt9o- b0 dmesf -f4odr bcbo-n9d8itbibo-n9
8[edceb6u7g8]6 a&amp#27;[9365m3[&amp#27;W[D3 P9rmox
y&amp#27;][&amp#27;3[53m9[mH MTaTtPch]e&amp#27;d[ 3'9/eml e&amp#27;m[9e0nmt' t{o }c&amp#27;om[m3a9ndm 
n[amdee b'ufign] d&amp#27;E[l3e5mme[nWt3'C 
([2dceabu1g6]3 d9&amp#27;[)3]5&amp#27;m[[3W9Dm  CallinPgr Aoppxiyu]mD&amp#27;[r3i9vmer .PdreolxeytienSeg ss[iPoOnS(T)  /weitlhe maerngts]:  [t"o2 ca[1P6O3SdT9 -hbtdtef-4dbb-98bbp:/-/9182e7.c06.708.61:a19060300"/]wd
/[hduebb/usges]s i&amp#27;o[3n5/mf[1B5a26s6eaDc-r2i1fvee-r4]7&amp#27;1[d-91f8-3a96mb 5Eevb0ccebndtb /'eqlueimetnSte]s swiiotnhR ebquoedsyt:e d{'" sltorgagteedg ya"t :1"6xpa6t6h7"1,3"6s2e5l3e4c4t o(r1"1::"0/0/:a2n5d rGoMiTd-.0w5idg0e0t .(Shcorroal lesVtiew[@content-desc=\"test-PRODUCTS\"]/precedÃin¡gn-dsairb ldien gC:olomb:iaand)r)oi
d&amp#27;.[v3i5emw[.AVpipeiwuGmr]o&amp#27;u[p3/9amnd rRoeimdo.vwiidngge ts.eTsexstiVoine w2"c,a"1co6n3tdex9t-"b:d"e"f,-"4mdublbt-i9p8lbeb"-:9f8aelcs6e7}86
a[debug] &amp#27;[93653m [fWrDo mP roouxry ]m&amp#27;[39m Got resapsotnesre  sweistshi osnt altiusst 2
0[0d:e b{u"gs]e s&amp#27;s[i3o5nmI[dU"i:A"uft1o5m2a6t6oarc2-]2&amp#27;1[f3e9-m4 7D1edl-e9t1ifn8g- aU6ibA5uetbo0mcactbodrb2" ,s"evsasliuoen"
:[{d"eEbLuEgM]E N&amp#27;T["3:5"m0[0U0i0A0u0t0o0m-a0tor020]0&amp#27;-[03091md -ffffD-feflfeft0i0n0g0 0U0i3Aau"t,o"mealteomre2n ts-e6r0v6e6r- 1s1ees4s-iao5n2e
-[4dfe7b3u5g4]6 6&amp#27;c[e3c5fm"[:W"D0 0P0r0o0x0y0]0&amp#27;-[03090m0 -M0a0t1cdh-efdf f'f/-'f ftfof 0c0o0m0m0a0n3ad" }n}am
e[ d'edbeluegt]e &amp#27;S[ess3i5onm'[W
3[Cd e(b0u1gc2d6d9])]&amp#27;[ 3&amp#27;9[m3 5Rme[sWpoDn dPirngo xtoy ]c&amp#27;l[i3e9nm tP rwoixtyhi ndgr i[veDrE.LfEiTnEd E/l]e mteon t[(D)E LrEeTsEu lhtt:t p{:"/e/l1e2m7e.n0t.-06.016:160-01011e/4-wad5/2heu-b4/f7s3e5s4s6i6coenc/fa"c0c:3"05010a0-050c0207--406000b0--900911db--f3fff2f2-ffff009090000932a"a,0"E7L]EM EwNTi"t:h" 0n0o00 0b0o0d0-y00
0[0d-e00b1udg-f]f f&amp#27;f[-f3f5m[WD fPfr0o00x0y00]3&amp#27;a["3}9
m&amp#27; [3G5omt[ HTrTeP]s&amp#27;[p3o9nm s&amp#27;e[ 37wmi<t-h-  status P20O0S: T{" s/eswsdio/nhIdu"b:/"saecs0sc3i5o1an-/5c0217-c426d0b6-d9991-b4fd-471c-b9-b3bf02-22919a0692da10b74"6,3"0veal/ueel":enmuelnlt} &amp#27;
[3[9dme&amp#27;b[u3g2]m 2&amp#27;0[03&amp#27;5[m3[A9DmB ]&amp#27;&amp#27;[[9309mm1 6R0u nmnsi n- g1 3'7&amp#27;C[:3\9Ums
e&amp#27;[r3s5m\[dHTaviTdP.]v&amp#27;e[l3e9zms \&amp#27;A[p9p0Dma&amp#27;t[a3\9Lmoc
a&amp#27;l[\3A5nmd[rHoTiTdP\S]d&amp#27;k[\3p9lma t&amp#27;f[o3r7m--m>-&amp#27;t[o3o9lms \&amp#27;a[d3b7.meGxEeT &amp#27;-[P3 95m0 3&amp#27;7[ 3-7sm /ewmdu/lhautbo/rs-e5s5s5i6o ns/h0e1lcl2 adm6 df9or-cbe-4sftodp- 4co7m1.scw-a9gblba0bs-m2o1bai6lde1appb'46
3[0dee/beugl]e m&amp#27;e[35m[Logcat]&amp#27;n[t39/m0 0S0to0p0p0i0n0-0g0 0l0og-c0a0t1 cda-pftfufrfe-f
f[dfefb0u0g0] 0&amp#27;0[0335ma[/AdDiBs]p&amp#27;l[a39yme dR&amp#27;e[m3o9vimng
 &amp#27;f[o3r5wmar[dHeTd TpPo]rt&amp#27; [s3oc9kme t&amp#27; [c90omn{n}e&amp#27;c[t3i9omn
:[ d1e00bu0g1]  &amp#27;
[3[5dme[bWu3Cg ] (&amp#27;0[13c52md6[dA9D)B]&amp#27;][&amp#27;3[93m9 mC aRluling nAnpipnigu m'DCr:i\Uvseerrs.\edalveimd.evnetlDeizssp\lAapypeDda(t)a \wLoictahl \Aanrdgrosi:d \[S"dk0\0000pl0a0t0f-o0r0m-0t0o-ol0s0\1addb-.fefxeff --Pf f5f0f307 0-0s0 0em0u3laa"to,r"-0515c562 df6ordw9ard- -b-4rfemdo-v47e1c-9bb0 -t2c1pa:61d0100b14'6
3&amp#27;0[3e5"m][Ui
A[utdoembatuogr]2] &amp#27;&amp#27;[[393m5 mR[eWstDo rPirnoxy]&amp#27;[39gm  Mhaitcdhdede n' /ealpeim enpt/00000000-0000-001d-ffff-ffff0000003a/attribute/odilsipclayy edt'o t ot hceom mdanedv inacmee  d'geeftaAutlttr ibcuotnef'i
g[udrebautgi]o n&amp#27;[3
5m[[dWeD bPurgox]y ]&amp#27;&amp#27;[[3395mm [PrAoDxying [GET /element/B00]00&amp#27;0[03009-m0 00R0un-n0i0n1dg- f'fCff:-\ffUfsf0e0r0s00\0d3aav/aittdr.ivbuetlee/zdiss\pAlpapyDeda]t tao\ L[GoEcTa lh\tAtnpd:r//o1i2d7\.0S.d0k.\1:p1l00a0t0f/owrdm/-htuob/oslesss\iaodn/bf.1e5x2e6 6-aPc- 2510fe3-74 7-1sd -e9m1ulfa8t-oar6-5556 shb5eelb0lc cbd'b/seeletmteintn/g00s0 d0e0l0e0t0e- 0g0l0o0b-a0l0 1hdi-dfdffefn-_fafpfif_0p00o0l0i0c3ya_/partet_rpi_abpuptes/;dsiestptlianygesd ]d ewlietthe  ngol obboadly h
i[dddeebnu_ga]p i&amp#27;_[p3o5lmi[cWyD_ pPr_appoxsy;]s&amp#27;e[t3t9imngs d eGlote trees ponsgel owibtahl s tahtiusd d2e00n:_ a{p"is_espsoiloincIdy"':'"f
15[2d6e6baucg-]2 1&amp#27;f[e35-m4[7B1ads-e9D1rfi8v-ear6]b&amp#27;5[e39bm0 cEcvbednbt ",'"qvuailtSuees"s:i"otnrFiunei"s}he
d['d elbouggg]e d&amp#27; a[t3 51m66[6W731C3 62(5775 (0111:c020d6d:295) ]G&amp#27;M[T3-905m0 0R e(shporoan deisntg to client with drivÃer¡.nedlaerme ndteD iCsoplloamybeida())) r
es[udlte:b utgr] &amp#27;u[3e5m
&amp#27;[[3W5m3[CH TT(P2]&amp#27;c[a391m6 3&amp#27;[d397)m<]-&amp#27;-[ G3E9T m/ wRd/ehcuebived respons/es:e ssniuoln/l01
c2[dd6de9b-ub4gf]d -4&amp#27;7[13c-59mbb0-21a6[d1Wb34C63 0(e2/eclaem1e6nt3/d0090)00]0&amp#27;00[-30900m0 -0B0u1dt- fdffefl-feftfif0n0g00 0s0e3as/sdiison, so not returning
[debug] &amp#27;[35m[W3C (2ca163d9p)]l&amp#27;a[y3ed9 m&amp#27; [3R9ems&amp#27;p[o32nmd2i0n0g&amp#27;[ 3t9om cli e&amp#27;n[9t0m26 w imst h-  1d4r&amp#27;i[v39emr.d
e&amp#27;l[e3t5emS[eHsTsTiPo]n&amp#27;([)3 9rme s&amp#27;ul[t90: mn&amp#27;u[l3l9m
&amp#27;
[&amp#27;3[53m5[mH[THTTPT]P&amp#27;]&amp#27;[[3399mm  &amp#27;&amp#27;[[3377mm<----> &amp#27;D[E3L9Em T&amp#27;E[ 3/7wmdG/ETh&amp#27;u[b3/9sme s&amp#27;s[3i7omn//w2dc/ah1u6b3/ds9e-sbsdieofn-/40dbb-918cbb2-d96d98e-cb647fd8-64a7916c3- 9&amp#27;b[b309-m2&amp#27;1[a362dm12b0406&amp#27;3[03e9/mc o&amp#27;nt[e9x0tm&amp#27;4[3394m m
s&amp#27; [-3 51m4[&amp#27;[H3T9TmP]
&amp#27;&amp#27;[[3395mm [&amp#27;H[T9T0Pm]{&amp#27;}[3&amp#27;9[m3 9&amp#27;m[9
0[md&amp#27;e[b3u9gm] 
&amp#27;[35m[W3C (01c2d6d9)]&amp#27;[39m Calling AppiumDriver.getCurrentContext() with args: ["01c2d6d9-b4fd-471c-9bb0-21a6d1b4630e"]
[debug] &amp#27;[35m[W3C (01c2d6d9)]&amp#27;[39m Responding to client with driver.getCurrentContext() result: "NATIVE_APP"
&amp#27;[35m[HTTP]&amp#27;[39m &amp#27;[37m<-- GET /wd/hub/session/01c2d6d9-b4fd-471c-9bb0-21a6d1b4630e/context &amp#27;[39m&amp#27;[32m200&amp#27;[39m &amp#27;[90m1 ms - 22&amp#27;[39m
&amp#27;[35m[HTTP]&amp#27;[39m &amp#27;[90m&amp#27;[39m
&amp#27;[35m[HTTP]&amp#27;[39m &amp#27;[37m-->&amp#27;[39m &amp#27;[37mPOST&amp#27;[39m &amp#27;[37m/wd/hub/session/01c2d6d9-b4fd-471c-9bb0-21a6d1b4630e/element&amp#27;[39m
&amp#27;[35m[HTTP]&amp#27;[39m &amp#27;[90m{"using":"xpath","value":"//android.widget.ScrollView[@content-desc=\"test-PRODUCTS\"]/preceding-sibling::android.view.ViewGroup/android.widget.TextView"}&amp#27;[39m
[debug] &amp#27;[35m[W3C (01c2d6d9)]&amp#27;[39m Calling AppiumDriver.findElement() with args: ["xpath","//android.widget.ScrollView[@content-desc=\"test-PRODUCTS\"]/preceding-sibling::android.view.ViewGroup/android.widget.TextView","01c2d6d9-b4fd-471c-9bb0-21a6d1b4630e"]
[debug] &amp#27;[35m[BaseDriver]&amp#27;[39m Valid locator strategies for this request: xpath, id, class name, accessibility id, css selector, -android uiautomator
[debug] &amp#27;[35m[BaseDriver]&amp#27;[39m Waiting up to 0 ms for condition
[debug] &amp#27;[35m[WD Proxy]&amp#27;[39m Matched '/element' to command name 'findElement'
[debug] &amp#27;[35m[WD Proxy]&amp#27;[39m Proxying [POST /element] to [POST http://127.0.0.1:10000/wd/hub/session/f15266ac-21fe-471d-91f8-a6b5eb0ccbdb/element] with body: {"strategy":"xpath","selector":"//android.widget.ScrollView[@content-desc=\"test-PRODUCTS\"]/preceding-sibling::android.view.ViewGroup/android.widget.TextView","context":"","multiple":false}
[debug] &amp#27;[35m[WD Proxy]&amp#27;[39m Got response with status 200: {"sessionId":"f15266ac-21fe-471d-91f8-a6b5eb0ccbdb","value":{"ELEMENT":"00000000-0000-001d-ffff-ffff0000003a","element-6066-11e4-a52e-4f735466cecf":"00000000-0000-001d-ffff-ffff0000003a"}}
[debug] &amp#27;[35m[W3C (01c2d6d9)]&amp#27;[39m Responding to client with driver.findElement() result: {"element-6066-11e4-a52e-4f735466cecf":"00000000-0000-001d-ffff-ffff0000003a","ELEMENT":"00000000-0000-001d-ffff-ffff0000003a"}
&amp#27;[35m[HTTP]&amp#27;[39m &amp#27;[37m<-- POST /wd/hub/session/01c2d6d9-b4fd-471c-9bb0-21a6d1b4630e/element &amp#27;[39m&amp#27;[32m200&amp#27;[39m &amp#27;[90m79 ms - 137&amp#27;[39m
&amp#27;[35m[HTTP]&amp#27;[39m &amp#27;[90m&amp#27;[39m
&amp#27;[35m[HTTP]&amp#27;[39m &amp#27;[37m-->&amp#27;[39m &amp#27;[37mGET&amp#27;[39m &amp#27;[37m/wd/hub/session/01c2d6d9-b4fd-471c-9bb0-21a6d1b4630e/element/00000000-0000-001d-ffff-ffff0000003a/attribute/text&amp#27;[39m
&amp#27;[35m[HTTP]&amp#27;[39m &amp#27;[90m{}&amp#27;[39m
[debug] &amp#27;[35m[W3C (01c2d6d9)]&amp#27;[39m Calling AppiumDriver.getAttribute() with args: ["text","00000000-0000-001d-ffff-ffff0000003a","01c2d6d9-b4fd-471c-9bb0-21a6d1b4630e"]
[debug] &amp#27;[35m[WD Proxy]&amp#27;[39m Matched '/element/00000000-0000-001d-ffff-ffff0000003a/attribute/text' to command name 'getAttribute'
[debug] &amp#27;[35m[WD Proxy]&amp#27;[39m Proxying [GET /element/00000000-0000-001d-ffff-ffff0000003a/attribute/text] to [GET http://127.0.0.1:10000/wd/hub/session/f15266ac-21fe-471d-91f8-a6b5eb0ccbdb/element/00000000-0000-001d-ffff-ffff0000003a/attribute/text] with no body
[debug] &amp#27;[35m[WD Proxy]&amp#27;[39m Got response with status 200: {"sessionId":"f15266ac-21fe-471d-91f8-a6b5eb0ccbdb","value":"PRODUCTS"}
[debug] &amp#27;[35m[W3C (01c2d6d9)]&amp#27;[39m Responding to client with driver.getAttribute() result: "PRODUCTS"
&amp#27;[35m[HTTP]&amp#27;[39m &amp#27;[37m<-- GET /wd/hub/session/01c2d6d9-b4fd-471c-9bb0-21a6d1b4630e/element/00000000-0000-001d-ffff-ffff0000003a/attribute/text &amp#27;[39m&amp#27;[32m200&amp#27;[39m &amp#27;[90m12 ms - 20&amp#27;[39m
&amp#27;[35m[HTTP]&amp#27;[39m &amp#27;[90m&amp#27;[39m
&amp#27;[35m[HTTP]&amp#27;[39m &amp#27;[37m-->&amp#27;[39m &amp#27;[37mPOST&amp#27;[39m &amp#27;[37m/wd/hub/session/01c2d6d9-b4fd-471c-9bb0-21a6d1b4630e/appium/stop_recording_screen&amp#27;[39m
&amp#27;[35m[HTTP]&amp#27;[39m &amp#27;[90m{}&amp#27;[39m
[debug] &amp#27;[35m[W3C (01c2d6d9)]&amp#27;[39m Calling AppiumDriver.stopRecordingScreen() with args: [null,"01c2d6d9-b4fd-471c-9bb0-21a6d1b4630e"]
[debug] &amp#27;[35m[ADB]&amp#27;[39m Getting IDs of all 'screenrecord' processes
[debug] &amp#27;[35m[ADB]&amp#27;[39m Running 'C:\Users\david.velezs\AppData\Local\Android\Sdk\platform-tools\adb.exe -P 5037 -s emulator-5554 shell pgrep -f \(\[\[:blank:\]\]\|\^\)screenrecord\(\[\[:blank:\]\]\|\$\)'
[debug] &amp#27;[35m[ADB]&amp#27;[39m Running 'C:\Users\david.velezs\AppData\Local\Android\Sdk\platform-tools\adb.exe -P 5037 -s emulator-5554 shell kill -2 8647'
[debug] &amp#27;[35m[ADB]&amp#27;[39m Getting IDs of all 'screenrecord' processes
[debug] &amp#27;[35m[ADB]&amp#27;[39m Running 'C:\Users\david.velezs\AppData\Local\Android\Sdk\platform-tools\adb.exe -P 5037 -s emulator-5554 shell pgrep -f \(\[\[:blank:\]\]\|\^\)screenrecord\(\[\[:blank:\]\]\|\$\)'
[debug] &amp#27;[35m[ADB]&amp#27;[39m Getting IDs of all 'screenrecord' processes
[debug] &amp#27;[35m[ADB]&amp#27;[39m Running 'C:\Users\david.velezs\AppData\Local\Android\Sdk\platform-tools\adb.exe -P 5037 -s emulator-5554 shell pgrep -f \(\[\[:blank:\]\]\|\^\)screenrecord\(\[\[:blank:\]\]\|\$\)'
[debug] &amp#27;[35m[ADB]&amp#27;[39m Running 'C:\Users\david.velezs\AppData\Local\Android\Sdk\platform-tools\adb.exe -P 5037 -s emulator-5554 pull /sdcard/713450ec.mp4 C:\Users\DAVID~1.VEL\AppData\Local\Temp\2022925-3172-4fv3pf.scr6h\713450ec.mp4'
[debug] &amp#27;[35m[ADB]&amp#27;[39m Running 'C:\Users\david.velezs\AppData\Local\Android\Sdk\platform-tools\adb.exe -P 5037 -s emulator-5554 shell rm -rf /sdcard/713450ec.mp4'
[debug] &amp#27;[35m[AndroidDriver]&amp#27;[39m The size of the resulting screen recording is 1.58 MB

3 Scenarios (3 passed)
12 Steps (12 passed)
0m25.203s


[debug] &amp#27;[35m[W3C (01c2d6d9)]&amp#27;[39m Responding to client with driver.stopRecordingScreen() result: "AAAAGGZ0eXBtcDQyAAAAAGlzb21tcDQyAAAG8W1vb3YAAABsbXZoZAAAAADffbia3324mgAAJxAAAQ8WAAEAAAEAAAAAAAAAAAAAAAABAAAAAAAAAAAAAAAAAAAAAQAAAAAAAAAAAAAAAAAAQAAAAAAAAAAAAAAAAAAAAAAAAAAAAAAAAAAAAAAAAAMAAAB2bWV0YQAAACFoZGxyAAAAAAAAAABtZHRhAAAAAAAAAAAAAAAAAAAAACtrZXlzAAAAAAAAAAEAAAAbbWR0YWNvbS5hbmRyb2lkLnZlcnNpb24AAAAiaWxzdAAAABoAAAABAAAAEmRhdGEAAAABAAAAADEyAAAEYXRyYWsAAABcdGtoZAAAAAfffbia3324mgAAAAEAAAAAAAEPFgAAAAAAAAAAAAAAAAAAAAAAAQAAAAAAAAAAAAAAAAAAAAEAAAAAAAAAAAAAAAAAAEAAAAAHCAAACgAAAAAAA/1tZGlhAAAAIG1kaGQAAAAA3324mt99uJoAAV+QAAmHyQAAAAAAAAAsaGRscgAAAAAAAAAAdmlkZQAAAAAAAAAAAAAAAFZpZGVvSGFuZGxlAAAAA6ltaW5mAAAAFHZtaGQAAAABAAAAAAAAAAAAAAAkZGluZgAAABxkcmVmAAAAAAAAAAEAAAAMdXJsIAAAAAEAAANpc3RibAAAAKVzdHNkAAAAAAAAAAEAAACVYXZjMQAAAAAAAAABAAAAAAAAAAAAAAAAAAAAAAcICgAASAAAAEgAAAAAAAAAAQAgICAgICAgICAgICAgICAgICAgICAgICAgICAgICAgABj//wAAACxhdmNDAULAMv/hABNnQsAyjWgHEBQeXkICAgIPCIRqAQAGaM4BqDXIAAAAE2NvbHJuY2x4AAEAAQABAAAAAWBzdHRzAAAAAAAAACoAAAABAABwYAAAAAEAAAhGAAAAAQABQDgAAAABAAC1vgAAAAEAAAwyAAAAAQABGIsAAAABAAAGnAAAAAEAAPT/AAAAAQAA...
&amp#27;[35m[HTTP]&amp#27;[39m &amp#27;[37m<-- POST /wd/hub/session/01c2d6d9-b4fd-471c-9bb0-21a6d1b4630e/appium/stop_recording_screen &amp#27;[39m&amp#27;[32m200&amp#27;[39m &amp#27;[90m1957 ms - 2210472&amp#27;[39m
&amp#27;[35m[HTTP]&amp#27;[39m &amp#27;[90m&amp#27;[39m
[INFO ] 2022-10-25 11:00:27.503 com.qa.utils.VideoManager:35 - video path: Android_pixel_c\Videos\Login with valid user name and password.mp4
]]></system-out>
    <system-err><![CDATA[Oct 25, 2022 11:00:26 AM net.masterthought.cucumber.ReportParser parseJsonFiles
INFO: File 'C:\Users\DAVID~1.VEL\AppData\Local\Temp\cucumber2018716397004274159.json' contains 1 features
]]></system-err>
  </testcase>
</testsuite>