<?xml version="1.0" encoding="UTF-8"?>
<!-- Generated by org.testng.reporters.JUnitReportReporter -->
<testsuite hostname="LATAM-4T61GG3" failures="0" tests="3" name="com.qa.runners.MyPixelCTestNGRunnerTest" time="26.097" errors="0" timestamp="2022-10-25T11:00:28 COT" skipped="0">
  <testcase classname="com.qa.runners.MyPixelCTestNGRunnerTest" name="scenario" time="9.514"/>
  <system-out/>
  <testcase classname="com.qa.runners.MyPixelCTestNGRunnerTest" name="scenario" time="8.225"/>
  <system-out/>
  <testcase classname="com.qa.runners.MyPixelCTestNGRunnerTest" name="scenario" time="8.358"/>
  <system-out/>
</testsuite> <!-- com.qa.runners.MyPixelCTestNGRunnerTest -->
