<?xml version="1.0" encoding="UTF-8"?>
<!-- Generated by org.testng.reporters.JUnitReportReporter -->
<testsuite hostname="LATAM-4T61GG3" failures="0" tests="3" name="com.qa.runners.MyPixel5TestNGRunnerTest" time="23.970" errors="0" timestamp="2022-10-25T11:00:28 COT" skipped="0">
  <testcase classname="com.qa.runners.MyPixel5TestNGRunnerTest" name="scenario" time="8.117"/>
  <system-out/>
  <testcase classname="com.qa.runners.MyPixel5TestNGRunnerTest" name="scenario" time="7.734"/>
  <system-out/>
  <testcase classname="com.qa.runners.MyPixel5TestNGRunnerTest" name="scenario" time="8.119"/>
  <system-out/>
</testsuite> <!-- com.qa.runners.MyPixel5TestNGRunnerTest -->
